21-Dec-2023 09:27:42.654 INFO [main] org.apache.catalina.startup.VersionLoggerListener.log Server version name:   Apache Tomcat/10.1.16
21-Dec-2023 09:27:42.664 INFO [main] org.apache.catalina.startup.VersionLoggerListener.log Server built:          Nov 10 2023 16:17:33 UTC
21-Dec-2023 09:27:42.664 INFO [main] org.apache.catalina.startup.VersionLoggerListener.log Server version number: 10.1.16.0
21-Dec-2023 09:27:42.664 INFO [main] org.apache.catalina.startup.VersionLoggerListener.log OS Name:               Windows 10
21-Dec-2023 09:27:42.665 INFO [main] org.apache.catalina.startup.VersionLoggerListener.log OS Version:            10.0
21-Dec-2023 09:27:42.665 INFO [main] org.apache.catalina.startup.VersionLoggerListener.log Architecture:          amd64
21-Dec-2023 09:27:42.665 INFO [main] org.apache.catalina.startup.VersionLoggerListener.log Java Home:             C:\Program Files\Java\jdk-17.0.9
21-Dec-2023 09:27:42.665 INFO [main] org.apache.catalina.startup.VersionLoggerListener.log JVM Version:           17.0.9+11-LTS-201
21-Dec-2023 09:27:42.665 INFO [main] org.apache.catalina.startup.VersionLoggerListener.log JVM Vendor:            Oracle Corporation
21-Dec-2023 09:27:42.665 INFO [main] org.apache.catalina.startup.VersionLoggerListener.log CATALINA_BASE:         C:\Program Files\Apache Software Foundation\Tomcat 10.1
21-Dec-2023 09:27:42.666 INFO [main] org.apache.catalina.startup.VersionLoggerListener.log CATALINA_HOME:         C:\Program Files\Apache Software Foundation\Tomcat 10.1
21-Dec-2023 09:27:42.792 INFO [main] org.apache.catalina.startup.VersionLoggerListener.log Command line argument: -Dcatalina.home=C:\Program Files\Apache Software Foundation\Tomcat 10.1
21-Dec-2023 09:27:42.792 INFO [main] org.apache.catalina.startup.VersionLoggerListener.log Command line argument: -Dcatalina.base=C:\Program Files\Apache Software Foundation\Tomcat 10.1
21-Dec-2023 09:27:42.792 INFO [main] org.apache.catalina.startup.VersionLoggerListener.log Command line argument: -Djava.io.tmpdir=C:\Program Files\Apache Software Foundation\Tomcat 10.1\temp
21-Dec-2023 09:27:42.792 INFO [main] org.apache.catalina.startup.VersionLoggerListener.log Command line argument: -Djava.util.logging.manager=org.apache.juli.ClassLoaderLogManager
21-Dec-2023 09:27:42.792 INFO [main] org.apache.catalina.startup.VersionLoggerListener.log Command line argument: -Djava.util.logging.config.file=C:\Program Files\Apache Software Foundation\Tomcat 10.1\conf\logging.properties
21-Dec-2023 09:27:42.793 INFO [main] org.apache.catalina.startup.VersionLoggerListener.log Command line argument: --add-opens=java.base/java.lang=ALL-UNNAMED
21-Dec-2023 09:27:42.793 INFO [main] org.apache.catalina.startup.VersionLoggerListener.log Command line argument: --add-opens=java.base/java.io=ALL-UNNAMED
21-Dec-2023 09:27:42.793 INFO [main] org.apache.catalina.startup.VersionLoggerListener.log Command line argument: --add-opens=java.rmi/sun.rmi.transport=ALL-UNNAMED
21-Dec-2023 09:27:42.794 INFO [main] org.apache.catalina.startup.VersionLoggerListener.log Command line argument: exit
21-Dec-2023 09:27:42.794 INFO [main] org.apache.catalina.startup.VersionLoggerListener.log Command line argument: abort
21-Dec-2023 09:27:42.794 INFO [main] org.apache.catalina.startup.VersionLoggerListener.log Command line argument: -Xms128m
21-Dec-2023 09:27:42.794 INFO [main] org.apache.catalina.startup.VersionLoggerListener.log Command line argument: -Xmx256m
21-Dec-2023 09:27:42.798 INFO [main] org.apache.catalina.core.AprLifecycleListener.lifecycleEvent The Apache Tomcat Native library which allows using OpenSSL was not found on the java.library.path: [C:\Program Files\Apache Software Foundation\Tomcat 10.1\bin;C:\Windows\Sun\Java\bin;C:\Windows\system32;C:\Windows;C:\Program Files\Java\jdk-17.0.9\bin;C:\Windows\system32;C:\Windows;C:\Windows\System32\Wbem;C:\Windows\System32\WindowsPowerShell\v1.0\;C:\Windows\System32\OpenSSH\;C:\Program Files\Java\jdk-17.0.9\bin;C:\Windows\ServiceProfiles\LocalService\AppData\Local\Microsoft\WindowsApps;.]
21-Dec-2023 09:27:43.102 INFO [main] org.apache.coyote.AbstractProtocol.init Initializing ProtocolHandler ["http-nio-8080"]
21-Dec-2023 09:27:43.138 INFO [main] org.apache.catalina.startup.Catalina.load Server initialization in [744] milliseconds
21-Dec-2023 09:27:43.204 INFO [main] org.apache.catalina.core.StandardService.startInternal Starting service [Catalina]
21-Dec-2023 09:27:43.204 INFO [main] org.apache.catalina.core.StandardEngine.startInternal Starting Servlet engine: [Apache Tomcat/10.1.16]
21-Dec-2023 09:27:43.229 INFO [main] org.apache.catalina.startup.HostConfig.deployWAR Deploying web application archive [C:\Program Files\Apache Software Foundation\Tomcat 10.1\webapps\Wilken.war]
21-Dec-2023 09:27:43.268 INFO [main] org.apache.catalina.startup.ExpandWar.expand An expanded directory [C:\Program Files\Apache Software Foundation\Tomcat 10.1\webapps\Wilken] was found with a last modified time that did not match the associated WAR. It will be deleted.
21-Dec-2023 09:27:45.032 WARNING [main] org.apache.catalina.startup.ContextConfig.validateSecurityRoles Security role name [tomcat] used in an <auth-constraint> without being defined in a <security-role>
21-Dec-2023 09:27:45.034 WARNING [main] org.apache.catalina.startup.ContextConfig.validateSecurityRoles Security role name [inhaber] used in an <auth-constraint> without being defined in a <security-role>
21-Dec-2023 09:27:45.034 WARNING [main] org.apache.catalina.startup.ContextConfig.validateSecurityRoles Security role name [mitarbeiter] used in an <auth-constraint> without being defined in a <security-role>
21-Dec-2023 09:27:45.125 INFO [main] org.apache.jasper.servlet.TldScanner.scanJars At least one JAR was scanned for TLDs yet contained no TLDs. Enable debug logging for this logger for a complete list of JARs that were scanned but no TLDs were found in them. Skipping unneeded JARs during scanning can improve startup time and JSP compilation time.
21-Dec-2023 09:27:45.231 INFO [main] org.apache.catalina.startup.HostConfig.deployWAR Deployment of web application archive [C:\Program Files\Apache Software Foundation\Tomcat 10.1\webapps\Wilken.war] has finished in [2,001] ms
21-Dec-2023 09:27:45.232 INFO [main] org.apache.catalina.startup.HostConfig.deployDirectory Deploying web application directory [C:\Program Files\Apache Software Foundation\Tomcat 10.1\webapps\docs]
21-Dec-2023 09:27:45.337 WARNING [main] org.apache.catalina.startup.ContextConfig.validateSecurityRoles Security role name [tomcat] used in an <auth-constraint> without being defined in a <security-role>
21-Dec-2023 09:27:45.337 WARNING [main] org.apache.catalina.startup.ContextConfig.validateSecurityRoles Security role name [inhaber] used in an <auth-constraint> without being defined in a <security-role>
21-Dec-2023 09:27:45.337 WARNING [main] org.apache.catalina.startup.ContextConfig.validateSecurityRoles Security role name [mitarbeiter] used in an <auth-constraint> without being defined in a <security-role>
21-Dec-2023 09:27:45.353 INFO [main] org.apache.catalina.startup.HostConfig.deployDirectory Deployment of web application directory [C:\Program Files\Apache Software Foundation\Tomcat 10.1\webapps\docs] has finished in [121] ms
21-Dec-2023 09:27:45.353 INFO [main] org.apache.catalina.startup.HostConfig.deployDirectory Deploying web application directory [C:\Program Files\Apache Software Foundation\Tomcat 10.1\webapps\examples]
21-Dec-2023 09:27:46.651 WARNING [main] org.apache.catalina.startup.ContextConfig.validateSecurityRoles Security role name [inhaber] used in an <auth-constraint> without being defined in a <security-role>
21-Dec-2023 09:27:46.652 WARNING [main] org.apache.catalina.startup.ContextConfig.validateSecurityRoles Security role name [mitarbeiter] used in an <auth-constraint> without being defined in a <security-role>
21-Dec-2023 09:27:46.826 INFO [main] org.apache.catalina.startup.HostConfig.deployDirectory Deployment of web application directory [C:\Program Files\Apache Software Foundation\Tomcat 10.1\webapps\examples] has finished in [1,472] ms
21-Dec-2023 09:27:46.826 INFO [main] org.apache.catalina.startup.HostConfig.deployDirectory Deploying web application directory [C:\Program Files\Apache Software Foundation\Tomcat 10.1\webapps\host-manager]
21-Dec-2023 09:27:46.872 WARNING [main] org.apache.catalina.startup.ContextConfig.validateSecurityRoles Security role name [tomcat] used in an <auth-constraint> without being defined in a <security-role>
21-Dec-2023 09:27:46.872 WARNING [main] org.apache.catalina.startup.ContextConfig.validateSecurityRoles Security role name [inhaber] used in an <auth-constraint> without being defined in a <security-role>
21-Dec-2023 09:27:46.872 WARNING [main] org.apache.catalina.startup.ContextConfig.validateSecurityRoles Security role name [mitarbeiter] used in an <auth-constraint> without being defined in a <security-role>
21-Dec-2023 09:27:46.894 INFO [main] org.apache.catalina.startup.HostConfig.deployDirectory Deployment of web application directory [C:\Program Files\Apache Software Foundation\Tomcat 10.1\webapps\host-manager] has finished in [68] ms
21-Dec-2023 09:27:46.894 INFO [main] org.apache.catalina.startup.HostConfig.deployDirectory Deploying web application directory [C:\Program Files\Apache Software Foundation\Tomcat 10.1\webapps\manager]
21-Dec-2023 09:27:46.931 WARNING [main] org.apache.catalina.startup.ContextConfig.validateSecurityRoles Security role name [tomcat] used in an <auth-constraint> without being defined in a <security-role>
21-Dec-2023 09:27:46.931 WARNING [main] org.apache.catalina.startup.ContextConfig.validateSecurityRoles Security role name [inhaber] used in an <auth-constraint> without being defined in a <security-role>
21-Dec-2023 09:27:46.931 WARNING [main] org.apache.catalina.startup.ContextConfig.validateSecurityRoles Security role name [mitarbeiter] used in an <auth-constraint> without being defined in a <security-role>
21-Dec-2023 09:27:46.950 INFO [main] org.apache.catalina.startup.HostConfig.deployDirectory Deployment of web application directory [C:\Program Files\Apache Software Foundation\Tomcat 10.1\webapps\manager] has finished in [56] ms
21-Dec-2023 09:27:46.950 INFO [main] org.apache.catalina.startup.HostConfig.deployDirectory Deploying web application directory [C:\Program Files\Apache Software Foundation\Tomcat 10.1\webapps\ROOT]
21-Dec-2023 09:27:48.011 WARNING [main] org.apache.catalina.startup.ContextConfig.validateSecurityRoles Security role name [tomcat] used in an <auth-constraint> without being defined in a <security-role>
21-Dec-2023 09:27:48.012 WARNING [main] org.apache.catalina.startup.ContextConfig.validateSecurityRoles Security role name [inhaber] used in an <auth-constraint> without being defined in a <security-role>
21-Dec-2023 09:27:48.012 WARNING [main] org.apache.catalina.startup.ContextConfig.validateSecurityRoles Security role name [mitarbeiter] used in an <auth-constraint> without being defined in a <security-role>
21-Dec-2023 09:27:48.026 INFO [main] org.apache.jasper.servlet.TldScanner.scanJars At least one JAR was scanned for TLDs yet contained no TLDs. Enable debug logging for this logger for a complete list of JARs that were scanned but no TLDs were found in them. Skipping unneeded JARs during scanning can improve startup time and JSP compilation time.
21-Dec-2023 09:27:48.031 INFO [main] org.apache.catalina.startup.HostConfig.deployDirectory Deployment of web application directory [C:\Program Files\Apache Software Foundation\Tomcat 10.1\webapps\ROOT] has finished in [1,081] ms
21-Dec-2023 09:27:48.034 INFO [main] org.apache.coyote.AbstractProtocol.start Starting ProtocolHandler ["http-nio-8080"]
21-Dec-2023 09:27:48.090 INFO [main] org.apache.catalina.startup.Catalina.start Server startup in [4951] milliseconds
21-Dec-2023 10:35:25.023 INFO [Thread-2] org.apache.coyote.AbstractProtocol.pause Pausing ProtocolHandler ["http-nio-8080"]
21-Dec-2023 10:35:25.029 INFO [Thread-2] org.apache.catalina.core.StandardService.stopInternal Stopping service [Catalina]
21-Dec-2023 10:35:25.050 WARNING [Thread-2] org.apache.catalina.loader.WebappClassLoaderBase.clearReferencesThreads The web application [ROOT] appears to have started a thread named [mysql-cj-abandoned-connection-cleanup] but has failed to stop it. This is very likely to create a memory leak. Stack trace of thread:
 java.base@17.0.9/java.lang.Object.wait(Native Method)
 java.base@17.0.9/java.lang.ref.ReferenceQueue.remove(ReferenceQueue.java:155)
 com.mysql.cj.jdbc.AbandonedConnectionCleanupThread.run(AbandonedConnectionCleanupThread.java:91)
 java.base@17.0.9/java.util.concurrent.ThreadPoolExecutor.runWorker(ThreadPoolExecutor.java:1136)
 java.base@17.0.9/java.util.concurrent.ThreadPoolExecutor$Worker.run(ThreadPoolExecutor.java:635)
 java.base@17.0.9/java.lang.Thread.run(Thread.java:842)
21-Dec-2023 10:35:25.276 WARNING [Thread-2] org.apache.catalina.loader.WebappClassLoaderBase.clearReferencesJdbc The web application [Wilken] registered the JDBC driver [com.mysql.cj.jdbc.Driver] but failed to unregister it when the web application was stopped. To prevent a memory leak, the JDBC Driver has been forcibly unregistered.
21-Dec-2023 10:35:25.277 WARNING [Thread-2] org.apache.catalina.loader.WebappClassLoaderBase.clearReferencesThreads The web application [Wilken] appears to have started a thread named [mysql-cj-abandoned-connection-cleanup] but has failed to stop it. This is very likely to create a memory leak. Stack trace of thread:
 java.base@17.0.9/java.lang.Object.wait(Native Method)
 java.base@17.0.9/java.lang.ref.ReferenceQueue.remove(ReferenceQueue.java:155)
 com.mysql.cj.jdbc.AbandonedConnectionCleanupThread.run(AbandonedConnectionCleanupThread.java:91)
 java.base@17.0.9/java.util.concurrent.ThreadPoolExecutor.runWorker(ThreadPoolExecutor.java:1136)
 java.base@17.0.9/java.util.concurrent.ThreadPoolExecutor$Worker.run(ThreadPoolExecutor.java:635)
 java.base@17.0.9/java.lang.Thread.run(Thread.java:842)
21-Dec-2023 10:35:25.284 INFO [Thread-2] org.apache.coyote.AbstractProtocol.stop Stopping ProtocolHandler ["http-nio-8080"]
21-Dec-2023 10:35:25.301 INFO [Thread-2] org.apache.coyote.AbstractProtocol.destroy Destroying ProtocolHandler ["http-nio-8080"]
21-Dec-2023 10:35:55.468 INFO [main] org.apache.catalina.startup.VersionLoggerListener.log Server version name:   Apache Tomcat/10.1.16
21-Dec-2023 10:35:55.479 INFO [main] org.apache.catalina.startup.VersionLoggerListener.log Server built:          Nov 10 2023 16:17:33 UTC
21-Dec-2023 10:35:55.479 INFO [main] org.apache.catalina.startup.VersionLoggerListener.log Server version number: 10.1.16.0
21-Dec-2023 10:35:55.480 INFO [main] org.apache.catalina.startup.VersionLoggerListener.log OS Name:               Windows 10
21-Dec-2023 10:35:55.480 INFO [main] org.apache.catalina.startup.VersionLoggerListener.log OS Version:            10.0
21-Dec-2023 10:35:55.480 INFO [main] org.apache.catalina.startup.VersionLoggerListener.log Architecture:          amd64
21-Dec-2023 10:35:55.480 INFO [main] org.apache.catalina.startup.VersionLoggerListener.log Java Home:             C:\Program Files\Java\jdk-17.0.9
21-Dec-2023 10:35:55.480 INFO [main] org.apache.catalina.startup.VersionLoggerListener.log JVM Version:           17.0.9+11-LTS-201
21-Dec-2023 10:35:55.480 INFO [main] org.apache.catalina.startup.VersionLoggerListener.log JVM Vendor:            Oracle Corporation
21-Dec-2023 10:35:55.480 INFO [main] org.apache.catalina.startup.VersionLoggerListener.log CATALINA_BASE:         C:\Program Files\Apache Software Foundation\Tomcat 10.1
21-Dec-2023 10:35:55.480 INFO [main] org.apache.catalina.startup.VersionLoggerListener.log CATALINA_HOME:         C:\Program Files\Apache Software Foundation\Tomcat 10.1
21-Dec-2023 10:35:55.549 INFO [main] org.apache.catalina.startup.VersionLoggerListener.log Command line argument: -Dcatalina.home=C:\Program Files\Apache Software Foundation\Tomcat 10.1
21-Dec-2023 10:35:55.549 INFO [main] org.apache.catalina.startup.VersionLoggerListener.log Command line argument: -Dcatalina.base=C:\Program Files\Apache Software Foundation\Tomcat 10.1
21-Dec-2023 10:35:55.549 INFO [main] org.apache.catalina.startup.VersionLoggerListener.log Command line argument: -Djava.io.tmpdir=C:\Program Files\Apache Software Foundation\Tomcat 10.1\temp
21-Dec-2023 10:35:55.550 INFO [main] org.apache.catalina.startup.VersionLoggerListener.log Command line argument: -Djava.util.logging.manager=org.apache.juli.ClassLoaderLogManager
21-Dec-2023 10:35:55.550 INFO [main] org.apache.catalina.startup.VersionLoggerListener.log Command line argument: -Djava.util.logging.config.file=C:\Program Files\Apache Software Foundation\Tomcat 10.1\conf\logging.properties
21-Dec-2023 10:35:55.550 INFO [main] org.apache.catalina.startup.VersionLoggerListener.log Command line argument: --add-opens=java.base/java.lang=ALL-UNNAMED
21-Dec-2023 10:35:55.550 INFO [main] org.apache.catalina.startup.VersionLoggerListener.log Command line argument: --add-opens=java.base/java.io=ALL-UNNAMED
21-Dec-2023 10:35:55.550 INFO [main] org.apache.catalina.startup.VersionLoggerListener.log Command line argument: --add-opens=java.rmi/sun.rmi.transport=ALL-UNNAMED
21-Dec-2023 10:35:55.550 INFO [main] org.apache.catalina.startup.VersionLoggerListener.log Command line argument: exit
21-Dec-2023 10:35:55.550 INFO [main] org.apache.catalina.startup.VersionLoggerListener.log Command line argument: abort
21-Dec-2023 10:35:55.550 INFO [main] org.apache.catalina.startup.VersionLoggerListener.log Command line argument: -Xms128m
21-Dec-2023 10:35:55.550 INFO [main] org.apache.catalina.startup.VersionLoggerListener.log Command line argument: -Xmx256m
21-Dec-2023 10:35:55.554 INFO [main] org.apache.catalina.core.AprLifecycleListener.lifecycleEvent The Apache Tomcat Native library which allows using OpenSSL was not found on the java.library.path: [C:\Program Files\Apache Software Foundation\Tomcat 10.1\bin;C:\Windows\Sun\Java\bin;C:\Windows\system32;C:\Windows;C:\Program Files\Java\jdk-17.0.9\bin;C:\Windows\system32;C:\Windows;C:\Windows\System32\Wbem;C:\Windows\System32\WindowsPowerShell\v1.0\;C:\Windows\System32\OpenSSH\;C:\Program Files\Java\jdk-17.0.9\bin;C:\Windows\ServiceProfiles\LocalService\AppData\Local\Microsoft\WindowsApps;.]
21-Dec-2023 10:35:55.861 INFO [main] org.apache.coyote.AbstractProtocol.init Initializing ProtocolHandler ["http-nio-8080"]
21-Dec-2023 10:35:55.900 INFO [main] org.apache.catalina.startup.Catalina.load Server initialization in [690] milliseconds
21-Dec-2023 10:35:55.956 INFO [main] org.apache.catalina.core.StandardService.startInternal Starting service [Catalina]
21-Dec-2023 10:35:55.956 INFO [main] org.apache.catalina.core.StandardEngine.startInternal Starting Servlet engine: [Apache Tomcat/10.1.16]
21-Dec-2023 10:35:55.986 INFO [main] org.apache.catalina.startup.HostConfig.deployWAR Deploying web application archive [C:\Program Files\Apache Software Foundation\Tomcat 10.1\webapps\Wilken.war]
21-Dec-2023 10:35:56.012 INFO [main] org.apache.catalina.startup.ExpandWar.expand An expanded directory [C:\Program Files\Apache Software Foundation\Tomcat 10.1\webapps\Wilken] was found with a last modified time that did not match the associated WAR. It will be deleted.
21-Dec-2023 10:35:57.767 WARNING [main] org.apache.catalina.startup.ContextConfig.validateSecurityRoles Security role name [tomcat] used in an <auth-constraint> without being defined in a <security-role>
21-Dec-2023 10:35:57.767 WARNING [main] org.apache.catalina.startup.ContextConfig.validateSecurityRoles Security role name [inhaber] used in an <auth-constraint> without being defined in a <security-role>
21-Dec-2023 10:35:57.767 WARNING [main] org.apache.catalina.startup.ContextConfig.validateSecurityRoles Security role name [mitarbeiter] used in an <auth-constraint> without being defined in a <security-role>
21-Dec-2023 10:35:57.910 INFO [main] org.apache.jasper.servlet.TldScanner.scanJars At least one JAR was scanned for TLDs yet contained no TLDs. Enable debug logging for this logger for a complete list of JARs that were scanned but no TLDs were found in them. Skipping unneeded JARs during scanning can improve startup time and JSP compilation time.
21-Dec-2023 10:35:58.008 INFO [main] org.apache.catalina.startup.HostConfig.deployWAR Deployment of web application archive [C:\Program Files\Apache Software Foundation\Tomcat 10.1\webapps\Wilken.war] has finished in [2,022] ms
21-Dec-2023 10:35:58.009 INFO [main] org.apache.catalina.startup.HostConfig.deployDirectory Deploying web application directory [C:\Program Files\Apache Software Foundation\Tomcat 10.1\webapps\docs]
21-Dec-2023 10:35:58.053 WARNING [main] org.apache.catalina.startup.ContextConfig.validateSecurityRoles Security role name [tomcat] used in an <auth-constraint> without being defined in a <security-role>
21-Dec-2023 10:35:58.053 WARNING [main] org.apache.catalina.startup.ContextConfig.validateSecurityRoles Security role name [inhaber] used in an <auth-constraint> without being defined in a <security-role>
21-Dec-2023 10:35:58.053 WARNING [main] org.apache.catalina.startup.ContextConfig.validateSecurityRoles Security role name [mitarbeiter] used in an <auth-constraint> without being defined in a <security-role>
21-Dec-2023 10:35:58.067 INFO [main] org.apache.catalina.startup.HostConfig.deployDirectory Deployment of web application directory [C:\Program Files\Apache Software Foundation\Tomcat 10.1\webapps\docs] has finished in [58] ms
21-Dec-2023 10:35:58.068 INFO [main] org.apache.catalina.startup.HostConfig.deployDirectory Deploying web application directory [C:\Program Files\Apache Software Foundation\Tomcat 10.1\webapps\examples]
21-Dec-2023 10:35:58.538 WARNING [main] org.apache.catalina.startup.ContextConfig.validateSecurityRoles Security role name [inhaber] used in an <auth-constraint> without being defined in a <security-role>
21-Dec-2023 10:35:58.539 WARNING [main] org.apache.catalina.startup.ContextConfig.validateSecurityRoles Security role name [mitarbeiter] used in an <auth-constraint> without being defined in a <security-role>
21-Dec-2023 10:35:58.699 INFO [main] org.apache.catalina.startup.HostConfig.deployDirectory Deployment of web application directory [C:\Program Files\Apache Software Foundation\Tomcat 10.1\webapps\examples] has finished in [632] ms
21-Dec-2023 10:35:58.699 INFO [main] org.apache.catalina.startup.HostConfig.deployDirectory Deploying web application directory [C:\Program Files\Apache Software Foundation\Tomcat 10.1\webapps\host-manager]
21-Dec-2023 10:35:58.731 WARNING [main] org.apache.catalina.startup.ContextConfig.validateSecurityRoles Security role name [tomcat] used in an <auth-constraint> without being defined in a <security-role>
21-Dec-2023 10:35:58.731 WARNING [main] org.apache.catalina.startup.ContextConfig.validateSecurityRoles Security role name [inhaber] used in an <auth-constraint> without being defined in a <security-role>
21-Dec-2023 10:35:58.731 WARNING [main] org.apache.catalina.startup.ContextConfig.validateSecurityRoles Security role name [mitarbeiter] used in an <auth-constraint> without being defined in a <security-role>
21-Dec-2023 10:35:58.752 INFO [main] org.apache.catalina.startup.HostConfig.deployDirectory Deployment of web application directory [C:\Program Files\Apache Software Foundation\Tomcat 10.1\webapps\host-manager] has finished in [53] ms
21-Dec-2023 10:35:58.752 INFO [main] org.apache.catalina.startup.HostConfig.deployDirectory Deploying web application directory [C:\Program Files\Apache Software Foundation\Tomcat 10.1\webapps\manager]
21-Dec-2023 10:35:58.782 WARNING [main] org.apache.catalina.startup.ContextConfig.validateSecurityRoles Security role name [tomcat] used in an <auth-constraint> without being defined in a <security-role>
21-Dec-2023 10:35:58.782 WARNING [main] org.apache.catalina.startup.ContextConfig.validateSecurityRoles Security role name [inhaber] used in an <auth-constraint> without being defined in a <security-role>
21-Dec-2023 10:35:58.782 WARNING [main] org.apache.catalina.startup.ContextConfig.validateSecurityRoles Security role name [mitarbeiter] used in an <auth-constraint> without being defined in a <security-role>
21-Dec-2023 10:35:58.802 INFO [main] org.apache.catalina.startup.HostConfig.deployDirectory Deployment of web application directory [C:\Program Files\Apache Software Foundation\Tomcat 10.1\webapps\manager] has finished in [50] ms
21-Dec-2023 10:35:58.802 INFO [main] org.apache.catalina.startup.HostConfig.deployDirectory Deploying web application directory [C:\Program Files\Apache Software Foundation\Tomcat 10.1\webapps\ROOT]
21-Dec-2023 10:35:59.958 WARNING [main] org.apache.catalina.startup.ContextConfig.validateSecurityRoles Security role name [tomcat] used in an <auth-constraint> without being defined in a <security-role>
21-Dec-2023 10:35:59.959 WARNING [main] org.apache.catalina.startup.ContextConfig.validateSecurityRoles Security role name [inhaber] used in an <auth-constraint> without being defined in a <security-role>
21-Dec-2023 10:35:59.959 WARNING [main] org.apache.catalina.startup.ContextConfig.validateSecurityRoles Security role name [mitarbeiter] used in an <auth-constraint> without being defined in a <security-role>
21-Dec-2023 10:35:59.973 INFO [main] org.apache.jasper.servlet.TldScanner.scanJars At least one JAR was scanned for TLDs yet contained no TLDs. Enable debug logging for this logger for a complete list of JARs that were scanned but no TLDs were found in them. Skipping unneeded JARs during scanning can improve startup time and JSP compilation time.
21-Dec-2023 10:35:59.977 INFO [main] org.apache.catalina.startup.HostConfig.deployDirectory Deployment of web application directory [C:\Program Files\Apache Software Foundation\Tomcat 10.1\webapps\ROOT] has finished in [1,175] ms
21-Dec-2023 10:35:59.981 INFO [main] org.apache.coyote.AbstractProtocol.start Starting ProtocolHandler ["http-nio-8080"]
21-Dec-2023 10:36:00.224 INFO [main] org.apache.catalina.startup.Catalina.start Server startup in [4324] milliseconds
21-Dec-2023 10:44:00.813 INFO [Catalina-utility-1] org.apache.catalina.startup.HostConfig.undeploy Undeploying context [/Wilken]
21-Dec-2023 10:44:00.824 WARNING [Catalina-utility-1] org.apache.catalina.loader.WebappClassLoaderBase.clearReferencesJdbc The web application [Wilken] registered the JDBC driver [com.mysql.cj.jdbc.Driver] but failed to unregister it when the web application was stopped. To prevent a memory leak, the JDBC Driver has been forcibly unregistered.
21-Dec-2023 10:44:00.824 WARNING [Catalina-utility-1] org.apache.catalina.loader.WebappClassLoaderBase.clearReferencesThreads The web application [Wilken] appears to have started a thread named [mysql-cj-abandoned-connection-cleanup] but has failed to stop it. This is very likely to create a memory leak. Stack trace of thread:
 java.base@17.0.9/java.lang.Object.wait(Native Method)
 java.base@17.0.9/java.lang.ref.ReferenceQueue.remove(ReferenceQueue.java:155)
 com.mysql.cj.jdbc.AbandonedConnectionCleanupThread.run(AbandonedConnectionCleanupThread.java:91)
 java.base@17.0.9/java.util.concurrent.ThreadPoolExecutor.runWorker(ThreadPoolExecutor.java:1136)
 java.base@17.0.9/java.util.concurrent.ThreadPoolExecutor$Worker.run(ThreadPoolExecutor.java:635)
 java.base@17.0.9/java.lang.Thread.run(Thread.java:842)
21-Dec-2023 10:44:00.864 INFO [Catalina-utility-1] org.apache.catalina.startup.HostConfig.deployWAR Deploying web application archive [C:\Program Files\Apache Software Foundation\Tomcat 10.1\webapps\Wilken.war]
21-Dec-2023 10:44:01.613 INFO [32] org.apache.catalina.loader.WebappClassLoaderBase.checkStateForResourceLoading Illegal access: this web application instance has been stopped already. Could not load []. The following stack trace is thrown for debugging purposes as well as to attempt to terminate the thread which caused the illegal access.
	java.lang.IllegalStateException: Illegal access: this web application instance has been stopped already. Could not load []. The following stack trace is thrown for debugging purposes as well as to attempt to terminate the thread which caused the illegal access.
		at org.apache.catalina.loader.WebappClassLoaderBase.checkStateForResourceLoading(WebappClassLoaderBase.java:1373)
		at org.apache.catalina.loader.WebappClassLoaderBase.getResource(WebappClassLoaderBase.java:971)
		at com.mysql.cj.jdbc.AbandonedConnectionCleanupThread.checkThreadContextClassLoader(AbandonedConnectionCleanupThread.java:123)
		at com.mysql.cj.jdbc.AbandonedConnectionCleanupThread.run(AbandonedConnectionCleanupThread.java:90)
		at java.base/java.util.concurrent.ThreadPoolExecutor.runWorker(ThreadPoolExecutor.java:1136)
		at java.base/java.util.concurrent.ThreadPoolExecutor$Worker.run(ThreadPoolExecutor.java:635)
		at java.base/java.lang.Thread.run(Thread.java:842)
21-Dec-2023 10:44:02.431 WARNING [Catalina-utility-1] org.apache.catalina.startup.ContextConfig.validateSecurityRoles Security role name [tomcat] used in an <auth-constraint> without being defined in a <security-role>
21-Dec-2023 10:44:02.431 WARNING [Catalina-utility-1] org.apache.catalina.startup.ContextConfig.validateSecurityRoles Security role name [inhaber] used in an <auth-constraint> without being defined in a <security-role>
21-Dec-2023 10:44:02.432 WARNING [Catalina-utility-1] org.apache.catalina.startup.ContextConfig.validateSecurityRoles Security role name [mitarbeiter] used in an <auth-constraint> without being defined in a <security-role>
21-Dec-2023 10:44:02.446 INFO [Catalina-utility-1] org.apache.jasper.servlet.TldScanner.scanJars At least one JAR was scanned for TLDs yet contained no TLDs. Enable debug logging for this logger for a complete list of JARs that were scanned but no TLDs were found in them. Skipping unneeded JARs during scanning can improve startup time and JSP compilation time.
21-Dec-2023 10:44:02.450 INFO [Catalina-utility-1] org.apache.catalina.startup.HostConfig.deployWAR Deployment of web application archive [C:\Program Files\Apache Software Foundation\Tomcat 10.1\webapps\Wilken.war] has finished in [1,586] ms
21-Dec-2023 10:44:43.327 INFO [Thread-2] org.apache.coyote.AbstractProtocol.pause Pausing ProtocolHandler ["http-nio-8080"]
21-Dec-2023 10:44:43.333 INFO [Thread-2] org.apache.catalina.core.StandardService.stopInternal Stopping service [Catalina]
21-Dec-2023 10:44:43.354 INFO [Thread-2] org.apache.coyote.AbstractProtocol.stop Stopping ProtocolHandler ["http-nio-8080"]
21-Dec-2023 10:44:43.374 INFO [Thread-2] org.apache.coyote.AbstractProtocol.destroy Destroying ProtocolHandler ["http-nio-8080"]
21-Dec-2023 10:44:55.578 INFO [main] org.apache.catalina.startup.VersionLoggerListener.log Server version name:   Apache Tomcat/10.1.16
21-Dec-2023 10:44:55.588 INFO [main] org.apache.catalina.startup.VersionLoggerListener.log Server built:          Nov 10 2023 16:17:33 UTC
21-Dec-2023 10:44:55.588 INFO [main] org.apache.catalina.startup.VersionLoggerListener.log Server version number: 10.1.16.0
21-Dec-2023 10:44:55.588 INFO [main] org.apache.catalina.startup.VersionLoggerListener.log OS Name:               Windows 10
21-Dec-2023 10:44:55.589 INFO [main] org.apache.catalina.startup.VersionLoggerListener.log OS Version:            10.0
21-Dec-2023 10:44:55.589 INFO [main] org.apache.catalina.startup.VersionLoggerListener.log Architecture:          amd64
21-Dec-2023 10:44:55.589 INFO [main] org.apache.catalina.startup.VersionLoggerListener.log Java Home:             C:\Program Files\Java\jdk-17.0.9
21-Dec-2023 10:44:55.589 INFO [main] org.apache.catalina.startup.VersionLoggerListener.log JVM Version:           17.0.9+11-LTS-201
21-Dec-2023 10:44:55.589 INFO [main] org.apache.catalina.startup.VersionLoggerListener.log JVM Vendor:            Oracle Corporation
21-Dec-2023 10:44:55.589 INFO [main] org.apache.catalina.startup.VersionLoggerListener.log CATALINA_BASE:         C:\Program Files\Apache Software Foundation\Tomcat 10.1
21-Dec-2023 10:44:55.589 INFO [main] org.apache.catalina.startup.VersionLoggerListener.log CATALINA_HOME:         C:\Program Files\Apache Software Foundation\Tomcat 10.1
21-Dec-2023 10:44:55.602 INFO [main] org.apache.catalina.startup.VersionLoggerListener.log Command line argument: -Dcatalina.home=C:\Program Files\Apache Software Foundation\Tomcat 10.1
21-Dec-2023 10:44:55.602 INFO [main] org.apache.catalina.startup.VersionLoggerListener.log Command line argument: -Dcatalina.base=C:\Program Files\Apache Software Foundation\Tomcat 10.1
21-Dec-2023 10:44:55.602 INFO [main] org.apache.catalina.startup.VersionLoggerListener.log Command line argument: -Djava.io.tmpdir=C:\Program Files\Apache Software Foundation\Tomcat 10.1\temp
21-Dec-2023 10:44:55.602 INFO [main] org.apache.catalina.startup.VersionLoggerListener.log Command line argument: -Djava.util.logging.manager=org.apache.juli.ClassLoaderLogManager
21-Dec-2023 10:44:55.603 INFO [main] org.apache.catalina.startup.VersionLoggerListener.log Command line argument: -Djava.util.logging.config.file=C:\Program Files\Apache Software Foundation\Tomcat 10.1\conf\logging.properties
21-Dec-2023 10:44:55.603 INFO [main] org.apache.catalina.startup.VersionLoggerListener.log Command line argument: --add-opens=java.base/java.lang=ALL-UNNAMED
21-Dec-2023 10:44:55.603 INFO [main] org.apache.catalina.startup.VersionLoggerListener.log Command line argument: --add-opens=java.base/java.io=ALL-UNNAMED
21-Dec-2023 10:44:55.604 INFO [main] org.apache.catalina.startup.VersionLoggerListener.log Command line argument: --add-opens=java.rmi/sun.rmi.transport=ALL-UNNAMED
21-Dec-2023 10:44:55.604 INFO [main] org.apache.catalina.startup.VersionLoggerListener.log Command line argument: exit
21-Dec-2023 10:44:55.604 INFO [main] org.apache.catalina.startup.VersionLoggerListener.log Command line argument: abort
21-Dec-2023 10:44:55.604 INFO [main] org.apache.catalina.startup.VersionLoggerListener.log Command line argument: -Xms128m
21-Dec-2023 10:44:55.604 INFO [main] org.apache.catalina.startup.VersionLoggerListener.log Command line argument: -Xmx256m
21-Dec-2023 10:44:55.608 INFO [main] org.apache.catalina.core.AprLifecycleListener.lifecycleEvent The Apache Tomcat Native library which allows using OpenSSL was not found on the java.library.path: [C:\Program Files\Apache Software Foundation\Tomcat 10.1\bin;C:\Windows\Sun\Java\bin;C:\Windows\system32;C:\Windows;C:\Program Files\Java\jdk-17.0.9\bin;C:\Windows\system32;C:\Windows;C:\Windows\System32\Wbem;C:\Windows\System32\WindowsPowerShell\v1.0\;C:\Windows\System32\OpenSSH\;C:\Program Files\Java\jdk-17.0.9\bin;C:\Windows\ServiceProfiles\LocalService\AppData\Local\Microsoft\WindowsApps;.]
21-Dec-2023 10:44:55.926 INFO [main] org.apache.coyote.AbstractProtocol.init Initializing ProtocolHandler ["http-nio-8080"]
21-Dec-2023 10:44:55.958 INFO [main] org.apache.catalina.startup.Catalina.load Server initialization in [688] milliseconds
21-Dec-2023 10:44:56.028 INFO [main] org.apache.catalina.core.StandardService.startInternal Starting service [Catalina]
21-Dec-2023 10:44:56.028 INFO [main] org.apache.catalina.core.StandardEngine.startInternal Starting Servlet engine: [Apache Tomcat/10.1.16]
21-Dec-2023 10:44:56.053 INFO [main] org.apache.catalina.startup.HostConfig.deployWAR Deploying web application archive [C:\Program Files\Apache Software Foundation\Tomcat 10.1\webapps\Wilken.war]
21-Dec-2023 10:44:57.754 WARNING [main] org.apache.catalina.startup.ContextConfig.validateSecurityRoles Security role name [tomcat] used in an <auth-constraint> without being defined in a <security-role>
21-Dec-2023 10:44:57.755 WARNING [main] org.apache.catalina.startup.ContextConfig.validateSecurityRoles Security role name [inhaber] used in an <auth-constraint> without being defined in a <security-role>
21-Dec-2023 10:44:57.755 WARNING [main] org.apache.catalina.startup.ContextConfig.validateSecurityRoles Security role name [mitarbeiter] used in an <auth-constraint> without being defined in a <security-role>
21-Dec-2023 10:44:57.848 INFO [main] org.apache.jasper.servlet.TldScanner.scanJars At least one JAR was scanned for TLDs yet contained no TLDs. Enable debug logging for this logger for a complete list of JARs that were scanned but no TLDs were found in them. Skipping unneeded JARs during scanning can improve startup time and JSP compilation time.
21-Dec-2023 10:44:58.123 WARNING [main] org.apache.catalina.util.SessionIdGeneratorBase.createSecureRandom Creation of SecureRandom instance for session ID generation using [SHA1PRNG] took [247] milliseconds.
21-Dec-2023 10:44:58.156 INFO [main] org.apache.catalina.startup.HostConfig.deployWAR Deployment of web application archive [C:\Program Files\Apache Software Foundation\Tomcat 10.1\webapps\Wilken.war] has finished in [2,103] ms
21-Dec-2023 10:44:58.157 INFO [main] org.apache.catalina.startup.HostConfig.deployDirectory Deploying web application directory [C:\Program Files\Apache Software Foundation\Tomcat 10.1\webapps\docs]
21-Dec-2023 10:44:58.196 WARNING [main] org.apache.catalina.startup.ContextConfig.validateSecurityRoles Security role name [tomcat] used in an <auth-constraint> without being defined in a <security-role>
21-Dec-2023 10:44:58.196 WARNING [main] org.apache.catalina.startup.ContextConfig.validateSecurityRoles Security role name [inhaber] used in an <auth-constraint> without being defined in a <security-role>
21-Dec-2023 10:44:58.197 WARNING [main] org.apache.catalina.startup.ContextConfig.validateSecurityRoles Security role name [mitarbeiter] used in an <auth-constraint> without being defined in a <security-role>
21-Dec-2023 10:44:58.210 INFO [main] org.apache.catalina.startup.HostConfig.deployDirectory Deployment of web application directory [C:\Program Files\Apache Software Foundation\Tomcat 10.1\webapps\docs] has finished in [53] ms
21-Dec-2023 10:44:58.210 INFO [main] org.apache.catalina.startup.HostConfig.deployDirectory Deploying web application directory [C:\Program Files\Apache Software Foundation\Tomcat 10.1\webapps\examples]
21-Dec-2023 10:44:58.462 WARNING [main] org.apache.catalina.startup.ContextConfig.validateSecurityRoles Security role name [inhaber] used in an <auth-constraint> without being defined in a <security-role>
21-Dec-2023 10:44:58.463 WARNING [main] org.apache.catalina.startup.ContextConfig.validateSecurityRoles Security role name [mitarbeiter] used in an <auth-constraint> without being defined in a <security-role>
21-Dec-2023 10:44:58.643 INFO [main] org.apache.catalina.startup.HostConfig.deployDirectory Deployment of web application directory [C:\Program Files\Apache Software Foundation\Tomcat 10.1\webapps\examples] has finished in [432] ms
21-Dec-2023 10:44:58.643 INFO [main] org.apache.catalina.startup.HostConfig.deployDirectory Deploying web application directory [C:\Program Files\Apache Software Foundation\Tomcat 10.1\webapps\host-manager]
21-Dec-2023 10:44:58.665 WARNING [main] org.apache.catalina.startup.ContextConfig.validateSecurityRoles Security role name [tomcat] used in an <auth-constraint> without being defined in a <security-role>
21-Dec-2023 10:44:58.665 WARNING [main] org.apache.catalina.startup.ContextConfig.validateSecurityRoles Security role name [inhaber] used in an <auth-constraint> without being defined in a <security-role>
21-Dec-2023 10:44:58.665 WARNING [main] org.apache.catalina.startup.ContextConfig.validateSecurityRoles Security role name [mitarbeiter] used in an <auth-constraint> without being defined in a <security-role>
21-Dec-2023 10:44:58.687 INFO [main] org.apache.catalina.startup.HostConfig.deployDirectory Deployment of web application directory [C:\Program Files\Apache Software Foundation\Tomcat 10.1\webapps\host-manager] has finished in [44] ms
21-Dec-2023 10:44:58.687 INFO [main] org.apache.catalina.startup.HostConfig.deployDirectory Deploying web application directory [C:\Program Files\Apache Software Foundation\Tomcat 10.1\webapps\manager]
21-Dec-2023 10:44:58.710 WARNING [main] org.apache.catalina.startup.ContextConfig.validateSecurityRoles Security role name [tomcat] used in an <auth-constraint> without being defined in a <security-role>
21-Dec-2023 10:44:58.710 WARNING [main] org.apache.catalina.startup.ContextConfig.validateSecurityRoles Security role name [inhaber] used in an <auth-constraint> without being defined in a <security-role>
21-Dec-2023 10:44:58.710 WARNING [main] org.apache.catalina.startup.ContextConfig.validateSecurityRoles Security role name [mitarbeiter] used in an <auth-constraint> without being defined in a <security-role>
21-Dec-2023 10:44:58.738 INFO [main] org.apache.catalina.startup.HostConfig.deployDirectory Deployment of web application directory [C:\Program Files\Apache Software Foundation\Tomcat 10.1\webapps\manager] has finished in [51] ms
21-Dec-2023 10:44:58.738 INFO [main] org.apache.catalina.startup.HostConfig.deployDirectory Deploying web application directory [C:\Program Files\Apache Software Foundation\Tomcat 10.1\webapps\ROOT]
21-Dec-2023 10:44:59.987 WARNING [main] org.apache.catalina.startup.ContextConfig.validateSecurityRoles Security role name [tomcat] used in an <auth-constraint> without being defined in a <security-role>
21-Dec-2023 10:44:59.988 WARNING [main] org.apache.catalina.startup.ContextConfig.validateSecurityRoles Security role name [inhaber] used in an <auth-constraint> without being defined in a <security-role>
21-Dec-2023 10:44:59.988 WARNING [main] org.apache.catalina.startup.ContextConfig.validateSecurityRoles Security role name [mitarbeiter] used in an <auth-constraint> without being defined in a <security-role>
21-Dec-2023 10:45:00.007 INFO [main] org.apache.jasper.servlet.TldScanner.scanJars At least one JAR was scanned for TLDs yet contained no TLDs. Enable debug logging for this logger for a complete list of JARs that were scanned but no TLDs were found in them. Skipping unneeded JARs during scanning can improve startup time and JSP compilation time.
21-Dec-2023 10:45:00.017 INFO [main] org.apache.catalina.startup.HostConfig.deployDirectory Deployment of web application directory [C:\Program Files\Apache Software Foundation\Tomcat 10.1\webapps\ROOT] has finished in [1,273] ms
21-Dec-2023 10:45:00.021 INFO [main] org.apache.coyote.AbstractProtocol.start Starting ProtocolHandler ["http-nio-8080"]
21-Dec-2023 10:45:01.267 INFO [main] org.apache.catalina.startup.Catalina.start Server startup in [5307] milliseconds
21-Dec-2023 10:45:28.299 INFO [Thread-2] org.apache.coyote.AbstractProtocol.pause Pausing ProtocolHandler ["http-nio-8080"]
21-Dec-2023 10:45:28.312 INFO [Thread-2] org.apache.catalina.core.StandardService.stopInternal Stopping service [Catalina]
21-Dec-2023 10:45:28.355 WARNING [Thread-2] org.apache.catalina.loader.WebappClassLoaderBase.clearReferencesThreads The web application [ROOT] appears to have started a thread named [mysql-cj-abandoned-connection-cleanup] but has failed to stop it. This is very likely to create a memory leak. Stack trace of thread:
 java.base@17.0.9/java.lang.Object.wait(Native Method)
 java.base@17.0.9/java.lang.ref.ReferenceQueue.remove(ReferenceQueue.java:155)
 com.mysql.cj.jdbc.AbandonedConnectionCleanupThread.run(AbandonedConnectionCleanupThread.java:91)
 java.base@17.0.9/java.util.concurrent.ThreadPoolExecutor.runWorker(ThreadPoolExecutor.java:1136)
 java.base@17.0.9/java.util.concurrent.ThreadPoolExecutor$Worker.run(ThreadPoolExecutor.java:635)
 java.base@17.0.9/java.lang.Thread.run(Thread.java:842)
21-Dec-2023 10:45:28.394 WARNING [Thread-2] org.apache.catalina.loader.WebappClassLoaderBase.clearReferencesJdbc The web application [Wilken] registered the JDBC driver [com.mysql.cj.jdbc.Driver] but failed to unregister it when the web application was stopped. To prevent a memory leak, the JDBC Driver has been forcibly unregistered.
21-Dec-2023 10:45:28.394 WARNING [Thread-2] org.apache.catalina.loader.WebappClassLoaderBase.clearReferencesThreads The web application [Wilken] appears to have started a thread named [mysql-cj-abandoned-connection-cleanup] but has failed to stop it. This is very likely to create a memory leak. Stack trace of thread:
 java.base@17.0.9/java.lang.Object.wait(Native Method)
 java.base@17.0.9/java.lang.ref.ReferenceQueue.remove(ReferenceQueue.java:155)
 com.mysql.cj.jdbc.AbandonedConnectionCleanupThread.run(AbandonedConnectionCleanupThread.java:91)
 java.base@17.0.9/java.util.concurrent.ThreadPoolExecutor.runWorker(ThreadPoolExecutor.java:1136)
 java.base@17.0.9/java.util.concurrent.ThreadPoolExecutor$Worker.run(ThreadPoolExecutor.java:635)
 java.base@17.0.9/java.lang.Thread.run(Thread.java:842)
21-Dec-2023 10:45:28.401 INFO [Thread-2] org.apache.coyote.AbstractProtocol.stop Stopping ProtocolHandler ["http-nio-8080"]
21-Dec-2023 10:45:28.408 INFO [Thread-2] org.apache.coyote.AbstractProtocol.destroy Destroying ProtocolHandler ["http-nio-8080"]
