08-Jan-2024 14:58:34.187 INFO [main] org.apache.catalina.startup.VersionLoggerListener.log Server version name:   Apache Tomcat/10.1.16
08-Jan-2024 14:58:34.187 INFO [main] org.apache.catalina.startup.VersionLoggerListener.log Server built:          Nov 10 2023 16:17:33 UTC
08-Jan-2024 14:58:34.187 INFO [main] org.apache.catalina.startup.VersionLoggerListener.log Server version number: 10.1.16.0
08-Jan-2024 14:58:34.187 INFO [main] org.apache.catalina.startup.VersionLoggerListener.log OS Name:               Windows 10
08-Jan-2024 14:58:34.187 INFO [main] org.apache.catalina.startup.VersionLoggerListener.log OS Version:            10.0
08-Jan-2024 14:58:34.187 INFO [main] org.apache.catalina.startup.VersionLoggerListener.log Architecture:          amd64
08-Jan-2024 14:58:34.187 INFO [main] org.apache.catalina.startup.VersionLoggerListener.log Java Home:             C:\Program Files\Java\jdk-17.0.9
08-Jan-2024 14:58:34.187 INFO [main] org.apache.catalina.startup.VersionLoggerListener.log JVM Version:           17.0.9+11-LTS-201
08-Jan-2024 14:58:34.187 INFO [main] org.apache.catalina.startup.VersionLoggerListener.log JVM Vendor:            Oracle Corporation
08-Jan-2024 14:58:34.187 INFO [main] org.apache.catalina.startup.VersionLoggerListener.log CATALINA_BASE:         C:\Program Files\Apache Software Foundation\Tomcat 10.1
08-Jan-2024 14:58:34.187 INFO [main] org.apache.catalina.startup.VersionLoggerListener.log CATALINA_HOME:         C:\Program Files\Apache Software Foundation\Tomcat 10.1
08-Jan-2024 14:58:34.265 INFO [main] org.apache.catalina.startup.VersionLoggerListener.log Command line argument: -Dcatalina.home=C:\Program Files\Apache Software Foundation\Tomcat 10.1
08-Jan-2024 14:58:34.265 INFO [main] org.apache.catalina.startup.VersionLoggerListener.log Command line argument: -Dcatalina.base=C:\Program Files\Apache Software Foundation\Tomcat 10.1
08-Jan-2024 14:58:34.265 INFO [main] org.apache.catalina.startup.VersionLoggerListener.log Command line argument: -Djava.io.tmpdir=C:\Program Files\Apache Software Foundation\Tomcat 10.1\temp
08-Jan-2024 14:58:34.265 INFO [main] org.apache.catalina.startup.VersionLoggerListener.log Command line argument: -Djava.util.logging.manager=org.apache.juli.ClassLoaderLogManager
08-Jan-2024 14:58:34.265 INFO [main] org.apache.catalina.startup.VersionLoggerListener.log Command line argument: -Djava.util.logging.config.file=C:\Program Files\Apache Software Foundation\Tomcat 10.1\conf\logging.properties
08-Jan-2024 14:58:34.265 INFO [main] org.apache.catalina.startup.VersionLoggerListener.log Command line argument: --add-opens=java.base/java.lang=ALL-UNNAMED
08-Jan-2024 14:58:34.265 INFO [main] org.apache.catalina.startup.VersionLoggerListener.log Command line argument: --add-opens=java.base/java.io=ALL-UNNAMED
08-Jan-2024 14:58:34.265 INFO [main] org.apache.catalina.startup.VersionLoggerListener.log Command line argument: --add-opens=java.rmi/sun.rmi.transport=ALL-UNNAMED
08-Jan-2024 14:58:34.265 INFO [main] org.apache.catalina.startup.VersionLoggerListener.log Command line argument: exit
08-Jan-2024 14:58:34.265 INFO [main] org.apache.catalina.startup.VersionLoggerListener.log Command line argument: abort
08-Jan-2024 14:58:34.265 INFO [main] org.apache.catalina.startup.VersionLoggerListener.log Command line argument: -Xms128m
08-Jan-2024 14:58:34.265 INFO [main] org.apache.catalina.startup.VersionLoggerListener.log Command line argument: -Xmx256m
08-Jan-2024 14:58:34.265 INFO [main] org.apache.catalina.core.AprLifecycleListener.lifecycleEvent The Apache Tomcat Native library which allows using OpenSSL was not found on the java.library.path: [C:\Program Files\Apache Software Foundation\Tomcat 10.1\bin;C:\Windows\Sun\Java\bin;C:\Windows\system32;C:\Windows;C:\Program Files\Java\jdk-17.0.9\bin;C:\Windows\system32;C:\Windows;C:\Windows\System32\Wbem;C:\Windows\System32\WindowsPowerShell\v1.0\;C:\Windows\System32\OpenSSH\;C:\Program Files\Java\jdk-17.0.9\bin;C:\Windows\ServiceProfiles\LocalService\AppData\Local\Microsoft\WindowsApps;.]
08-Jan-2024 14:58:35.015 INFO [main] org.apache.coyote.AbstractProtocol.init Initializing ProtocolHandler ["http-nio-8080"]
08-Jan-2024 14:58:35.062 INFO [main] org.apache.catalina.startup.Catalina.load Server initialization in [1208] milliseconds
08-Jan-2024 14:58:35.359 INFO [main] org.apache.catalina.core.StandardService.startInternal Starting service [Catalina]
08-Jan-2024 14:58:35.359 INFO [main] org.apache.catalina.core.StandardEngine.startInternal Starting Servlet engine: [Apache Tomcat/10.1.16]
08-Jan-2024 14:58:35.452 INFO [main] org.apache.catalina.startup.HostConfig.deployWAR Deploying web application archive [C:\Program Files\Apache Software Foundation\Tomcat 10.1\webapps\Wilken.war]
08-Jan-2024 14:58:41.452 WARNING [main] org.apache.catalina.startup.ContextConfig.validateSecurityRoles Security role name [tomcat] used in an <auth-constraint> without being defined in a <security-role>
08-Jan-2024 14:58:41.452 WARNING [main] org.apache.catalina.startup.ContextConfig.validateSecurityRoles Security role name [inhaber] used in an <auth-constraint> without being defined in a <security-role>
08-Jan-2024 14:58:41.452 WARNING [main] org.apache.catalina.startup.ContextConfig.validateSecurityRoles Security role name [mitarbeiter] used in an <auth-constraint> without being defined in a <security-role>
08-Jan-2024 14:58:41.640 INFO [main] org.apache.jasper.servlet.TldScanner.scanJars At least one JAR was scanned for TLDs yet contained no TLDs. Enable debug logging for this logger for a complete list of JARs that were scanned but no TLDs were found in them. Skipping unneeded JARs during scanning can improve startup time and JSP compilation time.
08-Jan-2024 14:58:41.781 WARNING [main] org.apache.catalina.util.SessionIdGeneratorBase.createSecureRandom Creation of SecureRandom instance for session ID generation using [SHA1PRNG] took [110] milliseconds.
08-Jan-2024 14:58:41.833 INFO [main] org.apache.catalina.startup.HostConfig.deployWAR Deployment of web application archive [C:\Program Files\Apache Software Foundation\Tomcat 10.1\webapps\Wilken.war] has finished in [6,380] ms
08-Jan-2024 14:58:41.833 INFO [main] org.apache.catalina.startup.HostConfig.deployDirectory Deploying web application directory [C:\Program Files\Apache Software Foundation\Tomcat 10.1\webapps\docs]
08-Jan-2024 14:58:41.890 WARNING [main] org.apache.catalina.startup.ContextConfig.validateSecurityRoles Security role name [tomcat] used in an <auth-constraint> without being defined in a <security-role>
08-Jan-2024 14:58:41.890 WARNING [main] org.apache.catalina.startup.ContextConfig.validateSecurityRoles Security role name [inhaber] used in an <auth-constraint> without being defined in a <security-role>
08-Jan-2024 14:58:41.890 WARNING [main] org.apache.catalina.startup.ContextConfig.validateSecurityRoles Security role name [mitarbeiter] used in an <auth-constraint> without being defined in a <security-role>
08-Jan-2024 14:58:41.921 INFO [main] org.apache.catalina.startup.HostConfig.deployDirectory Deployment of web application directory [C:\Program Files\Apache Software Foundation\Tomcat 10.1\webapps\docs] has finished in [88] ms
08-Jan-2024 14:58:41.921 INFO [main] org.apache.catalina.startup.HostConfig.deployDirectory Deploying web application directory [C:\Program Files\Apache Software Foundation\Tomcat 10.1\webapps\examples]
08-Jan-2024 14:58:43.781 WARNING [main] org.apache.catalina.startup.ContextConfig.validateSecurityRoles Security role name [inhaber] used in an <auth-constraint> without being defined in a <security-role>
08-Jan-2024 14:58:43.781 WARNING [main] org.apache.catalina.startup.ContextConfig.validateSecurityRoles Security role name [mitarbeiter] used in an <auth-constraint> without being defined in a <security-role>
08-Jan-2024 14:58:44.640 INFO [main] org.apache.catalina.startup.HostConfig.deployDirectory Deployment of web application directory [C:\Program Files\Apache Software Foundation\Tomcat 10.1\webapps\examples] has finished in [2,719] ms
08-Jan-2024 14:58:44.640 INFO [main] org.apache.catalina.startup.HostConfig.deployDirectory Deploying web application directory [C:\Program Files\Apache Software Foundation\Tomcat 10.1\webapps\host-manager]
08-Jan-2024 14:58:44.687 WARNING [main] org.apache.catalina.startup.ContextConfig.validateSecurityRoles Security role name [tomcat] used in an <auth-constraint> without being defined in a <security-role>
08-Jan-2024 14:58:44.687 WARNING [main] org.apache.catalina.startup.ContextConfig.validateSecurityRoles Security role name [inhaber] used in an <auth-constraint> without being defined in a <security-role>
08-Jan-2024 14:58:44.687 WARNING [main] org.apache.catalina.startup.ContextConfig.validateSecurityRoles Security role name [mitarbeiter] used in an <auth-constraint> without being defined in a <security-role>
08-Jan-2024 14:58:44.718 INFO [main] org.apache.catalina.startup.HostConfig.deployDirectory Deployment of web application directory [C:\Program Files\Apache Software Foundation\Tomcat 10.1\webapps\host-manager] has finished in [78] ms
08-Jan-2024 14:58:44.718 INFO [main] org.apache.catalina.startup.HostConfig.deployDirectory Deploying web application directory [C:\Program Files\Apache Software Foundation\Tomcat 10.1\webapps\manager]
08-Jan-2024 14:58:44.781 WARNING [main] org.apache.catalina.startup.ContextConfig.validateSecurityRoles Security role name [tomcat] used in an <auth-constraint> without being defined in a <security-role>
08-Jan-2024 14:58:44.781 WARNING [main] org.apache.catalina.startup.ContextConfig.validateSecurityRoles Security role name [inhaber] used in an <auth-constraint> without being defined in a <security-role>
08-Jan-2024 14:58:44.781 WARNING [main] org.apache.catalina.startup.ContextConfig.validateSecurityRoles Security role name [mitarbeiter] used in an <auth-constraint> without being defined in a <security-role>
08-Jan-2024 14:58:44.796 INFO [main] org.apache.catalina.startup.HostConfig.deployDirectory Deployment of web application directory [C:\Program Files\Apache Software Foundation\Tomcat 10.1\webapps\manager] has finished in [78] ms
08-Jan-2024 14:58:44.796 INFO [main] org.apache.catalina.startup.HostConfig.deployDirectory Deploying web application directory [C:\Program Files\Apache Software Foundation\Tomcat 10.1\webapps\ROOT]
08-Jan-2024 14:58:46.281 WARNING [main] org.apache.catalina.startup.ContextConfig.validateSecurityRoles Security role name [tomcat] used in an <auth-constraint> without being defined in a <security-role>
08-Jan-2024 14:58:46.281 WARNING [main] org.apache.catalina.startup.ContextConfig.validateSecurityRoles Security role name [inhaber] used in an <auth-constraint> without being defined in a <security-role>
08-Jan-2024 14:58:46.281 WARNING [main] org.apache.catalina.startup.ContextConfig.validateSecurityRoles Security role name [mitarbeiter] used in an <auth-constraint> without being defined in a <security-role>
08-Jan-2024 14:58:46.328 INFO [main] org.apache.jasper.servlet.TldScanner.scanJars At least one JAR was scanned for TLDs yet contained no TLDs. Enable debug logging for this logger for a complete list of JARs that were scanned but no TLDs were found in them. Skipping unneeded JARs during scanning can improve startup time and JSP compilation time.
08-Jan-2024 14:58:46.343 INFO [main] org.apache.catalina.startup.HostConfig.deployDirectory Deployment of web application directory [C:\Program Files\Apache Software Foundation\Tomcat 10.1\webapps\ROOT] has finished in [1,547] ms
08-Jan-2024 14:58:46.390 INFO [main] org.apache.coyote.AbstractProtocol.start Starting ProtocolHandler ["http-nio-8080"]
08-Jan-2024 14:58:46.750 INFO [main] org.apache.catalina.startup.Catalina.start Server startup in [11684] milliseconds
08-Jan-2024 15:59:26.292 INFO [Thread-2] org.apache.coyote.AbstractProtocol.pause Pausing ProtocolHandler ["http-nio-8080"]
08-Jan-2024 15:59:26.292 INFO [Thread-2] org.apache.catalina.core.StandardService.stopInternal Stopping service [Catalina]
08-Jan-2024 15:59:26.317 WARNING [Thread-2] org.apache.catalina.loader.WebappClassLoaderBase.clearReferencesThreads The web application [ROOT] appears to have started a thread named [mysql-cj-abandoned-connection-cleanup] but has failed to stop it. This is very likely to create a memory leak. Stack trace of thread:
 java.base@17.0.9/java.lang.Object.wait(Native Method)
 java.base@17.0.9/java.lang.ref.ReferenceQueue.remove(ReferenceQueue.java:155)
 com.mysql.cj.jdbc.AbandonedConnectionCleanupThread.run(AbandonedConnectionCleanupThread.java:91)
 java.base@17.0.9/java.util.concurrent.ThreadPoolExecutor.runWorker(ThreadPoolExecutor.java:1136)
 java.base@17.0.9/java.util.concurrent.ThreadPoolExecutor$Worker.run(ThreadPoolExecutor.java:635)
 java.base@17.0.9/java.lang.Thread.run(Thread.java:842)
08-Jan-2024 15:59:26.371 WARNING [Thread-2] org.apache.catalina.loader.WebappClassLoaderBase.clearReferencesJdbc The web application [Wilken] registered the JDBC driver [com.mysql.cj.jdbc.Driver] but failed to unregister it when the web application was stopped. To prevent a memory leak, the JDBC Driver has been forcibly unregistered.
08-Jan-2024 15:59:26.371 WARNING [Thread-2] org.apache.catalina.loader.WebappClassLoaderBase.clearReferencesThreads The web application [Wilken] appears to have started a thread named [mysql-cj-abandoned-connection-cleanup] but has failed to stop it. This is very likely to create a memory leak. Stack trace of thread:
 java.base@17.0.9/java.lang.Object.wait(Native Method)
 java.base@17.0.9/java.lang.ref.ReferenceQueue.remove(ReferenceQueue.java:155)
 com.mysql.cj.jdbc.AbandonedConnectionCleanupThread.run(AbandonedConnectionCleanupThread.java:91)
 java.base@17.0.9/java.util.concurrent.ThreadPoolExecutor.runWorker(ThreadPoolExecutor.java:1136)
 java.base@17.0.9/java.util.concurrent.ThreadPoolExecutor$Worker.run(ThreadPoolExecutor.java:635)
 java.base@17.0.9/java.lang.Thread.run(Thread.java:842)
08-Jan-2024 15:59:26.371 INFO [Thread-2] org.apache.coyote.AbstractProtocol.stop Stopping ProtocolHandler ["http-nio-8080"]
08-Jan-2024 15:59:26.387 INFO [Thread-2] org.apache.coyote.AbstractProtocol.destroy Destroying ProtocolHandler ["http-nio-8080"]
08-Jan-2024 15:59:26.730 INFO [mysql-cj-abandoned-connection-cleanup] org.apache.catalina.loader.WebappClassLoaderBase.checkStateForResourceLoading Illegal access: this web application instance has been stopped already. Could not load []. The following stack trace is thrown for debugging purposes as well as to attempt to terminate the thread which caused the illegal access.
	java.lang.IllegalStateException: Illegal access: this web application instance has been stopped already. Could not load []. The following stack trace is thrown for debugging purposes as well as to attempt to terminate the thread which caused the illegal access.
		at org.apache.catalina.loader.WebappClassLoaderBase.checkStateForResourceLoading(WebappClassLoaderBase.java:1373)
		at org.apache.catalina.loader.WebappClassLoaderBase.getResource(WebappClassLoaderBase.java:971)
		at com.mysql.cj.jdbc.AbandonedConnectionCleanupThread.checkThreadContextClassLoader(AbandonedConnectionCleanupThread.java:123)
		at com.mysql.cj.jdbc.AbandonedConnectionCleanupThread.run(AbandonedConnectionCleanupThread.java:90)
		at java.base/java.util.concurrent.ThreadPoolExecutor.runWorker(ThreadPoolExecutor.java:1136)
		at java.base/java.util.concurrent.ThreadPoolExecutor$Worker.run(ThreadPoolExecutor.java:635)
		at java.base/java.lang.Thread.run(Thread.java:842)
