[2024-01-02 10:40:59] [info]  [18228] Apache Commons Daemon procrun (1.3.4.0 64-bit) started.
[2024-01-02 10:40:59] [info]  [18228] Running Service 'Tomcat10'...
[2024-01-02 10:40:59] [info]  [15236] Starting service...
[2024-01-02 10:41:01] [info]  [15236] Service started in 1812 milliseconds.
[2024-01-02 10:42:57] [info]  [18228] Service SERVICE_CONTROL_STOP signalled.
[2024-01-02 10:42:57] [info]  [11480] Stopping service...
[2024-01-02 10:42:58] [info]  [11480] Service stop thread completed.
[2024-01-02 10:42:58] [info]  [18228] Run service finished.
[2024-01-02 10:42:58] [info]  [18228] Apache Commons Daemon procrun finished.
[2024-01-02 13:27:05] [info]  [23308] Apache Commons Daemon procrun (1.3.4.0 64-bit) started.
[2024-01-02 13:27:05] [info]  [23308] Running Service 'Tomcat10'...
[2024-01-02 13:27:05] [info]  [23820] Starting service...
[2024-01-02 13:27:06] [info]  [23820] Service started in 1281 milliseconds.
[2024-01-02 14:21:10] [info]  [23308] Service SERVICE_CONTROL_STOP signalled.
[2024-01-02 14:21:10] [info]  [22560] Stopping service...
[2024-01-02 14:21:11] [info]  [22560] Service stop thread completed.
[2024-01-02 14:21:11] [info]  [23308] Run service finished.
[2024-01-02 14:21:11] [info]  [23308] Apache Commons Daemon procrun finished.
[2024-01-02 14:21:42] [info]  [20388] Apache Commons Daemon procrun (1.3.4.0 64-bit) started.
[2024-01-02 14:21:42] [info]  [20388] Running Service 'Tomcat10'...
[2024-01-02 14:21:42] [info]  [16788] Starting service...
[2024-01-02 14:21:43] [info]  [16788] Service started in 1192 milliseconds.
[2024-01-02 14:28:06] [info]  [20388] Service SERVICE_CONTROL_STOP signalled.
[2024-01-02 14:28:06] [info]  [21968] Stopping service...
[2024-01-02 14:28:07] [info]  [21968] Service stop thread completed.
[2024-01-02 14:28:07] [info]  [20388] Run service finished.
[2024-01-02 14:28:07] [info]  [20388] Apache Commons Daemon procrun finished.
[2024-01-02 14:28:16] [info]  [11072] Apache Commons Daemon procrun (1.3.4.0 64-bit) started.
[2024-01-02 14:28:16] [info]  [11072] Running Service 'Tomcat10'...
[2024-01-02 14:28:16] [info]  [20768] Starting service...
[2024-01-02 14:28:17] [info]  [20768] Service started in 1202 milliseconds.
[2024-01-02 14:28:33] [info]  [11072] Service SERVICE_CONTROL_STOP signalled.
[2024-01-02 14:28:33] [info]  [24440] Stopping service...
[2024-01-02 14:28:34] [info]  [24440] Service stop thread completed.
[2024-01-02 14:28:34] [info]  [11072] Run service finished.
[2024-01-02 14:28:34] [info]  [11072] Apache Commons Daemon procrun finished.
[2024-01-02 14:28:43] [info]  [20388] Apache Commons Daemon procrun (1.3.4.0 64-bit) started.
[2024-01-02 14:28:43] [info]  [20388] Running Service 'Tomcat10'...
[2024-01-02 14:28:43] [info]  [23108] Starting service...
[2024-01-02 14:28:44] [info]  [23108] Service started in 1181 milliseconds.
[2024-01-02 14:47:59] [info]  [20388] Service SERVICE_CONTROL_STOP signalled.
[2024-01-02 14:47:59] [info]  [18880] Stopping service...
[2024-01-02 14:48:00] [info]  [18880] Service stop thread completed.
[2024-01-02 14:48:00] [info]  [20388] Run service finished.
[2024-01-02 14:48:00] [info]  [20388] Apache Commons Daemon procrun finished.
[2024-01-02 16:52:05] [info]  [23692] Apache Commons Daemon procrun (1.3.4.0 64-bit) started.
[2024-01-02 16:52:05] [info]  [23692] Running Service 'Tomcat10'...
[2024-01-02 16:52:05] [info]  [19676] Starting service...
[2024-01-02 16:52:06] [info]  [19676] Service started in 1226 milliseconds.
[2024-01-02 16:59:40] [info]  [23692] Service SERVICE_CONTROL_STOP signalled.
[2024-01-02 16:59:40] [info]  [20340] Stopping service...
[2024-01-02 16:59:41] [info]  [20340] Service stop thread completed.
[2024-01-02 16:59:41] [info]  [23692] Run service finished.
[2024-01-02 16:59:41] [info]  [23692] Apache Commons Daemon procrun finished.
[2024-01-02 17:07:54] [info]  [21284] Apache Commons Daemon procrun (1.3.4.0 64-bit) started.
[2024-01-02 17:07:54] [info]  [21284] Running Service 'Tomcat10'...
[2024-01-02 17:07:54] [info]  [ 8536] Starting service...
[2024-01-02 17:07:55] [info]  [ 8536] Service started in 1190 milliseconds.
[2024-01-02 17:08:28] [info]  [21284] Service SERVICE_CONTROL_STOP signalled.
[2024-01-02 17:08:28] [info]  [21064] Stopping service...
[2024-01-02 17:08:29] [info]  [21064] Service stop thread completed.
[2024-01-02 17:08:29] [info]  [21284] Run service finished.
[2024-01-02 17:08:29] [info]  [21284] Apache Commons Daemon procrun finished.
