[2023-12-29 11:18:00] [info]  [11988] Apache Commons Daemon procrun (1.3.4.0 64-bit) started.
[2023-12-29 11:18:00] [info]  [11988] Running Service 'Tomcat10'...
[2023-12-29 11:18:00] [info]  [ 8428] Starting service...
[2023-12-29 11:18:01] [info]  [ 8428] Service started in 1534 milliseconds.
[2023-12-29 11:19:31] [info]  [11988] Service SERVICE_CONTROL_STOP signalled.
[2023-12-29 11:19:31] [info]  [13356] Stopping service...
[2023-12-29 11:19:32] [info]  [13356] Service stop thread completed.
[2023-12-29 11:19:32] [info]  [11988] Run service finished.
[2023-12-29 11:19:32] [info]  [11988] Apache Commons Daemon procrun finished.
[2023-12-29 11:24:24] [info]  [ 9772] Apache Commons Daemon procrun (1.3.4.0 64-bit) started.
[2023-12-29 11:24:25] [info]  [ 9772] Running Service 'Tomcat10'...
[2023-12-29 11:24:25] [info]  [17768] Starting service...
[2023-12-29 11:24:26] [info]  [17768] Service started in 1175 milliseconds.
[2023-12-29 11:25:16] [info]  [ 9772] Service SERVICE_CONTROL_STOP signalled.
[2023-12-29 11:25:16] [info]  [13132] Stopping service...
[2023-12-29 11:25:17] [info]  [13132] Service stop thread completed.
[2023-12-29 11:25:17] [info]  [ 9772] Run service finished.
[2023-12-29 11:25:17] [info]  [ 9772] Apache Commons Daemon procrun finished.
[2023-12-29 11:31:39] [info]  [13220] Apache Commons Daemon procrun (1.3.4.0 64-bit) started.
[2023-12-29 11:31:39] [info]  [13220] Running Service 'Tomcat10'...
[2023-12-29 11:31:39] [info]  [11016] Starting service...
[2023-12-29 11:31:40] [info]  [11016] Service started in 1199 milliseconds.
[2023-12-29 11:34:10] [info]  [13220] Service SERVICE_CONTROL_STOP signalled.
[2023-12-29 11:34:10] [info]  [11256] Stopping service...
[2023-12-29 11:34:11] [info]  [11256] Service stop thread completed.
[2023-12-29 11:34:11] [info]  [13220] Run service finished.
[2023-12-29 11:34:11] [info]  [13220] Apache Commons Daemon procrun finished.
[2023-12-29 11:38:30] [info]  [ 2056] Apache Commons Daemon procrun (1.3.4.0 64-bit) started.
[2023-12-29 11:38:30] [info]  [ 2056] Running Service 'Tomcat10'...
[2023-12-29 11:38:30] [info]  [18272] Starting service...
[2023-12-29 11:38:31] [info]  [18272] Service started in 1191 milliseconds.
[2023-12-29 11:39:32] [info]  [ 2056] Service SERVICE_CONTROL_STOP signalled.
[2023-12-29 11:39:32] [info]  [13356] Stopping service...
[2023-12-29 11:39:41] [info]  [13356] Service stop thread completed.
[2023-12-29 11:39:41] [info]  [ 2056] Run service finished.
[2023-12-29 11:39:41] [info]  [ 2056] Apache Commons Daemon procrun finished.
[2023-12-29 11:39:46] [info]  [ 7640] Apache Commons Daemon procrun (1.3.4.0 64-bit) started.
[2023-12-29 11:39:46] [info]  [ 7640] Running Service 'Tomcat10'...
[2023-12-29 11:39:46] [info]  [13708] Starting service...
[2023-12-29 11:39:47] [info]  [13708] Service started in 1191 milliseconds.
[2023-12-29 11:40:18] [info]  [ 7640] Service SERVICE_CONTROL_STOP signalled.
[2023-12-29 11:40:18] [info]  [16288] Stopping service...
[2023-12-29 11:40:19] [info]  [16288] Service stop thread completed.
[2023-12-29 11:40:19] [info]  [ 7640] Run service finished.
[2023-12-29 11:40:19] [info]  [ 7640] Apache Commons Daemon procrun finished.
[2023-12-29 11:43:24] [info]  [17404] Apache Commons Daemon procrun (1.3.4.0 64-bit) started.
[2023-12-29 11:43:24] [info]  [17404] Running Service 'Tomcat10'...
[2023-12-29 11:43:24] [info]  [10492] Starting service...
[2023-12-29 11:43:25] [info]  [10492] Service started in 1184 milliseconds.
[2023-12-29 11:44:17] [info]  [17404] Service SERVICE_CONTROL_STOP signalled.
[2023-12-29 11:44:17] [info]  [ 2640] Stopping service...
[2023-12-29 11:44:18] [info]  [ 2640] Service stop thread completed.
[2023-12-29 11:44:18] [info]  [17404] Run service finished.
[2023-12-29 11:44:18] [info]  [17404] Apache Commons Daemon procrun finished.
[2023-12-29 11:45:44] [info]  [ 3744] Apache Commons Daemon procrun (1.3.4.0 64-bit) started.
[2023-12-29 11:45:44] [info]  [ 3744] Running Service 'Tomcat10'...
[2023-12-29 11:45:44] [info]  [12028] Starting service...
[2023-12-29 11:45:45] [info]  [12028] Service started in 1180 milliseconds.
[2023-12-29 11:46:27] [info]  [ 3744] Service SERVICE_CONTROL_STOP signalled.
[2023-12-29 11:46:27] [info]  [ 8796] Stopping service...
[2023-12-29 11:46:28] [info]  [ 8796] Service stop thread completed.
[2023-12-29 11:46:28] [info]  [ 3744] Run service finished.
[2023-12-29 11:46:28] [info]  [ 3744] Apache Commons Daemon procrun finished.
[2023-12-29 11:50:03] [info]  [10568] Apache Commons Daemon procrun (1.3.4.0 64-bit) started.
[2023-12-29 11:50:03] [info]  [10568] Running Service 'Tomcat10'...
[2023-12-29 11:50:03] [info]  [16452] Starting service...
[2023-12-29 11:50:04] [info]  [16452] Service started in 1196 milliseconds.
[2023-12-29 11:50:37] [info]  [10568] Service SERVICE_CONTROL_STOP signalled.
[2023-12-29 11:50:37] [info]  [ 9356] Stopping service...
[2023-12-29 11:50:38] [info]  [ 9356] Service stop thread completed.
[2023-12-29 11:50:38] [info]  [10568] Run service finished.
[2023-12-29 11:50:38] [info]  [10568] Apache Commons Daemon procrun finished.
[2023-12-29 11:55:15] [info]  [11212] Apache Commons Daemon procrun (1.3.4.0 64-bit) started.
[2023-12-29 11:55:15] [info]  [11212] Running Service 'Tomcat10'...
[2023-12-29 11:55:15] [info]  [ 3456] Starting service...
[2023-12-29 11:55:16] [info]  [ 3456] Service started in 1193 milliseconds.
[2023-12-29 11:55:48] [info]  [11212] Service SERVICE_CONTROL_STOP signalled.
[2023-12-29 11:55:48] [info]  [10056] Stopping service...
[2023-12-29 11:55:49] [info]  [10056] Service stop thread completed.
[2023-12-29 11:55:49] [info]  [11212] Run service finished.
[2023-12-29 11:55:49] [info]  [11212] Apache Commons Daemon procrun finished.
[2023-12-29 11:58:16] [info]  [17296] Apache Commons Daemon procrun (1.3.4.0 64-bit) started.
[2023-12-29 11:58:16] [info]  [17296] Running Service 'Tomcat10'...
[2023-12-29 11:58:16] [info]  [14184] Starting service...
[2023-12-29 11:58:17] [info]  [14184] Service started in 1178 milliseconds.
[2023-12-29 11:58:44] [info]  [17296] Service SERVICE_CONTROL_STOP signalled.
[2023-12-29 11:58:44] [info]  [ 7328] Stopping service...
[2023-12-29 11:58:45] [info]  [ 7328] Service stop thread completed.
[2023-12-29 11:58:45] [info]  [17296] Run service finished.
[2023-12-29 11:58:45] [info]  [17296] Apache Commons Daemon procrun finished.
[2023-12-29 12:01:16] [info]  [17144] Apache Commons Daemon procrun (1.3.4.0 64-bit) started.
[2023-12-29 12:01:16] [info]  [17144] Running Service 'Tomcat10'...
[2023-12-29 12:01:16] [info]  [16928] Starting service...
[2023-12-29 12:01:17] [info]  [16928] Service started in 1192 milliseconds.
[2023-12-29 12:01:44] [info]  [17144] Service SERVICE_CONTROL_STOP signalled.
[2023-12-29 12:01:44] [info]  [17504] Stopping service...
[2023-12-29 12:01:45] [info]  [17504] Service stop thread completed.
[2023-12-29 12:01:45] [info]  [17144] Run service finished.
[2023-12-29 12:01:45] [info]  [17144] Apache Commons Daemon procrun finished.
[2023-12-29 12:03:13] [info]  [16148] Apache Commons Daemon procrun (1.3.4.0 64-bit) started.
[2023-12-29 12:03:13] [info]  [16148] Running Service 'Tomcat10'...
[2023-12-29 12:03:13] [info]  [14332] Starting service...
[2023-12-29 12:03:14] [info]  [14332] Service started in 1249 milliseconds.
[2023-12-29 12:03:47] [info]  [16148] Service SERVICE_CONTROL_STOP signalled.
[2023-12-29 12:03:47] [info]  [17548] Stopping service...
[2023-12-29 12:03:48] [info]  [17548] Service stop thread completed.
[2023-12-29 12:03:48] [info]  [16148] Run service finished.
[2023-12-29 12:03:48] [info]  [16148] Apache Commons Daemon procrun finished.
[2023-12-29 12:06:01] [info]  [17196] Apache Commons Daemon procrun (1.3.4.0 64-bit) started.
[2023-12-29 12:06:01] [info]  [17196] Running Service 'Tomcat10'...
[2023-12-29 12:06:01] [info]  [18408] Starting service...
[2023-12-29 12:06:02] [info]  [18408] Service started in 1176 milliseconds.
[2023-12-29 12:06:27] [info]  [17196] Service SERVICE_CONTROL_STOP signalled.
[2023-12-29 12:06:27] [info]  [17452] Stopping service...
[2023-12-29 12:06:28] [info]  [17452] Service stop thread completed.
[2023-12-29 12:06:28] [info]  [17196] Run service finished.
[2023-12-29 12:06:28] [info]  [17196] Apache Commons Daemon procrun finished.
[2023-12-29 12:07:37] [info]  [17648] Apache Commons Daemon procrun (1.3.4.0 64-bit) started.
[2023-12-29 12:07:37] [info]  [17648] Running Service 'Tomcat10'...
[2023-12-29 12:07:37] [info]  [ 9144] Starting service...
[2023-12-29 12:07:39] [info]  [ 9144] Service started in 1189 milliseconds.
[2023-12-29 12:07:56] [info]  [17648] Service SERVICE_CONTROL_STOP signalled.
[2023-12-29 12:07:56] [info]  [17632] Stopping service...
[2023-12-29 12:07:57] [info]  [17632] Service stop thread completed.
[2023-12-29 12:07:57] [info]  [17648] Run service finished.
[2023-12-29 12:07:57] [info]  [17648] Apache Commons Daemon procrun finished.
[2023-12-29 12:08:06] [info]  [ 3440] Apache Commons Daemon procrun (1.3.4.0 64-bit) started.
[2023-12-29 12:08:06] [info]  [ 3440] Running Service 'Tomcat10'...
[2023-12-29 12:08:06] [info]  [ 6984] Starting service...
[2023-12-29 12:08:07] [info]  [ 6984] Service started in 1185 milliseconds.
[2023-12-29 12:08:54] [info]  [ 3440] Service SERVICE_CONTROL_STOP signalled.
[2023-12-29 12:08:54] [info]  [ 9144] Stopping service...
[2023-12-29 12:08:55] [info]  [ 9144] Service stop thread completed.
[2023-12-29 12:08:55] [info]  [ 3440] Run service finished.
[2023-12-29 12:08:55] [info]  [ 3440] Apache Commons Daemon procrun finished.
[2023-12-29 12:09:53] [info]  [ 1524] Apache Commons Daemon procrun (1.3.4.0 64-bit) started.
[2023-12-29 12:09:53] [info]  [ 1524] Running Service 'Tomcat10'...
[2023-12-29 12:09:53] [info]  [ 2640] Starting service...
[2023-12-29 12:09:54] [info]  [ 2640] Service started in 1178 milliseconds.
[2023-12-29 12:10:29] [info]  [ 1524] Service SERVICE_CONTROL_STOP signalled.
[2023-12-29 12:10:29] [info]  [15272] Stopping service...
[2023-12-29 12:10:30] [info]  [15272] Service stop thread completed.
[2023-12-29 12:10:30] [info]  [ 1524] Run service finished.
[2023-12-29 12:10:30] [info]  [ 1524] Apache Commons Daemon procrun finished.
[2023-12-29 12:11:15] [info]  [11336] Apache Commons Daemon procrun (1.3.4.0 64-bit) started.
[2023-12-29 12:11:16] [info]  [11336] Running Service 'Tomcat10'...
[2023-12-29 12:11:16] [info]  [ 8736] Starting service...
[2023-12-29 12:11:17] [info]  [ 8736] Service started in 1197 milliseconds.
[2023-12-29 12:12:08] [info]  [11336] Service SERVICE_CONTROL_STOP signalled.
[2023-12-29 12:12:08] [info]  [ 5756] Stopping service...
[2023-12-29 12:12:09] [info]  [ 5756] Service stop thread completed.
[2023-12-29 12:12:09] [info]  [11336] Run service finished.
[2023-12-29 12:12:09] [info]  [11336] Apache Commons Daemon procrun finished.
[2023-12-29 12:16:16] [info]  [16208] Apache Commons Daemon procrun (1.3.4.0 64-bit) started.
[2023-12-29 12:16:16] [info]  [16208] Running Service 'Tomcat10'...
[2023-12-29 12:16:16] [info]  [17948] Starting service...
[2023-12-29 12:16:17] [info]  [17948] Service started in 1201 milliseconds.
[2023-12-29 12:16:43] [info]  [16208] Service SERVICE_CONTROL_STOP signalled.
[2023-12-29 12:16:44] [info]  [16656] Stopping service...
[2023-12-29 12:16:45] [info]  [16656] Service stop thread completed.
[2023-12-29 12:16:45] [info]  [16208] Run service finished.
[2023-12-29 12:16:45] [info]  [16208] Apache Commons Daemon procrun finished.
[2023-12-29 12:17:39] [info]  [10964] Apache Commons Daemon procrun (1.3.4.0 64-bit) started.
[2023-12-29 12:17:39] [info]  [10964] Running Service 'Tomcat10'...
[2023-12-29 12:17:39] [info]  [ 5172] Starting service...
[2023-12-29 12:17:41] [info]  [ 5172] Service started in 1180 milliseconds.
[2023-12-29 12:18:08] [info]  [10964] Service SERVICE_CONTROL_STOP signalled.
[2023-12-29 12:18:08] [info]  [11480] Stopping service...
[2023-12-29 12:18:09] [info]  [11480] Service stop thread completed.
[2023-12-29 12:18:09] [info]  [10964] Run service finished.
[2023-12-29 12:18:09] [info]  [10964] Apache Commons Daemon procrun finished.
[2023-12-29 12:18:50] [info]  [16972] Apache Commons Daemon procrun (1.3.4.0 64-bit) started.
[2023-12-29 12:18:50] [info]  [16972] Running Service 'Tomcat10'...
[2023-12-29 12:18:50] [info]  [15900] Starting service...
[2023-12-29 12:18:51] [info]  [15900] Service started in 1179 milliseconds.
[2023-12-29 12:19:22] [info]  [16972] Service SERVICE_CONTROL_STOP signalled.
[2023-12-29 12:19:22] [info]  [ 8824] Stopping service...
[2023-12-29 12:19:23] [info]  [ 8824] Service stop thread completed.
[2023-12-29 12:19:23] [info]  [16972] Run service finished.
[2023-12-29 12:19:23] [info]  [16972] Apache Commons Daemon procrun finished.
[2023-12-29 12:31:27] [info]  [16816] Apache Commons Daemon procrun (1.3.4.0 64-bit) started.
[2023-12-29 12:31:27] [info]  [16816] Running Service 'Tomcat10'...
[2023-12-29 12:31:27] [info]  [ 6904] Starting service...
[2023-12-29 12:31:29] [info]  [ 6904] Service started in 1178 milliseconds.
[2023-12-29 12:32:12] [info]  [16816] Service SERVICE_CONTROL_STOP signalled.
[2023-12-29 12:32:12] [info]  [17080] Stopping service...
[2023-12-29 12:32:13] [info]  [17080] Service stop thread completed.
[2023-12-29 12:32:13] [info]  [16816] Run service finished.
[2023-12-29 12:32:13] [info]  [16816] Apache Commons Daemon procrun finished.
[2023-12-29 12:32:44] [info]  [ 2892] Apache Commons Daemon procrun (1.3.4.0 64-bit) started.
[2023-12-29 12:32:44] [info]  [ 2892] Running Service 'Tomcat10'...
[2023-12-29 12:32:44] [info]  [ 9556] Starting service...
[2023-12-29 12:32:45] [info]  [ 9556] Service started in 1187 milliseconds.
[2023-12-29 12:48:05] [info]  [ 2892] Service SERVICE_CONTROL_STOP signalled.
[2023-12-29 12:48:05] [info]  [17328] Stopping service...
[2023-12-29 12:48:06] [info]  [17328] Service stop thread completed.
[2023-12-29 12:48:06] [info]  [ 2892] Run service finished.
[2023-12-29 12:48:06] [info]  [ 2892] Apache Commons Daemon procrun finished.
[2023-12-29 12:48:14] [info]  [ 2760] Apache Commons Daemon procrun (1.3.4.0 64-bit) started.
[2023-12-29 12:48:14] [info]  [ 2760] Running Service 'Tomcat10'...
[2023-12-29 12:48:14] [info]  [ 9792] Starting service...
[2023-12-29 12:48:15] [info]  [ 9792] Service started in 1215 milliseconds.
[2023-12-29 12:49:07] [info]  [ 2760] Service SERVICE_CONTROL_STOP signalled.
[2023-12-29 12:49:07] [info]  [ 9824] Stopping service...
[2023-12-29 12:49:08] [info]  [ 9824] Service stop thread completed.
[2023-12-29 12:49:08] [info]  [ 2760] Run service finished.
[2023-12-29 12:49:08] [info]  [ 2760] Apache Commons Daemon procrun finished.
[2023-12-29 12:50:21] [info]  [13848] Apache Commons Daemon procrun (1.3.4.0 64-bit) started.
[2023-12-29 12:50:21] [info]  [13848] Running Service 'Tomcat10'...
[2023-12-29 12:50:21] [info]  [15928] Starting service...
[2023-12-29 12:50:22] [info]  [15928] Service started in 1193 milliseconds.
[2023-12-29 12:50:53] [info]  [13848] Service SERVICE_CONTROL_STOP signalled.
[2023-12-29 12:50:53] [info]  [15464] Stopping service...
[2023-12-29 12:50:54] [info]  [15464] Service stop thread completed.
[2023-12-29 12:50:54] [info]  [13848] Run service finished.
[2023-12-29 12:50:54] [info]  [13848] Apache Commons Daemon procrun finished.
[2023-12-29 12:51:37] [info]  [17712] Apache Commons Daemon procrun (1.3.4.0 64-bit) started.
[2023-12-29 12:51:37] [info]  [17712] Running Service 'Tomcat10'...
[2023-12-29 12:51:37] [info]  [13396] Starting service...
[2023-12-29 12:51:38] [info]  [13396] Service started in 1190 milliseconds.
[2023-12-29 12:52:08] [info]  [17712] Service SERVICE_CONTROL_STOP signalled.
[2023-12-29 12:52:08] [info]  [ 4600] Stopping service...
[2023-12-29 12:52:09] [info]  [ 4600] Service stop thread completed.
[2023-12-29 12:52:09] [info]  [17712] Run service finished.
[2023-12-29 12:52:09] [info]  [17712] Apache Commons Daemon procrun finished.
[2023-12-29 12:58:24] [info]  [ 6968] Apache Commons Daemon procrun (1.3.4.0 64-bit) started.
[2023-12-29 12:58:24] [info]  [ 6968] Running Service 'Tomcat10'...
[2023-12-29 12:58:24] [info]  [12888] Starting service...
[2023-12-29 12:58:26] [info]  [12888] Service started in 1178 milliseconds.
[2023-12-29 12:59:35] [info]  [ 6968] Service SERVICE_CONTROL_STOP signalled.
[2023-12-29 12:59:35] [info]  [17988] Stopping service...
[2023-12-29 12:59:36] [info]  [17988] Service stop thread completed.
[2023-12-29 12:59:36] [info]  [ 6968] Run service finished.
[2023-12-29 12:59:36] [info]  [ 6968] Apache Commons Daemon procrun finished.
[2023-12-29 13:00:01] [info]  [13980] Apache Commons Daemon procrun (1.3.4.0 64-bit) started.
[2023-12-29 13:00:01] [info]  [13980] Running Service 'Tomcat10'...
[2023-12-29 13:00:01] [info]  [17236] Starting service...
[2023-12-29 13:00:02] [info]  [17236] Service started in 1188 milliseconds.
[2023-12-29 13:00:34] [info]  [13980] Service SERVICE_CONTROL_STOP signalled.
[2023-12-29 13:00:34] [info]  [18276] Stopping service...
[2023-12-29 13:00:35] [info]  [18276] Service stop thread completed.
[2023-12-29 13:00:35] [info]  [13980] Run service finished.
[2023-12-29 13:00:35] [info]  [13980] Apache Commons Daemon procrun finished.
[2023-12-29 13:01:20] [info]  [14360] Apache Commons Daemon procrun (1.3.4.0 64-bit) started.
[2023-12-29 13:01:21] [info]  [14360] Running Service 'Tomcat10'...
[2023-12-29 13:01:21] [info]  [ 6096] Starting service...
[2023-12-29 13:01:22] [info]  [ 6096] Service started in 1186 milliseconds.
[2023-12-29 13:01:53] [info]  [14360] Service SERVICE_CONTROL_STOP signalled.
[2023-12-29 13:01:53] [info]  [ 9244] Stopping service...
[2023-12-29 13:01:54] [info]  [ 9244] Service stop thread completed.
[2023-12-29 13:01:54] [info]  [14360] Run service finished.
[2023-12-29 13:01:54] [info]  [14360] Apache Commons Daemon procrun finished.
[2023-12-29 13:04:57] [info]  [15236] Apache Commons Daemon procrun (1.3.4.0 64-bit) started.
[2023-12-29 13:04:57] [info]  [15236] Running Service 'Tomcat10'...
[2023-12-29 13:04:57] [info]  [ 1740] Starting service...
[2023-12-29 13:04:58] [info]  [ 1740] Service started in 1186 milliseconds.
[2023-12-29 13:05:33] [info]  [15236] Service SERVICE_CONTROL_STOP signalled.
[2023-12-29 13:05:33] [info]  [17464] Stopping service...
[2023-12-29 13:05:34] [info]  [17464] Service stop thread completed.
[2023-12-29 13:05:34] [info]  [15236] Run service finished.
[2023-12-29 13:05:34] [info]  [15236] Apache Commons Daemon procrun finished.
[2023-12-29 13:07:50] [info]  [17672] Apache Commons Daemon procrun (1.3.4.0 64-bit) started.
[2023-12-29 13:07:50] [info]  [17672] Running Service 'Tomcat10'...
[2023-12-29 13:07:50] [info]  [ 9856] Starting service...
[2023-12-29 13:07:51] [info]  [ 9856] Service started in 1188 milliseconds.
[2023-12-29 13:08:36] [info]  [17672] Service SERVICE_CONTROL_STOP signalled.
[2023-12-29 13:08:36] [info]  [10800] Stopping service...
[2023-12-29 13:08:37] [info]  [10800] Service stop thread completed.
[2023-12-29 13:08:37] [info]  [17672] Run service finished.
[2023-12-29 13:08:37] [info]  [17672] Apache Commons Daemon procrun finished.
[2023-12-29 13:09:05] [info]  [14700] Apache Commons Daemon procrun (1.3.4.0 64-bit) started.
[2023-12-29 13:09:05] [info]  [14700] Running Service 'Tomcat10'...
[2023-12-29 13:09:05] [info]  [ 3280] Starting service...
[2023-12-29 13:09:06] [info]  [ 3280] Service started in 1196 milliseconds.
[2023-12-29 13:09:40] [info]  [14700] Service SERVICE_CONTROL_STOP signalled.
[2023-12-29 13:09:40] [info]  [14988] Stopping service...
[2023-12-29 13:09:41] [info]  [14988] Service stop thread completed.
[2023-12-29 13:09:41] [info]  [14700] Run service finished.
[2023-12-29 13:09:41] [info]  [14700] Apache Commons Daemon procrun finished.
[2023-12-29 13:12:04] [info]  [ 9792] Apache Commons Daemon procrun (1.3.4.0 64-bit) started.
[2023-12-29 13:12:04] [info]  [ 9792] Running Service 'Tomcat10'...
[2023-12-29 13:12:04] [info]  [16672] Starting service...
[2023-12-29 13:12:05] [info]  [16672] Service started in 1192 milliseconds.
[2023-12-29 13:12:58] [info]  [ 9792] Service SERVICE_CONTROL_STOP signalled.
[2023-12-29 13:12:58] [info]  [16120] Stopping service...
[2023-12-29 13:12:59] [info]  [16120] Service stop thread completed.
[2023-12-29 13:12:59] [info]  [ 9792] Run service finished.
[2023-12-29 13:12:59] [info]  [ 9792] Apache Commons Daemon procrun finished.
[2023-12-29 13:16:04] [info]  [17000] Apache Commons Daemon procrun (1.3.4.0 64-bit) started.
[2023-12-29 13:16:04] [info]  [17000] Running Service 'Tomcat10'...
[2023-12-29 13:16:04] [info]  [ 1744] Starting service...
[2023-12-29 13:16:05] [info]  [ 1744] Service started in 1204 milliseconds.
[2023-12-29 13:16:47] [info]  [17000] Service SERVICE_CONTROL_STOP signalled.
[2023-12-29 13:16:47] [info]  [14152] Stopping service...
[2023-12-29 13:16:48] [info]  [14152] Service stop thread completed.
[2023-12-29 13:16:48] [info]  [17000] Run service finished.
[2023-12-29 13:16:48] [info]  [17000] Apache Commons Daemon procrun finished.
[2023-12-29 13:17:29] [info]  [ 7328] Apache Commons Daemon procrun (1.3.4.0 64-bit) started.
[2023-12-29 13:17:29] [info]  [ 7328] Running Service 'Tomcat10'...
[2023-12-29 13:17:29] [info]  [ 6280] Starting service...
[2023-12-29 13:17:30] [info]  [ 6280] Service started in 1197 milliseconds.
[2023-12-29 13:18:08] [info]  [ 7328] Service SERVICE_CONTROL_STOP signalled.
[2023-12-29 13:18:08] [info]  [12992] Stopping service...
[2023-12-29 13:18:09] [info]  [12992] Service stop thread completed.
[2023-12-29 13:18:09] [info]  [ 7328] Run service finished.
[2023-12-29 13:18:09] [info]  [ 7328] Apache Commons Daemon procrun finished.
[2023-12-29 13:19:02] [info]  [16084] Apache Commons Daemon procrun (1.3.4.0 64-bit) started.
[2023-12-29 13:19:02] [info]  [16084] Running Service 'Tomcat10'...
[2023-12-29 13:19:02] [info]  [ 7912] Starting service...
[2023-12-29 13:19:03] [info]  [ 7912] Service started in 1191 milliseconds.
[2023-12-29 13:19:32] [info]  [16084] Service SERVICE_CONTROL_STOP signalled.
[2023-12-29 13:19:32] [info]  [ 7140] Stopping service...
[2023-12-29 13:19:33] [info]  [ 7140] Service stop thread completed.
[2023-12-29 13:19:34] [info]  [16084] Run service finished.
[2023-12-29 13:19:34] [info]  [16084] Apache Commons Daemon procrun finished.
[2023-12-29 13:20:37] [info]  [ 1392] Apache Commons Daemon procrun (1.3.4.0 64-bit) started.
[2023-12-29 13:20:37] [info]  [ 1392] Running Service 'Tomcat10'...
[2023-12-29 13:20:37] [info]  [16928] Starting service...
[2023-12-29 13:20:38] [info]  [16928] Service started in 1192 milliseconds.
[2023-12-29 13:21:09] [info]  [ 1392] Service SERVICE_CONTROL_STOP signalled.
[2023-12-29 13:21:09] [info]  [17404] Stopping service...
[2023-12-29 13:21:10] [info]  [17404] Service stop thread completed.
[2023-12-29 13:21:11] [info]  [ 1392] Run service finished.
[2023-12-29 13:21:11] [info]  [ 1392] Apache Commons Daemon procrun finished.
[2023-12-29 13:22:14] [info]  [ 3440] Apache Commons Daemon procrun (1.3.4.0 64-bit) started.
[2023-12-29 13:22:14] [info]  [ 3440] Running Service 'Tomcat10'...
[2023-12-29 13:22:14] [info]  [17084] Starting service...
[2023-12-29 13:22:15] [info]  [17084] Service started in 1175 milliseconds.
[2023-12-29 13:22:47] [info]  [ 3440] Service SERVICE_CONTROL_STOP signalled.
[2023-12-29 13:22:47] [info]  [11492] Stopping service...
[2023-12-29 13:22:48] [info]  [11492] Service stop thread completed.
[2023-12-29 13:22:48] [info]  [ 3440] Run service finished.
[2023-12-29 13:22:48] [info]  [ 3440] Apache Commons Daemon procrun finished.
[2023-12-29 13:38:07] [info]  [ 9700] Apache Commons Daemon procrun (1.3.4.0 64-bit) started.
[2023-12-29 13:38:07] [info]  [ 9700] Running Service 'Tomcat10'...
[2023-12-29 13:38:07] [info]  [ 6760] Starting service...
[2023-12-29 13:38:08] [info]  [ 6760] Service started in 1195 milliseconds.
[2023-12-29 13:38:46] [info]  [ 9700] Service SERVICE_CONTROL_STOP signalled.
[2023-12-29 13:38:46] [info]  [14396] Stopping service...
[2023-12-29 13:38:47] [info]  [14396] Service stop thread completed.
[2023-12-29 13:38:47] [info]  [ 9700] Run service finished.
[2023-12-29 13:38:47] [info]  [ 9700] Apache Commons Daemon procrun finished.
[2023-12-29 13:40:29] [info]  [  952] Apache Commons Daemon procrun (1.3.4.0 64-bit) started.
[2023-12-29 13:40:29] [info]  [  952] Running Service 'Tomcat10'...
[2023-12-29 13:40:29] [info]  [11520] Starting service...
[2023-12-29 13:40:30] [info]  [11520] Service started in 1174 milliseconds.
[2023-12-29 13:41:06] [info]  [  952] Service SERVICE_CONTROL_STOP signalled.
[2023-12-29 13:41:06] [info]  [12708] Stopping service...
[2023-12-29 13:41:07] [info]  [12708] Service stop thread completed.
[2023-12-29 13:41:07] [info]  [  952] Run service finished.
[2023-12-29 13:41:07] [info]  [  952] Apache Commons Daemon procrun finished.
[2023-12-29 13:41:28] [info]  [18012] Apache Commons Daemon procrun (1.3.4.0 64-bit) started.
[2023-12-29 13:41:28] [info]  [18012] Running Service 'Tomcat10'...
[2023-12-29 13:41:28] [info]  [15228] Starting service...
[2023-12-29 13:41:29] [info]  [15228] Service started in 1192 milliseconds.
[2023-12-29 13:41:59] [info]  [18012] Service SERVICE_CONTROL_STOP signalled.
[2023-12-29 13:41:59] [info]  [10208] Stopping service...
[2023-12-29 13:42:00] [info]  [10208] Service stop thread completed.
[2023-12-29 13:42:00] [info]  [18012] Run service finished.
[2023-12-29 13:42:00] [info]  [18012] Apache Commons Daemon procrun finished.
[2023-12-29 13:53:47] [info]  [10116] Apache Commons Daemon procrun (1.3.4.0 64-bit) started.
[2023-12-29 13:53:47] [info]  [10116] Running Service 'Tomcat10'...
[2023-12-29 13:53:47] [info]  [12748] Starting service...
[2023-12-29 13:53:48] [info]  [12748] Service started in 1179 milliseconds.
[2023-12-29 13:54:31] [info]  [10116] Service SERVICE_CONTROL_STOP signalled.
[2023-12-29 13:54:31] [info]  [17520] Stopping service...
[2023-12-29 13:54:32] [info]  [17520] Service stop thread completed.
[2023-12-29 13:54:32] [info]  [10116] Run service finished.
[2023-12-29 13:54:32] [info]  [10116] Apache Commons Daemon procrun finished.
[2023-12-29 13:54:58] [info]  [16772] Apache Commons Daemon procrun (1.3.4.0 64-bit) started.
[2023-12-29 13:54:58] [info]  [16772] Running Service 'Tomcat10'...
[2023-12-29 13:54:58] [info]  [12372] Starting service...
[2023-12-29 13:54:59] [info]  [12372] Service started in 1190 milliseconds.
[2023-12-29 13:55:45] [info]  [16772] Service SERVICE_CONTROL_STOP signalled.
[2023-12-29 13:55:45] [info]  [15620] Stopping service...
[2023-12-29 13:55:46] [info]  [15620] Service stop thread completed.
[2023-12-29 13:55:46] [info]  [16772] Run service finished.
[2023-12-29 13:55:46] [info]  [16772] Apache Commons Daemon procrun finished.
[2023-12-29 14:00:13] [info]  [13520] Apache Commons Daemon procrun (1.3.4.0 64-bit) started.
[2023-12-29 14:00:13] [info]  [13520] Running Service 'Tomcat10'...
[2023-12-29 14:00:13] [info]  [17188] Starting service...
[2023-12-29 14:00:14] [info]  [17188] Service started in 1180 milliseconds.
[2023-12-29 14:00:51] [info]  [13520] Service SERVICE_CONTROL_STOP signalled.
[2023-12-29 14:00:51] [info]  [17008] Stopping service...
[2023-12-29 14:00:52] [info]  [17008] Service stop thread completed.
[2023-12-29 14:00:52] [info]  [13520] Run service finished.
[2023-12-29 14:00:52] [info]  [13520] Apache Commons Daemon procrun finished.
[2023-12-29 14:04:01] [info]  [14140] Apache Commons Daemon procrun (1.3.4.0 64-bit) started.
[2023-12-29 14:04:01] [info]  [14140] Running Service 'Tomcat10'...
[2023-12-29 14:04:01] [info]  [ 7504] Starting service...
[2023-12-29 14:04:02] [info]  [ 7504] Service started in 1181 milliseconds.
[2023-12-29 14:04:39] [info]  [14140] Service SERVICE_CONTROL_STOP signalled.
[2023-12-29 14:04:39] [info]  [10992] Stopping service...
[2023-12-29 14:04:40] [info]  [10992] Service stop thread completed.
[2023-12-29 14:04:40] [info]  [14140] Run service finished.
[2023-12-29 14:04:40] [info]  [14140] Apache Commons Daemon procrun finished.
[2023-12-29 14:05:09] [info]  [ 5840] Apache Commons Daemon procrun (1.3.4.0 64-bit) started.
[2023-12-29 14:05:09] [info]  [ 5840] Running Service 'Tomcat10'...
[2023-12-29 14:05:09] [info]  [15876] Starting service...
[2023-12-29 14:05:10] [info]  [15876] Service started in 1207 milliseconds.
[2023-12-29 14:05:36] [info]  [ 5840] Service SERVICE_CONTROL_STOP signalled.
[2023-12-29 14:05:36] [info]  [17436] Stopping service...
[2023-12-29 14:05:37] [info]  [17436] Service stop thread completed.
[2023-12-29 14:05:37] [info]  [ 5840] Run service finished.
[2023-12-29 14:05:37] [info]  [ 5840] Apache Commons Daemon procrun finished.
[2023-12-29 14:14:23] [info]  [15788] Apache Commons Daemon procrun (1.3.4.0 64-bit) started.
[2023-12-29 14:14:23] [info]  [15788] Running Service 'Tomcat10'...
[2023-12-29 14:14:23] [info]  [11188] Starting service...
[2023-12-29 14:14:24] [info]  [11188] Service started in 1184 milliseconds.
[2023-12-29 14:15:02] [info]  [15788] Service SERVICE_CONTROL_STOP signalled.
[2023-12-29 14:15:02] [info]  [17972] Stopping service...
[2023-12-29 14:15:03] [info]  [17972] Service stop thread completed.
[2023-12-29 14:15:03] [info]  [15788] Run service finished.
[2023-12-29 14:15:03] [info]  [15788] Apache Commons Daemon procrun finished.
[2023-12-29 14:15:21] [info]  [ 5876] Apache Commons Daemon procrun (1.3.4.0 64-bit) started.
[2023-12-29 14:15:21] [info]  [ 5876] Running Service 'Tomcat10'...
[2023-12-29 14:15:21] [info]  [ 9700] Starting service...
[2023-12-29 14:15:22] [info]  [ 9700] Service started in 1191 milliseconds.
[2023-12-29 14:21:22] [info]  [ 5876] Service SERVICE_CONTROL_STOP signalled.
[2023-12-29 14:21:22] [info]  [18420] Stopping service...
[2023-12-29 14:21:23] [info]  [18420] Service stop thread completed.
[2023-12-29 14:21:23] [info]  [ 5876] Run service finished.
[2023-12-29 14:21:23] [info]  [ 5876] Apache Commons Daemon procrun finished.
[2023-12-29 14:44:09] [info]  [ 5488] Apache Commons Daemon procrun (1.3.4.0 64-bit) started.
[2023-12-29 14:44:09] [info]  [ 5488] Running Service 'Tomcat10'...
[2023-12-29 14:44:09] [info]  [18456] Starting service...
[2023-12-29 14:44:12] [info]  [18456] Service started in 2192 milliseconds.
[2023-12-29 14:51:15] [info]  [ 5488] Service SERVICE_CONTROL_STOP signalled.
[2023-12-29 14:51:15] [info]  [14972] Stopping service...
[2023-12-29 14:51:16] [info]  [14972] Service stop thread completed.
[2023-12-29 14:51:16] [info]  [ 5488] Run service finished.
[2023-12-29 14:51:16] [info]  [ 5488] Apache Commons Daemon procrun finished.
[2023-12-29 14:51:24] [info]  [17444] Apache Commons Daemon procrun (1.3.4.0 64-bit) started.
[2023-12-29 14:51:24] [info]  [17444] Running Service 'Tomcat10'...
[2023-12-29 14:51:24] [info]  [13436] Starting service...
[2023-12-29 14:51:25] [info]  [13436] Service started in 1196 milliseconds.
[2023-12-29 14:53:38] [info]  [17444] Service SERVICE_CONTROL_STOP signalled.
[2023-12-29 14:53:38] [info]  [14644] Stopping service...
[2023-12-29 14:53:39] [info]  [14644] Service stop thread completed.
[2023-12-29 14:53:39] [info]  [17444] Run service finished.
[2023-12-29 14:53:39] [info]  [17444] Apache Commons Daemon procrun finished.
[2023-12-29 14:53:50] [info]  [16704] Apache Commons Daemon procrun (1.3.4.0 64-bit) started.
[2023-12-29 14:53:50] [info]  [16704] Running Service 'Tomcat10'...
[2023-12-29 14:53:50] [info]  [ 7988] Starting service...
[2023-12-29 14:53:52] [info]  [ 7988] Service started in 1181 milliseconds.
[2023-12-29 15:00:00] [info]  [16704] Service SERVICE_CONTROL_STOP signalled.
[2023-12-29 15:00:00] [info]  [16144] Stopping service...
[2023-12-29 15:00:01] [info]  [16144] Service stop thread completed.
[2023-12-29 15:00:01] [info]  [16704] Run service finished.
[2023-12-29 15:00:01] [info]  [16704] Apache Commons Daemon procrun finished.
[2023-12-29 15:00:12] [info]  [17804] Apache Commons Daemon procrun (1.3.4.0 64-bit) started.
[2023-12-29 15:00:12] [info]  [17804] Running Service 'Tomcat10'...
[2023-12-29 15:00:12] [info]  [13544] Starting service...
[2023-12-29 15:00:14] [info]  [13544] Service started in 1302 milliseconds.
[2023-12-29 15:04:07] [info]  [17804] Service SERVICE_CONTROL_STOP signalled.
[2023-12-29 15:04:07] [info]  [15732] Stopping service...
[2023-12-29 15:04:08] [info]  [15732] Service stop thread completed.
[2023-12-29 15:04:08] [info]  [17804] Run service finished.
[2023-12-29 15:04:08] [info]  [17804] Apache Commons Daemon procrun finished.
[2023-12-29 15:06:52] [info]  [10620] Apache Commons Daemon procrun (1.3.4.0 64-bit) started.
[2023-12-29 15:06:52] [info]  [10620] Running Service 'Tomcat10'...
[2023-12-29 15:06:52] [info]  [17140] Starting service...
[2023-12-29 15:06:53] [info]  [17140] Service started in 1203 milliseconds.
[2023-12-29 15:14:17] [info]  [10620] Service SERVICE_CONTROL_STOP signalled.
[2023-12-29 15:14:17] [info]  [17844] Stopping service...
[2023-12-29 15:14:18] [info]  [17844] Service stop thread completed.
[2023-12-29 15:14:18] [info]  [10620] Run service finished.
[2023-12-29 15:14:18] [info]  [10620] Apache Commons Daemon procrun finished.
[2023-12-29 15:14:26] [info]  [ 8008] Apache Commons Daemon procrun (1.3.4.0 64-bit) started.
[2023-12-29 15:14:26] [info]  [ 8008] Running Service 'Tomcat10'...
[2023-12-29 15:14:26] [info]  [18568] Starting service...
[2023-12-29 15:14:28] [info]  [18568] Service started in 1304 milliseconds.
[2023-12-29 15:15:02] [info]  [ 8008] Service SERVICE_CONTROL_STOP signalled.
[2023-12-29 15:15:02] [info]  [ 8948] Stopping service...
[2023-12-29 15:15:03] [info]  [ 8948] Service stop thread completed.
[2023-12-29 15:15:03] [info]  [ 8008] Run service finished.
[2023-12-29 15:15:03] [info]  [ 8008] Apache Commons Daemon procrun finished.
[2023-12-29 15:15:20] [info]  [14664] Apache Commons Daemon procrun (1.3.4.0 64-bit) started.
[2023-12-29 15:15:20] [info]  [14664] Running Service 'Tomcat10'...
[2023-12-29 15:15:20] [info]  [ 7116] Starting service...
[2023-12-29 15:15:21] [info]  [ 7116] Service started in 1208 milliseconds.
[2023-12-29 15:16:34] [info]  [14664] Service SERVICE_CONTROL_STOP signalled.
[2023-12-29 15:16:34] [info]  [ 9120] Stopping service...
[2023-12-29 15:16:35] [info]  [ 9120] Service stop thread completed.
[2023-12-29 15:16:35] [info]  [14664] Run service finished.
[2023-12-29 15:16:35] [info]  [14664] Apache Commons Daemon procrun finished.
[2023-12-29 15:16:42] [info]  [10108] Apache Commons Daemon procrun (1.3.4.0 64-bit) started.
[2023-12-29 15:16:43] [info]  [10108] Running Service 'Tomcat10'...
[2023-12-29 15:16:43] [info]  [16744] Starting service...
[2023-12-29 15:16:44] [info]  [16744] Service started in 1251 milliseconds.
[2023-12-29 15:18:14] [info]  [10108] Service SERVICE_CONTROL_STOP signalled.
[2023-12-29 15:18:14] [info]  [16392] Stopping service...
[2023-12-29 15:18:15] [info]  [16392] Service stop thread completed.
[2023-12-29 15:18:15] [info]  [10108] Run service finished.
[2023-12-29 15:18:15] [info]  [10108] Apache Commons Daemon procrun finished.
[2023-12-29 15:19:32] [info]  [19292] Apache Commons Daemon procrun (1.3.4.0 64-bit) started.
[2023-12-29 15:19:32] [info]  [19292] Running Service 'Tomcat10'...
[2023-12-29 15:19:32] [info]  [18136] Starting service...
[2023-12-29 15:19:34] [info]  [18136] Service started in 1195 milliseconds.
[2023-12-29 15:20:18] [info]  [19292] Service SERVICE_CONTROL_STOP signalled.
[2023-12-29 15:20:18] [info]  [19356] Stopping service...
[2023-12-29 15:20:19] [info]  [19356] Service stop thread completed.
[2023-12-29 15:20:19] [info]  [19292] Run service finished.
[2023-12-29 15:20:19] [info]  [19292] Apache Commons Daemon procrun finished.
[2023-12-29 15:56:02] [info]  [14476] Apache Commons Daemon procrun (1.3.4.0 64-bit) started.
[2023-12-29 15:56:02] [info]  [14476] Running Service 'Tomcat10'...
[2023-12-29 15:56:02] [info]  [ 3784] Starting service...
[2023-12-29 15:56:04] [info]  [ 3784] Service started in 1178 milliseconds.
[2023-12-29 15:57:20] [info]  [14476] Service SERVICE_CONTROL_STOP signalled.
[2023-12-29 15:57:20] [info]  [14484] Stopping service...
[2023-12-29 15:57:21] [info]  [14484] Service stop thread completed.
[2023-12-29 15:57:21] [info]  [14476] Run service finished.
[2023-12-29 15:57:21] [info]  [14476] Apache Commons Daemon procrun finished.
[2023-12-29 16:16:27] [info]  [18688] Apache Commons Daemon procrun (1.3.4.0 64-bit) started.
[2023-12-29 16:16:27] [info]  [18688] Running Service 'Tomcat10'...
[2023-12-29 16:16:27] [info]  [ 4852] Starting service...
[2023-12-29 16:16:29] [info]  [ 4852] Service started in 1321 milliseconds.
[2023-12-29 16:16:59] [info]  [18688] Service SERVICE_CONTROL_STOP signalled.
[2023-12-29 16:16:59] [info]  [14244] Stopping service...
[2023-12-29 16:17:00] [info]  [14244] Service stop thread completed.
[2023-12-29 16:17:00] [info]  [18688] Run service finished.
[2023-12-29 16:17:00] [info]  [18688] Apache Commons Daemon procrun finished.
[2023-12-29 16:24:28] [info]  [10180] Apache Commons Daemon procrun (1.3.4.0 64-bit) started.
[2023-12-29 16:24:28] [info]  [10180] Running Service 'Tomcat10'...
[2023-12-29 16:24:28] [info]  [15628] Starting service...
[2023-12-29 16:24:29] [info]  [15628] Service started in 1187 milliseconds.
[2023-12-29 16:25:53] [info]  [10180] Service SERVICE_CONTROL_STOP signalled.
[2023-12-29 16:25:53] [info]  [ 9852] Stopping service...
[2023-12-29 16:25:54] [info]  [ 9852] Service stop thread completed.
[2023-12-29 16:25:54] [info]  [10180] Run service finished.
[2023-12-29 16:25:54] [info]  [10180] Apache Commons Daemon procrun finished.
[2023-12-29 16:27:18] [info]  [15524] Apache Commons Daemon procrun (1.3.4.0 64-bit) started.
[2023-12-29 16:27:18] [info]  [15524] Running Service 'Tomcat10'...
[2023-12-29 16:27:18] [info]  [18544] Starting service...
[2023-12-29 16:27:20] [info]  [18544] Service started in 1176 milliseconds.
[2023-12-29 16:42:34] [info]  [15524] Service SERVICE_CONTROL_STOP signalled.
[2023-12-29 16:42:34] [info]  [18668] Stopping service...
[2023-12-29 16:42:35] [info]  [18668] Service stop thread completed.
[2023-12-29 16:42:35] [info]  [15524] Run service finished.
[2023-12-29 16:42:35] [info]  [15524] Apache Commons Daemon procrun finished.
[2023-12-29 16:42:48] [info]  [ 5488] Apache Commons Daemon procrun (1.3.4.0 64-bit) started.
[2023-12-29 16:42:49] [info]  [ 5488] Running Service 'Tomcat10'...
[2023-12-29 16:42:49] [info]  [ 1524] Starting service...
[2023-12-29 16:42:50] [info]  [ 1524] Service started in 1198 milliseconds.
[2023-12-29 16:43:39] [info]  [ 5488] Service SERVICE_CONTROL_STOP signalled.
[2023-12-29 16:43:39] [info]  [18776] Stopping service...
[2023-12-29 16:43:40] [info]  [18776] Service stop thread completed.
[2023-12-29 16:43:40] [info]  [ 5488] Run service finished.
[2023-12-29 16:43:40] [info]  [ 5488] Apache Commons Daemon procrun finished.
[2023-12-29 16:43:57] [info]  [14708] Apache Commons Daemon procrun (1.3.4.0 64-bit) started.
[2023-12-29 16:43:57] [info]  [14708] Running Service 'Tomcat10'...
[2023-12-29 16:43:57] [info]  [12560] Starting service...
[2023-12-29 16:43:59] [info]  [12560] Service started in 1222 milliseconds.
[2023-12-29 16:44:48] [info]  [14708] Service SERVICE_CONTROL_STOP signalled.
[2023-12-29 16:44:48] [info]  [12212] Stopping service...
[2023-12-29 16:44:49] [info]  [12212] Service stop thread completed.
[2023-12-29 16:44:49] [info]  [14708] Run service finished.
[2023-12-29 16:44:49] [info]  [14708] Apache Commons Daemon procrun finished.
[2023-12-29 16:47:00] [info]  [12560] Apache Commons Daemon procrun (1.3.4.0 64-bit) started.
[2023-12-29 16:47:00] [info]  [12560] Running Service 'Tomcat10'...
[2023-12-29 16:47:00] [info]  [13180] Starting service...
[2023-12-29 16:47:02] [info]  [13180] Service started in 1193 milliseconds.
[2023-12-29 16:47:41] [info]  [12560] Service SERVICE_CONTROL_STOP signalled.
[2023-12-29 16:47:41] [info]  [ 8680] Stopping service...
[2023-12-29 16:47:42] [info]  [ 8680] Service stop thread completed.
[2023-12-29 16:47:42] [info]  [12560] Run service finished.
[2023-12-29 16:47:42] [info]  [12560] Apache Commons Daemon procrun finished.
[2023-12-29 16:51:25] [info]  [13756] Apache Commons Daemon procrun (1.3.4.0 64-bit) started.
[2023-12-29 16:51:25] [info]  [13756] Running Service 'Tomcat10'...
[2023-12-29 16:51:25] [info]  [18064] Starting service...
[2023-12-29 16:51:27] [info]  [18064] Service started in 1185 milliseconds.
[2023-12-29 16:52:08] [info]  [13756] Service SERVICE_CONTROL_STOP signalled.
[2023-12-29 16:52:08] [info]  [17448] Stopping service...
[2023-12-29 16:52:09] [info]  [17448] Service stop thread completed.
[2023-12-29 16:52:09] [info]  [13756] Run service finished.
[2023-12-29 16:52:09] [info]  [13756] Apache Commons Daemon procrun finished.
[2023-12-29 16:53:43] [info]  [ 7588] Apache Commons Daemon procrun (1.3.4.0 64-bit) started.
[2023-12-29 16:53:43] [info]  [ 7588] Running Service 'Tomcat10'...
[2023-12-29 16:53:43] [info]  [12084] Starting service...
[2023-12-29 16:53:44] [info]  [12084] Service started in 1181 milliseconds.
[2023-12-29 16:54:31] [info]  [ 7588] Service SERVICE_CONTROL_STOP signalled.
[2023-12-29 16:54:31] [info]  [17904] Stopping service...
[2023-12-29 16:54:32] [info]  [17904] Service stop thread completed.
[2023-12-29 16:54:32] [info]  [ 7588] Run service finished.
[2023-12-29 16:54:32] [info]  [ 7588] Apache Commons Daemon procrun finished.
[2023-12-29 16:56:46] [info]  [10332] Apache Commons Daemon procrun (1.3.4.0 64-bit) started.
[2023-12-29 16:56:46] [info]  [10332] Running Service 'Tomcat10'...
[2023-12-29 16:56:46] [info]  [16668] Starting service...
[2023-12-29 16:56:47] [info]  [16668] Service started in 1189 milliseconds.
[2023-12-29 16:57:20] [info]  [10332] Service SERVICE_CONTROL_STOP signalled.
[2023-12-29 16:57:20] [info]  [18892] Stopping service...
[2023-12-29 16:57:21] [info]  [18892] Service stop thread completed.
[2023-12-29 16:57:21] [info]  [10332] Run service finished.
[2023-12-29 16:57:21] [info]  [10332] Apache Commons Daemon procrun finished.
[2023-12-29 17:03:08] [info]  [13376] Apache Commons Daemon procrun (1.3.4.0 64-bit) started.
[2023-12-29 17:03:08] [info]  [13376] Running Service 'Tomcat10'...
[2023-12-29 17:03:08] [info]  [19204] Starting service...
[2023-12-29 17:03:09] [info]  [19204] Service started in 1186 milliseconds.
[2023-12-29 17:03:57] [info]  [13376] Service SERVICE_CONTROL_STOP signalled.
[2023-12-29 17:03:57] [info]  [14624] Stopping service...
[2023-12-29 17:03:58] [info]  [14624] Service stop thread completed.
[2023-12-29 17:03:58] [info]  [13376] Run service finished.
[2023-12-29 17:03:58] [info]  [13376] Apache Commons Daemon procrun finished.
[2023-12-29 17:07:05] [info]  [14300] Apache Commons Daemon procrun (1.3.4.0 64-bit) started.
[2023-12-29 17:07:05] [info]  [14300] Running Service 'Tomcat10'...
[2023-12-29 17:07:05] [info]  [17768] Starting service...
[2023-12-29 17:07:07] [info]  [17768] Service started in 1181 milliseconds.
[2023-12-29 17:07:49] [info]  [14300] Service SERVICE_CONTROL_STOP signalled.
[2023-12-29 17:07:49] [info]  [ 1628] Stopping service...
[2023-12-29 17:07:50] [info]  [ 1628] Service stop thread completed.
[2023-12-29 17:07:50] [info]  [14300] Run service finished.
[2023-12-29 17:07:50] [info]  [14300] Apache Commons Daemon procrun finished.
[2023-12-29 17:11:15] [info]  [16316] Apache Commons Daemon procrun (1.3.4.0 64-bit) started.
[2023-12-29 17:11:15] [info]  [16316] Running Service 'Tomcat10'...
[2023-12-29 17:11:15] [info]  [13024] Starting service...
[2023-12-29 17:11:16] [info]  [13024] Service started in 1309 milliseconds.
[2023-12-29 17:11:55] [info]  [16316] Service SERVICE_CONTROL_STOP signalled.
[2023-12-29 17:11:55] [info]  [10708] Stopping service...
[2023-12-29 17:11:56] [info]  [10708] Service stop thread completed.
[2023-12-29 17:11:56] [info]  [16316] Run service finished.
[2023-12-29 17:11:56] [info]  [16316] Apache Commons Daemon procrun finished.
[2023-12-29 17:50:04] [info]  [13448] Apache Commons Daemon procrun (1.3.4.0 64-bit) started.
[2023-12-29 17:50:05] [info]  [13448] Running Service 'Tomcat10'...
[2023-12-29 17:50:05] [info]  [14716] Starting service...
[2023-12-29 17:50:06] [info]  [14716] Service started in 1194 milliseconds.
[2023-12-29 17:51:18] [info]  [13448] Service SERVICE_CONTROL_STOP signalled.
[2023-12-29 17:51:18] [info]  [13800] Stopping service...
[2023-12-29 17:51:19] [info]  [13800] Service stop thread completed.
[2023-12-29 17:51:19] [info]  [13448] Run service finished.
[2023-12-29 17:51:19] [info]  [13448] Apache Commons Daemon procrun finished.
[2023-12-29 17:55:02] [info]  [12128] Apache Commons Daemon procrun (1.3.4.0 64-bit) started.
[2023-12-29 17:55:02] [info]  [12128] Running Service 'Tomcat10'...
[2023-12-29 17:55:02] [info]  [19164] Starting service...
[2023-12-29 17:55:03] [info]  [19164] Service started in 1198 milliseconds.
[2023-12-29 18:02:53] [info]  [12128] Service SERVICE_CONTROL_STOP signalled.
[2023-12-29 18:02:53] [info]  [18620] Stopping service...
[2023-12-29 18:02:54] [info]  [18620] Service stop thread completed.
[2023-12-29 18:02:54] [info]  [12128] Run service finished.
[2023-12-29 18:02:54] [info]  [12128] Apache Commons Daemon procrun finished.
[2023-12-29 18:03:18] [info]  [ 7128] Apache Commons Daemon procrun (1.3.4.0 64-bit) started.
[2023-12-29 18:03:18] [info]  [ 7128] Running Service 'Tomcat10'...
[2023-12-29 18:03:18] [info]  [13880] Starting service...
[2023-12-29 18:03:20] [info]  [13880] Service started in 1316 milliseconds.
[2023-12-29 18:05:06] [info]  [ 7128] Service SERVICE_CONTROL_STOP signalled.
[2023-12-29 18:05:06] [info]  [19120] Stopping service...
[2023-12-29 18:05:07] [info]  [19120] Service stop thread completed.
[2023-12-29 18:05:07] [info]  [ 7128] Run service finished.
[2023-12-29 18:05:07] [info]  [ 7128] Apache Commons Daemon procrun finished.
[2023-12-29 18:15:47] [info]  [ 2948] Apache Commons Daemon procrun (1.3.4.0 64-bit) started.
[2023-12-29 18:15:47] [info]  [ 2948] Running Service 'Tomcat10'...
[2023-12-29 18:15:47] [info]  [16932] Starting service...
[2023-12-29 18:15:48] [info]  [16932] Service started in 1200 milliseconds.
[2023-12-29 18:16:39] [info]  [ 2948] Service SERVICE_CONTROL_STOP signalled.
[2023-12-29 18:16:39] [info]  [16668] Stopping service...
[2023-12-29 18:16:40] [info]  [16668] Service stop thread completed.
[2023-12-29 18:16:40] [info]  [ 2948] Run service finished.
[2023-12-29 18:16:40] [info]  [ 2948] Apache Commons Daemon procrun finished.
[2023-12-29 18:20:14] [info]  [18020] Apache Commons Daemon procrun (1.3.4.0 64-bit) started.
[2023-12-29 18:20:15] [info]  [18020] Running Service 'Tomcat10'...
[2023-12-29 18:20:15] [info]  [17628] Starting service...
[2023-12-29 18:20:16] [info]  [17628] Service started in 1200 milliseconds.
[2023-12-29 18:21:33] [info]  [18020] Service SERVICE_CONTROL_STOP signalled.
[2023-12-29 18:21:33] [info]  [17184] Stopping service...
[2023-12-29 18:21:34] [info]  [17184] Service stop thread completed.
[2023-12-29 18:21:34] [info]  [18020] Run service finished.
[2023-12-29 18:21:34] [info]  [18020] Apache Commons Daemon procrun finished.
[2023-12-29 18:23:00] [info]  [18288] Apache Commons Daemon procrun (1.3.4.0 64-bit) started.
[2023-12-29 18:23:00] [info]  [18288] Running Service 'Tomcat10'...
[2023-12-29 18:23:00] [info]  [16900] Starting service...
[2023-12-29 18:23:01] [info]  [16900] Service started in 1176 milliseconds.
[2023-12-29 18:23:34] [info]  [18288] Service SERVICE_CONTROL_STOP signalled.
[2023-12-29 18:23:34] [info]  [ 4940] Stopping service...
[2023-12-29 18:23:35] [info]  [ 4940] Service stop thread completed.
[2023-12-29 18:23:35] [info]  [18288] Run service finished.
[2023-12-29 18:23:35] [info]  [18288] Apache Commons Daemon procrun finished.
[2023-12-29 18:29:37] [info]  [15528] Apache Commons Daemon procrun (1.3.4.0 64-bit) started.
[2023-12-29 18:29:37] [info]  [15528] Running Service 'Tomcat10'...
[2023-12-29 18:29:37] [info]  [15428] Starting service...
[2023-12-29 18:29:38] [info]  [15428] Service started in 1190 milliseconds.
[2023-12-29 18:31:13] [info]  [15528] Service SERVICE_CONTROL_STOP signalled.
[2023-12-29 18:31:13] [info]  [17068] Stopping service...
[2023-12-29 18:31:14] [info]  [17068] Service stop thread completed.
[2023-12-29 18:31:14] [info]  [15528] Run service finished.
[2023-12-29 18:31:14] [info]  [15528] Apache Commons Daemon procrun finished.
[2023-12-29 18:31:27] [info]  [ 7484] Apache Commons Daemon procrun (1.3.4.0 64-bit) started.
[2023-12-29 18:31:27] [info]  [ 7484] Running Service 'Tomcat10'...
[2023-12-29 18:31:27] [info]  [18776] Starting service...
[2023-12-29 18:31:29] [info]  [18776] Service started in 1205 milliseconds.
[2023-12-29 18:32:28] [info]  [ 7484] Service SERVICE_CONTROL_STOP signalled.
[2023-12-29 18:32:28] [info]  [16316] Stopping service...
[2023-12-29 18:32:29] [info]  [16316] Service stop thread completed.
[2023-12-29 18:32:29] [info]  [ 7484] Run service finished.
[2023-12-29 18:32:29] [info]  [ 7484] Apache Commons Daemon procrun finished.
[2023-12-29 18:32:39] [info]  [17648] Apache Commons Daemon procrun (1.3.4.0 64-bit) started.
[2023-12-29 18:32:39] [info]  [17648] Running Service 'Tomcat10'...
[2023-12-29 18:32:39] [info]  [15844] Starting service...
[2023-12-29 18:32:40] [info]  [15844] Service started in 1184 milliseconds.
[2023-12-29 18:33:19] [info]  [17648] Service SERVICE_CONTROL_STOP signalled.
[2023-12-29 18:33:19] [info]  [12212] Stopping service...
[2023-12-29 18:33:20] [info]  [12212] Service stop thread completed.
[2023-12-29 18:33:20] [info]  [17648] Run service finished.
[2023-12-29 18:33:20] [info]  [17648] Apache Commons Daemon procrun finished.
[2023-12-29 18:34:37] [info]  [18244] Apache Commons Daemon procrun (1.3.4.0 64-bit) started.
[2023-12-29 18:34:37] [info]  [18244] Running Service 'Tomcat10'...
[2023-12-29 18:34:37] [info]  [18580] Starting service...
[2023-12-29 18:34:38] [info]  [18580] Service started in 1248 milliseconds.
[2023-12-29 18:39:05] [info]  [18244] Service SERVICE_CONTROL_STOP signalled.
[2023-12-29 18:39:05] [info]  [16796] Stopping service...
[2023-12-29 18:39:06] [info]  [16796] Service stop thread completed.
[2023-12-29 18:39:06] [info]  [18244] Run service finished.
[2023-12-29 18:39:06] [info]  [18244] Apache Commons Daemon procrun finished.
[2023-12-29 18:42:12] [info]  [ 5636] Apache Commons Daemon procrun (1.3.4.0 64-bit) started.
[2023-12-29 18:42:13] [info]  [ 5636] Running Service 'Tomcat10'...
[2023-12-29 18:42:13] [info]  [18296] Starting service...
[2023-12-29 18:42:14] [info]  [18296] Service started in 1188 milliseconds.
[2023-12-29 18:43:25] [info]  [ 5636] Service SERVICE_CONTROL_STOP signalled.
[2023-12-29 18:43:25] [info]  [16648] Stopping service...
[2023-12-29 18:43:26] [info]  [16648] Service stop thread completed.
[2023-12-29 18:43:26] [info]  [ 5636] Run service finished.
[2023-12-29 18:43:26] [info]  [ 5636] Apache Commons Daemon procrun finished.
[2023-12-29 18:43:59] [info]  [19268] Apache Commons Daemon procrun (1.3.4.0 64-bit) started.
[2023-12-29 18:43:59] [info]  [19268] Running Service 'Tomcat10'...
[2023-12-29 18:43:59] [info]  [17608] Starting service...
[2023-12-29 18:44:00] [info]  [17608] Service started in 1188 milliseconds.
[2023-12-29 18:44:59] [info]  [19268] Service SERVICE_CONTROL_STOP signalled.
[2023-12-29 18:44:59] [info]  [18464] Stopping service...
[2023-12-29 18:45:00] [info]  [18464] Service stop thread completed.
[2023-12-29 18:45:00] [info]  [19268] Run service finished.
[2023-12-29 18:45:00] [info]  [19268] Apache Commons Daemon procrun finished.
[2023-12-29 18:46:14] [info]  [14940] Apache Commons Daemon procrun (1.3.4.0 64-bit) started.
[2023-12-29 18:46:14] [info]  [14940] Running Service 'Tomcat10'...
[2023-12-29 18:46:14] [info]  [18256] Starting service...
[2023-12-29 18:46:15] [info]  [18256] Service started in 1195 milliseconds.
[2023-12-29 18:47:43] [info]  [14940] Service SERVICE_CONTROL_STOP signalled.
[2023-12-29 18:47:43] [info]  [ 7356] Stopping service...
[2023-12-29 18:47:44] [info]  [ 7356] Service stop thread completed.
[2023-12-29 18:47:44] [info]  [14940] Run service finished.
[2023-12-29 18:47:44] [info]  [14940] Apache Commons Daemon procrun finished.
[2023-12-29 18:48:02] [info]  [ 8428] Apache Commons Daemon procrun (1.3.4.0 64-bit) started.
[2023-12-29 18:48:03] [info]  [ 8428] Running Service 'Tomcat10'...
[2023-12-29 18:48:03] [info]  [14984] Starting service...
[2023-12-29 18:48:04] [info]  [14984] Service started in 1200 milliseconds.
[2023-12-29 18:48:46] [info]  [ 8428] Service SERVICE_CONTROL_STOP signalled.
[2023-12-29 18:48:46] [info]  [ 1244] Stopping service...
[2023-12-29 18:48:47] [info]  [ 1244] Service stop thread completed.
[2023-12-29 18:48:47] [info]  [ 8428] Run service finished.
[2023-12-29 18:48:47] [info]  [ 8428] Apache Commons Daemon procrun finished.
[2023-12-29 18:58:53] [info]  [ 8824] Apache Commons Daemon procrun (1.3.4.0 64-bit) started.
[2023-12-29 18:58:53] [info]  [ 8824] Running Service 'Tomcat10'...
[2023-12-29 18:58:53] [info]  [17440] Starting service...
[2023-12-29 18:58:55] [info]  [17440] Service started in 1193 milliseconds.
[2023-12-29 18:59:31] [info]  [ 8824] Service SERVICE_CONTROL_STOP signalled.
[2023-12-29 18:59:31] [info]  [18288] Stopping service...
[2023-12-29 18:59:32] [info]  [18288] Service stop thread completed.
[2023-12-29 18:59:32] [info]  [ 8824] Run service finished.
[2023-12-29 18:59:32] [info]  [ 8824] Apache Commons Daemon procrun finished.
[2023-12-29 19:10:11] [info]  [17944] Apache Commons Daemon procrun (1.3.4.0 64-bit) started.
[2023-12-29 19:10:11] [info]  [17944] Running Service 'Tomcat10'...
[2023-12-29 19:10:11] [info]  [ 5728] Starting service...
[2023-12-29 19:10:12] [info]  [ 5728] Service started in 1199 milliseconds.
[2023-12-29 19:14:49] [info]  [17944] Service SERVICE_CONTROL_STOP signalled.
[2023-12-29 19:14:49] [info]  [16684] Stopping service...
[2023-12-29 19:14:50] [info]  [16684] Service stop thread completed.
[2023-12-29 19:14:50] [info]  [17944] Run service finished.
[2023-12-29 19:14:50] [info]  [17944] Apache Commons Daemon procrun finished.
[2023-12-29 19:22:46] [info]  [17052] Apache Commons Daemon procrun (1.3.4.0 64-bit) started.
[2023-12-29 19:22:46] [info]  [17052] Running Service 'Tomcat10'...
[2023-12-29 19:22:46] [info]  [16572] Starting service...
[2023-12-29 19:22:47] [info]  [16572] Service started in 1202 milliseconds.
[2023-12-29 19:23:51] [info]  [17052] Service SERVICE_CONTROL_STOP signalled.
[2023-12-29 19:23:51] [info]  [16628] Stopping service...
[2023-12-29 19:23:52] [info]  [16628] Service stop thread completed.
[2023-12-29 19:23:52] [info]  [17052] Run service finished.
[2023-12-29 19:23:52] [info]  [17052] Apache Commons Daemon procrun finished.
[2023-12-29 19:27:00] [info]  [ 7128] Apache Commons Daemon procrun (1.3.4.0 64-bit) started.
[2023-12-29 19:27:00] [info]  [ 7128] Running Service 'Tomcat10'...
[2023-12-29 19:27:00] [info]  [15044] Starting service...
[2023-12-29 19:27:01] [info]  [15044] Service started in 1204 milliseconds.
[2023-12-29 19:28:11] [info]  [ 7128] Service SERVICE_CONTROL_STOP signalled.
[2023-12-29 19:28:11] [info]  [10512] Stopping service...
[2023-12-29 19:28:12] [info]  [10512] Service stop thread completed.
[2023-12-29 19:28:12] [info]  [ 7128] Run service finished.
[2023-12-29 19:28:12] [info]  [ 7128] Apache Commons Daemon procrun finished.
[2023-12-29 19:47:22] [info]  [19036] Apache Commons Daemon procrun (1.3.4.0 64-bit) started.
[2023-12-29 19:47:22] [info]  [19036] Running Service 'Tomcat10'...
[2023-12-29 19:47:22] [info]  [18716] Starting service...
[2023-12-29 19:47:23] [info]  [18716] Service started in 1195 milliseconds.
[2023-12-29 19:52:24] [info]  [19036] Service SERVICE_CONTROL_STOP signalled.
[2023-12-29 19:52:24] [info]  [18020] Stopping service...
[2023-12-29 19:52:25] [info]  [18020] Service stop thread completed.
[2023-12-29 19:52:25] [info]  [19036] Run service finished.
[2023-12-29 19:52:25] [info]  [19036] Apache Commons Daemon procrun finished.
[2023-12-29 19:52:47] [info]  [ 6576] Apache Commons Daemon procrun (1.3.4.0 64-bit) started.
[2023-12-29 19:52:47] [info]  [ 6576] Running Service 'Tomcat10'...
[2023-12-29 19:52:47] [info]  [12380] Starting service...
[2023-12-29 19:52:48] [info]  [12380] Service started in 1189 milliseconds.
[2023-12-29 19:56:46] [info]  [ 6576] Service SERVICE_CONTROL_STOP signalled.
[2023-12-29 19:56:46] [info]  [17992] Stopping service...
[2023-12-29 19:56:47] [info]  [17992] Service stop thread completed.
[2023-12-29 19:56:47] [info]  [ 6576] Run service finished.
[2023-12-29 19:56:47] [info]  [ 6576] Apache Commons Daemon procrun finished.
[2023-12-29 19:58:43] [info]  [16120] Apache Commons Daemon procrun (1.3.4.0 64-bit) started.
[2023-12-29 19:58:43] [info]  [16120] Running Service 'Tomcat10'...
[2023-12-29 19:58:43] [info]  [19416] Starting service...
[2023-12-29 19:58:45] [info]  [19416] Service started in 1197 milliseconds.
[2023-12-29 19:59:26] [info]  [16120] Service SERVICE_CONTROL_STOP signalled.
[2023-12-29 19:59:26] [info]  [ 8680] Stopping service...
[2023-12-29 19:59:27] [info]  [ 8680] Service stop thread completed.
[2023-12-29 19:59:27] [info]  [16120] Run service finished.
[2023-12-29 19:59:27] [info]  [16120] Apache Commons Daemon procrun finished.
[2023-12-29 20:01:49] [info]  [12028] Apache Commons Daemon procrun (1.3.4.0 64-bit) started.
[2023-12-29 20:01:49] [info]  [12028] Running Service 'Tomcat10'...
[2023-12-29 20:01:49] [info]  [15044] Starting service...
[2023-12-29 20:01:50] [info]  [15044] Service started in 1245 milliseconds.
[2023-12-29 20:05:05] [info]  [12028] Service SERVICE_CONTROL_STOP signalled.
[2023-12-29 20:05:05] [info]  [13332] Stopping service...
[2023-12-29 20:05:06] [info]  [13332] Service stop thread completed.
[2023-12-29 20:05:06] [info]  [12028] Run service finished.
[2023-12-29 20:05:06] [info]  [12028] Apache Commons Daemon procrun finished.
[2023-12-29 20:05:23] [info]  [10620] Apache Commons Daemon procrun (1.3.4.0 64-bit) started.
[2023-12-29 20:05:23] [info]  [10620] Running Service 'Tomcat10'...
[2023-12-29 20:05:23] [info]  [19184] Starting service...
[2023-12-29 20:05:24] [info]  [19184] Service started in 1198 milliseconds.
[2023-12-29 20:06:10] [info]  [10620] Service SERVICE_CONTROL_STOP signalled.
[2023-12-29 20:06:10] [info]  [ 8196] Stopping service...
[2023-12-29 20:06:11] [info]  [ 8196] Service stop thread completed.
[2023-12-29 20:06:11] [info]  [10620] Run service finished.
[2023-12-29 20:06:11] [info]  [10620] Apache Commons Daemon procrun finished.
[2023-12-29 20:11:47] [info]  [11676] Apache Commons Daemon procrun (1.3.4.0 64-bit) started.
[2023-12-29 20:11:47] [info]  [11676] Running Service 'Tomcat10'...
[2023-12-29 20:11:47] [info]  [ 8612] Starting service...
[2023-12-29 20:11:48] [info]  [ 8612] Service started in 1254 milliseconds.
[2023-12-29 20:12:31] [info]  [11676] Service SERVICE_CONTROL_STOP signalled.
[2023-12-29 20:12:31] [info]  [17884] Stopping service...
[2023-12-29 20:12:32] [info]  [17884] Service stop thread completed.
[2023-12-29 20:12:32] [info]  [11676] Run service finished.
[2023-12-29 20:12:32] [info]  [11676] Apache Commons Daemon procrun finished.
[2023-12-29 20:13:48] [info]  [16120] Apache Commons Daemon procrun (1.3.4.0 64-bit) started.
[2023-12-29 20:13:48] [info]  [16120] Running Service 'Tomcat10'...
[2023-12-29 20:13:48] [info]  [17712] Starting service...
[2023-12-29 20:13:49] [info]  [17712] Service started in 1191 milliseconds.
[2023-12-29 20:15:02] [info]  [16120] Service SERVICE_CONTROL_STOP signalled.
[2023-12-29 20:15:02] [info]  [16464] Stopping service...
[2023-12-29 20:15:03] [info]  [16464] Service stop thread completed.
[2023-12-29 20:15:03] [info]  [16120] Run service finished.
[2023-12-29 20:15:03] [info]  [16120] Apache Commons Daemon procrun finished.
[2023-12-29 20:15:13] [info]  [ 6052] Apache Commons Daemon procrun (1.3.4.0 64-bit) started.
[2023-12-29 20:15:13] [info]  [ 6052] Running Service 'Tomcat10'...
[2023-12-29 20:15:13] [info]  [19120] Starting service...
[2023-12-29 20:15:14] [info]  [19120] Service started in 1199 milliseconds.
[2023-12-29 20:15:53] [info]  [ 6052] Service SERVICE_CONTROL_STOP signalled.
[2023-12-29 20:15:53] [info]  [18188] Stopping service...
[2023-12-29 20:15:54] [info]  [18188] Service stop thread completed.
[2023-12-29 20:15:54] [info]  [ 6052] Run service finished.
[2023-12-29 20:15:54] [info]  [ 6052] Apache Commons Daemon procrun finished.
