[2023-12-18 11:07:49] [info]  [14388] Apache Commons Daemon procrun (1.3.4.0 64-bit) started.
[2023-12-18 11:07:49] [info]  [14388] Running Service 'Tomcat10'...
[2023-12-18 11:07:49] [info]  [11308] Starting service...
[2023-12-18 11:07:50] [info]  [11308] Service started in 1500 milliseconds.
[2023-12-18 11:07:56] [info]  [14388] Service SERVICE_CONTROL_STOP signalled.
[2023-12-18 11:07:56] [info]  [12560] Stopping service...
[2023-12-18 11:07:57] [info]  [12560] Service stop thread completed.
[2023-12-18 11:07:57] [info]  [14388] Run service finished.
[2023-12-18 11:07:57] [info]  [14388] Apache Commons Daemon procrun finished.
[2023-12-18 11:08:39] [info]  [12448] Apache Commons Daemon procrun (1.3.4.0 64-bit) started.
[2023-12-18 11:08:39] [info]  [12448] Running Service 'Tomcat10'...
[2023-12-18 11:08:39] [info]  [12952] Starting service...
[2023-12-18 11:08:40] [info]  [12952] Service started in 1187 milliseconds.
[2023-12-18 11:11:11] [info]  [12448] Service SERVICE_CONTROL_STOP signalled.
[2023-12-18 11:11:11] [info]  [16052] Stopping service...
[2023-12-18 11:11:12] [info]  [16052] Service stop thread completed.
[2023-12-18 11:11:12] [info]  [12448] Run service finished.
[2023-12-18 11:11:12] [info]  [12448] Apache Commons Daemon procrun finished.
[2023-12-18 13:09:41] [info]  [14364] Apache Commons Daemon procrun (1.3.4.0 64-bit) started.
[2023-12-18 13:09:41] [info]  [14364] Running Service 'Tomcat10'...
[2023-12-18 13:09:41] [info]  [13748] Starting service...
[2023-12-18 13:09:42] [info]  [13748] Service started in 1189 milliseconds.
[2023-12-18 13:09:48] [info]  [14364] Service SERVICE_CONTROL_STOP signalled.
[2023-12-18 13:09:48] [info]  [ 4912] Stopping service...
[2023-12-18 13:09:49] [info]  [ 4912] Service stop thread completed.
[2023-12-18 13:09:50] [info]  [14364] Run service finished.
[2023-12-18 13:09:50] [info]  [14364] Apache Commons Daemon procrun finished.
[2023-12-18 13:09:58] [info]  [12732] Apache Commons Daemon procrun (1.3.4.0 64-bit) started.
[2023-12-18 13:09:58] [info]  [12732] Running Service 'Tomcat10'...
[2023-12-18 13:09:58] [info]  [14792] Starting service...
[2023-12-18 13:09:59] [info]  [14792] Service started in 1192 milliseconds.
[2023-12-18 13:10:38] [info]  [12732] Service SERVICE_CONTROL_STOP signalled.
[2023-12-18 13:10:38] [info]  [ 7172] Stopping service...
[2023-12-18 13:10:39] [info]  [ 7172] Service stop thread completed.
[2023-12-18 13:10:39] [info]  [12732] Run service finished.
[2023-12-18 13:10:39] [info]  [12732] Apache Commons Daemon procrun finished.
[2023-12-18 13:12:06] [info]  [15704] Apache Commons Daemon procrun (1.3.4.0 64-bit) started.
[2023-12-18 13:12:06] [info]  [15704] Running Service 'Tomcat10'...
[2023-12-18 13:12:06] [info]  [  816] Starting service...
[2023-12-18 13:12:07] [info]  [  816] Service started in 1209 milliseconds.
[2023-12-18 13:12:33] [info]  [15704] Service SERVICE_CONTROL_STOP signalled.
[2023-12-18 13:12:33] [info]  [ 8628] Stopping service...
[2023-12-18 13:12:34] [info]  [ 8628] Service stop thread completed.
[2023-12-18 13:12:34] [info]  [15704] Run service finished.
[2023-12-18 13:12:34] [info]  [15704] Apache Commons Daemon procrun finished.
[2023-12-18 13:12:42] [info]  [ 7464] Apache Commons Daemon procrun (1.3.4.0 64-bit) started.
[2023-12-18 13:12:42] [info]  [ 7464] Running Service 'Tomcat10'...
[2023-12-18 13:12:42] [info]  [15444] Starting service...
[2023-12-18 13:12:44] [info]  [15444] Service started in 1201 milliseconds.
[2023-12-18 13:13:35] [info]  [ 7464] Service SERVICE_CONTROL_STOP signalled.
[2023-12-18 13:13:35] [info]  [ 5244] Stopping service...
[2023-12-18 13:13:36] [info]  [ 5244] Service stop thread completed.
[2023-12-18 13:13:36] [info]  [ 7464] Run service finished.
[2023-12-18 13:13:36] [info]  [ 7464] Apache Commons Daemon procrun finished.
[2023-12-18 13:14:35] [info]  [12544] Apache Commons Daemon procrun (1.3.4.0 64-bit) started.
[2023-12-18 13:14:35] [info]  [12544] Running Service 'Tomcat10'...
[2023-12-18 13:14:35] [info]  [ 7632] Starting service...
[2023-12-18 13:14:36] [info]  [ 7632] Service started in 1188 milliseconds.
[2023-12-18 13:15:03] [info]  [12544] Service SERVICE_CONTROL_STOP signalled.
[2023-12-18 13:15:03] [info]  [14188] Stopping service...
[2023-12-18 13:15:04] [info]  [14188] Service stop thread completed.
[2023-12-18 13:15:04] [info]  [12544] Run service finished.
[2023-12-18 13:15:04] [info]  [12544] Apache Commons Daemon procrun finished.
[2023-12-18 13:16:21] [info]  [15596] Apache Commons Daemon procrun (1.3.4.0 64-bit) started.
[2023-12-18 13:16:21] [info]  [15596] Running Service 'Tomcat10'...
[2023-12-18 13:16:21] [info]  [ 5044] Starting service...
[2023-12-18 13:16:22] [info]  [ 5044] Service started in 1183 milliseconds.
[2023-12-18 13:17:27] [info]  [15596] Service SERVICE_CONTROL_STOP signalled.
[2023-12-18 13:17:27] [info]  [16112] Stopping service...
[2023-12-18 13:17:28] [info]  [16112] Service stop thread completed.
[2023-12-18 13:17:28] [info]  [15596] Run service finished.
[2023-12-18 13:17:28] [info]  [15596] Apache Commons Daemon procrun finished.
[2023-12-18 13:17:57] [info]  [ 9316] Apache Commons Daemon procrun (1.3.4.0 64-bit) started.
[2023-12-18 13:17:57] [info]  [ 9316] Running Service 'Tomcat10'...
[2023-12-18 13:17:57] [info]  [13060] Starting service...
[2023-12-18 13:17:58] [info]  [13060] Service started in 1181 milliseconds.
[2023-12-18 13:18:24] [info]  [ 9316] Service SERVICE_CONTROL_STOP signalled.
[2023-12-18 13:18:24] [info]  [12432] Stopping service...
[2023-12-18 13:18:25] [info]  [12432] Service stop thread completed.
[2023-12-18 13:18:25] [info]  [ 9316] Run service finished.
[2023-12-18 13:18:25] [info]  [ 9316] Apache Commons Daemon procrun finished.
[2023-12-18 13:22:10] [info]  [15704] Apache Commons Daemon procrun (1.3.4.0 64-bit) started.
[2023-12-18 13:22:10] [info]  [15704] Running Service 'Tomcat10'...
[2023-12-18 13:22:10] [info]  [ 7716] Starting service...
[2023-12-18 13:22:11] [info]  [ 7716] Service started in 1176 milliseconds.
[2023-12-18 13:22:53] [info]  [15704] Service SERVICE_CONTROL_STOP signalled.
[2023-12-18 13:22:53] [info]  [13616] Stopping service...
[2023-12-18 13:22:54] [info]  [13616] Service stop thread completed.
[2023-12-18 13:22:54] [info]  [15704] Run service finished.
[2023-12-18 13:22:54] [info]  [15704] Apache Commons Daemon procrun finished.
