[2023-12-21 09:27:41] [info]  [12952] Apache Commons Daemon procrun (1.3.4.0 64-bit) started.
[2023-12-21 09:27:41] [info]  [12952] Running Service 'Tomcat10'...
[2023-12-21 09:27:41] [info]  [ 8736] Starting service...
[2023-12-21 09:27:43] [info]  [ 8736] Service started in 1556 milliseconds.
[2023-12-21 10:35:25] [info]  [12952] Service SERVICE_CONTROL_STOP signalled.
[2023-12-21 10:35:25] [info]  [11348] Stopping service...
[2023-12-21 10:35:26] [info]  [11348] Service stop thread completed.
[2023-12-21 10:35:26] [info]  [12952] Run service finished.
[2023-12-21 10:35:26] [info]  [12952] Apache Commons Daemon procrun finished.
[2023-12-21 10:35:54] [info]  [ 5244] Apache Commons Daemon procrun (1.3.4.0 64-bit) started.
[2023-12-21 10:35:54] [info]  [ 5244] Running Service 'Tomcat10'...
[2023-12-21 10:35:54] [info]  [16740] Starting service...
[2023-12-21 10:35:56] [info]  [16740] Service started in 1721 milliseconds.
[2023-12-21 10:44:43] [info]  [ 5244] Service SERVICE_CONTROL_STOP signalled.
[2023-12-21 10:44:43] [info]  [ 6380] Stopping service...
[2023-12-21 10:44:44] [info]  [ 6380] Service stop thread completed.
[2023-12-21 10:44:44] [info]  [ 5244] Run service finished.
[2023-12-21 10:44:44] [info]  [ 5244] Apache Commons Daemon procrun finished.
[2023-12-21 10:44:54] [info]  [14912] Apache Commons Daemon procrun (1.3.4.0 64-bit) started.
[2023-12-21 10:44:54] [info]  [14912] Running Service 'Tomcat10'...
[2023-12-21 10:44:54] [info]  [12272] Starting service...
[2023-12-21 10:44:56] [info]  [12272] Service started in 1175 milliseconds.
[2023-12-21 10:45:28] [info]  [14912] Service SERVICE_CONTROL_STOP signalled.
[2023-12-21 10:45:28] [info]  [ 8676] Stopping service...
[2023-12-21 10:45:29] [info]  [ 8676] Service stop thread completed.
[2023-12-21 10:45:29] [info]  [14912] Run service finished.
[2023-12-21 10:45:29] [info]  [14912] Apache Commons Daemon procrun finished.
