[2023-12-17 10:10:21] [info]  [10984] Apache Commons Daemon procrun (1.3.4.0 64-bit) started.
[2023-12-17 10:10:21] [info]  [10984] Running Service 'Tomcat10'...
[2023-12-17 10:10:21] [info]  [12560] Starting service...
[2023-12-17 10:10:23] [info]  [12560] Service started in 1465 milliseconds.
[2023-12-17 10:13:00] [info]  [10984] Service SERVICE_CONTROL_STOP signalled.
[2023-12-17 10:13:00] [info]  [10868] Stopping service...
[2023-12-17 10:13:01] [info]  [10868] Service stop thread completed.
[2023-12-17 10:13:01] [info]  [10984] Run service finished.
[2023-12-17 10:13:01] [info]  [10984] Apache Commons Daemon procrun finished.
[2023-12-17 10:13:22] [info]  [14820] Apache Commons Daemon procrun (1.3.4.0 64-bit) started.
[2023-12-17 10:13:22] [info]  [14820] Running Service 'Tomcat10'...
[2023-12-17 10:13:22] [info]  [12864] Starting service...
[2023-12-17 10:13:24] [info]  [12864] Service started in 1211 milliseconds.
[2023-12-17 10:48:07] [info]  [14820] Service SERVICE_CONTROL_STOP signalled.
[2023-12-17 10:48:07] [info]  [16224] Stopping service...
[2023-12-17 10:48:08] [info]  [16224] Service stop thread completed.
[2023-12-17 10:48:09] [info]  [14820] Run service finished.
[2023-12-17 10:48:09] [info]  [14820] Apache Commons Daemon procrun finished.
[2023-12-17 10:49:01] [info]  [11592] Apache Commons Daemon procrun (1.3.4.0 64-bit) started.
[2023-12-17 10:49:01] [info]  [11592] Running Service 'Tomcat10'...
[2023-12-17 10:49:01] [info]  [ 4876] Starting service...
[2023-12-17 10:49:02] [info]  [ 4876] Service started in 1184 milliseconds.
[2023-12-17 10:49:51] [info]  [11592] Service SERVICE_CONTROL_STOP signalled.
[2023-12-17 10:49:51] [info]  [14500] Stopping service...
[2023-12-17 10:49:52] [info]  [14500] Service stop thread completed.
[2023-12-17 10:49:52] [info]  [11592] Run service finished.
[2023-12-17 10:49:52] [info]  [11592] Apache Commons Daemon procrun finished.
[2023-12-17 10:51:02] [info]  [15112] Apache Commons Daemon procrun (1.3.4.0 64-bit) started.
[2023-12-17 10:51:02] [info]  [15112] Running Service 'Tomcat10'...
[2023-12-17 10:51:02] [info]  [15904] Starting service...
[2023-12-17 10:51:04] [info]  [15904] Service started in 1191 milliseconds.
[2023-12-17 10:52:07] [info]  [15112] Service SERVICE_CONTROL_STOP signalled.
[2023-12-17 10:52:07] [info]  [ 7516] Stopping service...
[2023-12-17 10:52:08] [info]  [ 7516] Service stop thread completed.
[2023-12-17 10:52:08] [info]  [15112] Run service finished.
[2023-12-17 10:52:08] [info]  [15112] Apache Commons Daemon procrun finished.
[2023-12-17 10:55:18] [info]  [ 6760] Apache Commons Daemon procrun (1.3.4.0 64-bit) started.
[2023-12-17 10:55:18] [info]  [ 6760] Running Service 'Tomcat10'...
[2023-12-17 10:55:18] [info]  [10828] Starting service...
[2023-12-17 10:55:19] [info]  [10828] Service started in 1222 milliseconds.
[2023-12-17 10:56:52] [info]  [ 6760] Service SERVICE_CONTROL_STOP signalled.
[2023-12-17 10:56:52] [info]  [ 6968] Stopping service...
[2023-12-17 10:56:53] [info]  [ 6968] Service stop thread completed.
[2023-12-17 10:56:53] [info]  [ 6760] Run service finished.
[2023-12-17 10:56:53] [info]  [ 6760] Apache Commons Daemon procrun finished.
[2023-12-17 11:00:36] [info]  [14856] Apache Commons Daemon procrun (1.3.4.0 64-bit) started.
[2023-12-17 11:00:36] [info]  [14856] Running Service 'Tomcat10'...
[2023-12-17 11:00:36] [info]  [ 4256] Starting service...
[2023-12-17 11:00:37] [info]  [ 4256] Service started in 1184 milliseconds.
[2023-12-17 11:04:14] [info]  [14856] Service SERVICE_CONTROL_STOP signalled.
[2023-12-17 11:04:14] [info]  [15984] Stopping service...
[2023-12-17 11:04:15] [info]  [15984] Service stop thread completed.
[2023-12-17 11:04:15] [info]  [14856] Run service finished.
[2023-12-17 11:04:15] [info]  [14856] Apache Commons Daemon procrun finished.
[2023-12-17 11:04:28] [info]  [ 1744] Apache Commons Daemon procrun (1.3.4.0 64-bit) started.
[2023-12-17 11:04:28] [info]  [ 1744] Running Service 'Tomcat10'...
[2023-12-17 11:04:28] [info]  [ 1648] Starting service...
[2023-12-17 11:04:30] [info]  [ 1648] Service started in 1182 milliseconds.
[2023-12-17 11:07:37] [info]  [ 1744] Service SERVICE_CONTROL_STOP signalled.
[2023-12-17 11:07:37] [info]  [ 9584] Stopping service...
[2023-12-17 11:07:38] [info]  [ 9584] Service stop thread completed.
[2023-12-17 11:07:38] [info]  [ 1744] Run service finished.
[2023-12-17 11:07:38] [info]  [ 1744] Apache Commons Daemon procrun finished.
[2023-12-17 11:08:03] [info]  [16076] Apache Commons Daemon procrun (1.3.4.0 64-bit) started.
[2023-12-17 11:08:03] [info]  [16076] Running Service 'Tomcat10'...
[2023-12-17 11:08:03] [info]  [ 9732] Starting service...
[2023-12-17 11:08:04] [info]  [ 9732] Service started in 1192 milliseconds.
[2023-12-17 11:15:17] [info]  [16076] Service SERVICE_CONTROL_STOP signalled.
[2023-12-17 11:15:17] [info]  [15272] Stopping service...
[2023-12-17 11:15:18] [info]  [15272] Service stop thread completed.
[2023-12-17 11:15:18] [info]  [16076] Run service finished.
[2023-12-17 11:15:18] [info]  [16076] Apache Commons Daemon procrun finished.
[2023-12-17 11:15:32] [info]  [10216] Apache Commons Daemon procrun (1.3.4.0 64-bit) started.
[2023-12-17 11:15:32] [info]  [10216] Running Service 'Tomcat10'...
[2023-12-17 11:15:32] [info]  [15060] Starting service...
[2023-12-17 11:15:33] [info]  [15060] Service started in 1210 milliseconds.
[2023-12-17 11:22:23] [info]  [10216] Service SERVICE_CONTROL_STOP signalled.
[2023-12-17 11:22:23] [info]  [14916] Stopping service...
[2023-12-17 11:22:24] [info]  [14916] Service stop thread completed.
[2023-12-17 11:22:24] [info]  [10216] Run service finished.
[2023-12-17 11:22:24] [info]  [10216] Apache Commons Daemon procrun finished.
[2023-12-17 11:23:03] [info]  [16200] Apache Commons Daemon procrun (1.3.4.0 64-bit) started.
[2023-12-17 11:23:03] [info]  [16200] Running Service 'Tomcat10'...
[2023-12-17 11:23:03] [info]  [13876] Starting service...
[2023-12-17 11:23:04] [info]  [13876] Service started in 1188 milliseconds.
[2023-12-17 11:23:40] [info]  [16200] Service SERVICE_CONTROL_STOP signalled.
[2023-12-17 11:23:40] [info]  [  112] Stopping service...
[2023-12-17 11:23:41] [info]  [  112] Service stop thread completed.
[2023-12-17 11:23:41] [info]  [16200] Run service finished.
[2023-12-17 11:23:41] [info]  [16200] Apache Commons Daemon procrun finished.
[2023-12-17 11:27:09] [info]  [10108] Apache Commons Daemon procrun (1.3.4.0 64-bit) started.
[2023-12-17 11:27:09] [info]  [10108] Running Service 'Tomcat10'...
[2023-12-17 11:27:09] [info]  [14340] Starting service...
[2023-12-17 11:27:10] [info]  [14340] Service started in 1198 milliseconds.
[2023-12-17 11:27:55] [info]  [10108] Service SERVICE_CONTROL_STOP signalled.
[2023-12-17 11:27:55] [info]  [ 9288] Stopping service...
[2023-12-17 11:27:56] [info]  [ 9288] Service stop thread completed.
[2023-12-17 11:27:56] [info]  [10108] Run service finished.
[2023-12-17 11:27:56] [info]  [10108] Apache Commons Daemon procrun finished.
[2023-12-17 11:29:24] [info]  [10216] Apache Commons Daemon procrun (1.3.4.0 64-bit) started.
[2023-12-17 11:29:24] [info]  [10216] Running Service 'Tomcat10'...
[2023-12-17 11:29:24] [info]  [15944] Starting service...
[2023-12-17 11:29:25] [info]  [15944] Service started in 1186 milliseconds.
[2023-12-17 11:30:31] [info]  [10216] Service SERVICE_CONTROL_STOP signalled.
[2023-12-17 11:30:31] [info]  [16296] Stopping service...
[2023-12-17 11:30:32] [info]  [16296] Service stop thread completed.
[2023-12-17 11:30:32] [info]  [10216] Run service finished.
[2023-12-17 11:30:32] [info]  [10216] Apache Commons Daemon procrun finished.
[2023-12-17 11:31:00] [info]  [ 4016] Apache Commons Daemon procrun (1.3.4.0 64-bit) started.
[2023-12-17 11:31:00] [info]  [ 4016] Running Service 'Tomcat10'...
[2023-12-17 11:31:00] [info]  [10544] Starting service...
[2023-12-17 11:31:01] [info]  [10544] Service started in 1188 milliseconds.
[2023-12-17 11:37:01] [info]  [ 4016] Service SERVICE_CONTROL_STOP signalled.
[2023-12-17 11:37:01] [info]  [ 9828] Stopping service...
[2023-12-17 11:37:02] [info]  [ 9828] Service stop thread completed.
[2023-12-17 11:37:02] [info]  [ 4016] Run service finished.
[2023-12-17 11:37:02] [info]  [ 4016] Apache Commons Daemon procrun finished.
[2023-12-17 11:38:26] [info]  [14128] Apache Commons Daemon procrun (1.3.4.0 64-bit) started.
[2023-12-17 11:38:26] [info]  [14128] Running Service 'Tomcat10'...
[2023-12-17 11:38:26] [info]  [12824] Starting service...
[2023-12-17 11:38:28] [info]  [12824] Service started in 1214 milliseconds.
[2023-12-17 11:39:45] [info]  [14128] Service SERVICE_CONTROL_STOP signalled.
[2023-12-17 11:39:45] [info]  [15036] Stopping service...
[2023-12-17 11:39:46] [info]  [15036] Service stop thread completed.
[2023-12-17 11:39:46] [info]  [14128] Run service finished.
[2023-12-17 11:39:46] [info]  [14128] Apache Commons Daemon procrun finished.
[2023-12-17 11:52:37] [info]  [10188] Apache Commons Daemon procrun (1.3.4.0 64-bit) started.
[2023-12-17 11:52:38] [info]  [10188] Running Service 'Tomcat10'...
[2023-12-17 11:52:38] [info]  [ 7912] Starting service...
[2023-12-17 11:52:39] [info]  [ 7912] Service started in 1198 milliseconds.
[2023-12-17 11:53:41] [info]  [10188] Service SERVICE_CONTROL_STOP signalled.
[2023-12-17 11:53:41] [info]  [13280] Stopping service...
[2023-12-17 11:53:42] [info]  [13280] Service stop thread completed.
[2023-12-17 11:53:42] [info]  [10188] Run service finished.
[2023-12-17 11:53:42] [info]  [10188] Apache Commons Daemon procrun finished.
[2023-12-17 12:05:58] [info]  [16004] Apache Commons Daemon procrun (1.3.4.0 64-bit) started.
[2023-12-17 12:05:58] [info]  [16004] Running Service 'Tomcat10'...
[2023-12-17 12:05:58] [info]  [13856] Starting service...
[2023-12-17 12:05:59] [info]  [13856] Service started in 1185 milliseconds.
[2023-12-17 12:20:17] [info]  [16004] Service SERVICE_CONTROL_STOP signalled.
[2023-12-17 12:20:17] [info]  [ 5024] Stopping service...
[2023-12-17 12:20:18] [info]  [ 5024] Service stop thread completed.
[2023-12-17 12:20:18] [info]  [16004] Run service finished.
[2023-12-17 12:20:18] [info]  [16004] Apache Commons Daemon procrun finished.
[2023-12-17 12:21:17] [info]  [15584] Apache Commons Daemon procrun (1.3.4.0 64-bit) started.
[2023-12-17 12:21:17] [info]  [15584] Running Service 'Tomcat10'...
[2023-12-17 12:21:17] [info]  [10652] Starting service...
[2023-12-17 12:21:19] [info]  [10652] Service started in 1209 milliseconds.
[2023-12-17 12:32:43] [info]  [15584] Service SERVICE_CONTROL_STOP signalled.
[2023-12-17 12:32:43] [info]  [14868] Stopping service...
[2023-12-17 12:32:44] [info]  [14868] Service stop thread completed.
[2023-12-17 12:32:44] [info]  [15584] Run service finished.
[2023-12-17 12:32:44] [info]  [15584] Apache Commons Daemon procrun finished.
[2023-12-17 12:36:06] [info]  [15752] Apache Commons Daemon procrun (1.3.4.0 64-bit) started.
[2023-12-17 12:36:06] [info]  [15752] Running Service 'Tomcat10'...
[2023-12-17 12:36:06] [info]  [ 3272] Starting service...
[2023-12-17 12:36:07] [info]  [ 3272] Service started in 1189 milliseconds.
[2023-12-17 12:37:28] [info]  [15752] Service SERVICE_CONTROL_STOP signalled.
[2023-12-17 12:37:28] [info]  [ 1556] Stopping service...
[2023-12-17 12:37:29] [info]  [ 1556] Service stop thread completed.
[2023-12-17 12:37:29] [info]  [15752] Run service finished.
[2023-12-17 12:37:29] [info]  [15752] Apache Commons Daemon procrun finished.
[2023-12-17 12:37:37] [info]  [ 9292] Apache Commons Daemon procrun (1.3.4.0 64-bit) started.
[2023-12-17 12:37:37] [info]  [ 9292] Running Service 'Tomcat10'...
[2023-12-17 12:37:37] [info]  [14672] Starting service...
[2023-12-17 12:37:38] [info]  [14672] Service started in 1191 milliseconds.
[2023-12-17 12:40:32] [info]  [ 9292] Service SERVICE_CONTROL_STOP signalled.
[2023-12-17 12:40:32] [info]  [10068] Stopping service...
[2023-12-17 12:40:33] [info]  [10068] Service stop thread completed.
[2023-12-17 12:40:33] [info]  [ 9292] Run service finished.
[2023-12-17 12:40:33] [info]  [ 9292] Apache Commons Daemon procrun finished.
[2023-12-17 12:40:46] [info]  [15648] Apache Commons Daemon procrun (1.3.4.0 64-bit) started.
[2023-12-17 12:40:46] [info]  [15648] Running Service 'Tomcat10'...
[2023-12-17 12:40:46] [info]  [14552] Starting service...
[2023-12-17 12:40:47] [info]  [14552] Service started in 1190 milliseconds.
[2023-12-17 12:41:44] [info]  [15648] Service SERVICE_CONTROL_STOP signalled.
[2023-12-17 12:41:44] [info]  [14388] Stopping service...
[2023-12-17 12:41:45] [info]  [14388] Service stop thread completed.
[2023-12-17 12:41:45] [info]  [15648] Run service finished.
[2023-12-17 12:41:45] [info]  [15648] Apache Commons Daemon procrun finished.
[2023-12-17 12:49:01] [info]  [ 5792] Apache Commons Daemon procrun (1.3.4.0 64-bit) started.
[2023-12-17 12:49:01] [info]  [ 5792] Running Service 'Tomcat10'...
[2023-12-17 12:49:01] [info]  [15840] Starting service...
[2023-12-17 12:49:02] [info]  [15840] Service started in 1194 milliseconds.
[2023-12-17 12:49:59] [info]  [ 5792] Service SERVICE_CONTROL_STOP signalled.
[2023-12-17 12:49:59] [info]  [16032] Stopping service...
[2023-12-17 12:50:00] [info]  [16032] Service stop thread completed.
[2023-12-17 12:50:00] [info]  [ 5792] Run service finished.
[2023-12-17 12:50:00] [info]  [ 5792] Apache Commons Daemon procrun finished.
[2023-12-17 12:58:33] [info]  [ 7000] Apache Commons Daemon procrun (1.3.4.0 64-bit) started.
[2023-12-17 12:58:33] [info]  [ 7000] Running Service 'Tomcat10'...
[2023-12-17 12:58:33] [info]  [13928] Starting service...
[2023-12-17 12:58:34] [info]  [13928] Service started in 1189 milliseconds.
[2023-12-17 12:59:20] [info]  [ 7000] Service SERVICE_CONTROL_STOP signalled.
[2023-12-17 12:59:20] [info]  [14112] Stopping service...
[2023-12-17 12:59:21] [info]  [14112] Service stop thread completed.
[2023-12-17 12:59:21] [info]  [ 7000] Run service finished.
[2023-12-17 12:59:21] [info]  [ 7000] Apache Commons Daemon procrun finished.
[2023-12-17 13:01:37] [info]  [12252] Apache Commons Daemon procrun (1.3.4.0 64-bit) started.
[2023-12-17 13:01:37] [info]  [12252] Running Service 'Tomcat10'...
[2023-12-17 13:01:37] [info]  [ 1680] Starting service...
[2023-12-17 13:01:39] [info]  [ 1680] Service started in 1195 milliseconds.
[2023-12-17 13:07:09] [info]  [12252] Service SERVICE_CONTROL_STOP signalled.
[2023-12-17 13:07:09] [info]  [ 6380] Stopping service...
[2023-12-17 13:07:10] [info]  [ 6380] Service stop thread completed.
[2023-12-17 13:07:10] [info]  [12252] Run service finished.
[2023-12-17 13:07:10] [info]  [12252] Apache Commons Daemon procrun finished.
[2023-12-17 13:07:19] [info]  [12380] Apache Commons Daemon procrun (1.3.4.0 64-bit) started.
[2023-12-17 13:07:19] [info]  [12380] Running Service 'Tomcat10'...
[2023-12-17 13:07:19] [info]  [ 9532] Starting service...
[2023-12-17 13:07:20] [info]  [ 9532] Service started in 1225 milliseconds.
[2023-12-17 13:08:51] [info]  [12380] Service SERVICE_CONTROL_STOP signalled.
[2023-12-17 13:08:51] [info]  [11588] Stopping service...
[2023-12-17 13:08:52] [info]  [11588] Service stop thread completed.
[2023-12-17 13:08:52] [info]  [12380] Run service finished.
[2023-12-17 13:08:52] [info]  [12380] Apache Commons Daemon procrun finished.
[2023-12-17 13:09:49] [info]  [ 5496] Apache Commons Daemon procrun (1.3.4.0 64-bit) started.
[2023-12-17 13:09:49] [info]  [ 5496] Running Service 'Tomcat10'...
[2023-12-17 13:09:49] [info]  [ 8908] Starting service...
[2023-12-17 13:09:50] [info]  [ 8908] Service started in 1188 milliseconds.
[2023-12-17 13:10:32] [info]  [ 5496] Service SERVICE_CONTROL_STOP signalled.
[2023-12-17 13:10:32] [info]  [13024] Stopping service...
[2023-12-17 13:10:33] [info]  [13024] Service stop thread completed.
[2023-12-17 13:10:33] [info]  [ 5496] Run service finished.
[2023-12-17 13:10:33] [info]  [ 5496] Apache Commons Daemon procrun finished.
[2023-12-17 13:12:33] [info]  [ 4760] Apache Commons Daemon procrun (1.3.4.0 64-bit) started.
[2023-12-17 13:12:33] [info]  [ 4760] Running Service 'Tomcat10'...
[2023-12-17 13:12:33] [info]  [11516] Starting service...
[2023-12-17 13:12:35] [info]  [11516] Service started in 1224 milliseconds.
[2023-12-17 13:16:27] [info]  [ 4760] Service SERVICE_CONTROL_STOP signalled.
[2023-12-17 13:16:27] [info]  [ 9264] Stopping service...
[2023-12-17 13:16:28] [info]  [ 9264] Service stop thread completed.
[2023-12-17 13:16:28] [info]  [ 4760] Run service finished.
[2023-12-17 13:16:28] [info]  [ 4760] Apache Commons Daemon procrun finished.
[2023-12-17 19:44:57] [info]  [ 3148] Apache Commons Daemon procrun (1.3.4.0 64-bit) started.
[2023-12-17 19:44:57] [info]  [ 3148] Running Service 'Tomcat10'...
[2023-12-17 19:44:57] [info]  [15248] Starting service...
[2023-12-17 19:44:59] [info]  [15248] Service started in 2098 milliseconds.
[2023-12-17 19:47:05] [info]  [ 3148] Service SERVICE_CONTROL_STOP signalled.
[2023-12-17 19:47:05] [info]  [ 4760] Stopping service...
[2023-12-17 19:47:06] [info]  [ 4760] Service stop thread completed.
[2023-12-17 19:47:06] [info]  [ 3148] Run service finished.
[2023-12-17 19:47:06] [info]  [ 3148] Apache Commons Daemon procrun finished.
[2023-12-17 19:47:16] [info]  [12824] Apache Commons Daemon procrun (1.3.4.0 64-bit) started.
[2023-12-17 19:47:16] [info]  [12824] Running Service 'Tomcat10'...
[2023-12-17 19:47:16] [info]  [ 7196] Starting service...
[2023-12-17 19:47:17] [info]  [ 7196] Service started in 1180 milliseconds.
[2023-12-17 19:49:45] [info]  [12824] Service SERVICE_CONTROL_STOP signalled.
[2023-12-17 19:49:45] [info]  [ 2760] Stopping service...
[2023-12-17 19:49:46] [info]  [ 2760] Service stop thread completed.
[2023-12-17 19:49:46] [info]  [12824] Run service finished.
[2023-12-17 19:49:46] [info]  [12824] Apache Commons Daemon procrun finished.
[2023-12-17 19:49:57] [info]  [10616] Apache Commons Daemon procrun (1.3.4.0 64-bit) started.
[2023-12-17 19:49:57] [info]  [10616] Running Service 'Tomcat10'...
[2023-12-17 19:49:57] [info]  [  112] Starting service...
[2023-12-17 19:49:59] [info]  [  112] Service started in 1554 milliseconds.
[2023-12-17 20:01:34] [info]  [10616] Service SERVICE_CONTROL_STOP signalled.
[2023-12-17 20:01:34] [info]  [ 1744] Stopping service...
[2023-12-17 20:01:35] [info]  [ 1744] Service stop thread completed.
[2023-12-17 20:01:35] [info]  [10616] Run service finished.
[2023-12-17 20:01:35] [info]  [10616] Apache Commons Daemon procrun finished.
[2023-12-17 20:01:44] [info]  [15080] Apache Commons Daemon procrun (1.3.4.0 64-bit) started.
[2023-12-17 20:01:44] [info]  [15080] Running Service 'Tomcat10'...
[2023-12-17 20:01:44] [info]  [13104] Starting service...
[2023-12-17 20:01:45] [info]  [13104] Service started in 1199 milliseconds.
[2023-12-17 20:02:48] [info]  [15080] Service SERVICE_CONTROL_STOP signalled.
[2023-12-17 20:02:48] [info]  [16328] Stopping service...
[2023-12-17 20:02:49] [info]  [16328] Service stop thread completed.
[2023-12-17 20:02:49] [info]  [15080] Run service finished.
[2023-12-17 20:02:49] [info]  [15080] Apache Commons Daemon procrun finished.
[2023-12-17 20:03:03] [info]  [15060] Apache Commons Daemon procrun (1.3.4.0 64-bit) started.
[2023-12-17 20:03:03] [info]  [15060] Running Service 'Tomcat10'...
[2023-12-17 20:03:03] [info]  [ 6540] Starting service...
[2023-12-17 20:03:05] [info]  [ 6540] Service started in 1222 milliseconds.
[2023-12-17 20:15:53] [info]  [15060] Service SERVICE_CONTROL_STOP signalled.
[2023-12-17 20:15:53] [info]  [ 7116] Stopping service...
[2023-12-17 20:15:54] [info]  [ 7116] Service stop thread completed.
[2023-12-17 20:15:54] [info]  [15060] Run service finished.
[2023-12-17 20:15:54] [info]  [15060] Apache Commons Daemon procrun finished.
[2023-12-17 20:16:31] [info]  [ 1360] Apache Commons Daemon procrun (1.3.4.0 64-bit) started.
[2023-12-17 20:16:31] [info]  [ 1360] Running Service 'Tomcat10'...
[2023-12-17 20:16:31] [info]  [13760] Starting service...
[2023-12-17 20:16:32] [info]  [13760] Service started in 1196 milliseconds.
[2023-12-17 20:17:41] [info]  [ 1360] Service SERVICE_CONTROL_STOP signalled.
[2023-12-17 20:17:41] [info]  [12912] Stopping service...
[2023-12-17 20:17:42] [info]  [12912] Service stop thread completed.
[2023-12-17 20:17:43] [info]  [ 1360] Run service finished.
[2023-12-17 20:17:43] [info]  [ 1360] Apache Commons Daemon procrun finished.
[2023-12-17 20:17:51] [info]  [ 6656] Apache Commons Daemon procrun (1.3.4.0 64-bit) started.
[2023-12-17 20:17:51] [info]  [ 6656] Running Service 'Tomcat10'...
[2023-12-17 20:17:51] [info]  [ 6780] Starting service...
[2023-12-17 20:17:53] [info]  [ 6780] Service started in 1193 milliseconds.
[2023-12-17 20:28:48] [info]  [ 6656] Service SERVICE_CONTROL_STOP signalled.
[2023-12-17 20:28:48] [info]  [11156] Stopping service...
[2023-12-17 20:28:49] [info]  [11156] Service stop thread completed.
[2023-12-17 20:28:49] [info]  [ 6656] Run service finished.
[2023-12-17 20:28:49] [info]  [ 6656] Apache Commons Daemon procrun finished.
[2023-12-17 20:29:15] [info]  [ 8752] Apache Commons Daemon procrun (1.3.4.0 64-bit) started.
[2023-12-17 20:29:15] [info]  [ 8752] Running Service 'Tomcat10'...
[2023-12-17 20:29:15] [info]  [13464] Starting service...
[2023-12-17 20:29:16] [info]  [13464] Service started in 1178 milliseconds.
[2023-12-17 20:30:05] [info]  [ 8752] Service SERVICE_CONTROL_STOP signalled.
[2023-12-17 20:30:05] [info]  [ 1636] Stopping service...
[2023-12-17 20:30:06] [info]  [ 1636] Service stop thread completed.
[2023-12-17 20:30:06] [info]  [ 8752] Run service finished.
[2023-12-17 20:30:06] [info]  [ 8752] Apache Commons Daemon procrun finished.
[2023-12-17 20:31:28] [info]  [11132] Apache Commons Daemon procrun (1.3.4.0 64-bit) started.
[2023-12-17 20:31:28] [info]  [11132] Running Service 'Tomcat10'...
[2023-12-17 20:31:28] [info]  [13612] Starting service...
[2023-12-17 20:31:29] [info]  [13612] Service started in 1515 milliseconds.
[2023-12-17 20:37:19] [info]  [11132] Service SERVICE_CONTROL_STOP signalled.
[2023-12-17 20:37:19] [info]  [12180] Stopping service...
[2023-12-17 20:37:20] [info]  [12180] Service stop thread completed.
[2023-12-17 20:37:20] [info]  [11132] Run service finished.
[2023-12-17 20:37:20] [info]  [11132] Apache Commons Daemon procrun finished.
[2023-12-17 20:37:28] [info]  [ 2972] Apache Commons Daemon procrun (1.3.4.0 64-bit) started.
[2023-12-17 20:37:28] [info]  [ 2972] Running Service 'Tomcat10'...
[2023-12-17 20:37:28] [info]  [ 3280] Starting service...
[2023-12-17 20:37:29] [info]  [ 3280] Service started in 1197 milliseconds.
[2023-12-17 20:45:40] [info]  [ 2972] Service SERVICE_CONTROL_STOP signalled.
[2023-12-17 20:45:40] [info]  [ 3440] Stopping service...
[2023-12-17 20:45:41] [info]  [ 3440] Service stop thread completed.
[2023-12-17 20:45:41] [info]  [ 2972] Run service finished.
[2023-12-17 20:45:41] [info]  [ 2972] Apache Commons Daemon procrun finished.
