[2024-01-05 09:27:53] [info]  [12068] Apache Commons Daemon procrun (1.3.4.0 64-bit) started.
[2024-01-05 09:27:53] [info]  [12068] Running Service 'Tomcat10'...
[2024-01-05 09:27:53] [info]  [15396] Starting service...
[2024-01-05 09:27:55] [info]  [15396] Service started in 1639 milliseconds.
[2024-01-05 09:29:21] [info]  [12068] Service SERVICE_CONTROL_STOP signalled.
[2024-01-05 09:29:21] [info]  [20764] Stopping service...
[2024-01-05 09:29:22] [info]  [20764] Service stop thread completed.
[2024-01-05 09:29:22] [info]  [12068] Run service finished.
[2024-01-05 09:29:22] [info]  [12068] Apache Commons Daemon procrun finished.
[2024-01-05 09:35:24] [info]  [ 1612] Apache Commons Daemon procrun (1.3.4.0 64-bit) started.
[2024-01-05 09:35:24] [info]  [ 1612] Running Service 'Tomcat10'...
[2024-01-05 09:35:24] [info]  [19684] Starting service...
[2024-01-05 09:35:25] [info]  [19684] Service started in 1205 milliseconds.
[2024-01-05 09:36:33] [info]  [ 1612] Service SERVICE_CONTROL_STOP signalled.
[2024-01-05 09:36:33] [info]  [ 4428] Stopping service...
[2024-01-05 09:36:34] [info]  [ 4428] Service stop thread completed.
[2024-01-05 09:36:34] [info]  [ 1612] Run service finished.
[2024-01-05 09:36:34] [info]  [ 1612] Apache Commons Daemon procrun finished.
[2024-01-05 09:44:04] [info]  [14896] Apache Commons Daemon procrun (1.3.4.0 64-bit) started.
[2024-01-05 09:44:04] [info]  [14896] Running Service 'Tomcat10'...
[2024-01-05 09:44:04] [info]  [ 3112] Starting service...
[2024-01-05 09:44:05] [info]  [ 3112] Service started in 1239 milliseconds.
[2024-01-05 09:44:56] [info]  [14896] Service SERVICE_CONTROL_STOP signalled.
[2024-01-05 09:44:56] [info]  [20252] Stopping service...
[2024-01-05 09:44:57] [info]  [20252] Service stop thread completed.
[2024-01-05 09:44:57] [info]  [14896] Run service finished.
[2024-01-05 09:44:57] [info]  [14896] Apache Commons Daemon procrun finished.
[2024-01-05 09:45:31] [info]  [23736] Apache Commons Daemon procrun (1.3.4.0 64-bit) started.
[2024-01-05 09:45:31] [info]  [23736] Running Service 'Tomcat10'...
[2024-01-05 09:45:31] [info]  [23924] Starting service...
[2024-01-05 09:45:32] [info]  [23924] Service started in 1209 milliseconds.
[2024-01-05 09:47:37] [info]  [23736] Service SERVICE_CONTROL_STOP signalled.
[2024-01-05 09:47:37] [info]  [20128] Stopping service...
[2024-01-05 09:47:38] [info]  [20128] Service stop thread completed.
[2024-01-05 09:47:38] [info]  [23736] Run service finished.
[2024-01-05 09:47:38] [info]  [23736] Apache Commons Daemon procrun finished.
[2024-01-05 09:48:27] [info]  [24328] Apache Commons Daemon procrun (1.3.4.0 64-bit) started.
[2024-01-05 09:48:27] [info]  [24328] Running Service 'Tomcat10'...
[2024-01-05 09:48:27] [info]  [13740] Starting service...
[2024-01-05 09:48:28] [info]  [13740] Service started in 1212 milliseconds.
[2024-01-05 09:48:58] [info]  [24328] Service SERVICE_CONTROL_STOP signalled.
[2024-01-05 09:48:58] [info]  [16316] Stopping service...
[2024-01-05 09:48:59] [info]  [16316] Service stop thread completed.
[2024-01-05 09:48:59] [info]  [24328] Run service finished.
[2024-01-05 09:48:59] [info]  [24328] Apache Commons Daemon procrun finished.
[2024-01-05 09:51:10] [info]  [16316] Apache Commons Daemon procrun (1.3.4.0 64-bit) started.
[2024-01-05 09:51:10] [info]  [16316] Running Service 'Tomcat10'...
[2024-01-05 09:51:10] [info]  [24400] Starting service...
[2024-01-05 09:51:11] [info]  [24400] Service started in 1201 milliseconds.
[2024-01-05 09:51:55] [info]  [16316] Service SERVICE_CONTROL_STOP signalled.
[2024-01-05 09:51:55] [info]  [ 1612] Stopping service...
[2024-01-05 09:51:56] [info]  [ 1612] Service stop thread completed.
[2024-01-05 09:51:56] [info]  [16316] Run service finished.
[2024-01-05 09:51:56] [info]  [16316] Apache Commons Daemon procrun finished.
[2024-01-05 09:53:24] [info]  [21400] Apache Commons Daemon procrun (1.3.4.0 64-bit) started.
[2024-01-05 09:53:24] [info]  [21400] Running Service 'Tomcat10'...
[2024-01-05 09:53:24] [info]  [21988] Starting service...
[2024-01-05 09:53:26] [info]  [21988] Service started in 1178 milliseconds.
[2024-01-05 09:55:18] [info]  [21400] Service SERVICE_CONTROL_STOP signalled.
[2024-01-05 09:55:18] [info]  [ 1268] Stopping service...
[2024-01-05 09:55:19] [info]  [ 1268] Service stop thread completed.
[2024-01-05 09:55:19] [info]  [21400] Run service finished.
[2024-01-05 09:55:19] [info]  [21400] Apache Commons Daemon procrun finished.
[2024-01-05 10:02:43] [info]  [13276] Apache Commons Daemon procrun (1.3.4.0 64-bit) started.
[2024-01-05 10:02:43] [info]  [13276] Running Service 'Tomcat10'...
[2024-01-05 10:02:43] [info]  [21860] Starting service...
[2024-01-05 10:02:44] [info]  [21860] Service started in 1244 milliseconds.
[2024-01-05 10:03:35] [info]  [13276] Service SERVICE_CONTROL_STOP signalled.
[2024-01-05 10:03:35] [info]  [12164] Stopping service...
[2024-01-05 10:03:36] [info]  [12164] Service stop thread completed.
[2024-01-05 10:03:36] [info]  [13276] Run service finished.
[2024-01-05 10:03:36] [info]  [13276] Apache Commons Daemon procrun finished.
[2024-01-05 10:48:22] [info]  [20652] Apache Commons Daemon procrun (1.3.4.0 64-bit) started.
[2024-01-05 10:48:22] [info]  [20652] Running Service 'Tomcat10'...
[2024-01-05 10:48:22] [info]  [17396] Starting service...
[2024-01-05 10:48:23] [info]  [17396] Service started in 1196 milliseconds.
[2024-01-05 10:51:08] [info]  [20652] Service SERVICE_CONTROL_STOP signalled.
[2024-01-05 10:51:08] [info]  [21208] Stopping service...
[2024-01-05 10:51:09] [info]  [21208] Service stop thread completed.
[2024-01-05 10:51:09] [info]  [20652] Run service finished.
[2024-01-05 10:51:09] [info]  [20652] Apache Commons Daemon procrun finished.
[2024-01-05 10:52:52] [info]  [19524] Apache Commons Daemon procrun (1.3.4.0 64-bit) started.
[2024-01-05 10:52:52] [info]  [19524] Running Service 'Tomcat10'...
[2024-01-05 10:52:52] [info]  [19544] Starting service...
[2024-01-05 10:52:54] [info]  [19544] Service started in 1208 milliseconds.
[2024-01-05 10:57:14] [info]  [19524] Service SERVICE_CONTROL_STOP signalled.
[2024-01-05 10:57:14] [info]  [23876] Stopping service...
[2024-01-05 10:57:15] [info]  [23876] Service stop thread completed.
[2024-01-05 10:57:16] [info]  [19524] Run service finished.
[2024-01-05 10:57:16] [info]  [19524] Apache Commons Daemon procrun finished.
[2024-01-05 10:58:01] [info]  [22364] Apache Commons Daemon procrun (1.3.4.0 64-bit) started.
[2024-01-05 10:58:01] [info]  [22364] Running Service 'Tomcat10'...
[2024-01-05 10:58:01] [info]  [24412] Starting service...
[2024-01-05 10:58:03] [info]  [24412] Service started in 1334 milliseconds.
[2024-01-05 10:58:34] [info]  [22364] Service SERVICE_CONTROL_STOP signalled.
[2024-01-05 10:58:34] [info]  [ 6700] Stopping service...
[2024-01-05 10:58:35] [info]  [ 6700] Service stop thread completed.
[2024-01-05 10:58:35] [info]  [22364] Run service finished.
[2024-01-05 10:58:35] [info]  [22364] Apache Commons Daemon procrun finished.
[2024-01-05 10:58:53] [info]  [15388] Apache Commons Daemon procrun (1.3.4.0 64-bit) started.
[2024-01-05 10:58:53] [info]  [15388] Running Service 'Tomcat10'...
[2024-01-05 10:58:53] [info]  [20336] Starting service...
[2024-01-05 10:58:54] [info]  [20336] Service started in 1213 milliseconds.
[2024-01-05 10:59:48] [info]  [15388] Service SERVICE_CONTROL_STOP signalled.
[2024-01-05 10:59:48] [info]  [ 5424] Stopping service...
[2024-01-05 10:59:49] [info]  [ 5424] Service stop thread completed.
[2024-01-05 10:59:49] [info]  [15388] Run service finished.
[2024-01-05 10:59:49] [info]  [15388] Apache Commons Daemon procrun finished.
[2024-01-05 15:39:11] [info]  [17212] Apache Commons Daemon procrun (1.3.4.0 64-bit) started.
[2024-01-05 15:39:11] [info]  [17212] Running Service 'Tomcat10'...
[2024-01-05 15:39:11] [info]  [20516] Starting service...
[2024-01-05 15:39:13] [info]  [20516] Service started in 1480 milliseconds.
[2024-01-05 15:40:09] [info]  [17212] Service SERVICE_CONTROL_STOP signalled.
[2024-01-05 15:40:09] [info]  [ 8904] Stopping service...
[2024-01-05 15:40:10] [info]  [ 8904] Service stop thread completed.
[2024-01-05 15:40:10] [info]  [17212] Run service finished.
[2024-01-05 15:40:10] [info]  [17212] Apache Commons Daemon procrun finished.
[2024-01-05 15:44:11] [info]  [19808] Apache Commons Daemon procrun (1.3.4.0 64-bit) started.
[2024-01-05 15:44:11] [info]  [19808] Running Service 'Tomcat10'...
[2024-01-05 15:44:11] [info]  [11968] Starting service...
[2024-01-05 15:44:12] [info]  [11968] Service started in 1193 milliseconds.
[2024-01-05 15:45:07] [info]  [19808] Service SERVICE_CONTROL_STOP signalled.
[2024-01-05 15:45:07] [info]  [18388] Stopping service...
[2024-01-05 15:45:08] [info]  [18388] Service stop thread completed.
[2024-01-05 15:45:08] [info]  [19808] Run service finished.
[2024-01-05 15:45:08] [info]  [19808] Apache Commons Daemon procrun finished.
[2024-01-05 15:48:12] [info]  [ 5056] Apache Commons Daemon procrun (1.3.4.0 64-bit) started.
[2024-01-05 15:48:13] [info]  [ 5056] Running Service 'Tomcat10'...
[2024-01-05 15:48:13] [info]  [24344] Starting service...
[2024-01-05 15:48:14] [info]  [24344] Service started in 1185 milliseconds.
[2024-01-05 15:49:04] [info]  [ 5056] Service SERVICE_CONTROL_STOP signalled.
[2024-01-05 15:49:04] [info]  [14624] Stopping service...
[2024-01-05 15:49:05] [info]  [14624] Service stop thread completed.
[2024-01-05 15:49:05] [info]  [ 5056] Run service finished.
[2024-01-05 15:49:05] [info]  [ 5056] Apache Commons Daemon procrun finished.
[2024-01-05 15:50:03] [info]  [13848] Apache Commons Daemon procrun (1.3.4.0 64-bit) started.
[2024-01-05 15:50:03] [info]  [13848] Running Service 'Tomcat10'...
[2024-01-05 15:50:03] [info]  [20808] Starting service...
[2024-01-05 15:50:05] [info]  [20808] Service started in 1183 milliseconds.
[2024-01-05 15:53:18] [info]  [13848] Service SERVICE_CONTROL_STOP signalled.
[2024-01-05 15:53:18] [info]  [13732] Stopping service...
[2024-01-05 15:53:19] [info]  [13732] Service stop thread completed.
[2024-01-05 15:53:19] [info]  [13848] Run service finished.
[2024-01-05 15:53:19] [info]  [13848] Apache Commons Daemon procrun finished.
[2024-01-05 15:53:37] [info]  [ 4376] Apache Commons Daemon procrun (1.3.4.0 64-bit) started.
[2024-01-05 15:53:37] [info]  [ 4376] Running Service 'Tomcat10'...
[2024-01-05 15:53:37] [info]  [22760] Starting service...
[2024-01-05 15:53:38] [info]  [22760] Service started in 1186 milliseconds.
[2024-01-05 15:55:08] [info]  [ 4376] Service SERVICE_CONTROL_STOP signalled.
[2024-01-05 15:55:08] [info]  [ 6916] Stopping service...
[2024-01-05 15:55:09] [info]  [ 6916] Service stop thread completed.
[2024-01-05 15:55:09] [info]  [ 4376] Run service finished.
[2024-01-05 15:55:09] [info]  [ 4376] Apache Commons Daemon procrun finished.
