[2024-01-03 09:37:41] [info]  [23344] Apache Commons Daemon procrun (1.3.4.0 64-bit) started.
[2024-01-03 09:37:41] [info]  [23344] Running Service 'Tomcat10'...
[2024-01-03 09:37:41] [info]  [19780] Starting service...
[2024-01-03 09:37:42] [info]  [19780] Service started in 1546 milliseconds.
[2024-01-03 09:53:12] [info]  [23344] Service SERVICE_CONTROL_STOP signalled.
[2024-01-03 09:53:12] [info]  [20176] Stopping service...
[2024-01-03 09:53:13] [info]  [20176] Service stop thread completed.
[2024-01-03 09:53:13] [info]  [23344] Run service finished.
[2024-01-03 09:53:13] [info]  [23344] Apache Commons Daemon procrun finished.
[2024-01-03 09:53:24] [info]  [12240] Apache Commons Daemon procrun (1.3.4.0 64-bit) started.
[2024-01-03 09:53:24] [info]  [12240] Running Service 'Tomcat10'...
[2024-01-03 09:53:24] [info]  [18736] Starting service...
[2024-01-03 09:53:25] [info]  [18736] Service started in 1353 milliseconds.
[2024-01-03 09:55:06] [info]  [12240] Service SERVICE_CONTROL_STOP signalled.
[2024-01-03 09:55:06] [info]  [19620] Stopping service...
[2024-01-03 09:55:07] [info]  [19620] Service stop thread completed.
[2024-01-03 09:55:07] [info]  [12240] Run service finished.
[2024-01-03 09:55:07] [info]  [12240] Apache Commons Daemon procrun finished.
[2024-01-03 10:01:18] [info]  [15772] Apache Commons Daemon procrun (1.3.4.0 64-bit) started.
[2024-01-03 10:01:18] [info]  [15772] Running Service 'Tomcat10'...
[2024-01-03 10:01:18] [info]  [13712] Starting service...
[2024-01-03 10:01:20] [info]  [13712] Service started in 1356 milliseconds.
[2024-01-03 10:02:42] [info]  [15772] Service SERVICE_CONTROL_STOP signalled.
[2024-01-03 10:02:42] [info]  [24408] Stopping service...
[2024-01-03 10:02:43] [info]  [24408] Service stop thread completed.
[2024-01-03 10:02:43] [info]  [15772] Run service finished.
[2024-01-03 10:02:43] [info]  [15772] Apache Commons Daemon procrun finished.
[2024-01-03 10:08:25] [info]  [18260] Apache Commons Daemon procrun (1.3.4.0 64-bit) started.
[2024-01-03 10:08:25] [info]  [18260] Running Service 'Tomcat10'...
[2024-01-03 10:08:25] [info]  [21456] Starting service...
[2024-01-03 10:08:27] [info]  [21456] Service started in 1193 milliseconds.
[2024-01-03 10:11:15] [info]  [18260] Service SERVICE_CONTROL_STOP signalled.
[2024-01-03 10:11:15] [info]  [16800] Stopping service...
[2024-01-03 10:11:16] [info]  [16800] Service stop thread completed.
[2024-01-03 10:11:16] [info]  [18260] Run service finished.
[2024-01-03 10:11:16] [info]  [18260] Apache Commons Daemon procrun finished.
[2024-01-03 10:17:07] [info]  [11612] Apache Commons Daemon procrun (1.3.4.0 64-bit) started.
[2024-01-03 10:17:07] [info]  [11612] Running Service 'Tomcat10'...
[2024-01-03 10:17:07] [info]  [19752] Starting service...
[2024-01-03 10:17:09] [info]  [19752] Service started in 1561 milliseconds.
[2024-01-03 10:18:22] [info]  [11612] Service SERVICE_CONTROL_STOP signalled.
[2024-01-03 10:18:22] [info]  [19544] Stopping service...
[2024-01-03 10:18:23] [info]  [19544] Service stop thread completed.
[2024-01-03 10:18:23] [info]  [11612] Run service finished.
[2024-01-03 10:18:23] [info]  [11612] Apache Commons Daemon procrun finished.
[2024-01-03 10:25:19] [info]  [22884] Apache Commons Daemon procrun (1.3.4.0 64-bit) started.
[2024-01-03 10:25:19] [info]  [22884] Running Service 'Tomcat10'...
[2024-01-03 10:25:19] [info]  [18812] Starting service...
[2024-01-03 10:25:20] [info]  [18812] Service started in 1184 milliseconds.
[2024-01-03 10:27:09] [info]  [22884] Service SERVICE_CONTROL_STOP signalled.
[2024-01-03 10:27:09] [info]  [20652] Stopping service...
[2024-01-03 10:27:10] [info]  [20652] Service stop thread completed.
[2024-01-03 10:27:10] [info]  [22884] Run service finished.
[2024-01-03 10:27:10] [info]  [22884] Apache Commons Daemon procrun finished.
[2024-01-03 10:27:42] [info]  [19124] Apache Commons Daemon procrun (1.3.4.0 64-bit) started.
[2024-01-03 10:27:42] [info]  [19124] Running Service 'Tomcat10'...
[2024-01-03 10:27:42] [info]  [23656] Starting service...
[2024-01-03 10:27:43] [info]  [23656] Service started in 1189 milliseconds.
[2024-01-03 10:29:21] [info]  [19124] Service SERVICE_CONTROL_STOP signalled.
[2024-01-03 10:29:21] [info]  [22240] Stopping service...
[2024-01-03 10:29:22] [info]  [22240] Service stop thread completed.
[2024-01-03 10:29:22] [info]  [19124] Run service finished.
[2024-01-03 10:29:22] [info]  [19124] Apache Commons Daemon procrun finished.
[2024-01-03 10:31:49] [info]  [18904] Apache Commons Daemon procrun (1.3.4.0 64-bit) started.
[2024-01-03 10:31:49] [info]  [18904] Running Service 'Tomcat10'...
[2024-01-03 10:31:49] [info]  [18448] Starting service...
[2024-01-03 10:31:51] [info]  [18448] Service started in 1199 milliseconds.
[2024-01-03 10:32:01] [info]  [18904] Service SERVICE_CONTROL_STOP signalled.
[2024-01-03 10:32:01] [info]  [20084] Stopping service...
[2024-01-03 10:32:02] [info]  [20084] Service stop thread completed.
[2024-01-03 10:32:02] [info]  [18904] Run service finished.
[2024-01-03 10:32:02] [info]  [18904] Apache Commons Daemon procrun finished.
[2024-01-03 10:32:10] [info]  [ 2204] Apache Commons Daemon procrun (1.3.4.0 64-bit) started.
[2024-01-03 10:32:10] [info]  [ 2204] Running Service 'Tomcat10'...
[2024-01-03 10:32:10] [info]  [18756] Starting service...
[2024-01-03 10:32:11] [info]  [18756] Service started in 1183 milliseconds.
[2024-01-03 10:33:37] [info]  [ 2204] Service SERVICE_CONTROL_STOP signalled.
[2024-01-03 10:33:37] [info]  [13712] Stopping service...
[2024-01-03 10:33:38] [info]  [13712] Service stop thread completed.
[2024-01-03 10:33:38] [info]  [ 2204] Run service finished.
[2024-01-03 10:33:38] [info]  [ 2204] Apache Commons Daemon procrun finished.
[2024-01-03 10:43:15] [info]  [10280] Apache Commons Daemon procrun (1.3.4.0 64-bit) started.
[2024-01-03 10:43:15] [info]  [10280] Running Service 'Tomcat10'...
[2024-01-03 10:43:15] [info]  [15976] Starting service...
[2024-01-03 10:43:16] [info]  [15976] Service started in 1201 milliseconds.
[2024-01-03 10:43:20] [info]  [10280] Service SERVICE_CONTROL_STOP signalled.
[2024-01-03 10:43:20] [info]  [16484] Stopping service...
[2024-01-03 10:43:21] [info]  [16484] Service stop thread completed.
[2024-01-03 10:43:21] [info]  [10280] Run service finished.
[2024-01-03 10:43:21] [info]  [10280] Apache Commons Daemon procrun finished.
[2024-01-03 10:43:47] [info]  [23676] Apache Commons Daemon procrun (1.3.4.0 64-bit) started.
[2024-01-03 10:43:47] [info]  [23676] Running Service 'Tomcat10'...
[2024-01-03 10:43:47] [info]  [20280] Starting service...
[2024-01-03 10:43:48] [info]  [20280] Service started in 1192 milliseconds.
[2024-01-03 11:02:52] [info]  [23676] Service SERVICE_CONTROL_STOP signalled.
[2024-01-03 11:02:52] [info]  [20024] Stopping service...
[2024-01-03 11:02:53] [info]  [20024] Service stop thread completed.
[2024-01-03 11:02:53] [info]  [23676] Run service finished.
[2024-01-03 11:02:53] [info]  [23676] Apache Commons Daemon procrun finished.
[2024-01-03 17:35:45] [info]  [20944] Apache Commons Daemon procrun (1.3.4.0 64-bit) started.
[2024-01-03 17:35:45] [info]  [20944] Running Service 'Tomcat10'...
[2024-01-03 17:35:45] [info]  [ 9612] Starting service...
[2024-01-03 17:35:46] [info]  [ 9612] Service started in 1182 milliseconds.
[2024-01-03 17:38:54] [info]  [20944] Service SERVICE_CONTROL_STOP signalled.
[2024-01-03 17:38:54] [info]  [18812] Stopping service...
[2024-01-03 17:38:55] [info]  [18812] Service stop thread completed.
[2024-01-03 17:38:55] [info]  [20944] Run service finished.
[2024-01-03 17:38:55] [info]  [20944] Apache Commons Daemon procrun finished.
[2024-01-03 17:39:08] [info]  [18480] Apache Commons Daemon procrun (1.3.4.0 64-bit) started.
[2024-01-03 17:39:08] [info]  [18480] Running Service 'Tomcat10'...
[2024-01-03 17:39:08] [info]  [20404] Starting service...
[2024-01-03 17:39:09] [info]  [20404] Service started in 1197 milliseconds.
[2024-01-03 17:43:14] [info]  [18480] Service SERVICE_CONTROL_STOP signalled.
[2024-01-03 17:43:14] [info]  [13176] Stopping service...
[2024-01-03 17:43:15] [info]  [13176] Service stop thread completed.
[2024-01-03 17:43:15] [info]  [18480] Run service finished.
[2024-01-03 17:43:15] [info]  [18480] Apache Commons Daemon procrun finished.
[2024-01-03 17:45:33] [info]  [23616] Apache Commons Daemon procrun (1.3.4.0 64-bit) started.
[2024-01-03 17:45:33] [info]  [23616] Running Service 'Tomcat10'...
[2024-01-03 17:45:33] [info]  [16284] Starting service...
[2024-01-03 17:45:34] [info]  [16284] Service started in 1177 milliseconds.
[2024-01-03 17:48:46] [info]  [23616] Service SERVICE_CONTROL_STOP signalled.
[2024-01-03 17:48:46] [info]  [12992] Stopping service...
[2024-01-03 17:48:47] [info]  [12992] Service stop thread completed.
[2024-01-03 17:48:47] [info]  [23616] Run service finished.
[2024-01-03 17:48:47] [info]  [23616] Apache Commons Daemon procrun finished.
