[2024-01-04 20:10:23] [info]  [21736] Apache Commons Daemon procrun (1.3.4.0 64-bit) started.
[2024-01-04 20:10:23] [info]  [21736] Running Service 'Tomcat10'...
[2024-01-04 20:10:23] [info]  [13524] Starting service...
[2024-01-04 20:10:25] [info]  [13524] Service started in 1643 milliseconds.
[2024-01-04 20:11:07] [info]  [21736] Service SERVICE_CONTROL_STOP signalled.
[2024-01-04 20:11:07] [info]  [24044] Stopping service...
[2024-01-04 20:11:08] [info]  [24044] Service stop thread completed.
[2024-01-04 20:11:08] [info]  [21736] Run service finished.
[2024-01-04 20:11:08] [info]  [21736] Apache Commons Daemon procrun finished.
[2024-01-04 20:14:27] [info]  [16396] Apache Commons Daemon procrun (1.3.4.0 64-bit) started.
[2024-01-04 20:14:27] [info]  [16396] Running Service 'Tomcat10'...
[2024-01-04 20:14:27] [info]  [19896] Starting service...
[2024-01-04 20:14:28] [info]  [19896] Service started in 1225 milliseconds.
[2024-01-04 20:14:52] [info]  [16396] Service SERVICE_CONTROL_STOP signalled.
[2024-01-04 20:14:52] [info]  [23124] Stopping service...
[2024-01-04 20:14:53] [info]  [23124] Service stop thread completed.
[2024-01-04 20:14:53] [info]  [16396] Run service finished.
[2024-01-04 20:14:53] [info]  [16396] Apache Commons Daemon procrun finished.
[2024-01-04 20:15:28] [info]  [ 9296] Apache Commons Daemon procrun (1.3.4.0 64-bit) started.
[2024-01-04 20:15:28] [info]  [ 9296] Running Service 'Tomcat10'...
[2024-01-04 20:15:28] [info]  [16036] Starting service...
[2024-01-04 20:15:29] [info]  [16036] Service started in 1271 milliseconds.
[2024-01-04 20:16:29] [info]  [ 9296] Service SERVICE_CONTROL_STOP signalled.
[2024-01-04 20:16:29] [info]  [16752] Stopping service...
[2024-01-04 20:16:30] [info]  [16752] Service stop thread completed.
[2024-01-04 20:16:30] [info]  [ 9296] Run service finished.
[2024-01-04 20:16:30] [info]  [ 9296] Apache Commons Daemon procrun finished.
[2024-01-04 20:17:29] [info]  [20240] Apache Commons Daemon procrun (1.3.4.0 64-bit) started.
[2024-01-04 20:17:29] [info]  [20240] Running Service 'Tomcat10'...
[2024-01-04 20:17:29] [info]  [10608] Starting service...
[2024-01-04 20:17:31] [info]  [10608] Service started in 1278 milliseconds.
[2024-01-04 20:18:55] [info]  [20240] Service SERVICE_CONTROL_STOP signalled.
[2024-01-04 20:18:55] [info]  [16700] Stopping service...
[2024-01-04 20:18:56] [info]  [16700] Service stop thread completed.
[2024-01-04 20:18:56] [info]  [20240] Run service finished.
[2024-01-04 20:18:56] [info]  [20240] Apache Commons Daemon procrun finished.
[2024-01-04 20:22:09] [info]  [12084] Apache Commons Daemon procrun (1.3.4.0 64-bit) started.
[2024-01-04 20:22:09] [info]  [12084] Running Service 'Tomcat10'...
[2024-01-04 20:22:09] [info]  [12732] Starting service...
[2024-01-04 20:22:10] [info]  [12732] Service started in 1191 milliseconds.
[2024-01-04 20:23:25] [info]  [12084] Service SERVICE_CONTROL_STOP signalled.
[2024-01-04 20:23:25] [info]  [14084] Stopping service...
[2024-01-04 20:23:26] [info]  [14084] Service stop thread completed.
[2024-01-04 20:23:26] [info]  [12084] Run service finished.
[2024-01-04 20:23:26] [info]  [12084] Apache Commons Daemon procrun finished.
[2024-01-04 20:27:30] [info]  [22148] Apache Commons Daemon procrun (1.3.4.0 64-bit) started.
[2024-01-04 20:27:30] [info]  [22148] Running Service 'Tomcat10'...
[2024-01-04 20:27:30] [info]  [24292] Starting service...
[2024-01-04 20:27:31] [info]  [24292] Service started in 1296 milliseconds.
[2024-01-04 20:28:06] [info]  [22148] Service SERVICE_CONTROL_STOP signalled.
[2024-01-04 20:28:06] [info]  [ 9544] Stopping service...
[2024-01-04 20:28:07] [info]  [ 9544] Service stop thread completed.
[2024-01-04 20:28:07] [info]  [22148] Run service finished.
[2024-01-04 20:28:07] [info]  [22148] Apache Commons Daemon procrun finished.
[2024-01-04 20:30:25] [info]  [15264] Apache Commons Daemon procrun (1.3.4.0 64-bit) started.
[2024-01-04 20:30:25] [info]  [15264] Running Service 'Tomcat10'...
[2024-01-04 20:30:25] [info]  [18980] Starting service...
[2024-01-04 20:30:26] [info]  [18980] Service started in 1205 milliseconds.
[2024-01-04 20:31:39] [info]  [15264] Service SERVICE_CONTROL_STOP signalled.
[2024-01-04 20:31:39] [info]  [21472] Stopping service...
[2024-01-04 20:31:40] [info]  [21472] Service stop thread completed.
[2024-01-04 20:31:40] [info]  [15264] Run service finished.
[2024-01-04 20:31:40] [info]  [15264] Apache Commons Daemon procrun finished.
[2024-01-04 20:31:49] [info]  [19416] Apache Commons Daemon procrun (1.3.4.0 64-bit) started.
[2024-01-04 20:31:49] [info]  [19416] Running Service 'Tomcat10'...
[2024-01-04 20:31:49] [info]  [ 2684] Starting service...
[2024-01-04 20:31:50] [info]  [ 2684] Service started in 1195 milliseconds.
[2024-01-04 20:32:15] [info]  [19416] Service SERVICE_CONTROL_STOP signalled.
[2024-01-04 20:32:15] [info]  [21432] Stopping service...
[2024-01-04 20:32:16] [info]  [21432] Service stop thread completed.
[2024-01-04 20:32:16] [info]  [19416] Run service finished.
[2024-01-04 20:32:16] [info]  [19416] Apache Commons Daemon procrun finished.
[2024-01-04 20:33:57] [info]  [ 4940] Apache Commons Daemon procrun (1.3.4.0 64-bit) started.
[2024-01-04 20:33:57] [info]  [ 4940] Running Service 'Tomcat10'...
[2024-01-04 20:33:57] [info]  [20800] Starting service...
[2024-01-04 20:33:58] [info]  [20800] Service started in 1334 milliseconds.
[2024-01-04 20:35:01] [info]  [ 4940] Service SERVICE_CONTROL_STOP signalled.
[2024-01-04 20:35:01] [info]  [19116] Stopping service...
[2024-01-04 20:35:02] [info]  [19116] Service stop thread completed.
[2024-01-04 20:35:02] [info]  [ 4940] Run service finished.
[2024-01-04 20:35:02] [info]  [ 4940] Apache Commons Daemon procrun finished.
[2024-01-04 20:41:40] [info]  [24536] Apache Commons Daemon procrun (1.3.4.0 64-bit) started.
[2024-01-04 20:41:40] [info]  [24536] Running Service 'Tomcat10'...
[2024-01-04 20:41:40] [info]  [14696] Starting service...
[2024-01-04 20:41:42] [info]  [14696] Service started in 1381 milliseconds.
[2024-01-04 20:42:21] [info]  [24536] Service SERVICE_CONTROL_STOP signalled.
[2024-01-04 20:42:21] [info]  [11132] Stopping service...
[2024-01-04 20:42:22] [info]  [11132] Service stop thread completed.
[2024-01-04 20:42:22] [info]  [24536] Run service finished.
[2024-01-04 20:42:22] [info]  [24536] Apache Commons Daemon procrun finished.
[2024-01-04 20:43:01] [info]  [22372] Apache Commons Daemon procrun (1.3.4.0 64-bit) started.
[2024-01-04 20:43:01] [info]  [22372] Running Service 'Tomcat10'...
[2024-01-04 20:43:01] [info]  [23664] Starting service...
[2024-01-04 20:43:02] [info]  [23664] Service started in 1403 milliseconds.
[2024-01-04 20:43:27] [info]  [22372] Service SERVICE_CONTROL_STOP signalled.
[2024-01-04 20:43:27] [info]  [16360] Stopping service...
[2024-01-04 20:43:28] [info]  [16360] Service stop thread completed.
[2024-01-04 20:43:28] [info]  [22372] Run service finished.
[2024-01-04 20:43:28] [info]  [22372] Apache Commons Daemon procrun finished.
[2024-01-04 20:55:43] [info]  [15804] Apache Commons Daemon procrun (1.3.4.0 64-bit) started.
[2024-01-04 20:55:43] [info]  [15804] Running Service 'Tomcat10'...
[2024-01-04 20:55:43] [info]  [22800] Starting service...
[2024-01-04 20:55:45] [info]  [22800] Service started in 1310 milliseconds.
[2024-01-04 20:56:07] [info]  [15804] Service SERVICE_CONTROL_STOP signalled.
[2024-01-04 20:56:07] [info]  [13028] Stopping service...
[2024-01-04 20:56:08] [info]  [13028] Service stop thread completed.
[2024-01-04 20:56:09] [info]  [15804] Run service finished.
[2024-01-04 20:56:09] [info]  [15804] Apache Commons Daemon procrun finished.
[2024-01-04 21:16:22] [info]  [18728] Apache Commons Daemon procrun (1.3.4.0 64-bit) started.
[2024-01-04 21:16:22] [info]  [18728] Running Service 'Tomcat10'...
[2024-01-04 21:16:22] [info]  [15424] Starting service...
[2024-01-04 21:16:23] [info]  [15424] Service started in 1187 milliseconds.
[2024-01-04 21:17:17] [info]  [18728] Service SERVICE_CONTROL_STOP signalled.
[2024-01-04 21:17:17] [info]  [19400] Stopping service...
[2024-01-04 21:17:18] [info]  [19400] Service stop thread completed.
[2024-01-04 21:17:18] [info]  [18728] Run service finished.
[2024-01-04 21:17:18] [info]  [18728] Apache Commons Daemon procrun finished.
[2024-01-04 21:18:17] [info]  [ 5068] Apache Commons Daemon procrun (1.3.4.0 64-bit) started.
[2024-01-04 21:18:17] [info]  [ 5068] Running Service 'Tomcat10'...
[2024-01-04 21:18:17] [info]  [14688] Starting service...
[2024-01-04 21:18:18] [info]  [14688] Service started in 1271 milliseconds.
[2024-01-04 21:19:43] [info]  [ 5068] Service SERVICE_CONTROL_STOP signalled.
[2024-01-04 21:19:43] [info]  [19300] Stopping service...
[2024-01-04 21:19:44] [info]  [19300] Service stop thread completed.
[2024-01-04 21:19:44] [info]  [ 5068] Run service finished.
[2024-01-04 21:19:44] [info]  [ 5068] Apache Commons Daemon procrun finished.
[2024-01-04 21:19:54] [info]  [14572] Apache Commons Daemon procrun (1.3.4.0 64-bit) started.
[2024-01-04 21:19:54] [info]  [14572] Running Service 'Tomcat10'...
[2024-01-04 21:19:54] [info]  [20564] Starting service...
[2024-01-04 21:19:55] [info]  [20564] Service started in 1195 milliseconds.
[2024-01-04 21:21:49] [info]  [14572] Service SERVICE_CONTROL_STOP signalled.
[2024-01-04 21:21:49] [info]  [14480] Stopping service...
[2024-01-04 21:21:50] [info]  [14480] Service stop thread completed.
[2024-01-04 21:21:50] [info]  [14572] Run service finished.
[2024-01-04 21:21:50] [info]  [14572] Apache Commons Daemon procrun finished.
[2024-01-04 21:27:27] [info]  [19888] Apache Commons Daemon procrun (1.3.4.0 64-bit) started.
[2024-01-04 21:27:27] [info]  [19888] Running Service 'Tomcat10'...
[2024-01-04 21:27:27] [info]  [21292] Starting service...
[2024-01-04 21:27:29] [info]  [21292] Service started in 1329 milliseconds.
[2024-01-04 21:30:07] [info]  [19888] Service SERVICE_CONTROL_STOP signalled.
[2024-01-04 21:30:07] [info]  [16332] Stopping service...
[2024-01-04 21:30:08] [info]  [16332] Service stop thread completed.
[2024-01-04 21:30:08] [info]  [19888] Run service finished.
[2024-01-04 21:30:08] [info]  [19888] Apache Commons Daemon procrun finished.
[2024-01-04 21:30:16] [info]  [21740] Apache Commons Daemon procrun (1.3.4.0 64-bit) started.
[2024-01-04 21:30:16] [info]  [21740] Running Service 'Tomcat10'...
[2024-01-04 21:30:16] [info]  [24408] Starting service...
[2024-01-04 21:30:17] [info]  [24408] Service started in 1350 milliseconds.
[2024-01-04 21:33:56] [info]  [21740] Service SERVICE_CONTROL_STOP signalled.
[2024-01-04 21:33:56] [info]  [ 8236] Stopping service...
[2024-01-04 21:33:57] [info]  [ 8236] Service stop thread completed.
[2024-01-04 21:33:57] [info]  [21740] Run service finished.
[2024-01-04 21:33:57] [info]  [21740] Apache Commons Daemon procrun finished.
[2024-01-04 21:34:06] [info]  [ 4828] Apache Commons Daemon procrun (1.3.4.0 64-bit) started.
[2024-01-04 21:34:06] [info]  [ 4828] Running Service 'Tomcat10'...
[2024-01-04 21:34:06] [info]  [21072] Starting service...
[2024-01-04 21:34:07] [info]  [21072] Service started in 1173 milliseconds.
[2024-01-04 21:35:28] [info]  [ 4828] Service SERVICE_CONTROL_STOP signalled.
[2024-01-04 21:35:28] [info]  [ 9268] Stopping service...
[2024-01-04 21:35:29] [info]  [ 9268] Service stop thread completed.
[2024-01-04 21:35:29] [info]  [ 4828] Run service finished.
[2024-01-04 21:35:29] [info]  [ 4828] Apache Commons Daemon procrun finished.
[2024-01-04 21:36:37] [info]  [15612] Apache Commons Daemon procrun (1.3.4.0 64-bit) started.
[2024-01-04 21:36:37] [info]  [15612] Running Service 'Tomcat10'...
[2024-01-04 21:36:37] [info]  [19928] Starting service...
[2024-01-04 21:36:38] [info]  [19928] Service started in 1366 milliseconds.
[2024-01-04 21:37:24] [info]  [15612] Service SERVICE_CONTROL_STOP signalled.
[2024-01-04 21:37:24] [info]  [12900] Stopping service...
[2024-01-04 21:37:25] [info]  [12900] Service stop thread completed.
[2024-01-04 21:37:25] [info]  [15612] Run service finished.
[2024-01-04 21:37:25] [info]  [15612] Apache Commons Daemon procrun finished.
[2024-01-04 21:51:12] [info]  [16316] Apache Commons Daemon procrun (1.3.4.0 64-bit) started.
[2024-01-04 21:51:12] [info]  [16316] Running Service 'Tomcat10'...
[2024-01-04 21:51:12] [info]  [24256] Starting service...
[2024-01-04 21:51:14] [info]  [24256] Service started in 1198 milliseconds.
[2024-01-04 21:55:13] [info]  [16316] Service SERVICE_CONTROL_STOP signalled.
[2024-01-04 21:55:13] [info]  [ 4392] Stopping service...
[2024-01-04 21:55:14] [info]  [ 4392] Service stop thread completed.
[2024-01-04 21:55:14] [info]  [16316] Run service finished.
[2024-01-04 21:55:14] [info]  [16316] Apache Commons Daemon procrun finished.
[2024-01-04 21:55:24] [info]  [20256] Apache Commons Daemon procrun (1.3.4.0 64-bit) started.
[2024-01-04 21:55:24] [info]  [20256] Running Service 'Tomcat10'...
[2024-01-04 21:55:24] [info]  [20004] Starting service...
[2024-01-04 21:55:25] [info]  [20004] Service started in 1196 milliseconds.
[2024-01-04 22:01:29] [info]  [20256] Service SERVICE_CONTROL_STOP signalled.
[2024-01-04 22:01:29] [info]  [21776] Stopping service...
[2024-01-04 22:01:30] [info]  [21776] Service stop thread completed.
[2024-01-04 22:01:30] [info]  [20256] Run service finished.
[2024-01-04 22:01:30] [info]  [20256] Apache Commons Daemon procrun finished.
[2024-01-04 22:01:40] [info]  [17060] Apache Commons Daemon procrun (1.3.4.0 64-bit) started.
[2024-01-04 22:01:40] [info]  [17060] Running Service 'Tomcat10'...
[2024-01-04 22:01:40] [info]  [21976] Starting service...
[2024-01-04 22:01:41] [info]  [21976] Service started in 1281 milliseconds.
[2024-01-04 22:02:47] [info]  [17060] Service SERVICE_CONTROL_STOP signalled.
[2024-01-04 22:02:47] [info]  [ 8904] Stopping service...
[2024-01-04 22:02:48] [info]  [ 8904] Service stop thread completed.
[2024-01-04 22:02:48] [info]  [17060] Run service finished.
[2024-01-04 22:02:48] [info]  [17060] Apache Commons Daemon procrun finished.
[2024-01-04 22:03:27] [info]  [20472] Apache Commons Daemon procrun (1.3.4.0 64-bit) started.
[2024-01-04 22:03:27] [info]  [20472] Running Service 'Tomcat10'...
[2024-01-04 22:03:27] [info]  [21252] Starting service...
[2024-01-04 22:03:28] [info]  [21252] Service started in 1221 milliseconds.
[2024-01-04 22:12:12] [info]  [20472] Service SERVICE_CONTROL_STOP signalled.
[2024-01-04 22:12:12] [info]  [21316] Stopping service...
[2024-01-04 22:12:13] [info]  [21316] Service stop thread completed.
[2024-01-04 22:12:13] [info]  [20472] Run service finished.
[2024-01-04 22:12:13] [info]  [20472] Apache Commons Daemon procrun finished.
[2024-01-04 22:12:21] [info]  [20832] Apache Commons Daemon procrun (1.3.4.0 64-bit) started.
[2024-01-04 22:12:21] [info]  [20832] Running Service 'Tomcat10'...
[2024-01-04 22:12:21] [info]  [12456] Starting service...
[2024-01-04 22:12:22] [info]  [12456] Service started in 1322 milliseconds.
[2024-01-04 22:14:56] [info]  [20832] Service SERVICE_CONTROL_STOP signalled.
[2024-01-04 22:14:56] [info]  [17212] Stopping service...
[2024-01-04 22:14:57] [info]  [17212] Service stop thread completed.
[2024-01-04 22:14:57] [info]  [20832] Run service finished.
[2024-01-04 22:14:57] [info]  [20832] Apache Commons Daemon procrun finished.
[2024-01-04 22:15:05] [info]  [22472] Apache Commons Daemon procrun (1.3.4.0 64-bit) started.
[2024-01-04 22:15:05] [info]  [22472] Running Service 'Tomcat10'...
[2024-01-04 22:15:05] [info]  [ 9464] Starting service...
[2024-01-04 22:15:06] [info]  [ 9464] Service started in 1201 milliseconds.
[2024-01-04 22:16:55] [info]  [22472] Service SERVICE_CONTROL_STOP signalled.
[2024-01-04 22:16:55] [info]  [23096] Stopping service...
[2024-01-04 22:16:56] [info]  [23096] Service stop thread completed.
[2024-01-04 22:16:56] [info]  [22472] Run service finished.
[2024-01-04 22:16:56] [info]  [22472] Apache Commons Daemon procrun finished.
[2024-01-04 22:22:14] [info]  [24344] Apache Commons Daemon procrun (1.3.4.0 64-bit) started.
[2024-01-04 22:22:14] [info]  [24344] Running Service 'Tomcat10'...
[2024-01-04 22:22:14] [info]  [19416] Starting service...
[2024-01-04 22:22:15] [info]  [19416] Service started in 1188 milliseconds.
[2024-01-04 22:23:23] [info]  [24344] Service SERVICE_CONTROL_STOP signalled.
[2024-01-04 22:23:23] [info]  [10784] Stopping service...
[2024-01-04 22:23:24] [info]  [10784] Service stop thread completed.
[2024-01-04 22:23:24] [info]  [24344] Run service finished.
[2024-01-04 22:23:24] [info]  [24344] Apache Commons Daemon procrun finished.
[2024-01-04 22:27:46] [info]  [19140] Apache Commons Daemon procrun (1.3.4.0 64-bit) started.
[2024-01-04 22:27:46] [info]  [19140] Running Service 'Tomcat10'...
[2024-01-04 22:27:46] [info]  [16640] Starting service...
[2024-01-04 22:27:48] [info]  [16640] Service started in 1212 milliseconds.
[2024-01-04 22:35:13] [info]  [19140] Service SERVICE_CONTROL_STOP signalled.
[2024-01-04 22:35:13] [info]  [22108] Stopping service...
[2024-01-04 22:35:14] [info]  [22108] Service stop thread completed.
[2024-01-04 22:35:14] [info]  [19140] Run service finished.
[2024-01-04 22:35:14] [info]  [19140] Apache Commons Daemon procrun finished.
[2024-01-04 22:35:22] [info]  [22928] Apache Commons Daemon procrun (1.3.4.0 64-bit) started.
[2024-01-04 22:35:22] [info]  [22928] Running Service 'Tomcat10'...
[2024-01-04 22:35:22] [info]  [21404] Starting service...
[2024-01-04 22:35:23] [info]  [21404] Service started in 1181 milliseconds.
[2024-01-04 22:36:44] [info]  [22928] Service SERVICE_CONTROL_STOP signalled.
[2024-01-04 22:36:44] [info]  [ 9556] Stopping service...
[2024-01-04 22:36:45] [info]  [ 9556] Service stop thread completed.
[2024-01-04 22:36:45] [info]  [22928] Run service finished.
[2024-01-04 22:36:45] [info]  [22928] Apache Commons Daemon procrun finished.
[2024-01-04 23:54:55] [info]  [10424] Apache Commons Daemon procrun (1.3.4.0 64-bit) started.
[2024-01-04 23:54:55] [info]  [10424] Running Service 'Tomcat10'...
[2024-01-04 23:54:55] [info]  [18556] Starting service...
[2024-01-04 23:54:56] [info]  [18556] Service started in 1213 milliseconds.
[2024-01-04 23:56:15] [info]  [10424] Service SERVICE_CONTROL_STOP signalled.
[2024-01-04 23:56:15] [info]  [21500] Stopping service...
[2024-01-04 23:56:16] [info]  [21500] Service stop thread completed.
[2024-01-04 23:56:16] [info]  [10424] Run service finished.
[2024-01-04 23:56:16] [info]  [10424] Apache Commons Daemon procrun finished.
