[2023-12-30 10:31:58] [info]  [14056] Apache Commons Daemon procrun (1.3.4.0 64-bit) started.
[2023-12-30 10:31:58] [info]  [14056] Running Service 'Tomcat10'...
[2023-12-30 10:31:58] [info]  [13344] Starting service...
[2023-12-30 10:31:59] [info]  [13344] Service started in 1441 milliseconds.
[2023-12-30 10:33:13] [info]  [14056] Service SERVICE_CONTROL_STOP signalled.
[2023-12-30 10:33:13] [info]  [16700] Stopping service...
[2023-12-30 10:33:14] [info]  [16700] Service stop thread completed.
[2023-12-30 10:33:14] [info]  [14056] Run service finished.
[2023-12-30 10:33:14] [info]  [14056] Apache Commons Daemon procrun finished.
[2023-12-30 10:33:50] [info]  [19196] Apache Commons Daemon procrun (1.3.4.0 64-bit) started.
[2023-12-30 10:33:50] [info]  [19196] Running Service 'Tomcat10'...
[2023-12-30 10:33:50] [info]  [14780] Starting service...
[2023-12-30 10:33:51] [info]  [14780] Service started in 1190 milliseconds.
[2023-12-30 10:36:28] [info]  [19196] Service SERVICE_CONTROL_STOP signalled.
[2023-12-30 10:36:28] [info]  [14940] Stopping service...
[2023-12-30 10:36:29] [info]  [14940] Service stop thread completed.
[2023-12-30 10:36:29] [info]  [19196] Run service finished.
[2023-12-30 10:36:29] [info]  [19196] Apache Commons Daemon procrun finished.
[2023-12-30 10:36:40] [info]  [18236] Apache Commons Daemon procrun (1.3.4.0 64-bit) started.
[2023-12-30 10:36:40] [info]  [18236] Running Service 'Tomcat10'...
[2023-12-30 10:36:40] [info]  [ 7080] Starting service...
[2023-12-30 10:36:41] [info]  [ 7080] Service started in 1183 milliseconds.
[2023-12-30 10:38:48] [info]  [18236] Service SERVICE_CONTROL_STOP signalled.
[2023-12-30 10:38:48] [info]  [13700] Stopping service...
[2023-12-30 10:38:49] [info]  [13700] Service stop thread completed.
[2023-12-30 10:38:49] [info]  [18236] Run service finished.
[2023-12-30 10:38:49] [info]  [18236] Apache Commons Daemon procrun finished.
[2023-12-30 10:45:28] [info]  [16148] Apache Commons Daemon procrun (1.3.4.0 64-bit) started.
[2023-12-30 10:45:28] [info]  [16148] Running Service 'Tomcat10'...
[2023-12-30 10:45:28] [info]  [17676] Starting service...
[2023-12-30 10:45:29] [info]  [17676] Service started in 1183 milliseconds.
[2023-12-30 10:47:28] [info]  [16148] Service SERVICE_CONTROL_STOP signalled.
[2023-12-30 10:47:28] [info]  [18296] Stopping service...
[2023-12-30 10:47:29] [info]  [18296] Service stop thread completed.
[2023-12-30 10:47:29] [info]  [16148] Run service finished.
[2023-12-30 10:47:29] [info]  [16148] Apache Commons Daemon procrun finished.
[2023-12-30 10:50:30] [info]  [19068] Apache Commons Daemon procrun (1.3.4.0 64-bit) started.
[2023-12-30 10:50:30] [info]  [19068] Running Service 'Tomcat10'...
[2023-12-30 10:50:30] [info]  [16860] Starting service...
[2023-12-30 10:50:31] [info]  [16860] Service started in 1267 milliseconds.
[2023-12-30 10:52:27] [info]  [19068] Service SERVICE_CONTROL_STOP signalled.
[2023-12-30 10:52:27] [info]  [17904] Stopping service...
[2023-12-30 10:52:28] [info]  [17904] Service stop thread completed.
[2023-12-30 10:52:28] [info]  [19068] Run service finished.
[2023-12-30 10:52:28] [info]  [19068] Apache Commons Daemon procrun finished.
[2023-12-30 10:52:42] [info]  [17960] Apache Commons Daemon procrun (1.3.4.0 64-bit) started.
[2023-12-30 10:52:42] [info]  [17960] Running Service 'Tomcat10'...
[2023-12-30 10:52:42] [info]  [19276] Starting service...
[2023-12-30 10:52:43] [info]  [19276] Service started in 1318 milliseconds.
[2023-12-30 10:54:56] [info]  [17960] Service SERVICE_CONTROL_STOP signalled.
[2023-12-30 10:54:56] [info]  [17784] Stopping service...
[2023-12-30 10:54:57] [info]  [17784] Service stop thread completed.
[2023-12-30 10:54:57] [info]  [17960] Run service finished.
[2023-12-30 10:54:57] [info]  [17960] Apache Commons Daemon procrun finished.
[2023-12-30 10:55:36] [info]  [ 5124] Apache Commons Daemon procrun (1.3.4.0 64-bit) started.
[2023-12-30 10:55:36] [info]  [ 5124] Running Service 'Tomcat10'...
[2023-12-30 10:55:36] [info]  [14552] Starting service...
[2023-12-30 10:55:37] [info]  [14552] Service started in 1204 milliseconds.
[2023-12-30 10:57:28] [info]  [ 5124] Service SERVICE_CONTROL_STOP signalled.
[2023-12-30 10:57:28] [info]  [18608] Stopping service...
[2023-12-30 10:57:29] [info]  [18608] Service stop thread completed.
[2023-12-30 10:57:29] [info]  [ 5124] Run service finished.
[2023-12-30 10:57:29] [info]  [ 5124] Apache Commons Daemon procrun finished.
[2023-12-30 10:57:50] [info]  [19112] Apache Commons Daemon procrun (1.3.4.0 64-bit) started.
[2023-12-30 10:57:50] [info]  [19112] Running Service 'Tomcat10'...
[2023-12-30 10:57:50] [info]  [18680] Starting service...
[2023-12-30 10:57:51] [info]  [18680] Service started in 1194 milliseconds.
[2023-12-30 11:16:42] [info]  [19112] Service SERVICE_CONTROL_STOP signalled.
[2023-12-30 11:16:42] [info]  [19400] Stopping service...
[2023-12-30 11:16:43] [info]  [19400] Service stop thread completed.
[2023-12-30 11:16:43] [info]  [19112] Run service finished.
[2023-12-30 11:16:43] [info]  [19112] Apache Commons Daemon procrun finished.
[2023-12-30 11:17:16] [info]  [ 6576] Apache Commons Daemon procrun (1.3.4.0 64-bit) started.
[2023-12-30 11:17:16] [info]  [ 6576] Running Service 'Tomcat10'...
[2023-12-30 11:17:16] [info]  [19096] Starting service...
[2023-12-30 11:17:18] [info]  [19096] Service started in 1211 milliseconds.
[2023-12-30 11:20:33] [info]  [ 6576] Service SERVICE_CONTROL_STOP signalled.
[2023-12-30 11:20:33] [info]  [15720] Stopping service...
[2023-12-30 11:20:34] [info]  [15720] Service stop thread completed.
[2023-12-30 11:20:34] [info]  [ 6576] Run service finished.
[2023-12-30 11:20:34] [info]  [ 6576] Apache Commons Daemon procrun finished.
[2023-12-30 12:22:01] [info]  [  828] Apache Commons Daemon procrun (1.3.4.0 64-bit) started.
[2023-12-30 12:22:01] [info]  [  828] Running Service 'Tomcat10'...
[2023-12-30 12:22:01] [info]  [19308] Starting service...
[2023-12-30 12:22:02] [info]  [19308] Service started in 1190 milliseconds.
[2023-12-30 12:23:12] [info]  [  828] Service SERVICE_CONTROL_STOP signalled.
[2023-12-30 12:23:12] [info]  [19072] Stopping service...
[2023-12-30 12:23:13] [info]  [19072] Service stop thread completed.
[2023-12-30 12:23:13] [info]  [  828] Run service finished.
[2023-12-30 12:23:13] [info]  [  828] Apache Commons Daemon procrun finished.
[2023-12-30 12:25:24] [info]  [17628] Apache Commons Daemon procrun (1.3.4.0 64-bit) started.
[2023-12-30 12:25:24] [info]  [17628] Running Service 'Tomcat10'...
[2023-12-30 12:25:24] [info]  [19312] Starting service...
[2023-12-30 12:25:25] [info]  [19312] Service started in 1178 milliseconds.
[2023-12-30 12:26:43] [info]  [17628] Service SERVICE_CONTROL_STOP signalled.
[2023-12-30 12:26:44] [info]  [11988] Stopping service...
[2023-12-30 12:26:45] [info]  [11988] Service stop thread completed.
[2023-12-30 12:26:45] [info]  [17628] Run service finished.
[2023-12-30 12:26:45] [info]  [17628] Apache Commons Daemon procrun finished.
[2023-12-30 12:27:14] [info]  [14944] Apache Commons Daemon procrun (1.3.4.0 64-bit) started.
[2023-12-30 12:27:14] [info]  [14944] Running Service 'Tomcat10'...
[2023-12-30 12:27:14] [info]  [15896] Starting service...
[2023-12-30 12:27:15] [info]  [15896] Service started in 1185 milliseconds.
[2023-12-30 12:28:23] [info]  [14944] Service SERVICE_CONTROL_STOP signalled.
[2023-12-30 12:28:23] [info]  [ 9504] Stopping service...
[2023-12-30 12:28:24] [info]  [ 9504] Service stop thread completed.
[2023-12-30 12:28:24] [info]  [14944] Run service finished.
[2023-12-30 12:28:24] [info]  [14944] Apache Commons Daemon procrun finished.
[2023-12-30 12:30:05] [info]  [19384] Apache Commons Daemon procrun (1.3.4.0 64-bit) started.
[2023-12-30 12:30:05] [info]  [19384] Running Service 'Tomcat10'...
[2023-12-30 12:30:05] [info]  [15604] Starting service...
[2023-12-30 12:30:06] [info]  [15604] Service started in 1204 milliseconds.
[2023-12-30 12:31:15] [info]  [19384] Service SERVICE_CONTROL_STOP signalled.
[2023-12-30 12:31:15] [info]  [ 6296] Stopping service...
[2023-12-30 12:31:16] [info]  [ 6296] Service stop thread completed.
[2023-12-30 12:31:16] [info]  [19384] Run service finished.
[2023-12-30 12:31:16] [info]  [19384] Apache Commons Daemon procrun finished.
[2023-12-30 12:33:38] [info]  [14372] Apache Commons Daemon procrun (1.3.4.0 64-bit) started.
[2023-12-30 12:33:38] [info]  [14372] Running Service 'Tomcat10'...
[2023-12-30 12:33:38] [info]  [17388] Starting service...
[2023-12-30 12:33:39] [info]  [17388] Service started in 1200 milliseconds.
[2023-12-30 12:35:09] [info]  [14372] Service SERVICE_CONTROL_STOP signalled.
[2023-12-30 12:35:09] [info]  [17184] Stopping service...
[2023-12-30 12:35:10] [info]  [17184] Service stop thread completed.
[2023-12-30 12:35:10] [info]  [14372] Run service finished.
[2023-12-30 12:35:10] [info]  [14372] Apache Commons Daemon procrun finished.
[2023-12-30 12:45:19] [info]  [18700] Apache Commons Daemon procrun (1.3.4.0 64-bit) started.
[2023-12-30 12:45:19] [info]  [18700] Running Service 'Tomcat10'...
[2023-12-30 12:45:19] [info]  [ 1252] Starting service...
[2023-12-30 12:45:20] [info]  [ 1252] Service started in 1196 milliseconds.
[2023-12-30 12:46:45] [info]  [18700] Service SERVICE_CONTROL_STOP signalled.
[2023-12-30 12:46:45] [info]  [13756] Stopping service...
[2023-12-30 12:46:46] [info]  [13756] Service stop thread completed.
[2023-12-30 12:46:46] [info]  [18700] Run service finished.
[2023-12-30 12:46:46] [info]  [18700] Apache Commons Daemon procrun finished.
[2023-12-30 12:47:26] [info]  [ 9772] Apache Commons Daemon procrun (1.3.4.0 64-bit) started.
[2023-12-30 12:47:26] [info]  [ 9772] Running Service 'Tomcat10'...
[2023-12-30 12:47:26] [info]  [16684] Starting service...
[2023-12-30 12:47:27] [info]  [16684] Service started in 1187 milliseconds.
[2023-12-30 12:54:54] [info]  [ 9772] Service SERVICE_CONTROL_STOP signalled.
[2023-12-30 12:54:54] [info]  [15292] Stopping service...
[2023-12-30 12:54:55] [info]  [15292] Service stop thread completed.
[2023-12-30 12:54:55] [info]  [ 9772] Run service finished.
[2023-12-30 12:54:55] [info]  [ 9772] Apache Commons Daemon procrun finished.
[2023-12-30 12:55:04] [info]  [18484] Apache Commons Daemon procrun (1.3.4.0 64-bit) started.
[2023-12-30 12:55:04] [info]  [18484] Running Service 'Tomcat10'...
[2023-12-30 12:55:04] [info]  [18868] Starting service...
[2023-12-30 12:55:05] [info]  [18868] Service started in 1289 milliseconds.
[2023-12-30 12:58:02] [info]  [18484] Service SERVICE_CONTROL_STOP signalled.
[2023-12-30 12:58:02] [info]  [16744] Stopping service...
[2023-12-30 12:58:03] [info]  [16744] Service stop thread completed.
[2023-12-30 12:58:03] [info]  [18484] Run service finished.
[2023-12-30 12:58:03] [info]  [18484] Apache Commons Daemon procrun finished.
[2023-12-30 12:58:18] [info]  [17924] Apache Commons Daemon procrun (1.3.4.0 64-bit) started.
[2023-12-30 12:58:18] [info]  [17924] Running Service 'Tomcat10'...
[2023-12-30 12:58:18] [info]  [ 8612] Starting service...
[2023-12-30 12:58:20] [info]  [ 8612] Service started in 1181 milliseconds.
[2023-12-30 12:59:20] [info]  [17924] Service SERVICE_CONTROL_STOP signalled.
[2023-12-30 12:59:20] [info]  [ 9772] Stopping service...
[2023-12-30 12:59:21] [info]  [ 9772] Service stop thread completed.
[2023-12-30 12:59:21] [info]  [17924] Run service finished.
[2023-12-30 12:59:21] [info]  [17924] Apache Commons Daemon procrun finished.
[2023-12-30 12:59:44] [info]  [17224] Apache Commons Daemon procrun (1.3.4.0 64-bit) started.
[2023-12-30 12:59:44] [info]  [17224] Running Service 'Tomcat10'...
[2023-12-30 12:59:44] [info]  [ 5628] Starting service...
[2023-12-30 12:59:45] [info]  [ 5628] Service started in 1177 milliseconds.
[2023-12-30 13:01:04] [info]  [17224] Service SERVICE_CONTROL_STOP signalled.
[2023-12-30 13:01:04] [info]  [12376] Stopping service...
[2023-12-30 13:01:05] [info]  [12376] Service stop thread completed.
[2023-12-30 13:01:05] [info]  [17224] Run service finished.
[2023-12-30 13:01:05] [info]  [17224] Apache Commons Daemon procrun finished.
[2023-12-30 13:02:00] [info]  [10492] Apache Commons Daemon procrun (1.3.4.0 64-bit) started.
[2023-12-30 13:02:00] [info]  [10492] Running Service 'Tomcat10'...
[2023-12-30 13:02:00] [info]  [11156] Starting service...
[2023-12-30 13:02:01] [info]  [11156] Service started in 1237 milliseconds.
[2023-12-30 13:05:18] [info]  [10492] Service SERVICE_CONTROL_STOP signalled.
[2023-12-30 13:05:18] [info]  [12236] Stopping service...
[2023-12-30 13:05:19] [info]  [12236] Service stop thread completed.
[2023-12-30 13:05:19] [info]  [10492] Run service finished.
[2023-12-30 13:05:19] [info]  [10492] Apache Commons Daemon procrun finished.
[2023-12-30 13:06:49] [info]  [ 4760] Apache Commons Daemon procrun (1.3.4.0 64-bit) started.
[2023-12-30 13:06:49] [info]  [ 4760] Running Service 'Tomcat10'...
[2023-12-30 13:06:49] [info]  [13756] Starting service...
[2023-12-30 13:06:51] [info]  [13756] Service started in 1341 milliseconds.
[2023-12-30 13:08:52] [info]  [ 4760] Service SERVICE_CONTROL_STOP signalled.
[2023-12-30 13:08:52] [info]  [18256] Stopping service...
[2023-12-30 13:08:53] [info]  [18256] Service stop thread completed.
[2023-12-30 13:08:53] [info]  [ 4760] Run service finished.
[2023-12-30 13:08:53] [info]  [ 4760] Apache Commons Daemon procrun finished.
[2023-12-30 13:09:07] [info]  [18628] Apache Commons Daemon procrun (1.3.4.0 64-bit) started.
[2023-12-30 13:09:07] [info]  [18628] Running Service 'Tomcat10'...
[2023-12-30 13:09:07] [info]  [18988] Starting service...
[2023-12-30 13:09:08] [info]  [18988] Service started in 1242 milliseconds.
[2023-12-30 13:09:58] [info]  [18628] Service SERVICE_CONTROL_STOP signalled.
[2023-12-30 13:09:58] [info]  [ 2648] Stopping service...
[2023-12-30 13:09:59] [info]  [ 2648] Service stop thread completed.
[2023-12-30 13:09:59] [info]  [18628] Run service finished.
[2023-12-30 13:09:59] [info]  [18628] Apache Commons Daemon procrun finished.
[2023-12-30 13:10:07] [info]  [ 9848] Apache Commons Daemon procrun (1.3.4.0 64-bit) started.
[2023-12-30 13:10:07] [info]  [ 9848] Running Service 'Tomcat10'...
[2023-12-30 13:10:07] [info]  [18776] Starting service...
[2023-12-30 13:10:08] [info]  [18776] Service started in 1191 milliseconds.
[2023-12-30 13:18:22] [info]  [ 9848] Service SERVICE_CONTROL_STOP signalled.
[2023-12-30 13:18:22] [info]  [12212] Stopping service...
[2023-12-30 13:18:23] [info]  [12212] Service stop thread completed.
[2023-12-30 13:18:23] [info]  [ 9848] Run service finished.
[2023-12-30 13:18:23] [info]  [ 9848] Apache Commons Daemon procrun finished.
[2023-12-30 15:18:38] [info]  [20344] Apache Commons Daemon procrun (1.3.4.0 64-bit) started.
[2023-12-30 15:18:38] [info]  [20344] Running Service 'Tomcat10'...
[2023-12-30 15:18:38] [info]  [18684] Starting service...
[2023-12-30 15:18:39] [info]  [18684] Service started in 1187 milliseconds.
[2023-12-30 15:20:20] [info]  [20344] Service SERVICE_CONTROL_STOP signalled.
[2023-12-30 15:20:20] [info]  [19872] Stopping service...
[2023-12-30 15:20:21] [info]  [19872] Service stop thread completed.
[2023-12-30 15:20:21] [info]  [20344] Run service finished.
[2023-12-30 15:20:21] [info]  [20344] Apache Commons Daemon procrun finished.
[2023-12-30 17:20:24] [info]  [19916] Apache Commons Daemon procrun (1.3.4.0 64-bit) started.
[2023-12-30 17:20:24] [info]  [19916] Running Service 'Tomcat10'...
[2023-12-30 17:20:24] [info]  [18820] Starting service...
[2023-12-30 17:20:26] [info]  [18820] Service started in 1187 milliseconds.
[2023-12-30 17:21:30] [info]  [19916] Service SERVICE_CONTROL_STOP signalled.
[2023-12-30 17:21:30] [info]  [18928] Stopping service...
[2023-12-30 17:21:31] [info]  [18928] Service stop thread completed.
[2023-12-30 17:21:31] [info]  [19916] Run service finished.
[2023-12-30 17:21:31] [info]  [19916] Apache Commons Daemon procrun finished.
[2023-12-30 17:22:04] [info]  [ 7116] Apache Commons Daemon procrun (1.3.4.0 64-bit) started.
[2023-12-30 17:22:04] [info]  [ 7116] Running Service 'Tomcat10'...
[2023-12-30 17:22:04] [info]  [18952] Starting service...
[2023-12-30 17:22:05] [info]  [18952] Service started in 1307 milliseconds.
[2023-12-30 17:27:31] [info]  [ 7116] Service SERVICE_CONTROL_STOP signalled.
[2023-12-30 17:27:31] [info]  [ 9292] Stopping service...
[2023-12-30 17:27:32] [info]  [ 9292] Service stop thread completed.
[2023-12-30 17:27:32] [info]  [ 7116] Run service finished.
[2023-12-30 17:27:32] [info]  [ 7116] Apache Commons Daemon procrun finished.
[2023-12-30 17:35:50] [info]  [19044] Apache Commons Daemon procrun (1.3.4.0 64-bit) started.
[2023-12-30 17:35:50] [info]  [19044] Running Service 'Tomcat10'...
[2023-12-30 17:35:50] [info]  [17228] Starting service...
[2023-12-30 17:35:51] [info]  [17228] Service started in 1213 milliseconds.
[2023-12-30 17:58:18] [info]  [19044] Service SERVICE_CONTROL_STOP signalled.
[2023-12-30 17:58:18] [info]  [19680] Stopping service...
[2023-12-30 17:58:19] [info]  [19680] Service stop thread completed.
[2023-12-30 17:58:19] [info]  [19044] Run service finished.
[2023-12-30 17:58:19] [info]  [19044] Apache Commons Daemon procrun finished.
[2023-12-30 17:58:58] [info]  [18588] Apache Commons Daemon procrun (1.3.4.0 64-bit) started.
[2023-12-30 17:58:58] [info]  [18588] Running Service 'Tomcat10'...
[2023-12-30 17:58:58] [info]  [19828] Starting service...
[2023-12-30 17:58:59] [info]  [19828] Service started in 1191 milliseconds.
[2023-12-30 18:01:33] [info]  [18588] Service SERVICE_CONTROL_STOP signalled.
[2023-12-30 18:01:33] [info]  [ 9160] Stopping service...
[2023-12-30 18:01:34] [info]  [ 9160] Service stop thread completed.
[2023-12-30 18:01:34] [info]  [18588] Run service finished.
[2023-12-30 18:01:34] [info]  [18588] Apache Commons Daemon procrun finished.
[2023-12-30 18:01:42] [info]  [14700] Apache Commons Daemon procrun (1.3.4.0 64-bit) started.
[2023-12-30 18:01:42] [info]  [14700] Running Service 'Tomcat10'...
[2023-12-30 18:01:42] [info]  [13076] Starting service...
[2023-12-30 18:01:44] [info]  [13076] Service started in 1180 milliseconds.
[2023-12-30 18:03:20] [info]  [14700] Service SERVICE_CONTROL_STOP signalled.
[2023-12-30 18:03:20] [info]  [15860] Stopping service...
[2023-12-30 18:03:21] [info]  [15860] Service stop thread completed.
[2023-12-30 18:03:21] [info]  [14700] Run service finished.
[2023-12-30 18:03:21] [info]  [14700] Apache Commons Daemon procrun finished.
