[2023-12-22 11:29:17] [info]  [ 3476] Apache Commons Daemon procrun (1.3.4.0 64-bit) started.
[2023-12-22 11:29:17] [info]  [ 3476] Running Service 'Tomcat10'...
[2023-12-22 11:29:17] [info]  [14308] Starting service...
[2023-12-22 11:29:19] [info]  [14308] Service started in 1781 milliseconds.
[2023-12-22 11:32:39] [info]  [ 3476] Service SERVICE_CONTROL_STOP signalled.
[2023-12-22 11:32:39] [info]  [ 8828] Stopping service...
[2023-12-22 11:32:40] [info]  [ 8828] Service stop thread completed.
[2023-12-22 11:32:40] [info]  [ 3476] Run service finished.
[2023-12-22 11:32:40] [info]  [ 3476] Apache Commons Daemon procrun finished.
[2023-12-22 11:42:30] [info]  [16484] Apache Commons Daemon procrun (1.3.4.0 64-bit) started.
[2023-12-22 11:42:30] [info]  [16484] Running Service 'Tomcat10'...
[2023-12-22 11:42:30] [info]  [ 9932] Starting service...
[2023-12-22 11:42:32] [info]  [ 9932] Service started in 1439 milliseconds.
[2023-12-22 11:43:24] [info]  [16484] Service SERVICE_CONTROL_STOP signalled.
[2023-12-22 11:43:24] [info]  [12452] Stopping service...
[2023-12-22 11:43:25] [info]  [12452] Service stop thread completed.
[2023-12-22 11:43:25] [info]  [16484] Run service finished.
[2023-12-22 11:43:25] [info]  [16484] Apache Commons Daemon procrun finished.
[2023-12-22 12:08:16] [info]  [ 7588] Apache Commons Daemon procrun (1.3.4.0 64-bit) started.
[2023-12-22 12:08:16] [info]  [ 7588] Running Service 'Tomcat10'...
[2023-12-22 12:08:16] [info]  [17064] Starting service...
[2023-12-22 12:08:17] [info]  [17064] Service started in 1188 milliseconds.
[2023-12-22 16:00:58] [info]  [ 7588] Service SERVICE_CONTROL_STOP signalled.
[2023-12-22 16:00:58] [info]  [ 8280] Stopping service...
[2023-12-22 16:00:59] [info]  [ 8280] Service stop thread completed.
[2023-12-22 16:00:59] [info]  [ 7588] Run service finished.
[2023-12-22 16:00:59] [info]  [ 7588] Apache Commons Daemon procrun finished.
[2023-12-22 16:06:53] [info]  [ 4976] Apache Commons Daemon procrun (1.3.4.0 64-bit) started.
[2023-12-22 16:06:53] [info]  [ 4976] Running Service 'Tomcat10'...
[2023-12-22 16:06:53] [info]  [17904] Starting service...
[2023-12-22 16:06:55] [info]  [17904] Service started in 1180 milliseconds.
[2023-12-22 16:07:29] [info]  [ 4976] Service SERVICE_CONTROL_STOP signalled.
[2023-12-22 16:07:29] [info]  [16744] Stopping service...
[2023-12-22 16:07:30] [info]  [16744] Service stop thread completed.
[2023-12-22 16:07:30] [info]  [ 4976] Run service finished.
[2023-12-22 16:07:30] [info]  [ 4976] Apache Commons Daemon procrun finished.
[2023-12-22 16:13:56] [info]  [13924] Apache Commons Daemon procrun (1.3.4.0 64-bit) started.
[2023-12-22 16:13:56] [info]  [13924] Running Service 'Tomcat10'...
[2023-12-22 16:13:56] [info]  [ 6000] Starting service...
[2023-12-22 16:13:57] [info]  [ 6000] Service started in 1219 milliseconds.
[2023-12-22 16:14:46] [info]  [13924] Service SERVICE_CONTROL_STOP signalled.
[2023-12-22 16:14:46] [info]  [10876] Stopping service...
[2023-12-22 16:14:47] [info]  [10876] Service stop thread completed.
[2023-12-22 16:14:47] [info]  [13924] Run service finished.
[2023-12-22 16:14:47] [info]  [13924] Apache Commons Daemon procrun finished.
[2023-12-22 16:16:21] [info]  [12216] Apache Commons Daemon procrun (1.3.4.0 64-bit) started.
[2023-12-22 16:16:22] [info]  [12216] Running Service 'Tomcat10'...
[2023-12-22 16:16:22] [info]  [17620] Starting service...
[2023-12-22 16:16:23] [info]  [17620] Service started in 1201 milliseconds.
[2023-12-22 16:16:58] [info]  [12216] Service SERVICE_CONTROL_STOP signalled.
[2023-12-22 16:16:58] [info]  [16460] Stopping service...
[2023-12-22 16:16:59] [info]  [16460] Service stop thread completed.
[2023-12-22 16:16:59] [info]  [12216] Run service finished.
[2023-12-22 16:16:59] [info]  [12216] Apache Commons Daemon procrun finished.
[2023-12-22 16:19:41] [info]  [ 8644] Apache Commons Daemon procrun (1.3.4.0 64-bit) started.
[2023-12-22 16:19:41] [info]  [ 8644] Running Service 'Tomcat10'...
[2023-12-22 16:19:41] [info]  [ 8828] Starting service...
[2023-12-22 16:19:43] [info]  [ 8828] Service started in 1204 milliseconds.
[2023-12-22 16:20:43] [info]  [ 8644] Service SERVICE_CONTROL_STOP signalled.
[2023-12-22 16:20:43] [info]  [14696] Stopping service...
[2023-12-22 16:20:44] [info]  [14696] Service stop thread completed.
[2023-12-22 16:20:44] [info]  [ 8644] Run service finished.
[2023-12-22 16:20:44] [info]  [ 8644] Apache Commons Daemon procrun finished.
[2023-12-22 16:28:38] [info]  [ 6384] Apache Commons Daemon procrun (1.3.4.0 64-bit) started.
[2023-12-22 16:28:38] [info]  [ 6384] Running Service 'Tomcat10'...
[2023-12-22 16:28:38] [info]  [ 1084] Starting service...
[2023-12-22 16:28:39] [info]  [ 1084] Service started in 1193 milliseconds.
[2023-12-22 16:32:08] [info]  [ 6384] Service SERVICE_CONTROL_STOP signalled.
[2023-12-22 16:32:08] [info]  [ 4256] Stopping service...
[2023-12-22 16:32:09] [info]  [ 4256] Service stop thread completed.
[2023-12-22 16:32:09] [info]  [ 6384] Run service finished.
[2023-12-22 16:32:09] [info]  [ 6384] Apache Commons Daemon procrun finished.
[2023-12-22 16:32:17] [info]  [17572] Apache Commons Daemon procrun (1.3.4.0 64-bit) started.
[2023-12-22 16:32:17] [info]  [17572] Running Service 'Tomcat10'...
[2023-12-22 16:32:17] [info]  [16856] Starting service...
[2023-12-22 16:32:18] [info]  [16856] Service started in 1189 milliseconds.
[2023-12-22 16:32:58] [info]  [17572] Service SERVICE_CONTROL_STOP signalled.
[2023-12-22 16:32:58] [info]  [16656] Stopping service...
[2023-12-22 16:32:59] [info]  [16656] Service stop thread completed.
[2023-12-22 16:32:59] [info]  [17572] Run service finished.
[2023-12-22 16:32:59] [info]  [17572] Apache Commons Daemon procrun finished.
[2023-12-22 16:38:12] [info]  [ 4940] Apache Commons Daemon procrun (1.3.4.0 64-bit) started.
[2023-12-22 16:38:12] [info]  [ 4940] Running Service 'Tomcat10'...
[2023-12-22 16:38:12] [info]  [17732] Starting service...
[2023-12-22 16:38:14] [info]  [17732] Service started in 1182 milliseconds.
[2023-12-22 16:38:47] [info]  [ 4940] Service SERVICE_CONTROL_STOP signalled.
[2023-12-22 16:38:47] [info]  [18152] Stopping service...
[2023-12-22 16:38:48] [info]  [18152] Service stop thread completed.
[2023-12-22 16:38:48] [info]  [ 4940] Run service finished.
[2023-12-22 16:38:48] [info]  [ 4940] Apache Commons Daemon procrun finished.
[2023-12-22 16:40:59] [info]  [15528] Apache Commons Daemon procrun (1.3.4.0 64-bit) started.
[2023-12-22 16:40:59] [info]  [15528] Running Service 'Tomcat10'...
[2023-12-22 16:40:59] [info]  [18120] Starting service...
[2023-12-22 16:41:01] [info]  [18120] Service started in 1265 milliseconds.
[2023-12-22 16:42:41] [info]  [15528] Service SERVICE_CONTROL_STOP signalled.
[2023-12-22 16:42:41] [info]  [15616] Stopping service...
[2023-12-22 16:42:42] [info]  [15616] Service stop thread completed.
[2023-12-22 16:42:42] [info]  [15528] Run service finished.
[2023-12-22 16:42:42] [info]  [15528] Apache Commons Daemon procrun finished.
[2023-12-22 16:43:25] [info]  [ 1556] Apache Commons Daemon procrun (1.3.4.0 64-bit) started.
[2023-12-22 16:43:25] [info]  [ 1556] Running Service 'Tomcat10'...
[2023-12-22 16:43:25] [info]  [16988] Starting service...
[2023-12-22 16:43:26] [info]  [16988] Service started in 1212 milliseconds.
[2023-12-22 16:47:38] [info]  [ 1556] Service SERVICE_CONTROL_STOP signalled.
[2023-12-22 16:47:38] [info]  [18032] Stopping service...
[2023-12-22 16:47:39] [info]  [18032] Service stop thread completed.
[2023-12-22 16:47:40] [info]  [ 1556] Run service finished.
[2023-12-22 16:47:40] [info]  [ 1556] Apache Commons Daemon procrun finished.
[2023-12-22 16:47:48] [info]  [ 8004] Apache Commons Daemon procrun (1.3.4.0 64-bit) started.
[2023-12-22 16:47:48] [info]  [ 8004] Running Service 'Tomcat10'...
[2023-12-22 16:47:48] [info]  [14796] Starting service...
[2023-12-22 16:47:49] [info]  [14796] Service started in 1175 milliseconds.
[2023-12-22 16:49:48] [info]  [ 8004] Service SERVICE_CONTROL_STOP signalled.
[2023-12-22 16:49:48] [info]  [13924] Stopping service...
[2023-12-22 16:49:49] [info]  [13924] Service stop thread completed.
[2023-12-22 16:49:49] [info]  [ 8004] Run service finished.
[2023-12-22 16:49:49] [info]  [ 8004] Apache Commons Daemon procrun finished.
[2023-12-22 16:49:57] [info]  [ 4220] Apache Commons Daemon procrun (1.3.4.0 64-bit) started.
[2023-12-22 16:49:57] [info]  [ 4220] Running Service 'Tomcat10'...
[2023-12-22 16:49:57] [info]  [12864] Starting service...
[2023-12-22 16:49:58] [info]  [12864] Service started in 1298 milliseconds.
[2023-12-22 16:50:47] [info]  [ 4220] Service SERVICE_CONTROL_STOP signalled.
[2023-12-22 16:50:47] [info]  [16020] Stopping service...
[2023-12-22 16:50:48] [info]  [16020] Service stop thread completed.
[2023-12-22 16:50:48] [info]  [ 4220] Run service finished.
[2023-12-22 16:50:48] [info]  [ 4220] Apache Commons Daemon procrun finished.
[2023-12-22 16:58:58] [info]  [17064] Apache Commons Daemon procrun (1.3.4.0 64-bit) started.
[2023-12-22 16:58:58] [info]  [17064] Running Service 'Tomcat10'...
[2023-12-22 16:58:58] [info]  [17856] Starting service...
[2023-12-22 16:58:59] [info]  [17856] Service started in 1194 milliseconds.
[2023-12-22 17:06:52] [info]  [17064] Service SERVICE_CONTROL_STOP signalled.
[2023-12-22 17:06:52] [info]  [16156] Stopping service...
[2023-12-22 17:06:53] [info]  [16156] Service stop thread completed.
[2023-12-22 17:06:53] [info]  [17064] Run service finished.
[2023-12-22 17:06:53] [info]  [17064] Apache Commons Daemon procrun finished.
[2023-12-22 17:08:09] [info]  [ 4852] Apache Commons Daemon procrun (1.3.4.0 64-bit) started.
[2023-12-22 17:08:09] [info]  [ 4852] Running Service 'Tomcat10'...
[2023-12-22 17:08:09] [info]  [17064] Starting service...
[2023-12-22 17:08:10] [info]  [17064] Service started in 1178 milliseconds.
[2023-12-22 17:13:25] [info]  [ 4852] Service SERVICE_CONTROL_STOP signalled.
[2023-12-22 17:13:25] [info]  [16028] Stopping service...
[2023-12-22 17:13:26] [info]  [16028] Service stop thread completed.
[2023-12-22 17:13:26] [info]  [ 4852] Run service finished.
[2023-12-22 17:13:26] [info]  [ 4852] Apache Commons Daemon procrun finished.
