[2024-01-14 17:20:38] [info]  [20904] Apache Commons Daemon procrun (1.3.4.0 64-bit) started.
[2024-01-14 17:20:38] [info]  [20904] Running Service 'Tomcat10'...
[2024-01-14 17:20:38] [info]  [17440] Starting service...
[2024-01-14 17:20:40] [info]  [17440] Service started in 1906 milliseconds.
[2024-01-14 18:17:51] [info]  [20904] Service SERVICE_CONTROL_STOP signalled.
[2024-01-14 18:17:51] [info]  [20380] Stopping service...
[2024-01-14 18:17:52] [info]  [20380] Service stop thread completed.
[2024-01-14 18:17:52] [info]  [20904] Run service finished.
[2024-01-14 18:17:52] [info]  [20904] Apache Commons Daemon procrun finished.
[2024-01-14 18:34:08] [info]  [18020] Apache Commons Daemon procrun (1.3.4.0 64-bit) started.
[2024-01-14 18:34:08] [info]  [18020] Running Service 'Tomcat10'...
[2024-01-14 18:34:08] [info]  [23252] Starting service...
[2024-01-14 18:34:09] [info]  [23252] Service started in 1184 milliseconds.
[2024-01-14 19:26:57] [info]  [18020] Service SERVICE_CONTROL_STOP signalled.
[2024-01-14 19:26:57] [info]  [23920] Stopping service...
[2024-01-14 19:26:58] [info]  [23920] Service stop thread completed.
[2024-01-14 19:26:58] [info]  [18020] Run service finished.
[2024-01-14 19:26:58] [info]  [18020] Apache Commons Daemon procrun finished.
[2024-01-14 19:27:16] [info]  [ 3240] Apache Commons Daemon procrun (1.3.4.0 64-bit) started.
[2024-01-14 19:27:16] [info]  [ 3240] Running Service 'Tomcat10'...
[2024-01-14 19:27:16] [info]  [20248] Starting service...
[2024-01-14 19:27:17] [info]  [20248] Service started in 1182 milliseconds.
[2024-01-14 19:28:45] [info]  [ 3240] Service SERVICE_CONTROL_STOP signalled.
[2024-01-14 19:28:45] [info]  [19508] Stopping service...
[2024-01-14 19:28:46] [info]  [19508] Service stop thread completed.
[2024-01-14 19:28:46] [info]  [ 3240] Run service finished.
[2024-01-14 19:28:46] [info]  [ 3240] Apache Commons Daemon procrun finished.
[2024-01-14 19:28:57] [info]  [21444] Apache Commons Daemon procrun (1.3.4.0 64-bit) started.
[2024-01-14 19:28:57] [info]  [21444] Running Service 'Tomcat10'...
[2024-01-14 19:28:57] [info]  [15152] Starting service...
[2024-01-14 19:28:58] [info]  [15152] Service started in 1203 milliseconds.
[2024-01-14 19:30:57] [info]  [21444] Service SERVICE_CONTROL_STOP signalled.
[2024-01-14 19:30:57] [info]  [ 8516] Stopping service...
[2024-01-14 19:30:58] [info]  [ 8516] Service stop thread completed.
[2024-01-14 19:30:58] [info]  [21444] Run service finished.
[2024-01-14 19:30:58] [info]  [21444] Apache Commons Daemon procrun finished.
[2024-01-14 19:39:43] [info]  [24244] Apache Commons Daemon procrun (1.3.4.0 64-bit) started.
[2024-01-14 19:39:43] [info]  [24244] Running Service 'Tomcat10'...
[2024-01-14 19:39:43] [info]  [18320] Starting service...
[2024-01-14 19:39:44] [info]  [18320] Service started in 1203 milliseconds.
[2024-01-14 19:40:32] [info]  [24244] Service SERVICE_CONTROL_STOP signalled.
[2024-01-14 19:40:32] [info]  [23412] Stopping service...
[2024-01-14 19:40:33] [info]  [23412] Service stop thread completed.
[2024-01-14 19:40:33] [info]  [24244] Run service finished.
[2024-01-14 19:40:33] [info]  [24244] Apache Commons Daemon procrun finished.
[2024-01-14 19:40:47] [info]  [17108] Apache Commons Daemon procrun (1.3.4.0 64-bit) started.
[2024-01-14 19:40:48] [info]  [17108] Running Service 'Tomcat10'...
[2024-01-14 19:40:48] [info]  [20748] Starting service...
[2024-01-14 19:40:49] [info]  [20748] Service started in 1187 milliseconds.
[2024-01-14 19:41:49] [info]  [17108] Service SERVICE_CONTROL_STOP signalled.
[2024-01-14 19:41:49] [info]  [ 9160] Stopping service...
[2024-01-14 19:41:50] [info]  [ 9160] Service stop thread completed.
[2024-01-14 19:41:50] [info]  [17108] Run service finished.
[2024-01-14 19:41:50] [info]  [17108] Apache Commons Daemon procrun finished.
[2024-01-14 19:44:09] [info]  [18972] Apache Commons Daemon procrun (1.3.4.0 64-bit) started.
[2024-01-14 19:44:09] [info]  [18972] Running Service 'Tomcat10'...
[2024-01-14 19:44:09] [info]  [11180] Starting service...
[2024-01-14 19:44:10] [info]  [11180] Service started in 1183 milliseconds.
[2024-01-14 19:44:46] [info]  [18972] Service SERVICE_CONTROL_STOP signalled.
[2024-01-14 19:44:46] [info]  [22936] Stopping service...
[2024-01-14 19:44:47] [info]  [22936] Service stop thread completed.
[2024-01-14 19:44:47] [info]  [18972] Run service finished.
[2024-01-14 19:44:47] [info]  [18972] Apache Commons Daemon procrun finished.
[2024-01-14 19:57:46] [info]  [20236] Apache Commons Daemon procrun (1.3.4.0 64-bit) started.
[2024-01-14 19:57:46] [info]  [20236] Running Service 'Tomcat10'...
[2024-01-14 19:57:46] [info]  [20596] Starting service...
[2024-01-14 19:57:47] [info]  [20596] Service started in 1198 milliseconds.
[2024-01-14 20:12:05] [info]  [20236] Service SERVICE_CONTROL_STOP signalled.
[2024-01-14 20:12:05] [info]  [20324] Stopping service...
[2024-01-14 20:12:06] [info]  [20324] Service stop thread completed.
[2024-01-14 20:12:06] [info]  [20236] Run service finished.
[2024-01-14 20:12:06] [info]  [20236] Apache Commons Daemon procrun finished.
[2024-01-14 20:12:20] [info]  [24492] Apache Commons Daemon procrun (1.3.4.0 64-bit) started.
[2024-01-14 20:12:20] [info]  [24492] Running Service 'Tomcat10'...
[2024-01-14 20:12:20] [info]  [20516] Starting service...
[2024-01-14 20:12:22] [info]  [20516] Service started in 1180 milliseconds.
[2024-01-14 20:17:10] [info]  [24492] Service SERVICE_CONTROL_STOP signalled.
[2024-01-14 20:17:10] [info]  [17188] Stopping service...
[2024-01-14 20:17:11] [info]  [17188] Service stop thread completed.
[2024-01-14 20:17:11] [info]  [24492] Run service finished.
[2024-01-14 20:17:11] [info]  [24492] Apache Commons Daemon procrun finished.
