[2024-01-12 10:54:28] [info]  [22928] Apache Commons Daemon procrun (1.3.4.0 64-bit) started.
[2024-01-12 10:54:28] [info]  [22928] Running Service 'Tomcat10'...
[2024-01-12 10:54:28] [info]  [ 7744] Starting service...
[2024-01-12 10:54:30] [info]  [ 7744] Service started in 1889 milliseconds.
[2024-01-12 10:55:21] [info]  [22928] Service SERVICE_CONTROL_STOP signalled.
[2024-01-12 10:55:21] [info]  [20704] Stopping service...
[2024-01-12 10:55:22] [info]  [20704] Service stop thread completed.
[2024-01-12 10:55:22] [info]  [22928] Run service finished.
[2024-01-12 10:55:22] [info]  [22928] Apache Commons Daemon procrun finished.
[2024-01-12 13:16:09] [info]  [21324] Apache Commons Daemon procrun (1.3.4.0 64-bit) started.
[2024-01-12 13:16:09] [info]  [21324] Running Service 'Tomcat10'...
[2024-01-12 13:16:10] [info]  [21440] Starting service...
[2024-01-12 13:16:11] [info]  [21440] Service started in 1182 milliseconds.
[2024-01-12 13:26:36] [info]  [21324] Service SERVICE_CONTROL_STOP signalled.
[2024-01-12 13:26:36] [info]  [24516] Stopping service...
[2024-01-12 13:26:37] [info]  [24516] Service stop thread completed.
[2024-01-12 13:26:37] [info]  [21324] Run service finished.
[2024-01-12 13:26:37] [info]  [21324] Apache Commons Daemon procrun finished.
[2024-01-12 13:27:18] [info]  [13180] Apache Commons Daemon procrun (1.3.4.0 64-bit) started.
[2024-01-12 13:27:18] [info]  [13180] Running Service 'Tomcat10'...
[2024-01-12 13:27:18] [info]  [19472] Starting service...
[2024-01-12 13:27:20] [info]  [19472] Service started in 1189 milliseconds.
[2024-01-12 13:29:22] [info]  [13180] Service SERVICE_CONTROL_STOP signalled.
[2024-01-12 13:29:22] [info]  [13148] Stopping service...
[2024-01-12 13:29:23] [info]  [13148] Service stop thread completed.
[2024-01-12 13:29:23] [info]  [13180] Run service finished.
[2024-01-12 13:29:23] [info]  [13180] Apache Commons Daemon procrun finished.
[2024-01-12 13:29:38] [info]  [21304] Apache Commons Daemon procrun (1.3.4.0 64-bit) started.
[2024-01-12 13:29:38] [info]  [21304] Running Service 'Tomcat10'...
[2024-01-12 13:29:38] [info]  [11988] Starting service...
[2024-01-12 13:29:39] [info]  [11988] Service started in 1187 milliseconds.
[2024-01-12 13:31:46] [info]  [21304] Service SERVICE_CONTROL_STOP signalled.
[2024-01-12 13:31:46] [info]  [13188] Stopping service...
[2024-01-12 13:31:47] [info]  [13188] Service stop thread completed.
[2024-01-12 13:31:47] [info]  [21304] Run service finished.
[2024-01-12 13:31:47] [info]  [21304] Apache Commons Daemon procrun finished.
[2024-01-12 13:33:02] [info]  [20408] Apache Commons Daemon procrun (1.3.4.0 64-bit) started.
[2024-01-12 13:33:02] [info]  [20408] Running Service 'Tomcat10'...
[2024-01-12 13:33:02] [info]  [10620] Starting service...
[2024-01-12 13:33:03] [info]  [10620] Service started in 1190 milliseconds.
[2024-01-12 13:34:26] [info]  [20408] Service SERVICE_CONTROL_STOP signalled.
[2024-01-12 13:34:26] [info]  [17492] Stopping service...
[2024-01-12 13:34:27] [info]  [17492] Service stop thread completed.
[2024-01-12 13:34:27] [info]  [20408] Run service finished.
[2024-01-12 13:34:27] [info]  [20408] Apache Commons Daemon procrun finished.
[2024-01-12 13:35:28] [info]  [19104] Apache Commons Daemon procrun (1.3.4.0 64-bit) started.
[2024-01-12 13:35:29] [info]  [19104] Running Service 'Tomcat10'...
[2024-01-12 13:35:29] [info]  [ 5900] Starting service...
[2024-01-12 13:35:30] [info]  [ 5900] Service started in 1192 milliseconds.
[2024-01-12 13:40:04] [info]  [19104] Service SERVICE_CONTROL_STOP signalled.
[2024-01-12 13:40:04] [info]  [23580] Stopping service...
[2024-01-12 13:40:05] [info]  [23580] Service stop thread completed.
[2024-01-12 13:40:05] [info]  [19104] Run service finished.
[2024-01-12 13:40:05] [info]  [19104] Apache Commons Daemon procrun finished.
[2024-01-12 13:41:41] [info]  [23572] Apache Commons Daemon procrun (1.3.4.0 64-bit) started.
[2024-01-12 13:41:41] [info]  [23572] Running Service 'Tomcat10'...
[2024-01-12 13:41:41] [info]  [21636] Starting service...
[2024-01-12 13:41:43] [info]  [21636] Service started in 1181 milliseconds.
[2024-01-12 13:46:09] [info]  [23572] Service SERVICE_CONTROL_STOP signalled.
[2024-01-12 13:46:09] [info]  [12188] Stopping service...
[2024-01-12 13:46:10] [info]  [12188] Service stop thread completed.
[2024-01-12 13:46:10] [info]  [23572] Run service finished.
[2024-01-12 13:46:10] [info]  [23572] Apache Commons Daemon procrun finished.
[2024-01-12 13:46:25] [info]  [ 3456] Apache Commons Daemon procrun (1.3.4.0 64-bit) started.
[2024-01-12 13:46:25] [info]  [ 3456] Running Service 'Tomcat10'...
[2024-01-12 13:46:25] [info]  [15240] Starting service...
[2024-01-12 13:46:26] [info]  [15240] Service started in 1177 milliseconds.
[2024-01-12 13:52:10] [info]  [ 3456] Service SERVICE_CONTROL_STOP signalled.
[2024-01-12 13:52:10] [info]  [18644] Stopping service...
[2024-01-12 13:52:11] [info]  [18644] Service stop thread completed.
[2024-01-12 13:52:11] [info]  [ 3456] Run service finished.
[2024-01-12 13:52:11] [info]  [ 3456] Apache Commons Daemon procrun finished.
[2024-01-12 13:52:48] [info]  [14224] Apache Commons Daemon procrun (1.3.4.0 64-bit) started.
[2024-01-12 13:52:48] [info]  [14224] Running Service 'Tomcat10'...
[2024-01-12 13:52:48] [info]  [17992] Starting service...
[2024-01-12 13:52:49] [info]  [17992] Service started in 1217 milliseconds.
[2024-01-12 13:53:55] [info]  [14224] Service SERVICE_CONTROL_STOP signalled.
[2024-01-12 13:53:55] [info]  [17628] Stopping service...
[2024-01-12 13:53:56] [info]  [17628] Service stop thread completed.
[2024-01-12 13:53:56] [info]  [14224] Run service finished.
[2024-01-12 13:53:56] [info]  [14224] Apache Commons Daemon procrun finished.
[2024-01-12 13:54:23] [info]  [ 6776] Apache Commons Daemon procrun (1.3.4.0 64-bit) started.
[2024-01-12 13:54:23] [info]  [ 6776] Running Service 'Tomcat10'...
[2024-01-12 13:54:23] [info]  [20000] Starting service...
[2024-01-12 13:54:24] [info]  [20000] Service started in 1196 milliseconds.
[2024-01-12 14:01:26] [info]  [ 6776] Service SERVICE_CONTROL_STOP signalled.
[2024-01-12 14:01:26] [info]  [ 4940] Stopping service...
[2024-01-12 14:01:27] [info]  [ 4940] Service stop thread completed.
[2024-01-12 14:01:27] [info]  [ 6776] Run service finished.
[2024-01-12 14:01:27] [info]  [ 6776] Apache Commons Daemon procrun finished.
[2024-01-12 14:01:43] [info]  [17632] Apache Commons Daemon procrun (1.3.4.0 64-bit) started.
[2024-01-12 14:01:43] [info]  [17632] Running Service 'Tomcat10'...
[2024-01-12 14:01:43] [info]  [21300] Starting service...
[2024-01-12 14:01:44] [info]  [21300] Service started in 1179 milliseconds.
[2024-01-12 14:02:42] [info]  [17632] Service SERVICE_CONTROL_STOP signalled.
[2024-01-12 14:02:42] [info]  [ 6000] Stopping service...
[2024-01-12 14:02:43] [info]  [ 6000] Service stop thread completed.
[2024-01-12 14:02:43] [info]  [17632] Run service finished.
[2024-01-12 14:02:43] [info]  [17632] Apache Commons Daemon procrun finished.
[2024-01-12 14:03:14] [info]  [ 4768] Apache Commons Daemon procrun (1.3.4.0 64-bit) started.
[2024-01-12 14:03:14] [info]  [ 4768] Running Service 'Tomcat10'...
[2024-01-12 14:03:14] [info]  [19288] Starting service...
[2024-01-12 14:03:16] [info]  [19288] Service started in 1186 milliseconds.
[2024-01-12 14:03:25] [info]  [ 4768] Service SERVICE_CONTROL_STOP signalled.
[2024-01-12 14:03:25] [info]  [24036] Stopping service...
[2024-01-12 14:03:26] [info]  [24036] Service stop thread completed.
[2024-01-12 14:03:26] [info]  [ 4768] Run service finished.
[2024-01-12 14:03:26] [info]  [ 4768] Apache Commons Daemon procrun finished.
[2024-01-12 14:03:48] [info]  [20324] Apache Commons Daemon procrun (1.3.4.0 64-bit) started.
[2024-01-12 14:03:48] [info]  [20324] Running Service 'Tomcat10'...
[2024-01-12 14:03:48] [info]  [23012] Starting service...
[2024-01-12 14:03:49] [info]  [23012] Service started in 1193 milliseconds.
[2024-01-12 14:04:22] [info]  [20324] Service SERVICE_CONTROL_STOP signalled.
[2024-01-12 14:04:22] [info]  [ 9784] Stopping service...
[2024-01-12 14:04:23] [info]  [ 9784] Service stop thread completed.
[2024-01-12 14:04:23] [info]  [20324] Run service finished.
[2024-01-12 14:04:23] [info]  [20324] Apache Commons Daemon procrun finished.
[2024-01-12 14:06:15] [info]  [17192] Apache Commons Daemon procrun (1.3.4.0 64-bit) started.
[2024-01-12 14:06:15] [info]  [17192] Running Service 'Tomcat10'...
[2024-01-12 14:06:15] [info]  [ 8008] Starting service...
[2024-01-12 14:06:16] [info]  [ 8008] Service started in 1241 milliseconds.
[2024-01-12 14:09:08] [info]  [17192] Service SERVICE_CONTROL_STOP signalled.
[2024-01-12 14:09:08] [info]  [15240] Stopping service...
[2024-01-12 14:09:09] [info]  [15240] Service stop thread completed.
[2024-01-12 14:09:09] [info]  [17192] Run service finished.
[2024-01-12 14:09:09] [info]  [17192] Apache Commons Daemon procrun finished.
[2024-01-12 14:10:11] [info]  [24532] Apache Commons Daemon procrun (1.3.4.0 64-bit) started.
[2024-01-12 14:10:11] [info]  [24532] Running Service 'Tomcat10'...
[2024-01-12 14:10:11] [info]  [17476] Starting service...
[2024-01-12 14:10:12] [info]  [17476] Service started in 1171 milliseconds.
[2024-01-12 14:20:44] [info]  [24532] Service SERVICE_CONTROL_STOP signalled.
[2024-01-12 14:20:44] [info]  [10608] Stopping service...
[2024-01-12 14:20:45] [info]  [10608] Service stop thread completed.
[2024-01-12 14:20:45] [info]  [24532] Run service finished.
[2024-01-12 14:20:45] [info]  [24532] Apache Commons Daemon procrun finished.
[2024-01-12 14:21:19] [info]  [20088] Apache Commons Daemon procrun (1.3.4.0 64-bit) started.
[2024-01-12 14:21:19] [info]  [20088] Running Service 'Tomcat10'...
[2024-01-12 14:21:19] [info]  [24532] Starting service...
[2024-01-12 14:21:20] [info]  [24532] Service started in 1201 milliseconds.
[2024-01-12 14:32:14] [info]  [20088] Service SERVICE_CONTROL_STOP signalled.
[2024-01-12 14:32:14] [info]  [20052] Stopping service...
[2024-01-12 14:32:15] [info]  [20052] Service stop thread completed.
[2024-01-12 14:32:16] [info]  [20088] Run service finished.
[2024-01-12 14:32:16] [info]  [20088] Apache Commons Daemon procrun finished.
[2024-01-12 14:32:58] [info]  [ 5756] Apache Commons Daemon procrun (1.3.4.0 64-bit) started.
[2024-01-12 14:32:58] [info]  [ 5756] Running Service 'Tomcat10'...
[2024-01-12 14:32:58] [info]  [14212] Starting service...
[2024-01-12 14:32:59] [info]  [14212] Service started in 1214 milliseconds.
[2024-01-12 14:41:54] [info]  [ 5756] Service SERVICE_CONTROL_STOP signalled.
[2024-01-12 14:41:54] [info]  [16376] Stopping service...
[2024-01-12 14:41:55] [info]  [16376] Service stop thread completed.
[2024-01-12 14:41:55] [info]  [ 5756] Run service finished.
[2024-01-12 14:41:55] [info]  [ 5756] Apache Commons Daemon procrun finished.
[2024-01-12 14:42:23] [info]  [23056] Apache Commons Daemon procrun (1.3.4.0 64-bit) started.
[2024-01-12 14:42:23] [info]  [23056] Running Service 'Tomcat10'...
[2024-01-12 14:42:23] [info]  [ 8800] Starting service...
[2024-01-12 14:42:24] [info]  [ 8800] Service started in 1187 milliseconds.
[2024-01-12 14:45:10] [info]  [23056] Service SERVICE_CONTROL_STOP signalled.
[2024-01-12 14:45:10] [info]  [24204] Stopping service...
[2024-01-12 14:45:11] [info]  [24204] Service stop thread completed.
[2024-01-12 14:45:11] [info]  [23056] Run service finished.
[2024-01-12 14:45:11] [info]  [23056] Apache Commons Daemon procrun finished.
[2024-01-12 14:45:55] [info]  [20152] Apache Commons Daemon procrun (1.3.4.0 64-bit) started.
[2024-01-12 14:45:55] [info]  [20152] Running Service 'Tomcat10'...
[2024-01-12 14:45:55] [info]  [21876] Starting service...
[2024-01-12 14:45:56] [info]  [21876] Service started in 1191 milliseconds.
[2024-01-12 15:00:10] [info]  [20152] Service SERVICE_CONTROL_STOP signalled.
[2024-01-12 15:00:10] [info]  [18560] Stopping service...
[2024-01-12 15:00:11] [info]  [18560] Service stop thread completed.
[2024-01-12 15:00:11] [info]  [20152] Run service finished.
[2024-01-12 15:00:11] [info]  [20152] Apache Commons Daemon procrun finished.
[2024-01-12 15:01:31] [info]  [22660] Apache Commons Daemon procrun (1.3.4.0 64-bit) started.
[2024-01-12 15:01:31] [info]  [22660] Running Service 'Tomcat10'...
[2024-01-12 15:01:31] [info]  [23476] Starting service...
[2024-01-12 15:01:32] [info]  [23476] Service started in 1192 milliseconds.
[2024-01-12 15:07:17] [info]  [22660] Service SERVICE_CONTROL_STOP signalled.
[2024-01-12 15:07:17] [info]  [23196] Stopping service...
[2024-01-12 15:07:18] [info]  [23196] Service stop thread completed.
[2024-01-12 15:07:18] [info]  [22660] Run service finished.
[2024-01-12 15:07:18] [info]  [22660] Apache Commons Daemon procrun finished.
