[2023-12-28 14:33:09] [info]  [ 1556] Apache Commons Daemon procrun (1.3.4.0 64-bit) started.
[2023-12-28 14:33:09] [info]  [ 1556] Running Service 'Tomcat10'...
[2023-12-28 14:33:09] [info]  [16452] Starting service...
[2023-12-28 14:33:11] [info]  [16452] Service started in 1515 milliseconds.
[2023-12-28 14:41:38] [info]  [ 1556] Service SERVICE_CONTROL_STOP signalled.
[2023-12-28 14:41:38] [info]  [16508] Stopping service...
[2023-12-28 14:41:39] [info]  [16508] Service stop thread completed.
[2023-12-28 14:41:39] [info]  [ 1556] Run service finished.
[2023-12-28 14:41:39] [info]  [ 1556] Apache Commons Daemon procrun finished.
[2023-12-28 14:42:23] [info]  [17892] Apache Commons Daemon procrun (1.3.4.0 64-bit) started.
[2023-12-28 14:42:23] [info]  [17892] Running Service 'Tomcat10'...
[2023-12-28 14:42:23] [info]  [17908] Starting service...
[2023-12-28 14:42:24] [info]  [17908] Service started in 1180 milliseconds.
[2023-12-28 14:46:47] [info]  [17892] Service SERVICE_CONTROL_STOP signalled.
[2023-12-28 14:46:47] [info]  [15364] Stopping service...
[2023-12-28 14:46:48] [info]  [15364] Service stop thread completed.
[2023-12-28 14:46:48] [info]  [17892] Run service finished.
[2023-12-28 14:46:48] [info]  [17892] Apache Commons Daemon procrun finished.
[2023-12-28 14:49:52] [info]  [ 2984] Apache Commons Daemon procrun (1.3.4.0 64-bit) started.
[2023-12-28 14:49:52] [info]  [ 2984] Running Service 'Tomcat10'...
[2023-12-28 14:49:52] [info]  [15096] Starting service...
[2023-12-28 14:49:54] [info]  [15096] Service started in 1191 milliseconds.
[2023-12-28 14:50:39] [info]  [ 2984] Service SERVICE_CONTROL_STOP signalled.
[2023-12-28 14:50:39] [info]  [11348] Stopping service...
[2023-12-28 14:50:40] [info]  [11348] Service stop thread completed.
[2023-12-28 14:50:40] [info]  [ 2984] Run service finished.
[2023-12-28 14:50:40] [info]  [ 2984] Apache Commons Daemon procrun finished.
[2023-12-28 14:53:41] [info]  [16064] Apache Commons Daemon procrun (1.3.4.0 64-bit) started.
[2023-12-28 14:53:41] [info]  [16064] Running Service 'Tomcat10'...
[2023-12-28 14:53:41] [info]  [16732] Starting service...
[2023-12-28 14:53:42] [info]  [16732] Service started in 1202 milliseconds.
[2023-12-28 14:55:56] [info]  [16064] Service SERVICE_CONTROL_STOP signalled.
[2023-12-28 14:55:56] [info]  [ 8416] Stopping service...
[2023-12-28 14:55:57] [info]  [ 8416] Service stop thread completed.
[2023-12-28 14:55:57] [info]  [16064] Run service finished.
[2023-12-28 14:55:57] [info]  [16064] Apache Commons Daemon procrun finished.
[2023-12-28 15:01:23] [info]  [ 9756] Apache Commons Daemon procrun (1.3.4.0 64-bit) started.
[2023-12-28 15:01:23] [info]  [ 9756] Running Service 'Tomcat10'...
[2023-12-28 15:01:23] [info]  [13324] Starting service...
[2023-12-28 15:01:24] [info]  [13324] Service started in 1198 milliseconds.
[2023-12-28 15:08:01] [info]  [ 9756] Service SERVICE_CONTROL_STOP signalled.
[2023-12-28 15:08:01] [info]  [15264] Stopping service...
[2023-12-28 15:08:02] [info]  [15264] Service stop thread completed.
[2023-12-28 15:08:02] [info]  [ 9756] Run service finished.
[2023-12-28 15:08:02] [info]  [ 9756] Apache Commons Daemon procrun finished.
[2023-12-28 15:08:16] [info]  [17300] Apache Commons Daemon procrun (1.3.4.0 64-bit) started.
[2023-12-28 15:08:16] [info]  [17300] Running Service 'Tomcat10'...
[2023-12-28 15:08:16] [info]  [18412] Starting service...
[2023-12-28 15:08:17] [info]  [18412] Service started in 1192 milliseconds.
[2023-12-28 15:11:13] [info]  [17300] Service SERVICE_CONTROL_STOP signalled.
[2023-12-28 15:11:13] [info]  [16488] Stopping service...
[2023-12-28 15:11:14] [info]  [16488] Service stop thread completed.
[2023-12-28 15:11:14] [info]  [17300] Run service finished.
[2023-12-28 15:11:14] [info]  [17300] Apache Commons Daemon procrun finished.
[2023-12-28 15:11:27] [info]  [11380] Apache Commons Daemon procrun (1.3.4.0 64-bit) started.
[2023-12-28 15:11:27] [info]  [11380] Running Service 'Tomcat10'...
[2023-12-28 15:11:27] [info]  [ 7368] Starting service...
[2023-12-28 15:11:28] [info]  [ 7368] Service started in 1195 milliseconds.
[2023-12-28 16:07:15] [info]  [11380] Service SERVICE_CONTROL_STOP signalled.
[2023-12-28 16:07:15] [info]  [ 2876] Stopping service...
[2023-12-28 16:07:16] [info]  [ 2876] Service stop thread completed.
[2023-12-28 16:07:16] [info]  [11380] Run service finished.
[2023-12-28 16:07:16] [info]  [11380] Apache Commons Daemon procrun finished.
[2023-12-28 16:07:25] [info]  [16672] Apache Commons Daemon procrun (1.3.4.0 64-bit) started.
[2023-12-28 16:07:25] [info]  [16672] Running Service 'Tomcat10'...
[2023-12-28 16:07:25] [info]  [17552] Starting service...
[2023-12-28 16:07:26] [info]  [17552] Service started in 1206 milliseconds.
[2023-12-28 16:10:27] [info]  [16672] Service SERVICE_CONTROL_STOP signalled.
[2023-12-28 16:10:27] [info]  [15512] Stopping service...
[2023-12-28 16:10:28] [info]  [15512] Service stop thread completed.
[2023-12-28 16:10:28] [info]  [16672] Run service finished.
[2023-12-28 16:10:28] [info]  [16672] Apache Commons Daemon procrun finished.
[2023-12-28 16:10:48] [info]  [18004] Apache Commons Daemon procrun (1.3.4.0 64-bit) started.
[2023-12-28 16:10:48] [info]  [18004] Running Service 'Tomcat10'...
[2023-12-28 16:10:48] [info]  [ 5952] Starting service...
[2023-12-28 16:10:50] [info]  [ 5952] Service started in 1190 milliseconds.
[2023-12-28 16:12:27] [info]  [18004] Service SERVICE_CONTROL_STOP signalled.
[2023-12-28 16:12:27] [info]  [11612] Stopping service...
[2023-12-28 16:12:28] [info]  [11612] Service stop thread completed.
[2023-12-28 16:12:28] [info]  [18004] Run service finished.
[2023-12-28 16:12:28] [info]  [18004] Apache Commons Daemon procrun finished.
[2023-12-28 16:12:35] [info]  [17764] Apache Commons Daemon procrun (1.3.4.0 64-bit) started.
[2023-12-28 16:12:35] [info]  [17764] Running Service 'Tomcat10'...
[2023-12-28 16:12:35] [info]  [12272] Starting service...
[2023-12-28 16:12:36] [info]  [12272] Service started in 1177 milliseconds.
[2023-12-28 16:17:41] [info]  [17764] Service SERVICE_CONTROL_STOP signalled.
[2023-12-28 16:17:41] [info]  [18276] Stopping service...
[2023-12-28 16:17:42] [info]  [18276] Service stop thread completed.
[2023-12-28 16:17:42] [info]  [17764] Run service finished.
[2023-12-28 16:17:42] [info]  [17764] Apache Commons Daemon procrun finished.
[2023-12-28 16:17:55] [info]  [17444] Apache Commons Daemon procrun (1.3.4.0 64-bit) started.
[2023-12-28 16:17:55] [info]  [17444] Running Service 'Tomcat10'...
[2023-12-28 16:17:55] [info]  [ 9144] Starting service...
[2023-12-28 16:17:56] [info]  [ 9144] Service started in 1185 milliseconds.
[2023-12-28 16:18:53] [info]  [17444] Service SERVICE_CONTROL_STOP signalled.
[2023-12-28 16:19:11] [info]  [10976] Stopping service...
[2023-12-28 16:19:12] [info]  [10976] Service stop thread completed.
[2023-12-28 16:19:12] [info]  [17444] Run service finished.
[2023-12-28 16:19:12] [info]  [17444] Apache Commons Daemon procrun finished.
[2023-12-28 16:19:18] [info]  [16868] Apache Commons Daemon procrun (1.3.4.0 64-bit) started.
[2023-12-28 16:19:18] [info]  [16868] Running Service 'Tomcat10'...
[2023-12-28 16:19:18] [info]  [10616] Starting service...
[2023-12-28 16:19:19] [info]  [10616] Service started in 1199 milliseconds.
[2023-12-28 16:20:29] [info]  [16868] Service SERVICE_CONTROL_STOP signalled.
[2023-12-28 16:20:29] [info]  [12364] Stopping service...
[2023-12-28 16:20:30] [info]  [12364] Service stop thread completed.
[2023-12-28 16:20:30] [info]  [16868] Run service finished.
[2023-12-28 16:20:30] [info]  [16868] Apache Commons Daemon procrun finished.
[2023-12-28 16:20:58] [info]  [17684] Apache Commons Daemon procrun (1.3.4.0 64-bit) started.
[2023-12-28 16:20:58] [info]  [17684] Running Service 'Tomcat10'...
[2023-12-28 16:20:58] [info]  [16836] Starting service...
[2023-12-28 16:21:00] [info]  [16836] Service started in 1274 milliseconds.
[2023-12-28 16:28:18] [info]  [17684] Service SERVICE_CONTROL_STOP signalled.
[2023-12-28 16:28:18] [info]  [17496] Stopping service...
[2023-12-28 16:28:19] [info]  [17496] Service stop thread completed.
[2023-12-28 16:28:19] [info]  [17684] Run service finished.
[2023-12-28 16:28:19] [info]  [17684] Apache Commons Daemon procrun finished.
[2023-12-28 16:28:28] [info]  [15292] Apache Commons Daemon procrun (1.3.4.0 64-bit) started.
[2023-12-28 16:28:28] [info]  [15292] Running Service 'Tomcat10'...
[2023-12-28 16:28:28] [info]  [14220] Starting service...
[2023-12-28 16:28:29] [info]  [14220] Service started in 1186 milliseconds.
[2023-12-28 16:29:02] [info]  [15292] Service SERVICE_CONTROL_STOP signalled.
[2023-12-28 16:29:02] [info]  [ 7268] Stopping service...
[2023-12-28 16:29:03] [info]  [ 7268] Service stop thread completed.
[2023-12-28 16:29:03] [info]  [15292] Run service finished.
[2023-12-28 16:29:03] [info]  [15292] Apache Commons Daemon procrun finished.
[2023-12-28 16:30:18] [info]  [17812] Apache Commons Daemon procrun (1.3.4.0 64-bit) started.
[2023-12-28 16:30:18] [info]  [17812] Running Service 'Tomcat10'...
[2023-12-28 16:30:18] [info]  [10976] Starting service...
[2023-12-28 16:30:19] [info]  [10976] Service started in 1176 milliseconds.
[2023-12-28 16:34:20] [info]  [17812] Service SERVICE_CONTROL_STOP signalled.
[2023-12-28 16:34:20] [info]  [11660] Stopping service...
[2023-12-28 16:34:21] [info]  [11660] Service stop thread completed.
[2023-12-28 16:34:21] [info]  [17812] Run service finished.
[2023-12-28 16:34:21] [info]  [17812] Apache Commons Daemon procrun finished.
[2023-12-28 16:36:28] [info]  [15028] Apache Commons Daemon procrun (1.3.4.0 64-bit) started.
[2023-12-28 16:36:28] [info]  [15028] Running Service 'Tomcat10'...
[2023-12-28 16:36:28] [info]  [ 9852] Starting service...
[2023-12-28 16:36:29] [info]  [ 9852] Service started in 1189 milliseconds.
[2023-12-28 16:49:35] [info]  [15028] Service SERVICE_CONTROL_STOP signalled.
[2023-12-28 16:49:35] [info]  [18300] Stopping service...
[2023-12-28 16:49:36] [info]  [18300] Service stop thread completed.
[2023-12-28 16:49:36] [info]  [15028] Run service finished.
[2023-12-28 16:49:36] [info]  [15028] Apache Commons Daemon procrun finished.
[2023-12-28 16:49:56] [info]  [17324] Apache Commons Daemon procrun (1.3.4.0 64-bit) started.
[2023-12-28 16:49:56] [info]  [17324] Running Service 'Tomcat10'...
[2023-12-28 16:49:56] [info]  [ 4720] Starting service...
[2023-12-28 16:49:57] [info]  [ 4720] Service started in 1241 milliseconds.
[2023-12-28 16:51:06] [info]  [17324] Service SERVICE_CONTROL_STOP signalled.
[2023-12-28 16:51:06] [info]  [15432] Stopping service...
[2023-12-28 16:51:08] [info]  [15432] Service stop thread completed.
[2023-12-28 16:51:08] [info]  [17324] Run service finished.
[2023-12-28 16:51:08] [info]  [17324] Apache Commons Daemon procrun finished.
