[2023-12-06 16:22:49] [info]  [14968] Apache Commons Daemon procrun (1.3.4.0 64-bit) started.
[2023-12-06 16:22:49] [info]  [14968] Running Service 'Tomcat10'...
[2023-12-06 16:22:49] [info]  [14264] Starting service...
[2023-12-06 16:22:51] [info]  [14264] Service started in 1480 milliseconds.
[2023-12-06 16:35:08] [info]  [14968] Service SERVICE_CONTROL_STOP signalled.
[2023-12-06 16:35:08] [info]  [ 5216] Stopping service...
[2023-12-06 16:35:09] [info]  [ 5216] Service stop thread completed.
[2023-12-06 16:35:09] [info]  [14968] Run service finished.
[2023-12-06 16:35:09] [info]  [14968] Apache Commons Daemon procrun finished.
[2023-12-06 16:35:24] [info]  [15292] Apache Commons Daemon procrun (1.3.4.0 64-bit) started.
[2023-12-06 16:35:24] [info]  [15292] Running Service 'Tomcat10'...
[2023-12-06 16:35:24] [info]  [14132] Starting service...
[2023-12-06 16:35:25] [info]  [14132] Service started in 1195 milliseconds.
[2023-12-06 16:41:08] [info]  [15292] Service SERVICE_CONTROL_STOP signalled.
[2023-12-06 16:41:08] [info]  [13496] Stopping service...
[2023-12-06 16:41:09] [info]  [13496] Service stop thread completed.
[2023-12-06 16:41:09] [info]  [15292] Run service finished.
[2023-12-06 16:41:09] [info]  [15292] Apache Commons Daemon procrun finished.
[2023-12-06 16:41:20] [info]  [14236] Apache Commons Daemon procrun (1.3.4.0 64-bit) started.
[2023-12-06 16:41:20] [info]  [14236] Running Service 'Tomcat10'...
[2023-12-06 16:41:20] [info]  [ 9480] Starting service...
[2023-12-06 16:41:21] [info]  [ 9480] Service started in 1176 milliseconds.
[2023-12-06 16:43:11] [info]  [14236] Service SERVICE_CONTROL_STOP signalled.
[2023-12-06 16:43:11] [info]  [11588] Stopping service...
[2023-12-06 16:43:12] [info]  [11588] Service stop thread completed.
[2023-12-06 16:43:12] [info]  [14236] Run service finished.
[2023-12-06 16:43:12] [info]  [14236] Apache Commons Daemon procrun finished.
[2023-12-06 16:43:20] [info]  [10444] Apache Commons Daemon procrun (1.3.4.0 64-bit) started.
[2023-12-06 16:43:20] [info]  [10444] Running Service 'Tomcat10'...
[2023-12-06 16:43:20] [info]  [ 7280] Starting service...
[2023-12-06 16:43:22] [info]  [ 7280] Service started in 1187 milliseconds.
[2023-12-06 16:47:58] [info]  [10444] Service SERVICE_CONTROL_STOP signalled.
[2023-12-06 16:47:58] [info]  [10492] Stopping service...
[2023-12-06 16:48:00] [info]  [10492] Service stop thread completed.
[2023-12-06 16:48:00] [info]  [10444] Run service finished.
[2023-12-06 16:48:00] [info]  [10444] Apache Commons Daemon procrun finished.
