[2023-12-15 10:02:09] [info]  [11328] Apache Commons Daemon procrun (1.3.4.0 64-bit) started.
[2023-12-15 10:02:09] [info]  [11328] Running Service 'Tomcat10'...
[2023-12-15 10:02:09] [info]  [ 2876] Starting service...
[2023-12-15 10:02:10] [info]  [ 2876] Service started in 1702 milliseconds.
[2023-12-15 10:05:43] [info]  [11328] Service SERVICE_CONTROL_STOP signalled.
[2023-12-15 10:05:43] [info]  [14004] Stopping service...
[2023-12-15 10:05:44] [info]  [14004] Service stop thread completed.
[2023-12-15 10:05:44] [info]  [11328] Run service finished.
[2023-12-15 10:05:44] [info]  [11328] Apache Commons Daemon procrun finished.
[2023-12-15 10:05:59] [info]  [16256] Apache Commons Daemon procrun (1.3.4.0 64-bit) started.
[2023-12-15 10:05:59] [info]  [16256] Running Service 'Tomcat10'...
[2023-12-15 10:05:59] [info]  [ 6000] Starting service...
[2023-12-15 10:06:00] [info]  [ 6000] Service started in 1180 milliseconds.
[2023-12-15 10:09:06] [info]  [16256] Service SERVICE_CONTROL_STOP signalled.
[2023-12-15 10:09:06] [info]  [ 1088] Stopping service...
[2023-12-15 10:09:07] [info]  [ 1088] Service stop thread completed.
[2023-12-15 10:09:07] [info]  [16256] Run service finished.
[2023-12-15 10:09:07] [info]  [16256] Apache Commons Daemon procrun finished.
[2023-12-15 10:09:17] [info]  [12544] Apache Commons Daemon procrun (1.3.4.0 64-bit) started.
[2023-12-15 10:09:17] [info]  [12544] Running Service 'Tomcat10'...
[2023-12-15 10:09:17] [info]  [ 9648] Starting service...
[2023-12-15 10:09:18] [info]  [ 9648] Service started in 1185 milliseconds.
[2023-12-15 10:10:04] [info]  [12544] Service SERVICE_CONTROL_STOP signalled.
[2023-12-15 10:10:04] [info]  [ 4804] Stopping service...
[2023-12-15 10:10:05] [info]  [ 4804] Service stop thread completed.
[2023-12-15 10:10:05] [info]  [12544] Run service finished.
[2023-12-15 10:10:05] [info]  [12544] Apache Commons Daemon procrun finished.
[2023-12-15 10:10:13] [info]  [12952] Apache Commons Daemon procrun (1.3.4.0 64-bit) started.
[2023-12-15 10:10:13] [info]  [12952] Running Service 'Tomcat10'...
[2023-12-15 10:10:13] [info]  [11940] Starting service...
[2023-12-15 10:10:14] [info]  [11940] Service started in 1197 milliseconds.
[2023-12-15 10:11:03] [info]  [12952] Service SERVICE_CONTROL_STOP signalled.
[2023-12-15 10:11:03] [info]  [14000] Stopping service...
[2023-12-15 10:11:04] [info]  [14000] Service stop thread completed.
[2023-12-15 10:11:04] [info]  [12952] Run service finished.
[2023-12-15 10:11:04] [info]  [12952] Apache Commons Daemon procrun finished.
[2023-12-15 10:11:49] [info]  [13964] Apache Commons Daemon procrun (1.3.4.0 64-bit) started.
[2023-12-15 10:11:49] [info]  [13964] Running Service 'Tomcat10'...
[2023-12-15 10:11:49] [info]  [ 9920] Starting service...
[2023-12-15 10:11:50] [info]  [ 9920] Service started in 1194 milliseconds.
[2023-12-15 10:12:35] [info]  [13964] Service SERVICE_CONTROL_STOP signalled.
[2023-12-15 10:12:35] [info]  [ 8772] Stopping service...
[2023-12-15 10:12:36] [info]  [ 8772] Service stop thread completed.
[2023-12-15 10:12:36] [info]  [13964] Run service finished.
[2023-12-15 10:12:36] [info]  [13964] Apache Commons Daemon procrun finished.
[2023-12-15 10:12:44] [info]  [13944] Apache Commons Daemon procrun (1.3.4.0 64-bit) started.
[2023-12-15 10:12:44] [info]  [13944] Running Service 'Tomcat10'...
[2023-12-15 10:12:44] [info]  [15352] Starting service...
[2023-12-15 10:12:45] [info]  [15352] Service started in 1184 milliseconds.
[2023-12-15 10:13:45] [info]  [13944] Service SERVICE_CONTROL_STOP signalled.
[2023-12-15 10:13:45] [info]  [15976] Stopping service...
[2023-12-15 10:13:46] [info]  [15976] Service stop thread completed.
[2023-12-15 10:13:46] [info]  [13944] Run service finished.
[2023-12-15 10:13:46] [info]  [13944] Apache Commons Daemon procrun finished.
[2023-12-15 10:13:55] [info]  [ 8188] Apache Commons Daemon procrun (1.3.4.0 64-bit) started.
[2023-12-15 10:13:55] [info]  [ 8188] Running Service 'Tomcat10'...
[2023-12-15 10:13:55] [info]  [ 9532] Starting service...
[2023-12-15 10:13:56] [info]  [ 9532] Service started in 1192 milliseconds.
[2023-12-15 10:22:54] [info]  [ 8188] Service SERVICE_CONTROL_STOP signalled.
[2023-12-15 10:22:54] [info]  [14524] Stopping service...
[2023-12-15 10:22:55] [info]  [14524] Service stop thread completed.
[2023-12-15 10:22:55] [info]  [ 8188] Run service finished.
[2023-12-15 10:22:55] [info]  [ 8188] Apache Commons Daemon procrun finished.
[2023-12-15 10:23:18] [info]  [ 3532] Apache Commons Daemon procrun (1.3.4.0 64-bit) started.
[2023-12-15 10:23:18] [info]  [ 3532] Running Service 'Tomcat10'...
[2023-12-15 10:23:18] [info]  [10056] Starting service...
[2023-12-15 10:23:19] [info]  [10056] Service started in 1194 milliseconds.
[2023-12-15 10:24:03] [info]  [ 3532] Service SERVICE_CONTROL_STOP signalled.
[2023-12-15 10:24:03] [info]  [ 2876] Stopping service...
[2023-12-15 10:24:04] [info]  [ 2876] Service stop thread completed.
[2023-12-15 10:24:04] [info]  [ 3532] Run service finished.
[2023-12-15 10:24:04] [info]  [ 3532] Apache Commons Daemon procrun finished.
[2023-12-15 10:24:12] [info]  [12216] Apache Commons Daemon procrun (1.3.4.0 64-bit) started.
[2023-12-15 10:24:12] [info]  [12216] Running Service 'Tomcat10'...
[2023-12-15 10:24:12] [info]  [12164] Starting service...
[2023-12-15 10:24:14] [info]  [12164] Service started in 1194 milliseconds.
[2023-12-15 10:29:23] [info]  [12216] Service SERVICE_CONTROL_STOP signalled.
[2023-12-15 10:29:23] [info]  [11336] Stopping service...
[2023-12-15 10:29:24] [info]  [11336] Service stop thread completed.
[2023-12-15 10:29:24] [info]  [12216] Run service finished.
[2023-12-15 10:29:24] [info]  [12216] Apache Commons Daemon procrun finished.
[2023-12-15 10:29:38] [info]  [ 5876] Apache Commons Daemon procrun (1.3.4.0 64-bit) started.
[2023-12-15 10:29:38] [info]  [ 5876] Running Service 'Tomcat10'...
[2023-12-15 10:29:38] [info]  [ 3112] Starting service...
[2023-12-15 10:29:39] [info]  [ 3112] Service started in 1185 milliseconds.
[2023-12-15 10:29:54] [info]  [ 5876] Service SERVICE_CONTROL_STOP signalled.
[2023-12-15 10:29:54] [info]  [ 3440] Stopping service...
[2023-12-15 10:29:55] [info]  [ 3440] Service stop thread completed.
[2023-12-15 10:29:55] [info]  [ 5876] Run service finished.
[2023-12-15 10:29:55] [info]  [ 5876] Apache Commons Daemon procrun finished.
[2023-12-15 10:30:02] [info]  [11312] Apache Commons Daemon procrun (1.3.4.0 64-bit) started.
[2023-12-15 10:30:02] [info]  [11312] Running Service 'Tomcat10'...
[2023-12-15 10:30:02] [info]  [11256] Starting service...
[2023-12-15 10:30:04] [info]  [11256] Service started in 1233 milliseconds.
[2023-12-15 10:31:03] [info]  [11312] Service SERVICE_CONTROL_STOP signalled.
[2023-12-15 10:31:03] [info]  [13492] Stopping service...
[2023-12-15 10:31:04] [info]  [13492] Service stop thread completed.
[2023-12-15 10:31:04] [info]  [11312] Run service finished.
[2023-12-15 10:31:04] [info]  [11312] Apache Commons Daemon procrun finished.
[2023-12-15 10:31:07] [info]  [14128] Apache Commons Daemon procrun (1.3.4.0 64-bit) started.
[2023-12-15 10:31:07] [info]  [14128] Running Service 'Tomcat10'...
[2023-12-15 10:31:07] [info]  [ 7832] Starting service...
[2023-12-15 10:31:08] [info]  [ 7832] Service started in 1182 milliseconds.
[2023-12-15 10:32:25] [info]  [14128] Service SERVICE_CONTROL_STOP signalled.
[2023-12-15 10:32:25] [info]  [ 4036] Stopping service...
[2023-12-15 10:32:26] [info]  [ 4036] Service stop thread completed.
[2023-12-15 10:32:26] [info]  [14128] Run service finished.
[2023-12-15 10:32:26] [info]  [14128] Apache Commons Daemon procrun finished.
[2023-12-15 10:32:34] [info]  [ 4432] Apache Commons Daemon procrun (1.3.4.0 64-bit) started.
[2023-12-15 10:32:34] [info]  [ 4432] Running Service 'Tomcat10'...
[2023-12-15 10:32:34] [info]  [16340] Starting service...
[2023-12-15 10:32:35] [info]  [16340] Service started in 1192 milliseconds.
[2023-12-15 10:32:55] [info]  [ 4432] Service SERVICE_CONTROL_STOP signalled.
[2023-12-15 10:32:55] [info]  [ 9424] Stopping service...
[2023-12-15 10:32:56] [info]  [ 9424] Service stop thread completed.
[2023-12-15 10:32:56] [info]  [ 4432] Run service finished.
[2023-12-15 10:32:56] [info]  [ 4432] Apache Commons Daemon procrun finished.
[2023-12-15 10:34:05] [info]  [10648] Apache Commons Daemon procrun (1.3.4.0 64-bit) started.
[2023-12-15 10:34:05] [info]  [10648] Running Service 'Tomcat10'...
[2023-12-15 10:34:05] [info]  [12092] Starting service...
[2023-12-15 10:34:06] [info]  [12092] Service started in 1193 milliseconds.
[2023-12-15 11:04:57] [info]  [10648] Service SERVICE_CONTROL_STOP signalled.
[2023-12-15 11:04:58] [info]  [10964] Stopping service...
[2023-12-15 11:04:59] [info]  [10964] Service stop thread completed.
[2023-12-15 11:04:59] [info]  [10648] Run service finished.
[2023-12-15 11:04:59] [info]  [10648] Apache Commons Daemon procrun finished.
[2023-12-15 11:18:48] [info]  [14032] Apache Commons Daemon procrun (1.3.4.0 64-bit) started.
[2023-12-15 11:18:48] [info]  [14032] Running Service 'Tomcat10'...
[2023-12-15 11:18:48] [info]  [10432] Starting service...
[2023-12-15 11:18:49] [info]  [10432] Service started in 1197 milliseconds.
[2023-12-15 11:20:17] [info]  [14032] Service SERVICE_CONTROL_STOP signalled.
[2023-12-15 11:20:17] [info]  [14524] Stopping service...
[2023-12-15 11:20:18] [info]  [14524] Service stop thread completed.
[2023-12-15 11:20:18] [info]  [14032] Run service finished.
[2023-12-15 11:20:18] [info]  [14032] Apache Commons Daemon procrun finished.
[2023-12-15 11:22:29] [info]  [ 9676] Apache Commons Daemon procrun (1.3.4.0 64-bit) started.
[2023-12-15 11:22:29] [info]  [ 9676] Running Service 'Tomcat10'...
[2023-12-15 11:22:29] [info]  [14012] Starting service...
[2023-12-15 11:22:30] [info]  [14012] Service started in 1203 milliseconds.
[2023-12-15 11:23:07] [info]  [ 9676] Service SERVICE_CONTROL_STOP signalled.
[2023-12-15 11:23:07] [info]  [12092] Stopping service...
[2023-12-15 11:23:08] [info]  [12092] Service stop thread completed.
[2023-12-15 11:23:08] [info]  [ 9676] Run service finished.
[2023-12-15 11:23:08] [info]  [ 9676] Apache Commons Daemon procrun finished.
[2023-12-15 11:30:05] [info]  [ 7976] Apache Commons Daemon procrun (1.3.4.0 64-bit) started.
[2023-12-15 11:30:05] [info]  [ 7976] Running Service 'Tomcat10'...
[2023-12-15 11:30:05] [info]  [15416] Starting service...
[2023-12-15 11:30:07] [info]  [15416] Service started in 1192 milliseconds.
[2023-12-15 11:31:01] [info]  [ 7976] Service SERVICE_CONTROL_STOP signalled.
[2023-12-15 11:31:01] [info]  [10368] Stopping service...
[2023-12-15 11:31:02] [info]  [10368] Service stop thread completed.
[2023-12-15 11:31:02] [info]  [ 7976] Run service finished.
[2023-12-15 11:31:02] [info]  [ 7976] Apache Commons Daemon procrun finished.
[2023-12-15 11:31:49] [info]  [14152] Apache Commons Daemon procrun (1.3.4.0 64-bit) started.
[2023-12-15 11:31:49] [info]  [14152] Running Service 'Tomcat10'...
[2023-12-15 11:31:49] [info]  [ 4876] Starting service...
[2023-12-15 11:31:50] [info]  [ 4876] Service started in 1177 milliseconds.
[2023-12-15 11:32:16] [info]  [14152] Service SERVICE_CONTROL_STOP signalled.
[2023-12-15 11:32:16] [info]  [ 9844] Stopping service...
[2023-12-15 11:32:17] [info]  [ 9844] Service stop thread completed.
[2023-12-15 11:32:17] [info]  [14152] Run service finished.
[2023-12-15 11:32:17] [info]  [14152] Apache Commons Daemon procrun finished.
[2023-12-15 11:32:20] [info]  [ 8248] Apache Commons Daemon procrun (1.3.4.0 64-bit) started.
[2023-12-15 11:32:20] [info]  [ 8248] Running Service 'Tomcat10'...
[2023-12-15 11:32:20] [info]  [ 7140] Starting service...
[2023-12-15 11:32:21] [info]  [ 7140] Service started in 1202 milliseconds.
[2023-12-15 11:32:46] [info]  [ 8248] Service SERVICE_CONTROL_STOP signalled.
[2023-12-15 11:32:46] [info]  [12544] Stopping service...
[2023-12-15 11:32:47] [info]  [12544] Service stop thread completed.
[2023-12-15 11:32:47] [info]  [ 8248] Run service finished.
[2023-12-15 11:32:47] [info]  [ 8248] Apache Commons Daemon procrun finished.
