[2023-12-16 14:16:00] [info]  [15860] Apache Commons Daemon procrun (1.3.4.0 64-bit) started.
[2023-12-16 14:16:00] [info]  [15860] Running Service 'Tomcat10'...
[2023-12-16 14:16:00] [info]  [ 4200] Starting service...
[2023-12-16 14:16:02] [info]  [ 4200] Service started in 1602 milliseconds.
[2023-12-16 14:17:49] [info]  [15860] Service SERVICE_CONTROL_STOP signalled.
[2023-12-16 14:17:49] [info]  [ 4340] Stopping service...
[2023-12-16 14:17:50] [info]  [ 4340] Service stop thread completed.
[2023-12-16 14:17:50] [info]  [15860] Run service finished.
[2023-12-16 14:17:50] [info]  [15860] Apache Commons Daemon procrun finished.
[2023-12-16 14:18:13] [info]  [ 2876] Apache Commons Daemon procrun (1.3.4.0 64-bit) started.
[2023-12-16 14:18:13] [info]  [ 2876] Running Service 'Tomcat10'...
[2023-12-16 14:18:13] [info]  [15432] Starting service...
[2023-12-16 14:18:14] [info]  [15432] Service started in 1179 milliseconds.
[2023-12-16 14:52:03] [info]  [ 2876] Service SERVICE_CONTROL_STOP signalled.
[2023-12-16 14:52:03] [info]  [ 3744] Stopping service...
[2023-12-16 14:52:04] [info]  [ 3744] Service stop thread completed.
[2023-12-16 14:52:04] [info]  [ 2876] Run service finished.
[2023-12-16 14:52:04] [info]  [ 2876] Apache Commons Daemon procrun finished.
[2023-12-16 14:52:22] [info]  [ 6244] Apache Commons Daemon procrun (1.3.4.0 64-bit) started.
[2023-12-16 14:52:23] [info]  [ 6244] Running Service 'Tomcat10'...
[2023-12-16 14:52:23] [info]  [ 4912] Starting service...
[2023-12-16 14:52:24] [info]  [ 4912] Service started in 1207 milliseconds.
[2023-12-16 14:57:45] [info]  [ 6244] Service SERVICE_CONTROL_STOP signalled.
[2023-12-16 14:57:45] [info]  [12824] Stopping service...
[2023-12-16 14:57:46] [info]  [12824] Service stop thread completed.
[2023-12-16 14:57:46] [info]  [ 6244] Run service finished.
[2023-12-16 14:57:46] [info]  [ 6244] Apache Commons Daemon procrun finished.
[2023-12-16 14:57:57] [info]  [11580] Apache Commons Daemon procrun (1.3.4.0 64-bit) started.
[2023-12-16 14:57:57] [info]  [11580] Running Service 'Tomcat10'...
[2023-12-16 14:57:57] [info]  [ 5516] Starting service...
[2023-12-16 14:57:58] [info]  [ 5516] Service started in 1225 milliseconds.
[2023-12-16 15:03:46] [info]  [11580] Service SERVICE_CONTROL_STOP signalled.
[2023-12-16 15:03:46] [info]  [13880] Stopping service...
[2023-12-16 15:03:47] [info]  [13880] Service stop thread completed.
[2023-12-16 15:03:47] [info]  [11580] Run service finished.
[2023-12-16 15:03:47] [info]  [11580] Apache Commons Daemon procrun finished.
[2023-12-16 15:04:13] [info]  [ 7400] Apache Commons Daemon procrun (1.3.4.0 64-bit) started.
[2023-12-16 15:04:13] [info]  [ 7400] Running Service 'Tomcat10'...
[2023-12-16 15:04:13] [info]  [13432] Starting service...
[2023-12-16 15:04:14] [info]  [13432] Service started in 1201 milliseconds.
[2023-12-16 15:05:23] [info]  [ 7400] Service SERVICE_CONTROL_STOP signalled.
[2023-12-16 15:05:23] [info]  [12720] Stopping service...
[2023-12-16 15:05:24] [info]  [12720] Service stop thread completed.
[2023-12-16 15:05:24] [info]  [ 7400] Run service finished.
[2023-12-16 15:05:24] [info]  [ 7400] Apache Commons Daemon procrun finished.
[2023-12-16 15:08:05] [info]  [10848] Apache Commons Daemon procrun (1.3.4.0 64-bit) started.
[2023-12-16 15:08:05] [info]  [10848] Running Service 'Tomcat10'...
[2023-12-16 15:08:05] [info]  [ 7580] Starting service...
[2023-12-16 15:08:06] [info]  [ 7580] Service started in 1200 milliseconds.
[2023-12-16 15:09:02] [info]  [10848] Service SERVICE_CONTROL_STOP signalled.
[2023-12-16 15:09:02] [info]  [10280] Stopping service...
[2023-12-16 15:09:03] [info]  [10280] Service stop thread completed.
[2023-12-16 15:09:03] [info]  [10848] Run service finished.
[2023-12-16 15:09:03] [info]  [10848] Apache Commons Daemon procrun finished.
[2023-12-16 15:10:40] [info]  [15408] Apache Commons Daemon procrun (1.3.4.0 64-bit) started.
[2023-12-16 15:10:40] [info]  [15408] Running Service 'Tomcat10'...
[2023-12-16 15:10:40] [info]  [14564] Starting service...
[2023-12-16 15:10:41] [info]  [14564] Service started in 1199 milliseconds.
[2023-12-16 15:12:48] [info]  [15408] Service SERVICE_CONTROL_STOP signalled.
[2023-12-16 15:12:48] [info]  [10720] Stopping service...
[2023-12-16 15:12:49] [info]  [10720] Service stop thread completed.
[2023-12-16 15:12:49] [info]  [15408] Run service finished.
[2023-12-16 15:12:49] [info]  [15408] Apache Commons Daemon procrun finished.
[2023-12-16 15:38:08] [info]  [ 4276] Apache Commons Daemon procrun (1.3.4.0 64-bit) started.
[2023-12-16 15:38:08] [info]  [ 4276] Running Service 'Tomcat10'...
[2023-12-16 15:38:08] [info]  [ 2504] Starting service...
[2023-12-16 15:38:10] [info]  [ 2504] Service started in 1197 milliseconds.
[2023-12-16 15:41:54] [info]  [ 4276] Service SERVICE_CONTROL_STOP signalled.
[2023-12-16 15:41:54] [info]  [16356] Stopping service...
[2023-12-16 15:41:55] [info]  [16356] Service stop thread completed.
[2023-12-16 15:41:55] [info]  [ 4276] Run service finished.
[2023-12-16 15:41:55] [info]  [ 4276] Apache Commons Daemon procrun finished.
[2023-12-16 15:42:10] [info]  [ 5408] Apache Commons Daemon procrun (1.3.4.0 64-bit) started.
[2023-12-16 15:42:10] [info]  [ 5408] Running Service 'Tomcat10'...
[2023-12-16 15:42:10] [info]  [15288] Starting service...
[2023-12-16 15:42:11] [info]  [15288] Service started in 1200 milliseconds.
[2023-12-16 15:43:59] [info]  [ 5408] Service SERVICE_CONTROL_STOP signalled.
[2023-12-16 15:43:59] [info]  [12544] Stopping service...
[2023-12-16 15:44:00] [info]  [12544] Service stop thread completed.
[2023-12-16 15:44:00] [info]  [ 5408] Run service finished.
[2023-12-16 15:44:00] [info]  [ 5408] Apache Commons Daemon procrun finished.
[2023-12-16 15:44:18] [info]  [ 7832] Apache Commons Daemon procrun (1.3.4.0 64-bit) started.
[2023-12-16 15:44:18] [info]  [ 7832] Running Service 'Tomcat10'...
[2023-12-16 15:44:18] [info]  [15996] Starting service...
[2023-12-16 15:44:19] [info]  [15996] Service started in 1181 milliseconds.
[2023-12-16 15:46:16] [info]  [ 7832] Service SERVICE_CONTROL_STOP signalled.
[2023-12-16 15:46:16] [info]  [14364] Stopping service...
[2023-12-16 15:46:17] [info]  [14364] Service stop thread completed.
[2023-12-16 15:46:17] [info]  [ 7832] Run service finished.
[2023-12-16 15:46:17] [info]  [ 7832] Apache Commons Daemon procrun finished.
[2023-12-16 15:46:29] [info]  [ 3456] Apache Commons Daemon procrun (1.3.4.0 64-bit) started.
[2023-12-16 15:46:29] [info]  [ 3456] Running Service 'Tomcat10'...
[2023-12-16 15:46:29] [info]  [15116] Starting service...
[2023-12-16 15:46:30] [info]  [15116] Service started in 1190 milliseconds.
[2023-12-16 15:47:40] [info]  [ 3456] Service SERVICE_CONTROL_STOP signalled.
[2023-12-16 15:47:40] [info]  [14820] Stopping service...
[2023-12-16 15:47:41] [info]  [14820] Service stop thread completed.
[2023-12-16 15:47:41] [info]  [ 3456] Run service finished.
[2023-12-16 15:47:41] [info]  [ 3456] Apache Commons Daemon procrun finished.
[2023-12-16 16:05:26] [info]  [ 4880] Apache Commons Daemon procrun (1.3.4.0 64-bit) started.
[2023-12-16 16:05:26] [info]  [ 4880] Running Service 'Tomcat10'...
[2023-12-16 16:05:26] [info]  [13936] Starting service...
[2023-12-16 16:05:28] [info]  [13936] Service started in 1198 milliseconds.
[2023-12-16 16:07:54] [info]  [ 4880] Service SERVICE_CONTROL_STOP signalled.
[2023-12-16 16:07:54] [info]  [12824] Stopping service...
[2023-12-16 16:07:55] [info]  [12824] Service stop thread completed.
[2023-12-16 16:07:55] [info]  [ 4880] Run service finished.
[2023-12-16 16:07:55] [info]  [ 4880] Apache Commons Daemon procrun finished.
[2023-12-16 16:28:28] [info]  [15980] Apache Commons Daemon procrun (1.3.4.0 64-bit) started.
[2023-12-16 16:28:28] [info]  [15980] Running Service 'Tomcat10'...
[2023-12-16 16:28:28] [info]  [ 7012] Starting service...
[2023-12-16 16:28:29] [info]  [ 7012] Service started in 1177 milliseconds.
[2023-12-16 16:31:40] [info]  [15980] Service SERVICE_CONTROL_STOP signalled.
[2023-12-16 16:31:40] [info]  [16056] Stopping service...
[2023-12-16 16:31:41] [info]  [16056] Service stop thread completed.
[2023-12-16 16:31:41] [info]  [15980] Run service finished.
[2023-12-16 16:31:41] [info]  [15980] Apache Commons Daemon procrun finished.
[2023-12-16 16:45:35] [info]  [15688] Apache Commons Daemon procrun (1.3.4.0 64-bit) started.
[2023-12-16 16:45:35] [info]  [15688] Running Service 'Tomcat10'...
[2023-12-16 16:45:35] [info]  [15748] Starting service...
[2023-12-16 16:45:37] [info]  [15748] Service started in 1196 milliseconds.
[2023-12-16 16:54:49] [info]  [15688] Service SERVICE_CONTROL_STOP signalled.
[2023-12-16 16:54:49] [info]  [16236] Stopping service...
[2023-12-16 16:54:50] [info]  [16236] Service stop thread completed.
[2023-12-16 16:54:50] [info]  [15688] Run service finished.
[2023-12-16 16:54:50] [info]  [15688] Apache Commons Daemon procrun finished.
[2023-12-16 16:55:16] [info]  [14168] Apache Commons Daemon procrun (1.3.4.0 64-bit) started.
[2023-12-16 16:55:16] [info]  [14168] Running Service 'Tomcat10'...
[2023-12-16 16:55:16] [info]  [ 4276] Starting service...
[2023-12-16 16:55:18] [info]  [ 4276] Service started in 1192 milliseconds.
[2023-12-16 16:57:53] [info]  [14168] Service SERVICE_CONTROL_STOP signalled.
[2023-12-16 16:57:53] [info]  [ 7328] Stopping service...
[2023-12-16 16:57:54] [info]  [ 7328] Service stop thread completed.
[2023-12-16 16:57:54] [info]  [14168] Run service finished.
[2023-12-16 16:57:54] [info]  [14168] Apache Commons Daemon procrun finished.
[2023-12-16 16:58:02] [info]  [15824] Apache Commons Daemon procrun (1.3.4.0 64-bit) started.
[2023-12-16 16:58:02] [info]  [15824] Running Service 'Tomcat10'...
[2023-12-16 16:58:02] [info]  [ 8228] Starting service...
[2023-12-16 16:58:03] [info]  [ 8228] Service started in 1195 milliseconds.
[2023-12-16 16:58:37] [info]  [15824] Service SERVICE_CONTROL_STOP signalled.
[2023-12-16 16:58:37] [info]  [11972] Stopping service...
[2023-12-16 16:58:38] [info]  [11972] Service stop thread completed.
[2023-12-16 16:58:38] [info]  [15824] Run service finished.
[2023-12-16 16:58:38] [info]  [15824] Apache Commons Daemon procrun finished.
[2023-12-16 17:03:28] [info]  [14816] Apache Commons Daemon procrun (1.3.4.0 64-bit) started.
[2023-12-16 17:03:28] [info]  [14816] Running Service 'Tomcat10'...
[2023-12-16 17:03:28] [info]  [ 7788] Starting service...
[2023-12-16 17:03:29] [info]  [ 7788] Service started in 1207 milliseconds.
[2023-12-16 17:11:22] [info]  [14816] Service SERVICE_CONTROL_STOP signalled.
[2023-12-16 17:11:22] [info]  [14400] Stopping service...
[2023-12-16 17:11:23] [info]  [14400] Service stop thread completed.
[2023-12-16 17:11:23] [info]  [14816] Run service finished.
[2023-12-16 17:11:23] [info]  [14816] Apache Commons Daemon procrun finished.
[2023-12-16 17:11:32] [info]  [ 5516] Apache Commons Daemon procrun (1.3.4.0 64-bit) started.
[2023-12-16 17:11:32] [info]  [ 5516] Running Service 'Tomcat10'...
[2023-12-16 17:11:32] [info]  [ 9244] Starting service...
[2023-12-16 17:11:33] [info]  [ 9244] Service started in 1189 milliseconds.
[2023-12-16 17:12:05] [info]  [ 5516] Service SERVICE_CONTROL_STOP signalled.
[2023-12-16 17:12:05] [info]  [14108] Stopping service...
[2023-12-16 17:12:06] [info]  [14108] Service stop thread completed.
[2023-12-16 17:12:06] [info]  [ 5516] Run service finished.
[2023-12-16 17:12:06] [info]  [ 5516] Apache Commons Daemon procrun finished.
[2023-12-16 17:19:23] [info]  [ 8752] Apache Commons Daemon procrun (1.3.4.0 64-bit) started.
[2023-12-16 17:19:23] [info]  [ 8752] Running Service 'Tomcat10'...
[2023-12-16 17:19:23] [info]  [ 8156] Starting service...
[2023-12-16 17:19:24] [info]  [ 8156] Service started in 1221 milliseconds.
[2023-12-16 17:22:41] [info]  [ 8752] Service SERVICE_CONTROL_STOP signalled.
[2023-12-16 17:22:41] [info]  [ 7152] Stopping service...
[2023-12-16 17:22:42] [info]  [ 7152] Service stop thread completed.
[2023-12-16 17:22:42] [info]  [ 8752] Run service finished.
[2023-12-16 17:22:42] [info]  [ 8752] Apache Commons Daemon procrun finished.
[2023-12-16 17:22:50] [info]  [11968] Apache Commons Daemon procrun (1.3.4.0 64-bit) started.
[2023-12-16 17:22:50] [info]  [11968] Running Service 'Tomcat10'...
[2023-12-16 17:22:50] [info]  [  112] Starting service...
[2023-12-16 17:22:52] [info]  [  112] Service started in 1179 milliseconds.
[2023-12-16 17:23:06] [info]  [11968] Service SERVICE_CONTROL_STOP signalled.
[2023-12-16 17:23:06] [info]  [15320] Stopping service...
[2023-12-16 17:23:07] [info]  [15320] Service stop thread completed.
[2023-12-16 17:23:07] [info]  [11968] Run service finished.
[2023-12-16 17:23:07] [info]  [11968] Apache Commons Daemon procrun finished.
[2023-12-16 17:23:45] [info]  [15716] Apache Commons Daemon procrun (1.3.4.0 64-bit) started.
[2023-12-16 17:23:45] [info]  [15716] Running Service 'Tomcat10'...
[2023-12-16 17:23:45] [info]  [14788] Starting service...
[2023-12-16 17:23:46] [info]  [14788] Service started in 1192 milliseconds.
[2023-12-16 17:25:17] [info]  [15716] Service SERVICE_CONTROL_STOP signalled.
[2023-12-16 17:25:17] [info]  [ 4720] Stopping service...
[2023-12-16 17:25:18] [info]  [ 4720] Service stop thread completed.
[2023-12-16 17:25:18] [info]  [15716] Run service finished.
[2023-12-16 17:25:18] [info]  [15716] Apache Commons Daemon procrun finished.
[2023-12-16 17:25:33] [info]  [14212] Apache Commons Daemon procrun (1.3.4.0 64-bit) started.
[2023-12-16 17:25:33] [info]  [14212] Running Service 'Tomcat10'...
[2023-12-16 17:25:33] [info]  [ 8544] Starting service...
[2023-12-16 17:25:34] [info]  [ 8544] Service started in 1206 milliseconds.
[2023-12-16 17:30:58] [info]  [14212] Service SERVICE_CONTROL_STOP signalled.
[2023-12-16 17:30:58] [info]  [14936] Stopping service...
[2023-12-16 17:30:59] [info]  [14936] Service stop thread completed.
[2023-12-16 17:30:59] [info]  [14212] Run service finished.
[2023-12-16 17:30:59] [info]  [14212] Apache Commons Daemon procrun finished.
[2023-12-16 17:31:08] [info]  [16260] Apache Commons Daemon procrun (1.3.4.0 64-bit) started.
[2023-12-16 17:31:08] [info]  [16260] Running Service 'Tomcat10'...
[2023-12-16 17:31:08] [info]  [13280] Starting service...
[2023-12-16 17:31:09] [info]  [13280] Service started in 1190 milliseconds.
[2023-12-16 17:38:37] [info]  [16260] Service SERVICE_CONTROL_STOP signalled.
[2023-12-16 17:38:37] [info]  [ 1612] Stopping service...
[2023-12-16 17:38:38] [info]  [ 1612] Service stop thread completed.
[2023-12-16 17:38:38] [info]  [16260] Run service finished.
[2023-12-16 17:38:38] [info]  [16260] Apache Commons Daemon procrun finished.
[2023-12-16 17:39:02] [info]  [15416] Apache Commons Daemon procrun (1.3.4.0 64-bit) started.
[2023-12-16 17:39:02] [info]  [15416] Running Service 'Tomcat10'...
[2023-12-16 17:39:02] [info]  [14688] Starting service...
[2023-12-16 17:39:03] [info]  [14688] Service started in 1202 milliseconds.
[2023-12-16 17:41:54] [info]  [15416] Service SERVICE_CONTROL_STOP signalled.
[2023-12-16 17:41:54] [info]  [ 5544] Stopping service...
[2023-12-16 17:41:55] [info]  [ 5544] Service stop thread completed.
[2023-12-16 17:41:55] [info]  [15416] Run service finished.
[2023-12-16 17:41:55] [info]  [15416] Apache Commons Daemon procrun finished.
[2023-12-16 17:42:05] [info]  [13060] Apache Commons Daemon procrun (1.3.4.0 64-bit) started.
[2023-12-16 17:42:05] [info]  [13060] Running Service 'Tomcat10'...
[2023-12-16 17:42:05] [info]  [ 6904] Starting service...
[2023-12-16 17:42:07] [info]  [ 6904] Service started in 1196 milliseconds.
[2023-12-16 17:49:12] [info]  [13060] Service SERVICE_CONTROL_STOP signalled.
[2023-12-16 17:49:12] [info]  [15876] Stopping service...
[2023-12-16 17:49:13] [info]  [15876] Service stop thread completed.
[2023-12-16 17:49:13] [info]  [13060] Run service finished.
[2023-12-16 17:49:13] [info]  [13060] Apache Commons Daemon procrun finished.
[2023-12-16 17:49:25] [info]  [13188] Apache Commons Daemon procrun (1.3.4.0 64-bit) started.
[2023-12-16 17:49:25] [info]  [13188] Running Service 'Tomcat10'...
[2023-12-16 17:49:25] [info]  [ 5016] Starting service...
[2023-12-16 17:49:26] [info]  [ 5016] Service started in 1189 milliseconds.
[2023-12-16 17:49:51] [info]  [13188] Service SERVICE_CONTROL_STOP signalled.
[2023-12-16 17:49:51] [info]  [ 9232] Stopping service...
[2023-12-16 17:49:52] [info]  [ 9232] Service stop thread completed.
[2023-12-16 17:49:53] [info]  [13188] Run service finished.
[2023-12-16 17:49:53] [info]  [13188] Apache Commons Daemon procrun finished.
[2023-12-16 17:54:43] [info]  [16308] Apache Commons Daemon procrun (1.3.4.0 64-bit) started.
[2023-12-16 17:54:43] [info]  [16308] Running Service 'Tomcat10'...
[2023-12-16 17:54:43] [info]  [12280] Starting service...
[2023-12-16 17:54:44] [info]  [12280] Service started in 1193 milliseconds.
[2023-12-16 18:08:10] [info]  [16308] Service SERVICE_CONTROL_STOP signalled.
[2023-12-16 18:08:10] [info]  [16272] Stopping service...
[2023-12-16 18:08:11] [info]  [16272] Service stop thread completed.
[2023-12-16 18:08:11] [info]  [16308] Run service finished.
[2023-12-16 18:08:11] [info]  [16308] Apache Commons Daemon procrun finished.
[2023-12-16 18:09:23] [info]  [15048] Apache Commons Daemon procrun (1.3.4.0 64-bit) started.
[2023-12-16 18:09:23] [info]  [15048] Running Service 'Tomcat10'...
[2023-12-16 18:09:23] [info]  [ 4876] Starting service...
[2023-12-16 18:09:24] [info]  [ 4876] Service started in 1177 milliseconds.
[2023-12-16 18:11:40] [info]  [15048] Service SERVICE_CONTROL_STOP signalled.
[2023-12-16 18:11:40] [info]  [ 8908] Stopping service...
[2023-12-16 18:11:41] [info]  [ 8908] Service stop thread completed.
[2023-12-16 18:11:41] [info]  [15048] Run service finished.
[2023-12-16 18:11:41] [info]  [15048] Apache Commons Daemon procrun finished.
[2023-12-16 18:12:18] [info]  [10680] Apache Commons Daemon procrun (1.3.4.0 64-bit) started.
[2023-12-16 18:12:18] [info]  [10680] Running Service 'Tomcat10'...
[2023-12-16 18:12:18] [info]  [15904] Starting service...
[2023-12-16 18:12:19] [info]  [15904] Service started in 1191 milliseconds.
[2023-12-16 18:22:21] [info]  [10680] Service SERVICE_CONTROL_STOP signalled.
[2023-12-16 18:22:21] [info]  [15224] Stopping service...
[2023-12-16 18:22:22] [info]  [15224] Service stop thread completed.
[2023-12-16 18:22:22] [info]  [10680] Run service finished.
[2023-12-16 18:22:22] [info]  [10680] Apache Commons Daemon procrun finished.
[2023-12-16 18:22:32] [info]  [ 5172] Apache Commons Daemon procrun (1.3.4.0 64-bit) started.
[2023-12-16 18:22:32] [info]  [ 5172] Running Service 'Tomcat10'...
[2023-12-16 18:22:32] [info]  [13636] Starting service...
[2023-12-16 18:22:33] [info]  [13636] Service started in 1174 milliseconds.
[2023-12-16 18:23:29] [info]  [ 5172] Service SERVICE_CONTROL_STOP signalled.
[2023-12-16 18:23:29] [info]  [13660] Stopping service...
[2023-12-16 18:23:30] [info]  [13660] Service stop thread completed.
[2023-12-16 18:23:30] [info]  [ 5172] Run service finished.
[2023-12-16 18:23:30] [info]  [ 5172] Apache Commons Daemon procrun finished.
[2023-12-16 18:23:40] [info]  [ 7832] Apache Commons Daemon procrun (1.3.4.0 64-bit) started.
[2023-12-16 18:23:40] [info]  [ 7832] Running Service 'Tomcat10'...
[2023-12-16 18:23:40] [info]  [15688] Starting service...
[2023-12-16 18:23:42] [info]  [15688] Service started in 1181 milliseconds.
[2023-12-16 18:28:47] [info]  [ 7832] Service SERVICE_CONTROL_STOP signalled.
[2023-12-16 18:28:47] [info]  [ 7556] Stopping service...
[2023-12-16 18:28:48] [info]  [ 7556] Service stop thread completed.
[2023-12-16 18:28:48] [info]  [ 7832] Run service finished.
[2023-12-16 18:28:48] [info]  [ 7832] Apache Commons Daemon procrun finished.
[2023-12-16 18:28:58] [info]  [11112] Apache Commons Daemon procrun (1.3.4.0 64-bit) started.
[2023-12-16 18:28:58] [info]  [11112] Running Service 'Tomcat10'...
[2023-12-16 18:28:58] [info]  [10716] Starting service...
[2023-12-16 18:28:59] [info]  [10716] Service started in 1182 milliseconds.
[2023-12-16 18:33:19] [info]  [11112] Service SERVICE_CONTROL_STOP signalled.
[2023-12-16 18:33:19] [info]  [14128] Stopping service...
[2023-12-16 18:33:20] [info]  [14128] Service stop thread completed.
[2023-12-16 18:33:20] [info]  [11112] Run service finished.
[2023-12-16 18:33:20] [info]  [11112] Apache Commons Daemon procrun finished.
[2023-12-16 18:33:28] [info]  [11516] Apache Commons Daemon procrun (1.3.4.0 64-bit) started.
[2023-12-16 18:33:28] [info]  [11516] Running Service 'Tomcat10'...
[2023-12-16 18:33:28] [info]  [10280] Starting service...
[2023-12-16 18:33:29] [info]  [10280] Service started in 1179 milliseconds.
[2023-12-16 18:37:12] [info]  [11516] Service SERVICE_CONTROL_STOP signalled.
[2023-12-16 18:37:12] [info]  [14032] Stopping service...
[2023-12-16 18:37:14] [info]  [14032] Service stop thread completed.
[2023-12-16 18:37:14] [info]  [11516] Run service finished.
[2023-12-16 18:37:14] [info]  [11516] Apache Commons Daemon procrun finished.
[2023-12-16 18:37:21] [info]  [14100] Apache Commons Daemon procrun (1.3.4.0 64-bit) started.
[2023-12-16 18:37:21] [info]  [14100] Running Service 'Tomcat10'...
[2023-12-16 18:37:21] [info]  [ 6000] Starting service...
[2023-12-16 18:37:23] [info]  [ 6000] Service started in 1192 milliseconds.
[2023-12-16 18:38:56] [info]  [14100] Service SERVICE_CONTROL_STOP signalled.
[2023-12-16 18:38:56] [info]  [13380] Stopping service...
[2023-12-16 18:38:57] [info]  [13380] Service stop thread completed.
[2023-12-16 18:38:57] [info]  [14100] Run service finished.
[2023-12-16 18:38:57] [info]  [14100] Apache Commons Daemon procrun finished.
[2023-12-16 18:41:35] [info]  [14928] Apache Commons Daemon procrun (1.3.4.0 64-bit) started.
[2023-12-16 18:41:35] [info]  [14928] Running Service 'Tomcat10'...
[2023-12-16 18:41:35] [info]  [11188] Starting service...
[2023-12-16 18:41:36] [info]  [11188] Service started in 1177 milliseconds.
[2023-12-16 18:42:09] [info]  [14928] Service SERVICE_CONTROL_STOP signalled.
[2023-12-16 18:42:09] [info]  [16000] Stopping service...
[2023-12-16 18:42:10] [info]  [16000] Service stop thread completed.
[2023-12-16 18:42:10] [info]  [14928] Run service finished.
[2023-12-16 18:42:10] [info]  [14928] Apache Commons Daemon procrun finished.
[2023-12-16 18:43:26] [info]  [10204] Apache Commons Daemon procrun (1.3.4.0 64-bit) started.
[2023-12-16 18:43:27] [info]  [10204] Running Service 'Tomcat10'...
[2023-12-16 18:43:27] [info]  [  604] Starting service...
[2023-12-16 18:43:28] [info]  [  604] Service started in 1204 milliseconds.
[2023-12-16 18:43:51] [info]  [10204] Service SERVICE_CONTROL_STOP signalled.
[2023-12-16 18:43:51] [info]  [15912] Stopping service...
[2023-12-16 18:43:52] [info]  [15912] Service stop thread completed.
[2023-12-16 18:43:52] [info]  [10204] Run service finished.
[2023-12-16 18:43:52] [info]  [10204] Apache Commons Daemon procrun finished.
[2023-12-16 18:44:33] [info]  [16240] Apache Commons Daemon procrun (1.3.4.0 64-bit) started.
[2023-12-16 18:44:33] [info]  [16240] Running Service 'Tomcat10'...
[2023-12-16 18:44:33] [info]  [14424] Starting service...
[2023-12-16 18:44:34] [info]  [14424] Service started in 1203 milliseconds.
[2023-12-16 18:59:14] [info]  [16240] Service SERVICE_CONTROL_STOP signalled.
[2023-12-16 18:59:14] [info]  [12392] Stopping service...
[2023-12-16 18:59:15] [info]  [12392] Service stop thread completed.
[2023-12-16 18:59:15] [info]  [16240] Run service finished.
[2023-12-16 18:59:15] [info]  [16240] Apache Commons Daemon procrun finished.
