06-Dec-2023 08:57:32.445 INFO [Thread-2] org.apache.catalina.core.ApplicationContext.log SessionListener: contextDestroyed()
06-Dec-2023 08:57:32.445 INFO [Thread-2] org.apache.catalina.core.ApplicationContext.log ContextListener: contextDestroyed()
06-Dec-2023 16:22:54.630 INFO [main] org.apache.catalina.core.ApplicationContext.log ContextListener: contextInitialized()
06-Dec-2023 16:22:54.632 INFO [main] org.apache.catalina.core.ApplicationContext.log SessionListener: contextInitialized()
06-Dec-2023 16:22:54.632 INFO [main] org.apache.catalina.core.ApplicationContext.log ContextListener: attributeAdded('StockTicker', 'async.Stockticker@41e8d917')
06-Dec-2023 16:35:08.253 INFO [Thread-2] org.apache.catalina.core.ApplicationContext.log SessionListener: contextDestroyed()
06-Dec-2023 16:35:08.253 INFO [Thread-2] org.apache.catalina.core.ApplicationContext.log ContextListener: contextDestroyed()
06-Dec-2023 16:35:27.615 INFO [main] org.apache.catalina.core.ApplicationContext.log ContextListener: contextInitialized()
06-Dec-2023 16:35:27.616 INFO [main] org.apache.catalina.core.ApplicationContext.log SessionListener: contextInitialized()
06-Dec-2023 16:35:27.622 INFO [main] org.apache.catalina.core.ApplicationContext.log ContextListener: attributeAdded('StockTicker', 'async.Stockticker@598657cd')
06-Dec-2023 16:41:08.886 INFO [Thread-2] org.apache.catalina.core.ApplicationContext.log SessionListener: contextDestroyed()
06-Dec-2023 16:41:08.886 INFO [Thread-2] org.apache.catalina.core.ApplicationContext.log ContextListener: contextDestroyed()
06-Dec-2023 16:41:23.938 INFO [main] org.apache.catalina.core.ApplicationContext.log ContextListener: contextInitialized()
06-Dec-2023 16:41:23.938 INFO [main] org.apache.catalina.core.ApplicationContext.log SessionListener: contextInitialized()
06-Dec-2023 16:41:23.946 INFO [main] org.apache.catalina.core.ApplicationContext.log ContextListener: attributeAdded('StockTicker', 'async.Stockticker@38c10190')
06-Dec-2023 16:43:11.107 INFO [Thread-2] org.apache.catalina.core.ApplicationContext.log SessionListener: contextDestroyed()
06-Dec-2023 16:43:11.107 INFO [Thread-2] org.apache.catalina.core.ApplicationContext.log ContextListener: contextDestroyed()
06-Dec-2023 16:43:24.145 INFO [main] org.apache.catalina.core.ApplicationContext.log ContextListener: contextInitialized()
06-Dec-2023 16:43:24.146 INFO [main] org.apache.catalina.core.ApplicationContext.log SessionListener: contextInitialized()
06-Dec-2023 16:43:24.152 INFO [main] org.apache.catalina.core.ApplicationContext.log ContextListener: attributeAdded('StockTicker', 'async.Stockticker@38c10190')
06-Dec-2023 16:47:59.065 INFO [Thread-2] org.apache.catalina.core.ApplicationContext.log SessionListener: contextDestroyed()
06-Dec-2023 16:47:59.065 INFO [Thread-2] org.apache.catalina.core.ApplicationContext.log ContextListener: contextDestroyed()
