12-Jan-2024 10:54:33.308 SEVERE [main] org.apache.tomcat.util.descriptor.web.SecurityConstraint.findUncoveredHttpMethods For security constraints with URL pattern [/*] only the HTTP methods [POST GET] are covered. All other methods are uncovered.
12-Jan-2024 10:54:33.464 SEVERE [main] org.apache.tomcat.util.descriptor.web.SecurityConstraint.findUncoveredHttpMethods For security constraints with URL pattern [/*] only the HTTP methods [POST GET] are covered. All other methods are uncovered.
12-Jan-2024 10:54:34.683 INFO [main] org.apache.catalina.core.ApplicationContext.log ContextListener: contextInitialized()
12-Jan-2024 10:54:34.683 INFO [main] org.apache.catalina.core.ApplicationContext.log SessionListener: contextInitialized()
12-Jan-2024 10:54:34.683 INFO [main] org.apache.catalina.core.ApplicationContext.log ContextListener: attributeAdded('StockTicker', 'async.Stockticker@fcf9525')
12-Jan-2024 10:54:34.683 SEVERE [main] org.apache.tomcat.util.descriptor.web.SecurityConstraint.findUncoveredHttpMethods For security constraints with URL pattern [/*] only the HTTP methods [POST GET] are covered. All other methods are uncovered.
12-Jan-2024 10:54:36.011 SEVERE [main] org.apache.tomcat.util.descriptor.web.SecurityConstraint.findUncoveredHttpMethods For security constraints with URL pattern [/*] only the HTTP methods [POST GET] are covered. All other methods are uncovered.
12-Jan-2024 10:55:21.747 INFO [Thread-2] org.apache.catalina.core.ApplicationContext.log SessionListener: contextDestroyed()
12-Jan-2024 10:55:21.747 INFO [Thread-2] org.apache.catalina.core.ApplicationContext.log ContextListener: contextDestroyed()
12-Jan-2024 13:16:12.650 SEVERE [main] org.apache.tomcat.util.descriptor.web.SecurityConstraint.findUncoveredHttpMethods For security constraints with URL pattern [/*] only the HTTP methods [POST GET] are covered. All other methods are uncovered.
12-Jan-2024 13:16:12.768 SEVERE [main] org.apache.tomcat.util.descriptor.web.SecurityConstraint.findUncoveredHttpMethods For security constraints with URL pattern [/*] only the HTTP methods [POST GET] are covered. All other methods are uncovered.
12-Jan-2024 13:16:13.169 INFO [main] org.apache.catalina.core.ApplicationContext.log ContextListener: contextInitialized()
12-Jan-2024 13:16:13.170 INFO [main] org.apache.catalina.core.ApplicationContext.log SessionListener: contextInitialized()
12-Jan-2024 13:16:13.172 INFO [main] org.apache.catalina.core.ApplicationContext.log ContextListener: attributeAdded('StockTicker', 'async.Stockticker@a9e8da1')
12-Jan-2024 13:16:13.172 SEVERE [main] org.apache.tomcat.util.descriptor.web.SecurityConstraint.findUncoveredHttpMethods For security constraints with URL pattern [/*] only the HTTP methods [POST GET] are covered. All other methods are uncovered.
12-Jan-2024 13:16:14.366 SEVERE [main] org.apache.tomcat.util.descriptor.web.SecurityConstraint.findUncoveredHttpMethods For security constraints with URL pattern [/*] only the HTTP methods [POST GET] are covered. All other methods are uncovered.
12-Jan-2024 13:26:36.948 INFO [Thread-2] org.apache.catalina.core.ApplicationContext.log SessionListener: contextDestroyed()
12-Jan-2024 13:26:36.948 INFO [Thread-2] org.apache.catalina.core.ApplicationContext.log ContextListener: contextDestroyed()
12-Jan-2024 13:27:22.165 SEVERE [main] org.apache.tomcat.util.descriptor.web.SecurityConstraint.findUncoveredHttpMethods For security constraints with URL pattern [/*] only the HTTP methods [POST GET] are covered. All other methods are uncovered.
12-Jan-2024 13:27:22.280 SEVERE [main] org.apache.tomcat.util.descriptor.web.SecurityConstraint.findUncoveredHttpMethods For security constraints with URL pattern [/*] only the HTTP methods [POST GET] are covered. All other methods are uncovered.
12-Jan-2024 13:27:22.705 INFO [main] org.apache.catalina.core.ApplicationContext.log ContextListener: contextInitialized()
12-Jan-2024 13:27:22.706 INFO [main] org.apache.catalina.core.ApplicationContext.log SessionListener: contextInitialized()
12-Jan-2024 13:27:22.708 INFO [main] org.apache.catalina.core.ApplicationContext.log ContextListener: attributeAdded('StockTicker', 'async.Stockticker@2712e8f4')
12-Jan-2024 13:27:22.709 SEVERE [main] org.apache.tomcat.util.descriptor.web.SecurityConstraint.findUncoveredHttpMethods For security constraints with URL pattern [/*] only the HTTP methods [POST GET] are covered. All other methods are uncovered.
12-Jan-2024 13:27:23.858 SEVERE [main] org.apache.tomcat.util.descriptor.web.SecurityConstraint.findUncoveredHttpMethods For security constraints with URL pattern [/*] only the HTTP methods [POST GET] are covered. All other methods are uncovered.
12-Jan-2024 13:29:15.416 SEVERE [Catalina-utility-2] org.apache.tomcat.util.descriptor.web.SecurityConstraint.findUncoveredHttpMethods For security constraints with URL pattern [/*] only the HTTP methods [POST GET] are covered. All other methods are uncovered.
12-Jan-2024 13:29:22.775 INFO [Thread-2] org.apache.catalina.core.ApplicationContext.log SessionListener: contextDestroyed()
12-Jan-2024 13:29:22.775 INFO [Thread-2] org.apache.catalina.core.ApplicationContext.log ContextListener: contextDestroyed()
12-Jan-2024 13:29:41.174 SEVERE [main] org.apache.tomcat.util.descriptor.web.SecurityConstraint.findUncoveredHttpMethods For security constraints with URL pattern [/*] only the HTTP methods [POST GET] are covered. All other methods are uncovered.
12-Jan-2024 13:29:41.284 SEVERE [main] org.apache.tomcat.util.descriptor.web.SecurityConstraint.findUncoveredHttpMethods For security constraints with URL pattern [/*] only the HTTP methods [POST GET] are covered. All other methods are uncovered.
12-Jan-2024 13:29:41.659 INFO [main] org.apache.catalina.core.ApplicationContext.log ContextListener: contextInitialized()
12-Jan-2024 13:29:41.659 INFO [main] org.apache.catalina.core.ApplicationContext.log SessionListener: contextInitialized()
12-Jan-2024 13:29:41.659 INFO [main] org.apache.catalina.core.ApplicationContext.log ContextListener: attributeAdded('StockTicker', 'async.Stockticker@fcf9525')
12-Jan-2024 13:29:41.659 SEVERE [main] org.apache.tomcat.util.descriptor.web.SecurityConstraint.findUncoveredHttpMethods For security constraints with URL pattern [/*] only the HTTP methods [POST GET] are covered. All other methods are uncovered.
12-Jan-2024 13:29:42.815 SEVERE [main] org.apache.tomcat.util.descriptor.web.SecurityConstraint.findUncoveredHttpMethods For security constraints with URL pattern [/*] only the HTTP methods [POST GET] are covered. All other methods are uncovered.
12-Jan-2024 13:31:46.223 INFO [Thread-2] org.apache.catalina.core.ApplicationContext.log SessionListener: contextDestroyed()
12-Jan-2024 13:31:46.223 INFO [Thread-2] org.apache.catalina.core.ApplicationContext.log ContextListener: contextDestroyed()
12-Jan-2024 13:33:05.492 SEVERE [main] org.apache.tomcat.util.descriptor.web.SecurityConstraint.findUncoveredHttpMethods For security constraints with URL pattern [/*] only the HTTP methods [POST GET] are covered. All other methods are uncovered.
12-Jan-2024 13:33:05.610 SEVERE [main] org.apache.tomcat.util.descriptor.web.SecurityConstraint.findUncoveredHttpMethods For security constraints with URL pattern [/*] only the HTTP methods [POST GET] are covered. All other methods are uncovered.
12-Jan-2024 13:33:05.996 INFO [main] org.apache.catalina.core.ApplicationContext.log ContextListener: contextInitialized()
12-Jan-2024 13:33:05.997 INFO [main] org.apache.catalina.core.ApplicationContext.log SessionListener: contextInitialized()
12-Jan-2024 13:33:05.999 INFO [main] org.apache.catalina.core.ApplicationContext.log ContextListener: attributeAdded('StockTicker', 'async.Stockticker@2712e8f4')
12-Jan-2024 13:33:06.000 SEVERE [main] org.apache.tomcat.util.descriptor.web.SecurityConstraint.findUncoveredHttpMethods For security constraints with URL pattern [/*] only the HTTP methods [POST GET] are covered. All other methods are uncovered.
12-Jan-2024 13:33:07.145 SEVERE [main] org.apache.tomcat.util.descriptor.web.SecurityConstraint.findUncoveredHttpMethods For security constraints with URL pattern [/*] only the HTTP methods [POST GET] are covered. All other methods are uncovered.
12-Jan-2024 13:34:26.166 INFO [Thread-2] org.apache.catalina.core.ApplicationContext.log SessionListener: contextDestroyed()
12-Jan-2024 13:34:26.166 INFO [Thread-2] org.apache.catalina.core.ApplicationContext.log ContextListener: contextDestroyed()
12-Jan-2024 13:35:31.850 SEVERE [main] org.apache.tomcat.util.descriptor.web.SecurityConstraint.findUncoveredHttpMethods For security constraints with URL pattern [/*] only the HTTP methods [POST GET] are covered. All other methods are uncovered.
12-Jan-2024 13:35:31.968 SEVERE [main] org.apache.tomcat.util.descriptor.web.SecurityConstraint.findUncoveredHttpMethods For security constraints with URL pattern [/*] only the HTTP methods [POST GET] are covered. All other methods are uncovered.
12-Jan-2024 13:35:32.371 INFO [main] org.apache.catalina.core.ApplicationContext.log ContextListener: contextInitialized()
12-Jan-2024 13:35:32.372 INFO [main] org.apache.catalina.core.ApplicationContext.log SessionListener: contextInitialized()
12-Jan-2024 13:35:32.373 INFO [main] org.apache.catalina.core.ApplicationContext.log ContextListener: attributeAdded('StockTicker', 'async.Stockticker@2712e8f4')
12-Jan-2024 13:35:32.374 SEVERE [main] org.apache.tomcat.util.descriptor.web.SecurityConstraint.findUncoveredHttpMethods For security constraints with URL pattern [/*] only the HTTP methods [POST GET] are covered. All other methods are uncovered.
12-Jan-2024 13:35:33.526 SEVERE [main] org.apache.tomcat.util.descriptor.web.SecurityConstraint.findUncoveredHttpMethods For security constraints with URL pattern [/*] only the HTTP methods [POST GET] are covered. All other methods are uncovered.
12-Jan-2024 13:40:04.167 INFO [Thread-2] org.apache.catalina.core.ApplicationContext.log SessionListener: contextDestroyed()
12-Jan-2024 13:40:04.167 INFO [Thread-2] org.apache.catalina.core.ApplicationContext.log ContextListener: contextDestroyed()
12-Jan-2024 13:41:44.698 SEVERE [main] org.apache.tomcat.util.descriptor.web.SecurityConstraint.findUncoveredHttpMethods For security constraints with URL pattern [/*] only the HTTP methods [POST GET] are covered. All other methods are uncovered.
12-Jan-2024 13:41:44.814 SEVERE [main] org.apache.tomcat.util.descriptor.web.SecurityConstraint.findUncoveredHttpMethods For security constraints with URL pattern [/*] only the HTTP methods [POST GET] are covered. All other methods are uncovered.
12-Jan-2024 13:41:45.191 INFO [main] org.apache.catalina.core.ApplicationContext.log ContextListener: contextInitialized()
12-Jan-2024 13:41:45.192 INFO [main] org.apache.catalina.core.ApplicationContext.log SessionListener: contextInitialized()
12-Jan-2024 13:41:45.195 INFO [main] org.apache.catalina.core.ApplicationContext.log ContextListener: attributeAdded('StockTicker', 'async.Stockticker@2712e8f4')
12-Jan-2024 13:41:45.196 SEVERE [main] org.apache.tomcat.util.descriptor.web.SecurityConstraint.findUncoveredHttpMethods For security constraints with URL pattern [/*] only the HTTP methods [POST GET] are covered. All other methods are uncovered.
12-Jan-2024 13:41:46.314 SEVERE [main] org.apache.tomcat.util.descriptor.web.SecurityConstraint.findUncoveredHttpMethods For security constraints with URL pattern [/*] only the HTTP methods [POST GET] are covered. All other methods are uncovered.
12-Jan-2024 13:46:08.423 SEVERE [Catalina-utility-1] org.apache.tomcat.util.descriptor.web.SecurityConstraint.findUncoveredHttpMethods For security constraints with URL pattern [/*] only the HTTP methods [POST GET] are covered. All other methods are uncovered.
12-Jan-2024 13:46:09.100 INFO [Thread-2] org.apache.catalina.core.ApplicationContext.log SessionListener: contextDestroyed()
12-Jan-2024 13:46:09.100 INFO [Thread-2] org.apache.catalina.core.ApplicationContext.log ContextListener: contextDestroyed()
12-Jan-2024 13:46:27.834 SEVERE [main] org.apache.tomcat.util.descriptor.web.SecurityConstraint.findUncoveredHttpMethods For security constraints with URL pattern [/*] only the HTTP methods [POST GET] are covered. All other methods are uncovered.
12-Jan-2024 13:46:27.948 SEVERE [main] org.apache.tomcat.util.descriptor.web.SecurityConstraint.findUncoveredHttpMethods For security constraints with URL pattern [/*] only the HTTP methods [POST GET] are covered. All other methods are uncovered.
12-Jan-2024 13:46:28.318 INFO [main] org.apache.catalina.core.ApplicationContext.log ContextListener: contextInitialized()
12-Jan-2024 13:46:28.319 INFO [main] org.apache.catalina.core.ApplicationContext.log SessionListener: contextInitialized()
12-Jan-2024 13:46:28.321 INFO [main] org.apache.catalina.core.ApplicationContext.log ContextListener: attributeAdded('StockTicker', 'async.Stockticker@14b5752f')
12-Jan-2024 13:46:28.321 SEVERE [main] org.apache.tomcat.util.descriptor.web.SecurityConstraint.findUncoveredHttpMethods For security constraints with URL pattern [/*] only the HTTP methods [POST GET] are covered. All other methods are uncovered.
12-Jan-2024 13:46:29.507 SEVERE [main] org.apache.tomcat.util.descriptor.web.SecurityConstraint.findUncoveredHttpMethods For security constraints with URL pattern [/*] only the HTTP methods [POST GET] are covered. All other methods are uncovered.
12-Jan-2024 13:52:10.280 INFO [Thread-2] org.apache.catalina.core.ApplicationContext.log SessionListener: contextDestroyed()
12-Jan-2024 13:52:10.280 INFO [Thread-2] org.apache.catalina.core.ApplicationContext.log ContextListener: contextDestroyed()
12-Jan-2024 13:52:51.186 SEVERE [main] org.apache.tomcat.util.descriptor.web.SecurityConstraint.findUncoveredHttpMethods For security constraints with URL pattern [/*] only the HTTP methods [POST GET] are covered. All other methods are uncovered.
12-Jan-2024 13:52:51.377 SEVERE [main] org.apache.tomcat.util.descriptor.web.SecurityConstraint.findUncoveredHttpMethods For security constraints with URL pattern [/*] only the HTTP methods [POST GET] are covered. All other methods are uncovered.
12-Jan-2024 13:52:52.075 INFO [main] org.apache.catalina.core.ApplicationContext.log ContextListener: contextInitialized()
12-Jan-2024 13:52:52.077 INFO [main] org.apache.catalina.core.ApplicationContext.log SessionListener: contextInitialized()
12-Jan-2024 13:52:52.078 INFO [main] org.apache.catalina.core.ApplicationContext.log ContextListener: attributeAdded('StockTicker', 'async.Stockticker@a9e8da1')
12-Jan-2024 13:52:52.079 SEVERE [main] org.apache.tomcat.util.descriptor.web.SecurityConstraint.findUncoveredHttpMethods For security constraints with URL pattern [/*] only the HTTP methods [POST GET] are covered. All other methods are uncovered.
12-Jan-2024 13:52:53.417 SEVERE [main] org.apache.tomcat.util.descriptor.web.SecurityConstraint.findUncoveredHttpMethods For security constraints with URL pattern [/*] only the HTTP methods [POST GET] are covered. All other methods are uncovered.
12-Jan-2024 13:53:55.957 INFO [Thread-2] org.apache.catalina.core.ApplicationContext.log SessionListener: contextDestroyed()
12-Jan-2024 13:53:55.957 INFO [Thread-2] org.apache.catalina.core.ApplicationContext.log ContextListener: contextDestroyed()
12-Jan-2024 13:54:26.200 SEVERE [main] org.apache.tomcat.util.descriptor.web.SecurityConstraint.findUncoveredHttpMethods For security constraints with URL pattern [/*] only the HTTP methods [POST GET] are covered. All other methods are uncovered.
12-Jan-2024 13:54:26.316 SEVERE [main] org.apache.tomcat.util.descriptor.web.SecurityConstraint.findUncoveredHttpMethods For security constraints with URL pattern [/*] only the HTTP methods [POST GET] are covered. All other methods are uncovered.
12-Jan-2024 13:54:26.713 INFO [main] org.apache.catalina.core.ApplicationContext.log ContextListener: contextInitialized()
12-Jan-2024 13:54:26.714 INFO [main] org.apache.catalina.core.ApplicationContext.log SessionListener: contextInitialized()
12-Jan-2024 13:54:26.716 INFO [main] org.apache.catalina.core.ApplicationContext.log ContextListener: attributeAdded('StockTicker', 'async.Stockticker@315b4202')
12-Jan-2024 13:54:26.716 SEVERE [main] org.apache.tomcat.util.descriptor.web.SecurityConstraint.findUncoveredHttpMethods For security constraints with URL pattern [/*] only the HTTP methods [POST GET] are covered. All other methods are uncovered.
12-Jan-2024 13:54:27.893 SEVERE [main] org.apache.tomcat.util.descriptor.web.SecurityConstraint.findUncoveredHttpMethods For security constraints with URL pattern [/*] only the HTTP methods [POST GET] are covered. All other methods are uncovered.
12-Jan-2024 14:01:10.305 SEVERE [Catalina-utility-2] org.apache.tomcat.util.descriptor.web.SecurityConstraint.findUncoveredHttpMethods For security constraints with URL pattern [/*] only the HTTP methods [POST GET] are covered. All other methods are uncovered.
12-Jan-2024 14:01:26.080 INFO [Thread-2] org.apache.catalina.core.ApplicationContext.log SessionListener: contextDestroyed()
12-Jan-2024 14:01:26.080 INFO [Thread-2] org.apache.catalina.core.ApplicationContext.log ContextListener: contextDestroyed()
12-Jan-2024 14:01:46.018 SEVERE [main] org.apache.tomcat.util.descriptor.web.SecurityConstraint.findUncoveredHttpMethods For security constraints with URL pattern [/*] only the HTTP methods [POST GET] are covered. All other methods are uncovered.
12-Jan-2024 14:01:46.136 SEVERE [main] org.apache.tomcat.util.descriptor.web.SecurityConstraint.findUncoveredHttpMethods For security constraints with URL pattern [/*] only the HTTP methods [POST GET] are covered. All other methods are uncovered.
12-Jan-2024 14:01:46.516 INFO [main] org.apache.catalina.core.ApplicationContext.log ContextListener: contextInitialized()
12-Jan-2024 14:01:46.518 INFO [main] org.apache.catalina.core.ApplicationContext.log SessionListener: contextInitialized()
12-Jan-2024 14:01:46.519 INFO [main] org.apache.catalina.core.ApplicationContext.log ContextListener: attributeAdded('StockTicker', 'async.Stockticker@2712e8f4')
12-Jan-2024 14:01:46.519 SEVERE [main] org.apache.tomcat.util.descriptor.web.SecurityConstraint.findUncoveredHttpMethods For security constraints with URL pattern [/*] only the HTTP methods [POST GET] are covered. All other methods are uncovered.
12-Jan-2024 14:01:47.662 SEVERE [main] org.apache.tomcat.util.descriptor.web.SecurityConstraint.findUncoveredHttpMethods For security constraints with URL pattern [/*] only the HTTP methods [POST GET] are covered. All other methods are uncovered.
12-Jan-2024 14:02:42.955 INFO [Thread-2] org.apache.catalina.core.ApplicationContext.log SessionListener: contextDestroyed()
12-Jan-2024 14:02:42.955 INFO [Thread-2] org.apache.catalina.core.ApplicationContext.log ContextListener: contextDestroyed()
12-Jan-2024 14:03:18.110 SEVERE [main] org.apache.tomcat.util.descriptor.web.SecurityConstraint.findUncoveredHttpMethods For security constraints with URL pattern [/*] only the HTTP methods [POST GET] are covered. All other methods are uncovered.
12-Jan-2024 14:03:18.230 SEVERE [main] org.apache.tomcat.util.descriptor.web.SecurityConstraint.findUncoveredHttpMethods For security constraints with URL pattern [/*] only the HTTP methods [POST GET] are covered. All other methods are uncovered.
12-Jan-2024 14:03:18.660 INFO [main] org.apache.catalina.core.ApplicationContext.log ContextListener: contextInitialized()
12-Jan-2024 14:03:18.661 INFO [main] org.apache.catalina.core.ApplicationContext.log SessionListener: contextInitialized()
12-Jan-2024 14:03:18.663 INFO [main] org.apache.catalina.core.ApplicationContext.log ContextListener: attributeAdded('StockTicker', 'async.Stockticker@6bd7439d')
12-Jan-2024 14:03:18.663 SEVERE [main] org.apache.tomcat.util.descriptor.web.SecurityConstraint.findUncoveredHttpMethods For security constraints with URL pattern [/*] only the HTTP methods [POST GET] are covered. All other methods are uncovered.
12-Jan-2024 14:03:19.808 SEVERE [main] org.apache.tomcat.util.descriptor.web.SecurityConstraint.findUncoveredHttpMethods For security constraints with URL pattern [/*] only the HTTP methods [POST GET] are covered. All other methods are uncovered.
12-Jan-2024 14:03:25.152 INFO [Thread-2] org.apache.catalina.core.ApplicationContext.log SessionListener: contextDestroyed()
12-Jan-2024 14:03:25.152 INFO [Thread-2] org.apache.catalina.core.ApplicationContext.log ContextListener: contextDestroyed()
12-Jan-2024 14:03:51.454 SEVERE [main] org.apache.tomcat.util.descriptor.web.SecurityConstraint.findUncoveredHttpMethods For security constraints with URL pattern [/*] only the HTTP methods [POST GET] are covered. All other methods are uncovered.
12-Jan-2024 14:03:51.574 SEVERE [main] org.apache.tomcat.util.descriptor.web.SecurityConstraint.findUncoveredHttpMethods For security constraints with URL pattern [/*] only the HTTP methods [POST GET] are covered. All other methods are uncovered.
12-Jan-2024 14:03:51.948 INFO [main] org.apache.catalina.core.ApplicationContext.log ContextListener: contextInitialized()
12-Jan-2024 14:03:51.949 INFO [main] org.apache.catalina.core.ApplicationContext.log SessionListener: contextInitialized()
12-Jan-2024 14:03:51.951 INFO [main] org.apache.catalina.core.ApplicationContext.log ContextListener: attributeAdded('StockTicker', 'async.Stockticker@6bd7439d')
12-Jan-2024 14:03:51.951 SEVERE [main] org.apache.tomcat.util.descriptor.web.SecurityConstraint.findUncoveredHttpMethods For security constraints with URL pattern [/*] only the HTTP methods [POST GET] are covered. All other methods are uncovered.
12-Jan-2024 14:03:53.088 SEVERE [main] org.apache.tomcat.util.descriptor.web.SecurityConstraint.findUncoveredHttpMethods For security constraints with URL pattern [/*] only the HTTP methods [POST GET] are covered. All other methods are uncovered.
12-Jan-2024 14:04:22.643 INFO [Thread-2] org.apache.catalina.core.ApplicationContext.log SessionListener: contextDestroyed()
12-Jan-2024 14:04:22.643 INFO [Thread-2] org.apache.catalina.core.ApplicationContext.log ContextListener: contextDestroyed()
12-Jan-2024 14:06:18.499 SEVERE [main] org.apache.tomcat.util.descriptor.web.SecurityConstraint.findUncoveredHttpMethods For security constraints with URL pattern [/*] only the HTTP methods [POST GET] are covered. All other methods are uncovered.
12-Jan-2024 14:06:18.628 SEVERE [main] org.apache.tomcat.util.descriptor.web.SecurityConstraint.findUncoveredHttpMethods For security constraints with URL pattern [/*] only the HTTP methods [POST GET] are covered. All other methods are uncovered.
12-Jan-2024 14:06:19.010 INFO [main] org.apache.catalina.core.ApplicationContext.log ContextListener: contextInitialized()
12-Jan-2024 14:06:19.011 INFO [main] org.apache.catalina.core.ApplicationContext.log SessionListener: contextInitialized()
12-Jan-2024 14:06:19.012 INFO [main] org.apache.catalina.core.ApplicationContext.log ContextListener: attributeAdded('StockTicker', 'async.Stockticker@6bd7439d')
12-Jan-2024 14:06:19.014 SEVERE [main] org.apache.tomcat.util.descriptor.web.SecurityConstraint.findUncoveredHttpMethods For security constraints with URL pattern [/*] only the HTTP methods [POST GET] are covered. All other methods are uncovered.
12-Jan-2024 14:06:20.169 SEVERE [main] org.apache.tomcat.util.descriptor.web.SecurityConstraint.findUncoveredHttpMethods For security constraints with URL pattern [/*] only the HTTP methods [POST GET] are covered. All other methods are uncovered.
12-Jan-2024 14:09:08.815 INFO [Thread-2] org.apache.catalina.core.ApplicationContext.log SessionListener: contextDestroyed()
12-Jan-2024 14:09:08.816 INFO [Thread-2] org.apache.catalina.core.ApplicationContext.log ContextListener: contextDestroyed()
12-Jan-2024 14:10:14.619 SEVERE [main] org.apache.tomcat.util.descriptor.web.SecurityConstraint.findUncoveredHttpMethods For security constraints with URL pattern [/*] only the HTTP methods [POST GET] are covered. All other methods are uncovered.
12-Jan-2024 14:10:14.744 SEVERE [main] org.apache.tomcat.util.descriptor.web.SecurityConstraint.findUncoveredHttpMethods For security constraints with URL pattern [/*] only the HTTP methods [POST GET] are covered. All other methods are uncovered.
12-Jan-2024 14:10:15.141 INFO [main] org.apache.catalina.core.ApplicationContext.log ContextListener: contextInitialized()
12-Jan-2024 14:10:15.142 INFO [main] org.apache.catalina.core.ApplicationContext.log SessionListener: contextInitialized()
12-Jan-2024 14:10:15.143 INFO [main] org.apache.catalina.core.ApplicationContext.log ContextListener: attributeAdded('StockTicker', 'async.Stockticker@6bd7439d')
12-Jan-2024 14:10:15.144 SEVERE [main] org.apache.tomcat.util.descriptor.web.SecurityConstraint.findUncoveredHttpMethods For security constraints with URL pattern [/*] only the HTTP methods [POST GET] are covered. All other methods are uncovered.
12-Jan-2024 14:10:16.305 SEVERE [main] org.apache.tomcat.util.descriptor.web.SecurityConstraint.findUncoveredHttpMethods For security constraints with URL pattern [/*] only the HTTP methods [POST GET] are covered. All other methods are uncovered.
12-Jan-2024 14:20:44.881 INFO [Thread-2] org.apache.catalina.core.ApplicationContext.log SessionListener: contextDestroyed()
12-Jan-2024 14:20:44.881 INFO [Thread-2] org.apache.catalina.core.ApplicationContext.log ContextListener: contextDestroyed()
12-Jan-2024 14:21:22.588 SEVERE [main] org.apache.tomcat.util.descriptor.web.SecurityConstraint.findUncoveredHttpMethods For security constraints with URL pattern [/*] only the HTTP methods [POST GET] are covered. All other methods are uncovered.
12-Jan-2024 14:21:22.717 SEVERE [main] org.apache.tomcat.util.descriptor.web.SecurityConstraint.findUncoveredHttpMethods For security constraints with URL pattern [/*] only the HTTP methods [POST GET] are covered. All other methods are uncovered.
12-Jan-2024 14:21:23.138 INFO [main] org.apache.catalina.core.ApplicationContext.log ContextListener: contextInitialized()
12-Jan-2024 14:21:23.139 INFO [main] org.apache.catalina.core.ApplicationContext.log SessionListener: contextInitialized()
12-Jan-2024 14:21:23.141 INFO [main] org.apache.catalina.core.ApplicationContext.log ContextListener: attributeAdded('StockTicker', 'async.Stockticker@6bd7439d')
12-Jan-2024 14:21:23.141 SEVERE [main] org.apache.tomcat.util.descriptor.web.SecurityConstraint.findUncoveredHttpMethods For security constraints with URL pattern [/*] only the HTTP methods [POST GET] are covered. All other methods are uncovered.
12-Jan-2024 14:21:24.348 SEVERE [main] org.apache.tomcat.util.descriptor.web.SecurityConstraint.findUncoveredHttpMethods For security constraints with URL pattern [/*] only the HTTP methods [POST GET] are covered. All other methods are uncovered.
12-Jan-2024 14:32:15.010 INFO [Thread-2] org.apache.catalina.core.ApplicationContext.log SessionListener: contextDestroyed()
12-Jan-2024 14:32:15.010 INFO [Thread-2] org.apache.catalina.core.ApplicationContext.log ContextListener: contextDestroyed()
12-Jan-2024 14:33:01.693 SEVERE [main] org.apache.tomcat.util.descriptor.web.SecurityConstraint.findUncoveredHttpMethods For security constraints with URL pattern [/*] only the HTTP methods [POST GET] are covered. All other methods are uncovered.
12-Jan-2024 14:33:01.836 SEVERE [main] org.apache.tomcat.util.descriptor.web.SecurityConstraint.findUncoveredHttpMethods For security constraints with URL pattern [/*] only the HTTP methods [POST GET] are covered. All other methods are uncovered.
12-Jan-2024 14:33:02.240 INFO [main] org.apache.catalina.core.ApplicationContext.log ContextListener: contextInitialized()
12-Jan-2024 14:33:02.240 INFO [main] org.apache.catalina.core.ApplicationContext.log SessionListener: contextInitialized()
12-Jan-2024 14:33:02.242 INFO [main] org.apache.catalina.core.ApplicationContext.log ContextListener: attributeAdded('StockTicker', 'async.Stockticker@6bd7439d')
12-Jan-2024 14:33:02.242 SEVERE [main] org.apache.tomcat.util.descriptor.web.SecurityConstraint.findUncoveredHttpMethods For security constraints with URL pattern [/*] only the HTTP methods [POST GET] are covered. All other methods are uncovered.
12-Jan-2024 14:33:03.400 SEVERE [main] org.apache.tomcat.util.descriptor.web.SecurityConstraint.findUncoveredHttpMethods For security constraints with URL pattern [/*] only the HTTP methods [POST GET] are covered. All other methods are uncovered.
12-Jan-2024 14:41:54.824 INFO [Thread-2] org.apache.catalina.core.ApplicationContext.log SessionListener: contextDestroyed()
12-Jan-2024 14:41:54.824 INFO [Thread-2] org.apache.catalina.core.ApplicationContext.log ContextListener: contextDestroyed()
12-Jan-2024 14:42:26.627 SEVERE [main] org.apache.tomcat.util.descriptor.web.SecurityConstraint.findUncoveredHttpMethods For security constraints with URL pattern [/*] only the HTTP methods [POST GET] are covered. All other methods are uncovered.
12-Jan-2024 14:42:26.746 SEVERE [main] org.apache.tomcat.util.descriptor.web.SecurityConstraint.findUncoveredHttpMethods For security constraints with URL pattern [/*] only the HTTP methods [POST GET] are covered. All other methods are uncovered.
12-Jan-2024 14:42:27.128 INFO [main] org.apache.catalina.core.ApplicationContext.log ContextListener: contextInitialized()
12-Jan-2024 14:42:27.128 INFO [main] org.apache.catalina.core.ApplicationContext.log SessionListener: contextInitialized()
12-Jan-2024 14:42:27.133 INFO [main] org.apache.catalina.core.ApplicationContext.log ContextListener: attributeAdded('StockTicker', 'async.Stockticker@6bd7439d')
12-Jan-2024 14:42:27.133 SEVERE [main] org.apache.tomcat.util.descriptor.web.SecurityConstraint.findUncoveredHttpMethods For security constraints with URL pattern [/*] only the HTTP methods [POST GET] are covered. All other methods are uncovered.
12-Jan-2024 14:42:28.310 SEVERE [main] org.apache.tomcat.util.descriptor.web.SecurityConstraint.findUncoveredHttpMethods For security constraints with URL pattern [/*] only the HTTP methods [POST GET] are covered. All other methods are uncovered.
12-Jan-2024 14:45:10.112 INFO [Thread-2] org.apache.catalina.core.ApplicationContext.log SessionListener: contextDestroyed()
12-Jan-2024 14:45:10.112 INFO [Thread-2] org.apache.catalina.core.ApplicationContext.log ContextListener: contextDestroyed()
12-Jan-2024 14:45:58.238 SEVERE [main] org.apache.tomcat.util.descriptor.web.SecurityConstraint.findUncoveredHttpMethods For security constraints with URL pattern [/*] only the HTTP methods [POST GET] are covered. All other methods are uncovered.
12-Jan-2024 14:45:58.363 SEVERE [main] org.apache.tomcat.util.descriptor.web.SecurityConstraint.findUncoveredHttpMethods For security constraints with URL pattern [/*] only the HTTP methods [POST GET] are covered. All other methods are uncovered.
12-Jan-2024 14:45:58.817 INFO [main] org.apache.catalina.core.ApplicationContext.log ContextListener: contextInitialized()
12-Jan-2024 14:45:58.819 INFO [main] org.apache.catalina.core.ApplicationContext.log SessionListener: contextInitialized()
12-Jan-2024 14:45:58.821 INFO [main] org.apache.catalina.core.ApplicationContext.log ContextListener: attributeAdded('StockTicker', 'async.Stockticker@6bd7439d')
12-Jan-2024 14:45:58.821 SEVERE [main] org.apache.tomcat.util.descriptor.web.SecurityConstraint.findUncoveredHttpMethods For security constraints with URL pattern [/*] only the HTTP methods [POST GET] are covered. All other methods are uncovered.
12-Jan-2024 14:46:00.223 SEVERE [main] org.apache.tomcat.util.descriptor.web.SecurityConstraint.findUncoveredHttpMethods For security constraints with URL pattern [/*] only the HTTP methods [POST GET] are covered. All other methods are uncovered.
12-Jan-2024 15:00:10.888 INFO [Thread-2] org.apache.catalina.core.ApplicationContext.log SessionListener: contextDestroyed()
12-Jan-2024 15:00:10.888 INFO [Thread-2] org.apache.catalina.core.ApplicationContext.log ContextListener: contextDestroyed()
12-Jan-2024 15:01:34.191 SEVERE [main] org.apache.tomcat.util.descriptor.web.SecurityConstraint.findUncoveredHttpMethods For security constraints with URL pattern [/*] only the HTTP methods [POST GET] are covered. All other methods are uncovered.
12-Jan-2024 15:01:34.307 SEVERE [main] org.apache.tomcat.util.descriptor.web.SecurityConstraint.findUncoveredHttpMethods For security constraints with URL pattern [/*] only the HTTP methods [POST GET] are covered. All other methods are uncovered.
12-Jan-2024 15:01:34.702 INFO [main] org.apache.catalina.core.ApplicationContext.log ContextListener: contextInitialized()
12-Jan-2024 15:01:34.704 INFO [main] org.apache.catalina.core.ApplicationContext.log SessionListener: contextInitialized()
12-Jan-2024 15:01:34.705 INFO [main] org.apache.catalina.core.ApplicationContext.log ContextListener: attributeAdded('StockTicker', 'async.Stockticker@6bd7439d')
12-Jan-2024 15:01:34.705 SEVERE [main] org.apache.tomcat.util.descriptor.web.SecurityConstraint.findUncoveredHttpMethods For security constraints with URL pattern [/*] only the HTTP methods [POST GET] are covered. All other methods are uncovered.
12-Jan-2024 15:01:35.838 SEVERE [main] org.apache.tomcat.util.descriptor.web.SecurityConstraint.findUncoveredHttpMethods For security constraints with URL pattern [/*] only the HTTP methods [POST GET] are covered. All other methods are uncovered.
12-Jan-2024 15:07:17.883 INFO [Thread-2] org.apache.catalina.core.ApplicationContext.log SessionListener: contextDestroyed()
12-Jan-2024 15:07:17.883 INFO [Thread-2] org.apache.catalina.core.ApplicationContext.log ContextListener: contextDestroyed()
