16-Dec-2023 14:16:04.101 SEVERE [main] org.apache.tomcat.util.descriptor.web.SecurityConstraint.findUncoveredHttpMethods For security constraints with URL pattern [/*] only the HTTP methods [POST GET] are covered. All other methods are uncovered.
16-Dec-2023 14:16:04.239 SEVERE [main] org.apache.tomcat.util.descriptor.web.SecurityConstraint.findUncoveredHttpMethods For security constraints with URL pattern [/*] only the HTTP methods [POST GET] are covered. All other methods are uncovered.
16-Dec-2023 14:16:07.632 INFO [main] org.apache.catalina.core.ApplicationContext.log ContextListener: contextInitialized()
16-Dec-2023 14:16:07.641 INFO [main] org.apache.catalina.core.ApplicationContext.log SessionListener: contextInitialized()
16-Dec-2023 14:16:07.643 INFO [main] org.apache.catalina.core.ApplicationContext.log ContextListener: attributeAdded('StockTicker', 'async.Stockticker@1377b1a0')
16-Dec-2023 14:16:07.643 SEVERE [main] org.apache.tomcat.util.descriptor.web.SecurityConstraint.findUncoveredHttpMethods For security constraints with URL pattern [/*] only the HTTP methods [POST GET] are covered. All other methods are uncovered.
16-Dec-2023 14:16:09.231 SEVERE [main] org.apache.tomcat.util.descriptor.web.SecurityConstraint.findUncoveredHttpMethods For security constraints with URL pattern [/*] only the HTTP methods [POST GET] are covered. All other methods are uncovered.
16-Dec-2023 14:17:49.749 INFO [Thread-2] org.apache.catalina.core.ApplicationContext.log SessionListener: contextDestroyed()
16-Dec-2023 14:17:49.749 INFO [Thread-2] org.apache.catalina.core.ApplicationContext.log ContextListener: contextDestroyed()
16-Dec-2023 14:18:16.221 SEVERE [main] org.apache.tomcat.util.descriptor.web.SecurityConstraint.findUncoveredHttpMethods For security constraints with URL pattern [/*] only the HTTP methods [POST GET] are covered. All other methods are uncovered.
16-Dec-2023 14:18:16.445 SEVERE [main] org.apache.tomcat.util.descriptor.web.SecurityConstraint.findUncoveredHttpMethods For security constraints with URL pattern [/*] only the HTTP methods [POST GET] are covered. All other methods are uncovered.
16-Dec-2023 14:18:16.891 INFO [main] org.apache.catalina.core.ApplicationContext.log ContextListener: contextInitialized()
16-Dec-2023 14:18:16.892 INFO [main] org.apache.catalina.core.ApplicationContext.log SessionListener: contextInitialized()
16-Dec-2023 14:18:16.894 INFO [main] org.apache.catalina.core.ApplicationContext.log ContextListener: attributeAdded('StockTicker', 'async.Stockticker@5df92089')
16-Dec-2023 14:18:16.894 SEVERE [main] org.apache.tomcat.util.descriptor.web.SecurityConstraint.findUncoveredHttpMethods For security constraints with URL pattern [/*] only the HTTP methods [POST GET] are covered. All other methods are uncovered.
16-Dec-2023 14:18:18.043 SEVERE [main] org.apache.tomcat.util.descriptor.web.SecurityConstraint.findUncoveredHttpMethods For security constraints with URL pattern [/*] only the HTTP methods [POST GET] are covered. All other methods are uncovered.
16-Dec-2023 14:52:03.277 INFO [Thread-2] org.apache.catalina.core.ApplicationContext.log SessionListener: contextDestroyed()
16-Dec-2023 14:52:03.278 INFO [Thread-2] org.apache.catalina.core.ApplicationContext.log ContextListener: contextDestroyed()
16-Dec-2023 14:52:26.908 SEVERE [main] org.apache.tomcat.util.descriptor.web.SecurityConstraint.findUncoveredHttpMethods For security constraints with URL pattern [/*] only the HTTP methods [POST GET] are covered. All other methods are uncovered.
16-Dec-2023 14:52:27.246 SEVERE [main] org.apache.tomcat.util.descriptor.web.SecurityConstraint.findUncoveredHttpMethods For security constraints with URL pattern [/*] only the HTTP methods [POST GET] are covered. All other methods are uncovered.
16-Dec-2023 14:52:27.736 INFO [main] org.apache.catalina.core.ApplicationContext.log ContextListener: contextInitialized()
16-Dec-2023 14:52:27.738 INFO [main] org.apache.catalina.core.ApplicationContext.log SessionListener: contextInitialized()
16-Dec-2023 14:52:27.739 INFO [main] org.apache.catalina.core.ApplicationContext.log ContextListener: attributeAdded('StockTicker', 'async.Stockticker@5df92089')
16-Dec-2023 14:52:27.740 SEVERE [main] org.apache.tomcat.util.descriptor.web.SecurityConstraint.findUncoveredHttpMethods For security constraints with URL pattern [/*] only the HTTP methods [POST GET] are covered. All other methods are uncovered.
16-Dec-2023 14:52:31.692 SEVERE [main] org.apache.tomcat.util.descriptor.web.SecurityConstraint.findUncoveredHttpMethods For security constraints with URL pattern [/*] only the HTTP methods [POST GET] are covered. All other methods are uncovered.
16-Dec-2023 14:57:45.834 INFO [Thread-2] org.apache.catalina.core.ApplicationContext.log SessionListener: contextDestroyed()
16-Dec-2023 14:57:45.834 INFO [Thread-2] org.apache.catalina.core.ApplicationContext.log ContextListener: contextDestroyed()
16-Dec-2023 14:58:00.854 SEVERE [main] org.apache.tomcat.util.descriptor.web.SecurityConstraint.findUncoveredHttpMethods For security constraints with URL pattern [/*] only the HTTP methods [POST GET] are covered. All other methods are uncovered.
16-Dec-2023 14:58:00.986 SEVERE [main] org.apache.tomcat.util.descriptor.web.SecurityConstraint.findUncoveredHttpMethods For security constraints with URL pattern [/*] only the HTTP methods [POST GET] are covered. All other methods are uncovered.
16-Dec-2023 14:58:01.725 INFO [main] org.apache.catalina.core.ApplicationContext.log ContextListener: contextInitialized()
16-Dec-2023 14:58:01.727 INFO [main] org.apache.catalina.core.ApplicationContext.log SessionListener: contextInitialized()
16-Dec-2023 14:58:01.730 INFO [main] org.apache.catalina.core.ApplicationContext.log ContextListener: attributeAdded('StockTicker', 'async.Stockticker@5df92089')
16-Dec-2023 14:58:01.731 SEVERE [main] org.apache.tomcat.util.descriptor.web.SecurityConstraint.findUncoveredHttpMethods For security constraints with URL pattern [/*] only the HTTP methods [POST GET] are covered. All other methods are uncovered.
16-Dec-2023 14:58:04.341 SEVERE [main] org.apache.tomcat.util.descriptor.web.SecurityConstraint.findUncoveredHttpMethods For security constraints with URL pattern [/*] only the HTTP methods [POST GET] are covered. All other methods are uncovered.
16-Dec-2023 15:03:46.883 INFO [Thread-2] org.apache.catalina.core.ApplicationContext.log SessionListener: contextDestroyed()
16-Dec-2023 15:03:46.883 INFO [Thread-2] org.apache.catalina.core.ApplicationContext.log ContextListener: contextDestroyed()
16-Dec-2023 15:04:16.636 SEVERE [main] org.apache.tomcat.util.descriptor.web.SecurityConstraint.findUncoveredHttpMethods For security constraints with URL pattern [/*] only the HTTP methods [POST GET] are covered. All other methods are uncovered.
16-Dec-2023 15:04:16.760 SEVERE [main] org.apache.tomcat.util.descriptor.web.SecurityConstraint.findUncoveredHttpMethods For security constraints with URL pattern [/*] only the HTTP methods [POST GET] are covered. All other methods are uncovered.
16-Dec-2023 15:04:17.258 INFO [main] org.apache.catalina.core.ApplicationContext.log ContextListener: contextInitialized()
16-Dec-2023 15:04:17.259 INFO [main] org.apache.catalina.core.ApplicationContext.log SessionListener: contextInitialized()
16-Dec-2023 15:04:17.261 INFO [main] org.apache.catalina.core.ApplicationContext.log ContextListener: attributeAdded('StockTicker', 'async.Stockticker@5df92089')
16-Dec-2023 15:04:17.261 SEVERE [main] org.apache.tomcat.util.descriptor.web.SecurityConstraint.findUncoveredHttpMethods For security constraints with URL pattern [/*] only the HTTP methods [POST GET] are covered. All other methods are uncovered.
16-Dec-2023 15:04:19.300 SEVERE [main] org.apache.tomcat.util.descriptor.web.SecurityConstraint.findUncoveredHttpMethods For security constraints with URL pattern [/*] only the HTTP methods [POST GET] are covered. All other methods are uncovered.
16-Dec-2023 15:05:23.633 INFO [Thread-2] org.apache.catalina.core.ApplicationContext.log SessionListener: contextDestroyed()
16-Dec-2023 15:05:23.633 INFO [Thread-2] org.apache.catalina.core.ApplicationContext.log ContextListener: contextDestroyed()
16-Dec-2023 15:08:08.318 SEVERE [main] org.apache.tomcat.util.descriptor.web.SecurityConstraint.findUncoveredHttpMethods For security constraints with URL pattern [/*] only the HTTP methods [POST GET] are covered. All other methods are uncovered.
16-Dec-2023 15:08:08.447 SEVERE [main] org.apache.tomcat.util.descriptor.web.SecurityConstraint.findUncoveredHttpMethods For security constraints with URL pattern [/*] only the HTTP methods [POST GET] are covered. All other methods are uncovered.
16-Dec-2023 15:08:08.851 INFO [main] org.apache.catalina.core.ApplicationContext.log ContextListener: contextInitialized()
16-Dec-2023 15:08:08.852 INFO [main] org.apache.catalina.core.ApplicationContext.log SessionListener: contextInitialized()
16-Dec-2023 15:08:08.854 INFO [main] org.apache.catalina.core.ApplicationContext.log ContextListener: attributeAdded('StockTicker', 'async.Stockticker@994544')
16-Dec-2023 15:08:08.854 SEVERE [main] org.apache.tomcat.util.descriptor.web.SecurityConstraint.findUncoveredHttpMethods For security constraints with URL pattern [/*] only the HTTP methods [POST GET] are covered. All other methods are uncovered.
16-Dec-2023 15:08:10.080 SEVERE [main] org.apache.tomcat.util.descriptor.web.SecurityConstraint.findUncoveredHttpMethods For security constraints with URL pattern [/*] only the HTTP methods [POST GET] are covered. All other methods are uncovered.
16-Dec-2023 15:09:02.653 INFO [Thread-2] org.apache.catalina.core.ApplicationContext.log SessionListener: contextDestroyed()
16-Dec-2023 15:09:02.653 INFO [Thread-2] org.apache.catalina.core.ApplicationContext.log ContextListener: contextDestroyed()
16-Dec-2023 15:10:43.178 SEVERE [main] org.apache.tomcat.util.descriptor.web.SecurityConstraint.findUncoveredHttpMethods For security constraints with URL pattern [/*] only the HTTP methods [POST GET] are covered. All other methods are uncovered.
16-Dec-2023 15:10:43.366 SEVERE [main] org.apache.tomcat.util.descriptor.web.SecurityConstraint.findUncoveredHttpMethods For security constraints with URL pattern [/*] only the HTTP methods [POST GET] are covered. All other methods are uncovered.
16-Dec-2023 15:10:43.936 INFO [main] org.apache.catalina.core.ApplicationContext.log ContextListener: contextInitialized()
16-Dec-2023 15:10:43.937 INFO [main] org.apache.catalina.core.ApplicationContext.log SessionListener: contextInitialized()
16-Dec-2023 15:10:43.938 INFO [main] org.apache.catalina.core.ApplicationContext.log ContextListener: attributeAdded('StockTicker', 'async.Stockticker@5df92089')
16-Dec-2023 15:10:43.938 SEVERE [main] org.apache.tomcat.util.descriptor.web.SecurityConstraint.findUncoveredHttpMethods For security constraints with URL pattern [/*] only the HTTP methods [POST GET] are covered. All other methods are uncovered.
16-Dec-2023 15:10:45.124 SEVERE [main] org.apache.tomcat.util.descriptor.web.SecurityConstraint.findUncoveredHttpMethods For security constraints with URL pattern [/*] only the HTTP methods [POST GET] are covered. All other methods are uncovered.
16-Dec-2023 15:12:48.158 INFO [Thread-2] org.apache.catalina.core.ApplicationContext.log SessionListener: contextDestroyed()
16-Dec-2023 15:12:48.158 INFO [Thread-2] org.apache.catalina.core.ApplicationContext.log ContextListener: contextDestroyed()
16-Dec-2023 15:38:11.766 SEVERE [main] org.apache.tomcat.util.descriptor.web.SecurityConstraint.findUncoveredHttpMethods For security constraints with URL pattern [/*] only the HTTP methods [POST GET] are covered. All other methods are uncovered.
16-Dec-2023 15:38:11.885 SEVERE [main] org.apache.tomcat.util.descriptor.web.SecurityConstraint.findUncoveredHttpMethods For security constraints with URL pattern [/*] only the HTTP methods [POST GET] are covered. All other methods are uncovered.
16-Dec-2023 15:38:12.262 INFO [main] org.apache.catalina.core.ApplicationContext.log ContextListener: contextInitialized()
16-Dec-2023 15:38:12.263 INFO [main] org.apache.catalina.core.ApplicationContext.log SessionListener: contextInitialized()
16-Dec-2023 15:38:12.265 INFO [main] org.apache.catalina.core.ApplicationContext.log ContextListener: attributeAdded('StockTicker', 'async.Stockticker@5df92089')
16-Dec-2023 15:38:12.265 SEVERE [main] org.apache.tomcat.util.descriptor.web.SecurityConstraint.findUncoveredHttpMethods For security constraints with URL pattern [/*] only the HTTP methods [POST GET] are covered. All other methods are uncovered.
16-Dec-2023 15:38:13.428 SEVERE [main] org.apache.tomcat.util.descriptor.web.SecurityConstraint.findUncoveredHttpMethods For security constraints with URL pattern [/*] only the HTTP methods [POST GET] are covered. All other methods are uncovered.
16-Dec-2023 15:41:54.377 INFO [Thread-2] org.apache.catalina.core.ApplicationContext.log SessionListener: contextDestroyed()
16-Dec-2023 15:41:54.377 INFO [Thread-2] org.apache.catalina.core.ApplicationContext.log ContextListener: contextDestroyed()
16-Dec-2023 15:42:13.439 SEVERE [main] org.apache.tomcat.util.descriptor.web.SecurityConstraint.findUncoveredHttpMethods For security constraints with URL pattern [/*] only the HTTP methods [POST GET] are covered. All other methods are uncovered.
16-Dec-2023 15:42:13.563 SEVERE [main] org.apache.tomcat.util.descriptor.web.SecurityConstraint.findUncoveredHttpMethods For security constraints with URL pattern [/*] only the HTTP methods [POST GET] are covered. All other methods are uncovered.
16-Dec-2023 15:42:13.970 INFO [main] org.apache.catalina.core.ApplicationContext.log ContextListener: contextInitialized()
16-Dec-2023 15:42:13.971 INFO [main] org.apache.catalina.core.ApplicationContext.log SessionListener: contextInitialized()
16-Dec-2023 15:42:13.973 INFO [main] org.apache.catalina.core.ApplicationContext.log ContextListener: attributeAdded('StockTicker', 'async.Stockticker@5df92089')
16-Dec-2023 15:42:13.973 SEVERE [main] org.apache.tomcat.util.descriptor.web.SecurityConstraint.findUncoveredHttpMethods For security constraints with URL pattern [/*] only the HTTP methods [POST GET] are covered. All other methods are uncovered.
16-Dec-2023 15:42:15.168 SEVERE [main] org.apache.tomcat.util.descriptor.web.SecurityConstraint.findUncoveredHttpMethods For security constraints with URL pattern [/*] only the HTTP methods [POST GET] are covered. All other methods are uncovered.
16-Dec-2023 15:43:59.205 INFO [Thread-2] org.apache.catalina.core.ApplicationContext.log SessionListener: contextDestroyed()
16-Dec-2023 15:43:59.205 INFO [Thread-2] org.apache.catalina.core.ApplicationContext.log ContextListener: contextDestroyed()
16-Dec-2023 15:44:23.637 SEVERE [main] org.apache.tomcat.util.descriptor.web.SecurityConstraint.findUncoveredHttpMethods For security constraints with URL pattern [/*] only the HTTP methods [POST GET] are covered. All other methods are uncovered.
16-Dec-2023 15:44:23.928 SEVERE [main] org.apache.tomcat.util.descriptor.web.SecurityConstraint.findUncoveredHttpMethods For security constraints with URL pattern [/*] only the HTTP methods [POST GET] are covered. All other methods are uncovered.
16-Dec-2023 15:44:24.881 INFO [main] org.apache.catalina.core.ApplicationContext.log ContextListener: contextInitialized()
16-Dec-2023 15:44:24.882 INFO [main] org.apache.catalina.core.ApplicationContext.log SessionListener: contextInitialized()
16-Dec-2023 15:44:24.888 INFO [main] org.apache.catalina.core.ApplicationContext.log ContextListener: attributeAdded('StockTicker', 'async.Stockticker@5df92089')
16-Dec-2023 15:44:24.888 SEVERE [main] org.apache.tomcat.util.descriptor.web.SecurityConstraint.findUncoveredHttpMethods For security constraints with URL pattern [/*] only the HTTP methods [POST GET] are covered. All other methods are uncovered.
16-Dec-2023 15:44:27.278 SEVERE [main] org.apache.tomcat.util.descriptor.web.SecurityConstraint.findUncoveredHttpMethods For security constraints with URL pattern [/*] only the HTTP methods [POST GET] are covered. All other methods are uncovered.
16-Dec-2023 15:46:16.687 INFO [Thread-2] org.apache.catalina.core.ApplicationContext.log SessionListener: contextDestroyed()
16-Dec-2023 15:46:16.687 INFO [Thread-2] org.apache.catalina.core.ApplicationContext.log ContextListener: contextDestroyed()
16-Dec-2023 15:46:33.126 SEVERE [main] org.apache.tomcat.util.descriptor.web.SecurityConstraint.findUncoveredHttpMethods For security constraints with URL pattern [/*] only the HTTP methods [POST GET] are covered. All other methods are uncovered.
16-Dec-2023 15:46:33.252 SEVERE [main] org.apache.tomcat.util.descriptor.web.SecurityConstraint.findUncoveredHttpMethods For security constraints with URL pattern [/*] only the HTTP methods [POST GET] are covered. All other methods are uncovered.
16-Dec-2023 15:46:33.702 INFO [main] org.apache.catalina.core.ApplicationContext.log ContextListener: contextInitialized()
16-Dec-2023 15:46:33.703 INFO [main] org.apache.catalina.core.ApplicationContext.log SessionListener: contextInitialized()
16-Dec-2023 15:46:33.705 INFO [main] org.apache.catalina.core.ApplicationContext.log ContextListener: attributeAdded('StockTicker', 'async.Stockticker@5df92089')
16-Dec-2023 15:46:33.705 SEVERE [main] org.apache.tomcat.util.descriptor.web.SecurityConstraint.findUncoveredHttpMethods For security constraints with URL pattern [/*] only the HTTP methods [POST GET] are covered. All other methods are uncovered.
16-Dec-2023 15:46:36.097 SEVERE [main] org.apache.tomcat.util.descriptor.web.SecurityConstraint.findUncoveredHttpMethods For security constraints with URL pattern [/*] only the HTTP methods [POST GET] are covered. All other methods are uncovered.
16-Dec-2023 15:47:41.006 INFO [Thread-2] org.apache.catalina.core.ApplicationContext.log SessionListener: contextDestroyed()
16-Dec-2023 15:47:41.006 INFO [Thread-2] org.apache.catalina.core.ApplicationContext.log ContextListener: contextDestroyed()
16-Dec-2023 16:05:30.802 SEVERE [main] org.apache.tomcat.util.descriptor.web.SecurityConstraint.findUncoveredHttpMethods For security constraints with URL pattern [/*] only the HTTP methods [POST GET] are covered. All other methods are uncovered.
16-Dec-2023 16:05:31.208 SEVERE [main] org.apache.tomcat.util.descriptor.web.SecurityConstraint.findUncoveredHttpMethods For security constraints with URL pattern [/*] only the HTTP methods [POST GET] are covered. All other methods are uncovered.
16-Dec-2023 16:05:31.766 INFO [main] org.apache.catalina.core.ApplicationContext.log ContextListener: contextInitialized()
16-Dec-2023 16:05:31.768 INFO [main] org.apache.catalina.core.ApplicationContext.log SessionListener: contextInitialized()
16-Dec-2023 16:05:31.769 INFO [main] org.apache.catalina.core.ApplicationContext.log ContextListener: attributeAdded('StockTicker', 'async.Stockticker@6736f40f')
16-Dec-2023 16:05:31.769 SEVERE [main] org.apache.tomcat.util.descriptor.web.SecurityConstraint.findUncoveredHttpMethods For security constraints with URL pattern [/*] only the HTTP methods [POST GET] are covered. All other methods are uncovered.
16-Dec-2023 16:05:34.358 SEVERE [main] org.apache.tomcat.util.descriptor.web.SecurityConstraint.findUncoveredHttpMethods For security constraints with URL pattern [/*] only the HTTP methods [POST GET] are covered. All other methods are uncovered.
16-Dec-2023 16:07:54.692 INFO [Thread-2] org.apache.catalina.core.ApplicationContext.log SessionListener: contextDestroyed()
16-Dec-2023 16:07:54.692 INFO [Thread-2] org.apache.catalina.core.ApplicationContext.log ContextListener: contextDestroyed()
16-Dec-2023 16:28:31.242 SEVERE [main] org.apache.tomcat.util.descriptor.web.SecurityConstraint.findUncoveredHttpMethods For security constraints with URL pattern [/*] only the HTTP methods [POST GET] are covered. All other methods are uncovered.
16-Dec-2023 16:28:31.360 SEVERE [main] org.apache.tomcat.util.descriptor.web.SecurityConstraint.findUncoveredHttpMethods For security constraints with URL pattern [/*] only the HTTP methods [POST GET] are covered. All other methods are uncovered.
16-Dec-2023 16:28:31.743 INFO [main] org.apache.catalina.core.ApplicationContext.log ContextListener: contextInitialized()
16-Dec-2023 16:28:31.745 INFO [main] org.apache.catalina.core.ApplicationContext.log SessionListener: contextInitialized()
16-Dec-2023 16:28:31.747 INFO [main] org.apache.catalina.core.ApplicationContext.log ContextListener: attributeAdded('StockTicker', 'async.Stockticker@5df92089')
16-Dec-2023 16:28:31.747 SEVERE [main] org.apache.tomcat.util.descriptor.web.SecurityConstraint.findUncoveredHttpMethods For security constraints with URL pattern [/*] only the HTTP methods [POST GET] are covered. All other methods are uncovered.
16-Dec-2023 16:28:33.118 SEVERE [main] org.apache.tomcat.util.descriptor.web.SecurityConstraint.findUncoveredHttpMethods For security constraints with URL pattern [/*] only the HTTP methods [POST GET] are covered. All other methods are uncovered.
16-Dec-2023 16:31:40.764 INFO [Thread-2] org.apache.catalina.core.ApplicationContext.log SessionListener: contextDestroyed()
16-Dec-2023 16:31:40.764 INFO [Thread-2] org.apache.catalina.core.ApplicationContext.log ContextListener: contextDestroyed()
16-Dec-2023 16:45:39.152 SEVERE [main] org.apache.tomcat.util.descriptor.web.SecurityConstraint.findUncoveredHttpMethods For security constraints with URL pattern [/*] only the HTTP methods [POST GET] are covered. All other methods are uncovered.
16-Dec-2023 16:45:39.272 SEVERE [main] org.apache.tomcat.util.descriptor.web.SecurityConstraint.findUncoveredHttpMethods For security constraints with URL pattern [/*] only the HTTP methods [POST GET] are covered. All other methods are uncovered.
16-Dec-2023 16:45:39.701 INFO [main] org.apache.catalina.core.ApplicationContext.log ContextListener: contextInitialized()
16-Dec-2023 16:45:39.702 INFO [main] org.apache.catalina.core.ApplicationContext.log SessionListener: contextInitialized()
16-Dec-2023 16:45:39.704 INFO [main] org.apache.catalina.core.ApplicationContext.log ContextListener: attributeAdded('StockTicker', 'async.Stockticker@5df92089')
16-Dec-2023 16:45:39.704 SEVERE [main] org.apache.tomcat.util.descriptor.web.SecurityConstraint.findUncoveredHttpMethods For security constraints with URL pattern [/*] only the HTTP methods [POST GET] are covered. All other methods are uncovered.
16-Dec-2023 16:45:41.471 SEVERE [main] org.apache.tomcat.util.descriptor.web.SecurityConstraint.findUncoveredHttpMethods For security constraints with URL pattern [/*] only the HTTP methods [POST GET] are covered. All other methods are uncovered.
16-Dec-2023 16:54:49.417 INFO [Thread-2] org.apache.catalina.core.ApplicationContext.log SessionListener: contextDestroyed()
16-Dec-2023 16:54:49.417 INFO [Thread-2] org.apache.catalina.core.ApplicationContext.log ContextListener: contextDestroyed()
16-Dec-2023 16:55:19.744 SEVERE [main] org.apache.tomcat.util.descriptor.web.SecurityConstraint.findUncoveredHttpMethods For security constraints with URL pattern [/*] only the HTTP methods [POST GET] are covered. All other methods are uncovered.
16-Dec-2023 16:55:19.860 SEVERE [main] org.apache.tomcat.util.descriptor.web.SecurityConstraint.findUncoveredHttpMethods For security constraints with URL pattern [/*] only the HTTP methods [POST GET] are covered. All other methods are uncovered.
16-Dec-2023 16:55:20.237 INFO [main] org.apache.catalina.core.ApplicationContext.log ContextListener: contextInitialized()
16-Dec-2023 16:55:20.238 INFO [main] org.apache.catalina.core.ApplicationContext.log SessionListener: contextInitialized()
16-Dec-2023 16:55:20.240 INFO [main] org.apache.catalina.core.ApplicationContext.log ContextListener: attributeAdded('StockTicker', 'async.Stockticker@1b475663')
16-Dec-2023 16:55:20.240 SEVERE [main] org.apache.tomcat.util.descriptor.web.SecurityConstraint.findUncoveredHttpMethods For security constraints with URL pattern [/*] only the HTTP methods [POST GET] are covered. All other methods are uncovered.
16-Dec-2023 16:55:23.591 SEVERE [main] org.apache.tomcat.util.descriptor.web.SecurityConstraint.findUncoveredHttpMethods For security constraints with URL pattern [/*] only the HTTP methods [POST GET] are covered. All other methods are uncovered.
16-Dec-2023 16:57:35.258 SEVERE [Catalina-utility-2] org.apache.tomcat.util.descriptor.web.SecurityConstraint.findUncoveredHttpMethods For security constraints with URL pattern [/*] only the HTTP methods [POST GET] are covered. All other methods are uncovered.
16-Dec-2023 16:57:53.340 INFO [Thread-2] org.apache.catalina.core.ApplicationContext.log SessionListener: contextDestroyed()
16-Dec-2023 16:57:53.340 INFO [Thread-2] org.apache.catalina.core.ApplicationContext.log ContextListener: contextDestroyed()
16-Dec-2023 16:58:05.178 SEVERE [main] org.apache.tomcat.util.descriptor.web.SecurityConstraint.findUncoveredHttpMethods For security constraints with URL pattern [/*] only the HTTP methods [POST GET] are covered. All other methods are uncovered.
16-Dec-2023 16:58:05.302 SEVERE [main] org.apache.tomcat.util.descriptor.web.SecurityConstraint.findUncoveredHttpMethods For security constraints with URL pattern [/*] only the HTTP methods [POST GET] are covered. All other methods are uncovered.
16-Dec-2023 16:58:05.689 INFO [main] org.apache.catalina.core.ApplicationContext.log ContextListener: contextInitialized()
16-Dec-2023 16:58:05.690 INFO [main] org.apache.catalina.core.ApplicationContext.log SessionListener: contextInitialized()
16-Dec-2023 16:58:05.691 INFO [main] org.apache.catalina.core.ApplicationContext.log ContextListener: attributeAdded('StockTicker', 'async.Stockticker@687a0e40')
16-Dec-2023 16:58:05.691 SEVERE [main] org.apache.tomcat.util.descriptor.web.SecurityConstraint.findUncoveredHttpMethods For security constraints with URL pattern [/*] only the HTTP methods [POST GET] are covered. All other methods are uncovered.
16-Dec-2023 16:58:06.884 SEVERE [main] org.apache.tomcat.util.descriptor.web.SecurityConstraint.findUncoveredHttpMethods For security constraints with URL pattern [/*] only the HTTP methods [POST GET] are covered. All other methods are uncovered.
16-Dec-2023 16:58:37.740 INFO [Thread-2] org.apache.catalina.core.ApplicationContext.log SessionListener: contextDestroyed()
16-Dec-2023 16:58:37.740 INFO [Thread-2] org.apache.catalina.core.ApplicationContext.log ContextListener: contextDestroyed()
16-Dec-2023 17:03:31.894 SEVERE [main] org.apache.tomcat.util.descriptor.web.SecurityConstraint.findUncoveredHttpMethods For security constraints with URL pattern [/*] only the HTTP methods [POST GET] are covered. All other methods are uncovered.
16-Dec-2023 17:03:32.023 SEVERE [main] org.apache.tomcat.util.descriptor.web.SecurityConstraint.findUncoveredHttpMethods For security constraints with URL pattern [/*] only the HTTP methods [POST GET] are covered. All other methods are uncovered.
16-Dec-2023 17:03:32.506 INFO [main] org.apache.catalina.core.ApplicationContext.log ContextListener: contextInitialized()
16-Dec-2023 17:03:32.507 INFO [main] org.apache.catalina.core.ApplicationContext.log SessionListener: contextInitialized()
16-Dec-2023 17:03:32.508 INFO [main] org.apache.catalina.core.ApplicationContext.log ContextListener: attributeAdded('StockTicker', 'async.Stockticker@1b475663')
16-Dec-2023 17:03:32.509 SEVERE [main] org.apache.tomcat.util.descriptor.web.SecurityConstraint.findUncoveredHttpMethods For security constraints with URL pattern [/*] only the HTTP methods [POST GET] are covered. All other methods are uncovered.
16-Dec-2023 17:03:35.276 SEVERE [main] org.apache.tomcat.util.descriptor.web.SecurityConstraint.findUncoveredHttpMethods For security constraints with URL pattern [/*] only the HTTP methods [POST GET] are covered. All other methods are uncovered.
16-Dec-2023 17:03:53.441 SEVERE [http-nio-8080-exec-7] org.apache.catalina.core.ApplicationDispatcher.invoke Servlet.service() for servlet [mainServlet] threw exception
	java.lang.IllegalStateException: Cannot forward after response has been committed
		at org.apache.catalina.core.ApplicationDispatcher.doForward(ApplicationDispatcher.java:285)
		at org.apache.catalina.core.ApplicationDispatcher.forward(ApplicationDispatcher.java:277)
		at Servlets.mainServlet.doPost(mainServlet.java:60)
		at jakarta.servlet.http.HttpServlet.service(HttpServlet.java:590)
		at jakarta.servlet.http.HttpServlet.service(HttpServlet.java:658)
		at org.apache.catalina.core.ApplicationFilterChain.internalDoFilter(ApplicationFilterChain.java:205)
		at org.apache.catalina.core.ApplicationFilterChain.doFilter(ApplicationFilterChain.java:149)
		at org.apache.tomcat.websocket.server.WsFilter.doFilter(WsFilter.java:51)
		at org.apache.catalina.core.ApplicationFilterChain.internalDoFilter(ApplicationFilterChain.java:174)
		at org.apache.catalina.core.ApplicationFilterChain.doFilter(ApplicationFilterChain.java:149)
		at org.apache.catalina.core.ApplicationDispatcher.invoke(ApplicationDispatcher.java:642)
		at org.apache.catalina.core.ApplicationDispatcher.processRequest(ApplicationDispatcher.java:408)
		at org.apache.catalina.core.ApplicationDispatcher.doForward(ApplicationDispatcher.java:340)
		at org.apache.catalina.core.ApplicationDispatcher.forward(ApplicationDispatcher.java:277)
		at Servlets.LoginServlet.doPost(LoginServlet.java:41)
		at jakarta.servlet.http.HttpServlet.service(HttpServlet.java:590)
		at jakarta.servlet.http.HttpServlet.service(HttpServlet.java:658)
		at org.apache.catalina.core.ApplicationFilterChain.internalDoFilter(ApplicationFilterChain.java:205)
		at org.apache.catalina.core.ApplicationFilterChain.doFilter(ApplicationFilterChain.java:149)
		at org.apache.tomcat.websocket.server.WsFilter.doFilter(WsFilter.java:51)
		at org.apache.catalina.core.ApplicationFilterChain.internalDoFilter(ApplicationFilterChain.java:174)
		at org.apache.catalina.core.ApplicationFilterChain.doFilter(ApplicationFilterChain.java:149)
		at org.apache.catalina.core.StandardWrapperValve.invoke(StandardWrapperValve.java:167)
		at org.apache.catalina.core.StandardContextValve.invoke(StandardContextValve.java:90)
		at org.apache.catalina.authenticator.AuthenticatorBase.invoke(AuthenticatorBase.java:597)
		at org.apache.catalina.core.StandardHostValve.invoke(StandardHostValve.java:115)
		at org.apache.catalina.valves.ErrorReportValve.invoke(ErrorReportValve.java:93)
		at org.apache.catalina.valves.AbstractAccessLogValve.invoke(AbstractAccessLogValve.java:673)
		at org.apache.catalina.core.StandardEngineValve.invoke(StandardEngineValve.java:74)
		at org.apache.catalina.connector.CoyoteAdapter.service(CoyoteAdapter.java:340)
		at org.apache.coyote.http11.Http11Processor.service(Http11Processor.java:391)
		at org.apache.coyote.AbstractProcessorLight.process(AbstractProcessorLight.java:63)
		at org.apache.coyote.AbstractProtocol$ConnectionHandler.process(AbstractProtocol.java:896)
		at org.apache.tomcat.util.net.NioEndpoint$SocketProcessor.doRun(NioEndpoint.java:1744)
		at org.apache.tomcat.util.net.SocketProcessorBase.run(SocketProcessorBase.java:52)
		at org.apache.tomcat.util.threads.ThreadPoolExecutor.runWorker(ThreadPoolExecutor.java:1191)
		at org.apache.tomcat.util.threads.ThreadPoolExecutor$Worker.run(ThreadPoolExecutor.java:659)
		at org.apache.tomcat.util.threads.TaskThread$WrappingRunnable.run(TaskThread.java:61)
		at java.base/java.lang.Thread.run(Thread.java:842)
16-Dec-2023 17:03:53.441 SEVERE [http-nio-8080-exec-7] org.apache.catalina.core.StandardWrapperValve.invoke Servlet.service() for servlet [LoginServlet] in context with path [/Wilken] threw exception
	java.lang.IllegalStateException: Cannot forward after response has been committed
		at org.apache.catalina.core.ApplicationDispatcher.doForward(ApplicationDispatcher.java:285)
		at org.apache.catalina.core.ApplicationDispatcher.forward(ApplicationDispatcher.java:277)
		at Servlets.mainServlet.doPost(mainServlet.java:60)
		at jakarta.servlet.http.HttpServlet.service(HttpServlet.java:590)
		at jakarta.servlet.http.HttpServlet.service(HttpServlet.java:658)
		at org.apache.catalina.core.ApplicationFilterChain.internalDoFilter(ApplicationFilterChain.java:205)
		at org.apache.catalina.core.ApplicationFilterChain.doFilter(ApplicationFilterChain.java:149)
		at org.apache.tomcat.websocket.server.WsFilter.doFilter(WsFilter.java:51)
		at org.apache.catalina.core.ApplicationFilterChain.internalDoFilter(ApplicationFilterChain.java:174)
		at org.apache.catalina.core.ApplicationFilterChain.doFilter(ApplicationFilterChain.java:149)
		at org.apache.catalina.core.ApplicationDispatcher.invoke(ApplicationDispatcher.java:642)
		at org.apache.catalina.core.ApplicationDispatcher.processRequest(ApplicationDispatcher.java:408)
		at org.apache.catalina.core.ApplicationDispatcher.doForward(ApplicationDispatcher.java:340)
		at org.apache.catalina.core.ApplicationDispatcher.forward(ApplicationDispatcher.java:277)
		at Servlets.LoginServlet.doPost(LoginServlet.java:41)
		at jakarta.servlet.http.HttpServlet.service(HttpServlet.java:590)
		at jakarta.servlet.http.HttpServlet.service(HttpServlet.java:658)
		at org.apache.catalina.core.ApplicationFilterChain.internalDoFilter(ApplicationFilterChain.java:205)
		at org.apache.catalina.core.ApplicationFilterChain.doFilter(ApplicationFilterChain.java:149)
		at org.apache.tomcat.websocket.server.WsFilter.doFilter(WsFilter.java:51)
		at org.apache.catalina.core.ApplicationFilterChain.internalDoFilter(ApplicationFilterChain.java:174)
		at org.apache.catalina.core.ApplicationFilterChain.doFilter(ApplicationFilterChain.java:149)
		at org.apache.catalina.core.StandardWrapperValve.invoke(StandardWrapperValve.java:167)
		at org.apache.catalina.core.StandardContextValve.invoke(StandardContextValve.java:90)
		at org.apache.catalina.authenticator.AuthenticatorBase.invoke(AuthenticatorBase.java:597)
		at org.apache.catalina.core.StandardHostValve.invoke(StandardHostValve.java:115)
		at org.apache.catalina.valves.ErrorReportValve.invoke(ErrorReportValve.java:93)
		at org.apache.catalina.valves.AbstractAccessLogValve.invoke(AbstractAccessLogValve.java:673)
		at org.apache.catalina.core.StandardEngineValve.invoke(StandardEngineValve.java:74)
		at org.apache.catalina.connector.CoyoteAdapter.service(CoyoteAdapter.java:340)
		at org.apache.coyote.http11.Http11Processor.service(Http11Processor.java:391)
		at org.apache.coyote.AbstractProcessorLight.process(AbstractProcessorLight.java:63)
		at org.apache.coyote.AbstractProtocol$ConnectionHandler.process(AbstractProtocol.java:896)
		at org.apache.tomcat.util.net.NioEndpoint$SocketProcessor.doRun(NioEndpoint.java:1744)
		at org.apache.tomcat.util.net.SocketProcessorBase.run(SocketProcessorBase.java:52)
		at org.apache.tomcat.util.threads.ThreadPoolExecutor.runWorker(ThreadPoolExecutor.java:1191)
		at org.apache.tomcat.util.threads.ThreadPoolExecutor$Worker.run(ThreadPoolExecutor.java:659)
		at org.apache.tomcat.util.threads.TaskThread$WrappingRunnable.run(TaskThread.java:61)
		at java.base/java.lang.Thread.run(Thread.java:842)
16-Dec-2023 17:11:22.563 INFO [Thread-2] org.apache.catalina.core.ApplicationContext.log SessionListener: contextDestroyed()
16-Dec-2023 17:11:22.563 INFO [Thread-2] org.apache.catalina.core.ApplicationContext.log ContextListener: contextDestroyed()
16-Dec-2023 17:11:34.986 SEVERE [main] org.apache.tomcat.util.descriptor.web.SecurityConstraint.findUncoveredHttpMethods For security constraints with URL pattern [/*] only the HTTP methods [POST GET] are covered. All other methods are uncovered.
16-Dec-2023 17:11:35.116 SEVERE [main] org.apache.tomcat.util.descriptor.web.SecurityConstraint.findUncoveredHttpMethods For security constraints with URL pattern [/*] only the HTTP methods [POST GET] are covered. All other methods are uncovered.
16-Dec-2023 17:11:35.497 INFO [main] org.apache.catalina.core.ApplicationContext.log ContextListener: contextInitialized()
16-Dec-2023 17:11:35.498 INFO [main] org.apache.catalina.core.ApplicationContext.log SessionListener: contextInitialized()
16-Dec-2023 17:11:35.500 INFO [main] org.apache.catalina.core.ApplicationContext.log ContextListener: attributeAdded('StockTicker', 'async.Stockticker@1b475663')
16-Dec-2023 17:11:35.500 SEVERE [main] org.apache.tomcat.util.descriptor.web.SecurityConstraint.findUncoveredHttpMethods For security constraints with URL pattern [/*] only the HTTP methods [POST GET] are covered. All other methods are uncovered.
16-Dec-2023 17:11:36.693 SEVERE [main] org.apache.tomcat.util.descriptor.web.SecurityConstraint.findUncoveredHttpMethods For security constraints with URL pattern [/*] only the HTTP methods [POST GET] are covered. All other methods are uncovered.
16-Dec-2023 17:12:05.570 INFO [Thread-2] org.apache.catalina.core.ApplicationContext.log SessionListener: contextDestroyed()
16-Dec-2023 17:12:05.570 INFO [Thread-2] org.apache.catalina.core.ApplicationContext.log ContextListener: contextDestroyed()
16-Dec-2023 17:19:27.656 SEVERE [main] org.apache.tomcat.util.descriptor.web.SecurityConstraint.findUncoveredHttpMethods For security constraints with URL pattern [/*] only the HTTP methods [POST GET] are covered. All other methods are uncovered.
16-Dec-2023 17:19:27.892 SEVERE [main] org.apache.tomcat.util.descriptor.web.SecurityConstraint.findUncoveredHttpMethods For security constraints with URL pattern [/*] only the HTTP methods [POST GET] are covered. All other methods are uncovered.
16-Dec-2023 17:19:28.413 INFO [main] org.apache.catalina.core.ApplicationContext.log ContextListener: contextInitialized()
16-Dec-2023 17:19:28.414 INFO [main] org.apache.catalina.core.ApplicationContext.log SessionListener: contextInitialized()
16-Dec-2023 17:19:28.416 INFO [main] org.apache.catalina.core.ApplicationContext.log ContextListener: attributeAdded('StockTicker', 'async.Stockticker@5df92089')
16-Dec-2023 17:19:28.416 SEVERE [main] org.apache.tomcat.util.descriptor.web.SecurityConstraint.findUncoveredHttpMethods For security constraints with URL pattern [/*] only the HTTP methods [POST GET] are covered. All other methods are uncovered.
16-Dec-2023 17:19:30.092 SEVERE [main] org.apache.tomcat.util.descriptor.web.SecurityConstraint.findUncoveredHttpMethods For security constraints with URL pattern [/*] only the HTTP methods [POST GET] are covered. All other methods are uncovered.
16-Dec-2023 17:22:41.137 INFO [Thread-2] org.apache.catalina.core.ApplicationContext.log SessionListener: contextDestroyed()
16-Dec-2023 17:22:41.137 INFO [Thread-2] org.apache.catalina.core.ApplicationContext.log ContextListener: contextDestroyed()
16-Dec-2023 17:22:53.575 SEVERE [main] org.apache.tomcat.util.descriptor.web.SecurityConstraint.findUncoveredHttpMethods For security constraints with URL pattern [/*] only the HTTP methods [POST GET] are covered. All other methods are uncovered.
16-Dec-2023 17:22:53.694 SEVERE [main] org.apache.tomcat.util.descriptor.web.SecurityConstraint.findUncoveredHttpMethods For security constraints with URL pattern [/*] only the HTTP methods [POST GET] are covered. All other methods are uncovered.
16-Dec-2023 17:22:54.075 INFO [main] org.apache.catalina.core.ApplicationContext.log ContextListener: contextInitialized()
16-Dec-2023 17:22:54.076 INFO [main] org.apache.catalina.core.ApplicationContext.log SessionListener: contextInitialized()
16-Dec-2023 17:22:54.078 INFO [main] org.apache.catalina.core.ApplicationContext.log ContextListener: attributeAdded('StockTicker', 'async.Stockticker@687a0e40')
16-Dec-2023 17:22:54.078 SEVERE [main] org.apache.tomcat.util.descriptor.web.SecurityConstraint.findUncoveredHttpMethods For security constraints with URL pattern [/*] only the HTTP methods [POST GET] are covered. All other methods are uncovered.
16-Dec-2023 17:22:55.249 SEVERE [main] org.apache.tomcat.util.descriptor.web.SecurityConstraint.findUncoveredHttpMethods For security constraints with URL pattern [/*] only the HTTP methods [POST GET] are covered. All other methods are uncovered.
16-Dec-2023 17:23:06.471 INFO [Thread-2] org.apache.catalina.core.ApplicationContext.log SessionListener: contextDestroyed()
16-Dec-2023 17:23:06.472 INFO [Thread-2] org.apache.catalina.core.ApplicationContext.log ContextListener: contextDestroyed()
16-Dec-2023 17:23:48.430 SEVERE [main] org.apache.tomcat.util.descriptor.web.SecurityConstraint.findUncoveredHttpMethods For security constraints with URL pattern [/*] only the HTTP methods [POST GET] are covered. All other methods are uncovered.
16-Dec-2023 17:23:48.551 SEVERE [main] org.apache.tomcat.util.descriptor.web.SecurityConstraint.findUncoveredHttpMethods For security constraints with URL pattern [/*] only the HTTP methods [POST GET] are covered. All other methods are uncovered.
16-Dec-2023 17:23:48.933 INFO [main] org.apache.catalina.core.ApplicationContext.log ContextListener: contextInitialized()
16-Dec-2023 17:23:48.934 INFO [main] org.apache.catalina.core.ApplicationContext.log SessionListener: contextInitialized()
16-Dec-2023 17:23:48.935 INFO [main] org.apache.catalina.core.ApplicationContext.log ContextListener: attributeAdded('StockTicker', 'async.Stockticker@5df92089')
16-Dec-2023 17:23:48.936 SEVERE [main] org.apache.tomcat.util.descriptor.web.SecurityConstraint.findUncoveredHttpMethods For security constraints with URL pattern [/*] only the HTTP methods [POST GET] are covered. All other methods are uncovered.
16-Dec-2023 17:23:50.079 SEVERE [main] org.apache.tomcat.util.descriptor.web.SecurityConstraint.findUncoveredHttpMethods For security constraints with URL pattern [/*] only the HTTP methods [POST GET] are covered. All other methods are uncovered.
16-Dec-2023 17:25:17.055 INFO [Thread-2] org.apache.catalina.core.ApplicationContext.log SessionListener: contextDestroyed()
16-Dec-2023 17:25:17.055 INFO [Thread-2] org.apache.catalina.core.ApplicationContext.log ContextListener: contextDestroyed()
16-Dec-2023 17:25:36.507 SEVERE [main] org.apache.tomcat.util.descriptor.web.SecurityConstraint.findUncoveredHttpMethods For security constraints with URL pattern [/*] only the HTTP methods [POST GET] are covered. All other methods are uncovered.
16-Dec-2023 17:25:36.628 SEVERE [main] org.apache.tomcat.util.descriptor.web.SecurityConstraint.findUncoveredHttpMethods For security constraints with URL pattern [/*] only the HTTP methods [POST GET] are covered. All other methods are uncovered.
16-Dec-2023 17:25:37.068 INFO [main] org.apache.catalina.core.ApplicationContext.log ContextListener: contextInitialized()
16-Dec-2023 17:25:37.069 INFO [main] org.apache.catalina.core.ApplicationContext.log SessionListener: contextInitialized()
16-Dec-2023 17:25:37.072 INFO [main] org.apache.catalina.core.ApplicationContext.log ContextListener: attributeAdded('StockTicker', 'async.Stockticker@5df92089')
16-Dec-2023 17:25:37.072 SEVERE [main] org.apache.tomcat.util.descriptor.web.SecurityConstraint.findUncoveredHttpMethods For security constraints with URL pattern [/*] only the HTTP methods [POST GET] are covered. All other methods are uncovered.
16-Dec-2023 17:25:38.706 SEVERE [main] org.apache.tomcat.util.descriptor.web.SecurityConstraint.findUncoveredHttpMethods For security constraints with URL pattern [/*] only the HTTP methods [POST GET] are covered. All other methods are uncovered.
16-Dec-2023 17:30:58.896 INFO [Thread-2] org.apache.catalina.core.ApplicationContext.log SessionListener: contextDestroyed()
16-Dec-2023 17:30:58.896 INFO [Thread-2] org.apache.catalina.core.ApplicationContext.log ContextListener: contextDestroyed()
16-Dec-2023 17:31:11.117 SEVERE [main] org.apache.tomcat.util.descriptor.web.SecurityConstraint.findUncoveredHttpMethods For security constraints with URL pattern [/*] only the HTTP methods [POST GET] are covered. All other methods are uncovered.
16-Dec-2023 17:31:11.347 SEVERE [main] org.apache.tomcat.util.descriptor.web.SecurityConstraint.findUncoveredHttpMethods For security constraints with URL pattern [/*] only the HTTP methods [POST GET] are covered. All other methods are uncovered.
16-Dec-2023 17:31:11.801 INFO [main] org.apache.catalina.core.ApplicationContext.log ContextListener: contextInitialized()
16-Dec-2023 17:31:11.802 INFO [main] org.apache.catalina.core.ApplicationContext.log SessionListener: contextInitialized()
16-Dec-2023 17:31:11.804 INFO [main] org.apache.catalina.core.ApplicationContext.log ContextListener: attributeAdded('StockTicker', 'async.Stockticker@5df92089')
16-Dec-2023 17:31:11.804 SEVERE [main] org.apache.tomcat.util.descriptor.web.SecurityConstraint.findUncoveredHttpMethods For security constraints with URL pattern [/*] only the HTTP methods [POST GET] are covered. All other methods are uncovered.
16-Dec-2023 17:31:14.271 SEVERE [main] org.apache.tomcat.util.descriptor.web.SecurityConstraint.findUncoveredHttpMethods For security constraints with URL pattern [/*] only the HTTP methods [POST GET] are covered. All other methods are uncovered.
16-Dec-2023 17:38:37.744 INFO [Thread-2] org.apache.catalina.core.ApplicationContext.log SessionListener: contextDestroyed()
16-Dec-2023 17:38:37.745 INFO [Thread-2] org.apache.catalina.core.ApplicationContext.log ContextListener: contextDestroyed()
16-Dec-2023 17:39:05.921 SEVERE [main] org.apache.tomcat.util.descriptor.web.SecurityConstraint.findUncoveredHttpMethods For security constraints with URL pattern [/*] only the HTTP methods [POST GET] are covered. All other methods are uncovered.
16-Dec-2023 17:39:06.046 SEVERE [main] org.apache.tomcat.util.descriptor.web.SecurityConstraint.findUncoveredHttpMethods For security constraints with URL pattern [/*] only the HTTP methods [POST GET] are covered. All other methods are uncovered.
16-Dec-2023 17:39:06.503 INFO [main] org.apache.catalina.core.ApplicationContext.log ContextListener: contextInitialized()
16-Dec-2023 17:39:06.504 INFO [main] org.apache.catalina.core.ApplicationContext.log SessionListener: contextInitialized()
16-Dec-2023 17:39:06.505 INFO [main] org.apache.catalina.core.ApplicationContext.log ContextListener: attributeAdded('StockTicker', 'async.Stockticker@5df92089')
16-Dec-2023 17:39:06.506 SEVERE [main] org.apache.tomcat.util.descriptor.web.SecurityConstraint.findUncoveredHttpMethods For security constraints with URL pattern [/*] only the HTTP methods [POST GET] are covered. All other methods are uncovered.
16-Dec-2023 17:39:07.646 SEVERE [main] org.apache.tomcat.util.descriptor.web.SecurityConstraint.findUncoveredHttpMethods For security constraints with URL pattern [/*] only the HTTP methods [POST GET] are covered. All other methods are uncovered.
16-Dec-2023 17:41:54.238 INFO [Thread-2] org.apache.catalina.core.ApplicationContext.log SessionListener: contextDestroyed()
16-Dec-2023 17:41:54.238 INFO [Thread-2] org.apache.catalina.core.ApplicationContext.log ContextListener: contextDestroyed()
16-Dec-2023 17:42:08.851 SEVERE [main] org.apache.tomcat.util.descriptor.web.SecurityConstraint.findUncoveredHttpMethods For security constraints with URL pattern [/*] only the HTTP methods [POST GET] are covered. All other methods are uncovered.
16-Dec-2023 17:42:08.978 SEVERE [main] org.apache.tomcat.util.descriptor.web.SecurityConstraint.findUncoveredHttpMethods For security constraints with URL pattern [/*] only the HTTP methods [POST GET] are covered. All other methods are uncovered.
16-Dec-2023 17:42:09.383 INFO [main] org.apache.catalina.core.ApplicationContext.log ContextListener: contextInitialized()
16-Dec-2023 17:42:09.384 INFO [main] org.apache.catalina.core.ApplicationContext.log SessionListener: contextInitialized()
16-Dec-2023 17:42:09.386 INFO [main] org.apache.catalina.core.ApplicationContext.log ContextListener: attributeAdded('StockTicker', 'async.Stockticker@5df92089')
16-Dec-2023 17:42:09.386 SEVERE [main] org.apache.tomcat.util.descriptor.web.SecurityConstraint.findUncoveredHttpMethods For security constraints with URL pattern [/*] only the HTTP methods [POST GET] are covered. All other methods are uncovered.
16-Dec-2023 17:42:10.582 SEVERE [main] org.apache.tomcat.util.descriptor.web.SecurityConstraint.findUncoveredHttpMethods For security constraints with URL pattern [/*] only the HTTP methods [POST GET] are covered. All other methods are uncovered.
16-Dec-2023 17:49:12.756 INFO [Thread-2] org.apache.catalina.core.ApplicationContext.log SessionListener: contextDestroyed()
16-Dec-2023 17:49:12.756 INFO [Thread-2] org.apache.catalina.core.ApplicationContext.log ContextListener: contextDestroyed()
16-Dec-2023 17:49:28.487 SEVERE [main] org.apache.tomcat.util.descriptor.web.SecurityConstraint.findUncoveredHttpMethods For security constraints with URL pattern [/*] only the HTTP methods [POST GET] are covered. All other methods are uncovered.
16-Dec-2023 17:49:28.610 SEVERE [main] org.apache.tomcat.util.descriptor.web.SecurityConstraint.findUncoveredHttpMethods For security constraints with URL pattern [/*] only the HTTP methods [POST GET] are covered. All other methods are uncovered.
16-Dec-2023 17:49:29.066 INFO [main] org.apache.catalina.core.ApplicationContext.log ContextListener: contextInitialized()
16-Dec-2023 17:49:29.067 INFO [main] org.apache.catalina.core.ApplicationContext.log SessionListener: contextInitialized()
16-Dec-2023 17:49:29.069 INFO [main] org.apache.catalina.core.ApplicationContext.log ContextListener: attributeAdded('StockTicker', 'async.Stockticker@5df92089')
16-Dec-2023 17:49:29.069 SEVERE [main] org.apache.tomcat.util.descriptor.web.SecurityConstraint.findUncoveredHttpMethods For security constraints with URL pattern [/*] only the HTTP methods [POST GET] are covered. All other methods are uncovered.
16-Dec-2023 17:49:30.353 SEVERE [main] org.apache.tomcat.util.descriptor.web.SecurityConstraint.findUncoveredHttpMethods For security constraints with URL pattern [/*] only the HTTP methods [POST GET] are covered. All other methods are uncovered.
16-Dec-2023 17:49:52.032 INFO [Thread-2] org.apache.catalina.core.ApplicationContext.log SessionListener: contextDestroyed()
16-Dec-2023 17:49:52.032 INFO [Thread-2] org.apache.catalina.core.ApplicationContext.log ContextListener: contextDestroyed()
16-Dec-2023 17:54:45.898 SEVERE [main] org.apache.tomcat.util.descriptor.web.SecurityConstraint.findUncoveredHttpMethods For security constraints with URL pattern [/*] only the HTTP methods [POST GET] are covered. All other methods are uncovered.
16-Dec-2023 17:54:46.025 SEVERE [main] org.apache.tomcat.util.descriptor.web.SecurityConstraint.findUncoveredHttpMethods For security constraints with URL pattern [/*] only the HTTP methods [POST GET] are covered. All other methods are uncovered.
16-Dec-2023 17:54:46.412 INFO [main] org.apache.catalina.core.ApplicationContext.log ContextListener: contextInitialized()
16-Dec-2023 17:54:46.413 INFO [main] org.apache.catalina.core.ApplicationContext.log SessionListener: contextInitialized()
16-Dec-2023 17:54:46.415 INFO [main] org.apache.catalina.core.ApplicationContext.log ContextListener: attributeAdded('StockTicker', 'async.Stockticker@5df92089')
16-Dec-2023 17:54:46.415 SEVERE [main] org.apache.tomcat.util.descriptor.web.SecurityConstraint.findUncoveredHttpMethods For security constraints with URL pattern [/*] only the HTTP methods [POST GET] are covered. All other methods are uncovered.
16-Dec-2023 17:54:47.558 SEVERE [main] org.apache.tomcat.util.descriptor.web.SecurityConstraint.findUncoveredHttpMethods For security constraints with URL pattern [/*] only the HTTP methods [POST GET] are covered. All other methods are uncovered.
16-Dec-2023 18:01:25.738 SEVERE [http-nio-8080-exec-2] org.apache.catalina.core.StandardWrapperValve.invoke Servlet.service() for servlet [jsp] in context with path [/Wilken] threw exception [An exception occurred processing [mainpage.jsp] at line [7]

4: <!DOCTYPE html>
5: <html lang="de">
6: <%
7: if(request.getAttribute("aktuser").toString().length()==0){
8: 	
9: }
10: 


Stacktrace:] with root cause
	java.lang.NullPointerException: Cannot invoke "Object.toString()" because the return value of "jakarta.servlet.http.HttpServletRequest.getAttribute(String)" is null
		at org.apache.jsp.mainpage_jsp._jspService(mainpage_jsp.java:131)
		at org.apache.jasper.runtime.HttpJspBase.service(HttpJspBase.java:70)
		at jakarta.servlet.http.HttpServlet.service(HttpServlet.java:658)
		at org.apache.jasper.servlet.JspServletWrapper.service(JspServletWrapper.java:456)
		at org.apache.jasper.servlet.JspServlet.serviceJspFile(JspServlet.java:380)
		at org.apache.jasper.servlet.JspServlet.service(JspServlet.java:328)
		at jakarta.servlet.http.HttpServlet.service(HttpServlet.java:658)
		at org.apache.catalina.core.ApplicationFilterChain.internalDoFilter(ApplicationFilterChain.java:205)
		at org.apache.catalina.core.ApplicationFilterChain.doFilter(ApplicationFilterChain.java:149)
		at org.apache.tomcat.websocket.server.WsFilter.doFilter(WsFilter.java:51)
		at org.apache.catalina.core.ApplicationFilterChain.internalDoFilter(ApplicationFilterChain.java:174)
		at org.apache.catalina.core.ApplicationFilterChain.doFilter(ApplicationFilterChain.java:149)
		at org.apache.catalina.core.StandardWrapperValve.invoke(StandardWrapperValve.java:167)
		at org.apache.catalina.core.StandardContextValve.invoke(StandardContextValve.java:90)
		at org.apache.catalina.authenticator.AuthenticatorBase.invoke(AuthenticatorBase.java:597)
		at org.apache.catalina.core.StandardHostValve.invoke(StandardHostValve.java:115)
		at org.apache.catalina.valves.ErrorReportValve.invoke(ErrorReportValve.java:93)
		at org.apache.catalina.valves.AbstractAccessLogValve.invoke(AbstractAccessLogValve.java:673)
		at org.apache.catalina.core.StandardEngineValve.invoke(StandardEngineValve.java:74)
		at org.apache.catalina.connector.CoyoteAdapter.service(CoyoteAdapter.java:340)
		at org.apache.coyote.http11.Http11Processor.service(Http11Processor.java:391)
		at org.apache.coyote.AbstractProcessorLight.process(AbstractProcessorLight.java:63)
		at org.apache.coyote.AbstractProtocol$ConnectionHandler.process(AbstractProtocol.java:896)
		at org.apache.tomcat.util.net.NioEndpoint$SocketProcessor.doRun(NioEndpoint.java:1744)
		at org.apache.tomcat.util.net.SocketProcessorBase.run(SocketProcessorBase.java:52)
		at org.apache.tomcat.util.threads.ThreadPoolExecutor.runWorker(ThreadPoolExecutor.java:1191)
		at org.apache.tomcat.util.threads.ThreadPoolExecutor$Worker.run(ThreadPoolExecutor.java:659)
		at org.apache.tomcat.util.threads.TaskThread$WrappingRunnable.run(TaskThread.java:61)
		at java.base/java.lang.Thread.run(Thread.java:842)
16-Dec-2023 18:08:10.547 INFO [Thread-2] org.apache.catalina.core.ApplicationContext.log SessionListener: contextDestroyed()
16-Dec-2023 18:08:10.547 INFO [Thread-2] org.apache.catalina.core.ApplicationContext.log ContextListener: contextDestroyed()
16-Dec-2023 18:09:26.248 SEVERE [main] org.apache.tomcat.util.descriptor.web.SecurityConstraint.findUncoveredHttpMethods For security constraints with URL pattern [/*] only the HTTP methods [POST GET] are covered. All other methods are uncovered.
16-Dec-2023 18:09:26.369 SEVERE [main] org.apache.tomcat.util.descriptor.web.SecurityConstraint.findUncoveredHttpMethods For security constraints with URL pattern [/*] only the HTTP methods [POST GET] are covered. All other methods are uncovered.
16-Dec-2023 18:09:26.770 INFO [main] org.apache.catalina.core.ApplicationContext.log ContextListener: contextInitialized()
16-Dec-2023 18:09:26.771 INFO [main] org.apache.catalina.core.ApplicationContext.log SessionListener: contextInitialized()
16-Dec-2023 18:09:26.773 INFO [main] org.apache.catalina.core.ApplicationContext.log ContextListener: attributeAdded('StockTicker', 'async.Stockticker@5df92089')
16-Dec-2023 18:09:26.773 SEVERE [main] org.apache.tomcat.util.descriptor.web.SecurityConstraint.findUncoveredHttpMethods For security constraints with URL pattern [/*] only the HTTP methods [POST GET] are covered. All other methods are uncovered.
16-Dec-2023 18:09:27.914 SEVERE [main] org.apache.tomcat.util.descriptor.web.SecurityConstraint.findUncoveredHttpMethods For security constraints with URL pattern [/*] only the HTTP methods [POST GET] are covered. All other methods are uncovered.
16-Dec-2023 18:11:40.632 INFO [Thread-2] org.apache.catalina.core.ApplicationContext.log SessionListener: contextDestroyed()
16-Dec-2023 18:11:40.632 INFO [Thread-2] org.apache.catalina.core.ApplicationContext.log ContextListener: contextDestroyed()
16-Dec-2023 18:12:22.675 SEVERE [main] org.apache.tomcat.util.descriptor.web.SecurityConstraint.findUncoveredHttpMethods For security constraints with URL pattern [/*] only the HTTP methods [POST GET] are covered. All other methods are uncovered.
16-Dec-2023 18:12:22.821 SEVERE [main] org.apache.tomcat.util.descriptor.web.SecurityConstraint.findUncoveredHttpMethods For security constraints with URL pattern [/*] only the HTTP methods [POST GET] are covered. All other methods are uncovered.
16-Dec-2023 18:12:23.428 INFO [main] org.apache.catalina.core.ApplicationContext.log ContextListener: contextInitialized()
16-Dec-2023 18:12:23.430 INFO [main] org.apache.catalina.core.ApplicationContext.log SessionListener: contextInitialized()
16-Dec-2023 18:12:23.432 INFO [main] org.apache.catalina.core.ApplicationContext.log ContextListener: attributeAdded('StockTicker', 'async.Stockticker@5df92089')
16-Dec-2023 18:12:23.432 SEVERE [main] org.apache.tomcat.util.descriptor.web.SecurityConstraint.findUncoveredHttpMethods For security constraints with URL pattern [/*] only the HTTP methods [POST GET] are covered. All other methods are uncovered.
16-Dec-2023 18:12:24.947 SEVERE [main] org.apache.tomcat.util.descriptor.web.SecurityConstraint.findUncoveredHttpMethods For security constraints with URL pattern [/*] only the HTTP methods [POST GET] are covered. All other methods are uncovered.
16-Dec-2023 18:21:56.946 SEVERE [Catalina-utility-1] org.apache.tomcat.util.descriptor.web.SecurityConstraint.findUncoveredHttpMethods For security constraints with URL pattern [/*] only the HTTP methods [POST GET] are covered. All other methods are uncovered.
16-Dec-2023 18:21:56.951 INFO [Catalina-utility-1] org.apache.catalina.core.ApplicationContext.log SessionListener: contextDestroyed()
16-Dec-2023 18:21:56.951 INFO [Catalina-utility-1] org.apache.catalina.core.ApplicationContext.log ContextListener: contextDestroyed()
16-Dec-2023 18:21:57.284 INFO [Catalina-utility-1] org.apache.catalina.core.ApplicationContext.log ContextListener: contextInitialized()
16-Dec-2023 18:21:57.284 INFO [Catalina-utility-1] org.apache.catalina.core.ApplicationContext.log SessionListener: contextInitialized()
16-Dec-2023 18:21:57.286 INFO [Catalina-utility-1] org.apache.catalina.core.ApplicationContext.log ContextListener: attributeAdded('StockTicker', 'async.Stockticker@16559600')
16-Dec-2023 18:21:57.286 SEVERE [Catalina-utility-1] org.apache.tomcat.util.descriptor.web.SecurityConstraint.findUncoveredHttpMethods For security constraints with URL pattern [/*] only the HTTP methods [POST GET] are covered. All other methods are uncovered.
16-Dec-2023 18:21:58.476 SEVERE [Catalina-utility-1] org.apache.tomcat.util.descriptor.web.SecurityConstraint.findUncoveredHttpMethods For security constraints with URL pattern [/*] only the HTTP methods [POST GET] are covered. All other methods are uncovered.
16-Dec-2023 18:21:58.539 SEVERE [Catalina-utility-1] org.apache.tomcat.util.descriptor.web.SecurityConstraint.findUncoveredHttpMethods For security constraints with URL pattern [/*] only the HTTP methods [POST GET] are covered. All other methods are uncovered.
16-Dec-2023 18:22:21.793 INFO [Thread-2] org.apache.catalina.core.ApplicationContext.log SessionListener: contextDestroyed()
16-Dec-2023 18:22:21.793 INFO [Thread-2] org.apache.catalina.core.ApplicationContext.log ContextListener: contextDestroyed()
16-Dec-2023 18:22:34.977 SEVERE [main] org.apache.tomcat.util.descriptor.web.SecurityConstraint.findUncoveredHttpMethods For security constraints with URL pattern [/*] only the HTTP methods [POST GET] are covered. All other methods are uncovered.
16-Dec-2023 18:22:35.097 SEVERE [main] org.apache.tomcat.util.descriptor.web.SecurityConstraint.findUncoveredHttpMethods For security constraints with URL pattern [/*] only the HTTP methods [POST GET] are covered. All other methods are uncovered.
16-Dec-2023 18:22:35.466 INFO [main] org.apache.catalina.core.ApplicationContext.log ContextListener: contextInitialized()
16-Dec-2023 18:22:35.466 INFO [main] org.apache.catalina.core.ApplicationContext.log SessionListener: contextInitialized()
16-Dec-2023 18:22:35.468 INFO [main] org.apache.catalina.core.ApplicationContext.log ContextListener: attributeAdded('StockTicker', 'async.Stockticker@687a0e40')
16-Dec-2023 18:22:35.468 SEVERE [main] org.apache.tomcat.util.descriptor.web.SecurityConstraint.findUncoveredHttpMethods For security constraints with URL pattern [/*] only the HTTP methods [POST GET] are covered. All other methods are uncovered.
16-Dec-2023 18:22:36.664 SEVERE [main] org.apache.tomcat.util.descriptor.web.SecurityConstraint.findUncoveredHttpMethods For security constraints with URL pattern [/*] only the HTTP methods [POST GET] are covered. All other methods are uncovered.
16-Dec-2023 18:23:29.346 INFO [Catalina-utility-2] org.apache.catalina.core.ApplicationContext.log SessionListener: contextDestroyed()
16-Dec-2023 18:23:29.346 INFO [Catalina-utility-2] org.apache.catalina.core.ApplicationContext.log ContextListener: contextDestroyed()
16-Dec-2023 18:23:30.182 INFO [Catalina-utility-2] org.apache.catalina.core.ApplicationContext.log ContextListener: contextInitialized()
16-Dec-2023 18:23:30.182 INFO [Catalina-utility-2] org.apache.catalina.core.ApplicationContext.log SessionListener: contextInitialized()
16-Dec-2023 18:23:30.184 INFO [Catalina-utility-2] org.apache.catalina.core.ApplicationContext.log ContextListener: attributeAdded('StockTicker', 'async.Stockticker@7a8bfcdd')
16-Dec-2023 18:23:44.155 INFO [main] org.apache.catalina.core.ApplicationContext.log ContextListener: contextInitialized()
16-Dec-2023 18:23:44.155 INFO [main] org.apache.catalina.core.ApplicationContext.log SessionListener: contextInitialized()
16-Dec-2023 18:23:44.157 INFO [main] org.apache.catalina.core.ApplicationContext.log ContextListener: attributeAdded('StockTicker', 'async.Stockticker@7db791df')
16-Dec-2023 18:28:47.661 INFO [Thread-2] org.apache.catalina.core.ApplicationContext.log SessionListener: contextDestroyed()
16-Dec-2023 18:28:47.661 INFO [Thread-2] org.apache.catalina.core.ApplicationContext.log ContextListener: contextDestroyed()
16-Dec-2023 18:29:01.811 INFO [main] org.apache.catalina.core.ApplicationContext.log ContextListener: contextInitialized()
16-Dec-2023 18:29:01.811 INFO [main] org.apache.catalina.core.ApplicationContext.log SessionListener: contextInitialized()
16-Dec-2023 18:29:01.813 INFO [main] org.apache.catalina.core.ApplicationContext.log ContextListener: attributeAdded('StockTicker', 'async.Stockticker@1bfa5a13')
16-Dec-2023 18:29:22.051 SEVERE [http-nio-8080-exec-3] org.apache.catalina.core.StandardWrapperValve.invoke Servlet.service() for servlet [LoginServlet] in context with path [/Wilken] threw exception
	java.lang.IllegalStateException: Cannot forward after response has been committed
		at org.apache.catalina.core.ApplicationDispatcher.doForward(ApplicationDispatcher.java:285)
		at org.apache.catalina.core.ApplicationDispatcher.forward(ApplicationDispatcher.java:277)
		at Servlets.LoginServlet.doPost(LoginServlet.java:46)
		at jakarta.servlet.http.HttpServlet.service(HttpServlet.java:590)
		at jakarta.servlet.http.HttpServlet.service(HttpServlet.java:658)
		at org.apache.catalina.core.ApplicationFilterChain.internalDoFilter(ApplicationFilterChain.java:205)
		at org.apache.catalina.core.ApplicationFilterChain.doFilter(ApplicationFilterChain.java:149)
		at org.apache.tomcat.websocket.server.WsFilter.doFilter(WsFilter.java:51)
		at org.apache.catalina.core.ApplicationFilterChain.internalDoFilter(ApplicationFilterChain.java:174)
		at org.apache.catalina.core.ApplicationFilterChain.doFilter(ApplicationFilterChain.java:149)
		at org.apache.catalina.core.StandardWrapperValve.invoke(StandardWrapperValve.java:167)
		at org.apache.catalina.core.StandardContextValve.invoke(StandardContextValve.java:90)
		at org.apache.catalina.authenticator.AuthenticatorBase.invoke(AuthenticatorBase.java:482)
		at org.apache.catalina.core.StandardHostValve.invoke(StandardHostValve.java:115)
		at org.apache.catalina.valves.ErrorReportValve.invoke(ErrorReportValve.java:93)
		at org.apache.catalina.valves.AbstractAccessLogValve.invoke(AbstractAccessLogValve.java:673)
		at org.apache.catalina.core.StandardEngineValve.invoke(StandardEngineValve.java:74)
		at org.apache.catalina.connector.CoyoteAdapter.service(CoyoteAdapter.java:340)
		at org.apache.coyote.http11.Http11Processor.service(Http11Processor.java:391)
		at org.apache.coyote.AbstractProcessorLight.process(AbstractProcessorLight.java:63)
		at org.apache.coyote.AbstractProtocol$ConnectionHandler.process(AbstractProtocol.java:896)
		at org.apache.tomcat.util.net.NioEndpoint$SocketProcessor.doRun(NioEndpoint.java:1744)
		at org.apache.tomcat.util.net.SocketProcessorBase.run(SocketProcessorBase.java:52)
		at org.apache.tomcat.util.threads.ThreadPoolExecutor.runWorker(ThreadPoolExecutor.java:1191)
		at org.apache.tomcat.util.threads.ThreadPoolExecutor$Worker.run(ThreadPoolExecutor.java:659)
		at org.apache.tomcat.util.threads.TaskThread$WrappingRunnable.run(TaskThread.java:61)
		at java.base/java.lang.Thread.run(Thread.java:842)
16-Dec-2023 18:29:43.163 SEVERE [http-nio-8080-exec-5] org.apache.catalina.core.StandardWrapperValve.invoke Servlet.service() for servlet [LoginServlet] in context with path [/Wilken] threw exception
	java.lang.IllegalStateException: Cannot forward after response has been committed
		at org.apache.catalina.core.ApplicationDispatcher.doForward(ApplicationDispatcher.java:285)
		at org.apache.catalina.core.ApplicationDispatcher.forward(ApplicationDispatcher.java:277)
		at Servlets.LoginServlet.doPost(LoginServlet.java:46)
		at jakarta.servlet.http.HttpServlet.service(HttpServlet.java:590)
		at jakarta.servlet.http.HttpServlet.service(HttpServlet.java:658)
		at org.apache.catalina.core.ApplicationFilterChain.internalDoFilter(ApplicationFilterChain.java:205)
		at org.apache.catalina.core.ApplicationFilterChain.doFilter(ApplicationFilterChain.java:149)
		at org.apache.tomcat.websocket.server.WsFilter.doFilter(WsFilter.java:51)
		at org.apache.catalina.core.ApplicationFilterChain.internalDoFilter(ApplicationFilterChain.java:174)
		at org.apache.catalina.core.ApplicationFilterChain.doFilter(ApplicationFilterChain.java:149)
		at org.apache.catalina.core.StandardWrapperValve.invoke(StandardWrapperValve.java:167)
		at org.apache.catalina.core.StandardContextValve.invoke(StandardContextValve.java:90)
		at org.apache.catalina.authenticator.AuthenticatorBase.invoke(AuthenticatorBase.java:482)
		at org.apache.catalina.core.StandardHostValve.invoke(StandardHostValve.java:115)
		at org.apache.catalina.valves.ErrorReportValve.invoke(ErrorReportValve.java:93)
		at org.apache.catalina.valves.AbstractAccessLogValve.invoke(AbstractAccessLogValve.java:673)
		at org.apache.catalina.core.StandardEngineValve.invoke(StandardEngineValve.java:74)
		at org.apache.catalina.connector.CoyoteAdapter.service(CoyoteAdapter.java:340)
		at org.apache.coyote.http11.Http11Processor.service(Http11Processor.java:391)
		at org.apache.coyote.AbstractProcessorLight.process(AbstractProcessorLight.java:63)
		at org.apache.coyote.AbstractProtocol$ConnectionHandler.process(AbstractProtocol.java:896)
		at org.apache.tomcat.util.net.NioEndpoint$SocketProcessor.doRun(NioEndpoint.java:1744)
		at org.apache.tomcat.util.net.SocketProcessorBase.run(SocketProcessorBase.java:52)
		at org.apache.tomcat.util.threads.ThreadPoolExecutor.runWorker(ThreadPoolExecutor.java:1191)
		at org.apache.tomcat.util.threads.ThreadPoolExecutor$Worker.run(ThreadPoolExecutor.java:659)
		at org.apache.tomcat.util.threads.TaskThread$WrappingRunnable.run(TaskThread.java:61)
		at java.base/java.lang.Thread.run(Thread.java:842)
16-Dec-2023 18:30:59.739 SEVERE [http-nio-8080-exec-9] org.apache.catalina.core.StandardWrapperValve.invoke Servlet.service() for servlet [LoginServlet] in context with path [/Wilken] threw exception
	java.lang.IllegalStateException: Cannot forward after response has been committed
		at org.apache.catalina.core.ApplicationDispatcher.doForward(ApplicationDispatcher.java:285)
		at org.apache.catalina.core.ApplicationDispatcher.forward(ApplicationDispatcher.java:277)
		at Servlets.LoginServlet.doPost(LoginServlet.java:46)
		at jakarta.servlet.http.HttpServlet.service(HttpServlet.java:590)
		at jakarta.servlet.http.HttpServlet.service(HttpServlet.java:658)
		at org.apache.catalina.core.ApplicationFilterChain.internalDoFilter(ApplicationFilterChain.java:205)
		at org.apache.catalina.core.ApplicationFilterChain.doFilter(ApplicationFilterChain.java:149)
		at org.apache.tomcat.websocket.server.WsFilter.doFilter(WsFilter.java:51)
		at org.apache.catalina.core.ApplicationFilterChain.internalDoFilter(ApplicationFilterChain.java:174)
		at org.apache.catalina.core.ApplicationFilterChain.doFilter(ApplicationFilterChain.java:149)
		at org.apache.catalina.core.StandardWrapperValve.invoke(StandardWrapperValve.java:167)
		at org.apache.catalina.core.StandardContextValve.invoke(StandardContextValve.java:90)
		at org.apache.catalina.authenticator.AuthenticatorBase.invoke(AuthenticatorBase.java:482)
		at org.apache.catalina.core.StandardHostValve.invoke(StandardHostValve.java:115)
		at org.apache.catalina.valves.ErrorReportValve.invoke(ErrorReportValve.java:93)
		at org.apache.catalina.valves.AbstractAccessLogValve.invoke(AbstractAccessLogValve.java:673)
		at org.apache.catalina.core.StandardEngineValve.invoke(StandardEngineValve.java:74)
		at org.apache.catalina.connector.CoyoteAdapter.service(CoyoteAdapter.java:340)
		at org.apache.coyote.http11.Http11Processor.service(Http11Processor.java:391)
		at org.apache.coyote.AbstractProcessorLight.process(AbstractProcessorLight.java:63)
		at org.apache.coyote.AbstractProtocol$ConnectionHandler.process(AbstractProtocol.java:896)
		at org.apache.tomcat.util.net.NioEndpoint$SocketProcessor.doRun(NioEndpoint.java:1744)
		at org.apache.tomcat.util.net.SocketProcessorBase.run(SocketProcessorBase.java:52)
		at org.apache.tomcat.util.threads.ThreadPoolExecutor.runWorker(ThreadPoolExecutor.java:1191)
		at org.apache.tomcat.util.threads.ThreadPoolExecutor$Worker.run(ThreadPoolExecutor.java:659)
		at org.apache.tomcat.util.threads.TaskThread$WrappingRunnable.run(TaskThread.java:61)
		at java.base/java.lang.Thread.run(Thread.java:842)
16-Dec-2023 18:33:14.615 SEVERE [Catalina-utility-2] org.apache.tomcat.util.descriptor.web.SecurityConstraint.findUncoveredHttpMethods For security constraints with URL pattern [/*] only the HTTP methods [POST GET] are covered. All other methods are uncovered.
16-Dec-2023 18:33:14.618 INFO [Catalina-utility-2] org.apache.catalina.core.ApplicationContext.log SessionListener: contextDestroyed()
16-Dec-2023 18:33:14.618 INFO [Catalina-utility-2] org.apache.catalina.core.ApplicationContext.log ContextListener: contextDestroyed()
16-Dec-2023 18:33:14.895 INFO [Catalina-utility-2] org.apache.catalina.core.ApplicationContext.log ContextListener: contextInitialized()
16-Dec-2023 18:33:14.895 INFO [Catalina-utility-2] org.apache.catalina.core.ApplicationContext.log SessionListener: contextInitialized()
16-Dec-2023 18:33:14.896 INFO [Catalina-utility-2] org.apache.catalina.core.ApplicationContext.log ContextListener: attributeAdded('StockTicker', 'async.Stockticker@534f9921')
16-Dec-2023 18:33:14.897 SEVERE [Catalina-utility-2] org.apache.tomcat.util.descriptor.web.SecurityConstraint.findUncoveredHttpMethods For security constraints with URL pattern [/*] only the HTTP methods [POST GET] are covered. All other methods are uncovered.
16-Dec-2023 18:33:15.977 SEVERE [Catalina-utility-2] org.apache.tomcat.util.descriptor.web.SecurityConstraint.findUncoveredHttpMethods For security constraints with URL pattern [/*] only the HTTP methods [POST GET] are covered. All other methods are uncovered.
16-Dec-2023 18:33:16.042 SEVERE [Catalina-utility-2] org.apache.tomcat.util.descriptor.web.SecurityConstraint.findUncoveredHttpMethods For security constraints with URL pattern [/*] only the HTTP methods [POST GET] are covered. All other methods are uncovered.
16-Dec-2023 18:33:19.259 INFO [Thread-2] org.apache.catalina.core.ApplicationContext.log SessionListener: contextDestroyed()
16-Dec-2023 18:33:19.259 INFO [Thread-2] org.apache.catalina.core.ApplicationContext.log ContextListener: contextDestroyed()
16-Dec-2023 18:33:30.759 SEVERE [main] org.apache.tomcat.util.descriptor.web.SecurityConstraint.findUncoveredHttpMethods For security constraints with URL pattern [/*] only the HTTP methods [POST GET] are covered. All other methods are uncovered.
16-Dec-2023 18:33:30.880 SEVERE [main] org.apache.tomcat.util.descriptor.web.SecurityConstraint.findUncoveredHttpMethods For security constraints with URL pattern [/*] only the HTTP methods [POST GET] are covered. All other methods are uncovered.
16-Dec-2023 18:33:31.268 INFO [main] org.apache.catalina.core.ApplicationContext.log ContextListener: contextInitialized()
16-Dec-2023 18:33:31.269 INFO [main] org.apache.catalina.core.ApplicationContext.log SessionListener: contextInitialized()
16-Dec-2023 18:33:31.270 INFO [main] org.apache.catalina.core.ApplicationContext.log ContextListener: attributeAdded('StockTicker', 'async.Stockticker@687a0e40')
16-Dec-2023 18:33:31.270 SEVERE [main] org.apache.tomcat.util.descriptor.web.SecurityConstraint.findUncoveredHttpMethods For security constraints with URL pattern [/*] only the HTTP methods [POST GET] are covered. All other methods are uncovered.
16-Dec-2023 18:33:32.432 SEVERE [main] org.apache.tomcat.util.descriptor.web.SecurityConstraint.findUncoveredHttpMethods For security constraints with URL pattern [/*] only the HTTP methods [POST GET] are covered. All other methods are uncovered.
16-Dec-2023 18:33:53.733 SEVERE [http-nio-8080-exec-4] org.apache.catalina.core.StandardWrapperValve.invoke Servlet.service() for servlet [LoginServlet] in context with path [/Wilken] threw exception
	java.lang.IllegalStateException: Cannot forward after response has been committed
		at org.apache.catalina.core.ApplicationDispatcher.doForward(ApplicationDispatcher.java:285)
		at org.apache.catalina.core.ApplicationDispatcher.forward(ApplicationDispatcher.java:277)
		at Servlets.LoginServlet.doPost(LoginServlet.java:46)
		at jakarta.servlet.http.HttpServlet.service(HttpServlet.java:590)
		at jakarta.servlet.http.HttpServlet.service(HttpServlet.java:658)
		at org.apache.catalina.core.ApplicationFilterChain.internalDoFilter(ApplicationFilterChain.java:205)
		at org.apache.catalina.core.ApplicationFilterChain.doFilter(ApplicationFilterChain.java:149)
		at org.apache.tomcat.websocket.server.WsFilter.doFilter(WsFilter.java:51)
		at org.apache.catalina.core.ApplicationFilterChain.internalDoFilter(ApplicationFilterChain.java:174)
		at org.apache.catalina.core.ApplicationFilterChain.doFilter(ApplicationFilterChain.java:149)
		at org.apache.catalina.core.StandardWrapperValve.invoke(StandardWrapperValve.java:167)
		at org.apache.catalina.core.StandardContextValve.invoke(StandardContextValve.java:90)
		at org.apache.catalina.authenticator.AuthenticatorBase.invoke(AuthenticatorBase.java:597)
		at org.apache.catalina.core.StandardHostValve.invoke(StandardHostValve.java:115)
		at org.apache.catalina.valves.ErrorReportValve.invoke(ErrorReportValve.java:93)
		at org.apache.catalina.valves.AbstractAccessLogValve.invoke(AbstractAccessLogValve.java:673)
		at org.apache.catalina.core.StandardEngineValve.invoke(StandardEngineValve.java:74)
		at org.apache.catalina.connector.CoyoteAdapter.service(CoyoteAdapter.java:340)
		at org.apache.coyote.http11.Http11Processor.service(Http11Processor.java:391)
		at org.apache.coyote.AbstractProcessorLight.process(AbstractProcessorLight.java:63)
		at org.apache.coyote.AbstractProtocol$ConnectionHandler.process(AbstractProtocol.java:896)
		at org.apache.tomcat.util.net.NioEndpoint$SocketProcessor.doRun(NioEndpoint.java:1744)
		at org.apache.tomcat.util.net.SocketProcessorBase.run(SocketProcessorBase.java:52)
		at org.apache.tomcat.util.threads.ThreadPoolExecutor.runWorker(ThreadPoolExecutor.java:1191)
		at org.apache.tomcat.util.threads.ThreadPoolExecutor$Worker.run(ThreadPoolExecutor.java:659)
		at org.apache.tomcat.util.threads.TaskThread$WrappingRunnable.run(TaskThread.java:61)
		at java.base/java.lang.Thread.run(Thread.java:842)
16-Dec-2023 18:37:12.980 INFO [Thread-2] org.apache.catalina.core.ApplicationContext.log SessionListener: contextDestroyed()
16-Dec-2023 18:37:12.981 INFO [Thread-2] org.apache.catalina.core.ApplicationContext.log ContextListener: contextDestroyed()
16-Dec-2023 18:37:14.168 SEVERE [Catalina-utility-1] org.apache.tomcat.util.descriptor.web.SecurityConstraint.findUncoveredHttpMethods For security constraints with URL pattern [/*] only the HTTP methods [POST GET] are covered. All other methods are uncovered.
16-Dec-2023 18:37:24.609 SEVERE [main] org.apache.tomcat.util.descriptor.web.SecurityConstraint.findUncoveredHttpMethods For security constraints with URL pattern [/*] only the HTTP methods [POST GET] are covered. All other methods are uncovered.
16-Dec-2023 18:37:24.727 SEVERE [main] org.apache.tomcat.util.descriptor.web.SecurityConstraint.findUncoveredHttpMethods For security constraints with URL pattern [/*] only the HTTP methods [POST GET] are covered. All other methods are uncovered.
16-Dec-2023 18:37:25.130 INFO [main] org.apache.catalina.core.ApplicationContext.log ContextListener: contextInitialized()
16-Dec-2023 18:37:25.131 INFO [main] org.apache.catalina.core.ApplicationContext.log SessionListener: contextInitialized()
16-Dec-2023 18:37:25.133 INFO [main] org.apache.catalina.core.ApplicationContext.log ContextListener: attributeAdded('StockTicker', 'async.Stockticker@687a0e40')
16-Dec-2023 18:37:25.134 SEVERE [main] org.apache.tomcat.util.descriptor.web.SecurityConstraint.findUncoveredHttpMethods For security constraints with URL pattern [/*] only the HTTP methods [POST GET] are covered. All other methods are uncovered.
16-Dec-2023 18:37:26.340 SEVERE [main] org.apache.tomcat.util.descriptor.web.SecurityConstraint.findUncoveredHttpMethods For security constraints with URL pattern [/*] only the HTTP methods [POST GET] are covered. All other methods are uncovered.
16-Dec-2023 18:37:44.058 SEVERE [http-nio-8080-exec-4] org.apache.catalina.core.StandardWrapperValve.invoke Servlet.service() for servlet [LoginServlet] in context with path [/Wilken] threw exception
	java.lang.IllegalStateException: Cannot forward after response has been committed
		at org.apache.catalina.core.ApplicationDispatcher.doForward(ApplicationDispatcher.java:285)
		at org.apache.catalina.core.ApplicationDispatcher.forward(ApplicationDispatcher.java:277)
		at Servlets.LoginServlet.doPost(LoginServlet.java:46)
		at jakarta.servlet.http.HttpServlet.service(HttpServlet.java:590)
		at jakarta.servlet.http.HttpServlet.service(HttpServlet.java:658)
		at org.apache.catalina.core.ApplicationFilterChain.internalDoFilter(ApplicationFilterChain.java:205)
		at org.apache.catalina.core.ApplicationFilterChain.doFilter(ApplicationFilterChain.java:149)
		at org.apache.tomcat.websocket.server.WsFilter.doFilter(WsFilter.java:51)
		at org.apache.catalina.core.ApplicationFilterChain.internalDoFilter(ApplicationFilterChain.java:174)
		at org.apache.catalina.core.ApplicationFilterChain.doFilter(ApplicationFilterChain.java:149)
		at org.apache.catalina.core.StandardWrapperValve.invoke(StandardWrapperValve.java:167)
		at org.apache.catalina.core.StandardContextValve.invoke(StandardContextValve.java:90)
		at org.apache.catalina.authenticator.AuthenticatorBase.invoke(AuthenticatorBase.java:597)
		at org.apache.catalina.core.StandardHostValve.invoke(StandardHostValve.java:115)
		at org.apache.catalina.valves.ErrorReportValve.invoke(ErrorReportValve.java:93)
		at org.apache.catalina.valves.AbstractAccessLogValve.invoke(AbstractAccessLogValve.java:673)
		at org.apache.catalina.core.StandardEngineValve.invoke(StandardEngineValve.java:74)
		at org.apache.catalina.connector.CoyoteAdapter.service(CoyoteAdapter.java:340)
		at org.apache.coyote.http11.Http11Processor.service(Http11Processor.java:391)
		at org.apache.coyote.AbstractProcessorLight.process(AbstractProcessorLight.java:63)
		at org.apache.coyote.AbstractProtocol$ConnectionHandler.process(AbstractProtocol.java:896)
		at org.apache.tomcat.util.net.NioEndpoint$SocketProcessor.doRun(NioEndpoint.java:1744)
		at org.apache.tomcat.util.net.SocketProcessorBase.run(SocketProcessorBase.java:52)
		at org.apache.tomcat.util.threads.ThreadPoolExecutor.runWorker(ThreadPoolExecutor.java:1191)
		at org.apache.tomcat.util.threads.ThreadPoolExecutor$Worker.run(ThreadPoolExecutor.java:659)
		at org.apache.tomcat.util.threads.TaskThread$WrappingRunnable.run(TaskThread.java:61)
		at java.base/java.lang.Thread.run(Thread.java:842)
16-Dec-2023 18:38:56.609 INFO [Thread-2] org.apache.catalina.core.ApplicationContext.log SessionListener: contextDestroyed()
16-Dec-2023 18:38:56.609 INFO [Thread-2] org.apache.catalina.core.ApplicationContext.log ContextListener: contextDestroyed()
16-Dec-2023 18:41:38.033 SEVERE [main] org.apache.tomcat.util.descriptor.web.SecurityConstraint.findUncoveredHttpMethods For security constraints with URL pattern [/*] only the HTTP methods [POST GET] are covered. All other methods are uncovered.
16-Dec-2023 18:41:38.154 SEVERE [main] org.apache.tomcat.util.descriptor.web.SecurityConstraint.findUncoveredHttpMethods For security constraints with URL pattern [/*] only the HTTP methods [POST GET] are covered. All other methods are uncovered.
16-Dec-2023 18:41:38.547 INFO [main] org.apache.catalina.core.ApplicationContext.log ContextListener: contextInitialized()
16-Dec-2023 18:41:38.548 INFO [main] org.apache.catalina.core.ApplicationContext.log SessionListener: contextInitialized()
16-Dec-2023 18:41:38.550 INFO [main] org.apache.catalina.core.ApplicationContext.log ContextListener: attributeAdded('StockTicker', 'async.Stockticker@5df92089')
16-Dec-2023 18:41:38.550 SEVERE [main] org.apache.tomcat.util.descriptor.web.SecurityConstraint.findUncoveredHttpMethods For security constraints with URL pattern [/*] only the HTTP methods [POST GET] are covered. All other methods are uncovered.
16-Dec-2023 18:41:39.727 SEVERE [main] org.apache.tomcat.util.descriptor.web.SecurityConstraint.findUncoveredHttpMethods For security constraints with URL pattern [/*] only the HTTP methods [POST GET] are covered. All other methods are uncovered.
16-Dec-2023 18:42:09.554 INFO [Thread-2] org.apache.catalina.core.ApplicationContext.log SessionListener: contextDestroyed()
16-Dec-2023 18:42:09.554 INFO [Thread-2] org.apache.catalina.core.ApplicationContext.log ContextListener: contextDestroyed()
16-Dec-2023 18:43:30.404 INFO [main] org.apache.catalina.core.ApplicationContext.log ContextListener: contextInitialized()
16-Dec-2023 18:43:30.405 INFO [main] org.apache.catalina.core.ApplicationContext.log SessionListener: contextInitialized()
16-Dec-2023 18:43:30.412 INFO [main] org.apache.catalina.core.ApplicationContext.log ContextListener: attributeAdded('StockTicker', 'async.Stockticker@1bfa5a13')
16-Dec-2023 18:43:51.836 INFO [Thread-2] org.apache.catalina.core.ApplicationContext.log SessionListener: contextDestroyed()
16-Dec-2023 18:43:51.836 INFO [Thread-2] org.apache.catalina.core.ApplicationContext.log ContextListener: contextDestroyed()
16-Dec-2023 18:44:36.485 INFO [main] org.apache.catalina.core.ApplicationContext.log ContextListener: contextInitialized()
16-Dec-2023 18:44:36.486 INFO [main] org.apache.catalina.core.ApplicationContext.log SessionListener: contextInitialized()
16-Dec-2023 18:44:36.492 INFO [main] org.apache.catalina.core.ApplicationContext.log ContextListener: attributeAdded('StockTicker', 'async.Stockticker@26994c6a')
16-Dec-2023 18:59:14.269 INFO [Thread-2] org.apache.catalina.core.ApplicationContext.log SessionListener: contextDestroyed()
16-Dec-2023 18:59:14.269 INFO [Thread-2] org.apache.catalina.core.ApplicationContext.log ContextListener: contextDestroyed()
