05-Jan-2024 09:28:01.925 SEVERE [main] org.apache.tomcat.util.descriptor.web.SecurityConstraint.findUncoveredHttpMethods For security constraints with URL pattern [/*] only the HTTP methods [POST GET] are covered. All other methods are uncovered.
05-Jan-2024 09:28:02.700 SEVERE [main] org.apache.tomcat.util.descriptor.web.SecurityConstraint.findUncoveredHttpMethods For security constraints with URL pattern [/*] only the HTTP methods [POST GET] are covered. All other methods are uncovered.
05-Jan-2024 09:28:04.901 INFO [main] org.apache.catalina.core.ApplicationContext.log ContextListener: contextInitialized()
05-Jan-2024 09:28:04.902 INFO [main] org.apache.catalina.core.ApplicationContext.log SessionListener: contextInitialized()
05-Jan-2024 09:28:04.904 INFO [main] org.apache.catalina.core.ApplicationContext.log ContextListener: attributeAdded('StockTicker', 'async.Stockticker@a9e8da1')
05-Jan-2024 09:28:04.904 SEVERE [main] org.apache.tomcat.util.descriptor.web.SecurityConstraint.findUncoveredHttpMethods For security constraints with URL pattern [/*] only the HTTP methods [POST GET] are covered. All other methods are uncovered.
05-Jan-2024 09:28:07.863 SEVERE [main] org.apache.tomcat.util.descriptor.web.SecurityConstraint.findUncoveredHttpMethods For security constraints with URL pattern [/*] only the HTTP methods [POST GET] are covered. All other methods are uncovered.
05-Jan-2024 09:29:21.508 INFO [Thread-2] org.apache.catalina.core.ApplicationContext.log SessionListener: contextDestroyed()
05-Jan-2024 09:29:21.508 INFO [Thread-2] org.apache.catalina.core.ApplicationContext.log ContextListener: contextDestroyed()
05-Jan-2024 09:35:28.943 SEVERE [main] org.apache.tomcat.util.descriptor.web.SecurityConstraint.findUncoveredHttpMethods For security constraints with URL pattern [/*] only the HTTP methods [POST GET] are covered. All other methods are uncovered.
05-Jan-2024 09:35:29.068 SEVERE [main] org.apache.tomcat.util.descriptor.web.SecurityConstraint.findUncoveredHttpMethods For security constraints with URL pattern [/*] only the HTTP methods [POST GET] are covered. All other methods are uncovered.
05-Jan-2024 09:35:29.484 INFO [main] org.apache.catalina.core.ApplicationContext.log ContextListener: contextInitialized()
05-Jan-2024 09:35:29.485 INFO [main] org.apache.catalina.core.ApplicationContext.log SessionListener: contextInitialized()
05-Jan-2024 09:35:29.488 INFO [main] org.apache.catalina.core.ApplicationContext.log ContextListener: attributeAdded('StockTicker', 'async.Stockticker@14b5752f')
05-Jan-2024 09:35:29.489 SEVERE [main] org.apache.tomcat.util.descriptor.web.SecurityConstraint.findUncoveredHttpMethods For security constraints with URL pattern [/*] only the HTTP methods [POST GET] are covered. All other methods are uncovered.
05-Jan-2024 09:35:31.520 SEVERE [main] org.apache.tomcat.util.descriptor.web.SecurityConstraint.findUncoveredHttpMethods For security constraints with URL pattern [/*] only the HTTP methods [POST GET] are covered. All other methods are uncovered.
05-Jan-2024 09:36:33.538 INFO [Thread-2] org.apache.catalina.core.ApplicationContext.log SessionListener: contextDestroyed()
05-Jan-2024 09:36:33.538 INFO [Thread-2] org.apache.catalina.core.ApplicationContext.log ContextListener: contextDestroyed()
05-Jan-2024 09:44:13.407 SEVERE [main] org.apache.tomcat.util.descriptor.web.SecurityConstraint.findUncoveredHttpMethods For security constraints with URL pattern [/*] only the HTTP methods [POST GET] are covered. All other methods are uncovered.
05-Jan-2024 09:44:13.679 SEVERE [main] org.apache.tomcat.util.descriptor.web.SecurityConstraint.findUncoveredHttpMethods For security constraints with URL pattern [/*] only the HTTP methods [POST GET] are covered. All other methods are uncovered.
05-Jan-2024 09:44:14.411 INFO [main] org.apache.catalina.core.ApplicationContext.log ContextListener: contextInitialized()
05-Jan-2024 09:44:14.412 INFO [main] org.apache.catalina.core.ApplicationContext.log SessionListener: contextInitialized()
05-Jan-2024 09:44:14.414 INFO [main] org.apache.catalina.core.ApplicationContext.log ContextListener: attributeAdded('StockTicker', 'async.Stockticker@674184d')
05-Jan-2024 09:44:14.414 SEVERE [main] org.apache.tomcat.util.descriptor.web.SecurityConstraint.findUncoveredHttpMethods For security constraints with URL pattern [/*] only the HTTP methods [POST GET] are covered. All other methods are uncovered.
05-Jan-2024 09:44:16.154 SEVERE [main] org.apache.tomcat.util.descriptor.web.SecurityConstraint.findUncoveredHttpMethods For security constraints with URL pattern [/*] only the HTTP methods [POST GET] are covered. All other methods are uncovered.
05-Jan-2024 09:44:56.732 INFO [Thread-2] org.apache.catalina.core.ApplicationContext.log SessionListener: contextDestroyed()
05-Jan-2024 09:44:56.732 INFO [Thread-2] org.apache.catalina.core.ApplicationContext.log ContextListener: contextDestroyed()
05-Jan-2024 09:45:34.525 SEVERE [main] org.apache.tomcat.util.descriptor.web.SecurityConstraint.findUncoveredHttpMethods For security constraints with URL pattern [/*] only the HTTP methods [POST GET] are covered. All other methods are uncovered.
05-Jan-2024 09:45:34.643 SEVERE [main] org.apache.tomcat.util.descriptor.web.SecurityConstraint.findUncoveredHttpMethods For security constraints with URL pattern [/*] only the HTTP methods [POST GET] are covered. All other methods are uncovered.
05-Jan-2024 09:45:35.065 INFO [main] org.apache.catalina.core.ApplicationContext.log ContextListener: contextInitialized()
05-Jan-2024 09:45:35.066 INFO [main] org.apache.catalina.core.ApplicationContext.log SessionListener: contextInitialized()
05-Jan-2024 09:45:35.068 INFO [main] org.apache.catalina.core.ApplicationContext.log ContextListener: attributeAdded('StockTicker', 'async.Stockticker@6a51ae7c')
05-Jan-2024 09:45:35.068 SEVERE [main] org.apache.tomcat.util.descriptor.web.SecurityConstraint.findUncoveredHttpMethods For security constraints with URL pattern [/*] only the HTTP methods [POST GET] are covered. All other methods are uncovered.
05-Jan-2024 09:45:36.240 SEVERE [main] org.apache.tomcat.util.descriptor.web.SecurityConstraint.findUncoveredHttpMethods For security constraints with URL pattern [/*] only the HTTP methods [POST GET] are covered. All other methods are uncovered.
05-Jan-2024 09:47:37.210 INFO [Thread-2] org.apache.catalina.core.ApplicationContext.log SessionListener: contextDestroyed()
05-Jan-2024 09:47:37.210 INFO [Thread-2] org.apache.catalina.core.ApplicationContext.log ContextListener: contextDestroyed()
05-Jan-2024 09:47:38.283 SEVERE [Catalina-utility-1] org.apache.tomcat.util.descriptor.web.SecurityConstraint.findUncoveredHttpMethods For security constraints with URL pattern [/*] only the HTTP methods [POST GET] are covered. All other methods are uncovered.
05-Jan-2024 09:48:29.785 SEVERE [main] org.apache.tomcat.util.descriptor.web.SecurityConstraint.findUncoveredHttpMethods For security constraints with URL pattern [/*] only the HTTP methods [POST GET] are covered. All other methods are uncovered.
05-Jan-2024 09:48:29.902 SEVERE [main] org.apache.tomcat.util.descriptor.web.SecurityConstraint.findUncoveredHttpMethods For security constraints with URL pattern [/*] only the HTTP methods [POST GET] are covered. All other methods are uncovered.
05-Jan-2024 09:48:30.287 INFO [main] org.apache.catalina.core.ApplicationContext.log ContextListener: contextInitialized()
05-Jan-2024 09:48:30.288 INFO [main] org.apache.catalina.core.ApplicationContext.log SessionListener: contextInitialized()
05-Jan-2024 09:48:30.290 INFO [main] org.apache.catalina.core.ApplicationContext.log ContextListener: attributeAdded('StockTicker', 'async.Stockticker@14b5752f')
05-Jan-2024 09:48:30.290 SEVERE [main] org.apache.tomcat.util.descriptor.web.SecurityConstraint.findUncoveredHttpMethods For security constraints with URL pattern [/*] only the HTTP methods [POST GET] are covered. All other methods are uncovered.
05-Jan-2024 09:48:31.428 SEVERE [main] org.apache.tomcat.util.descriptor.web.SecurityConstraint.findUncoveredHttpMethods For security constraints with URL pattern [/*] only the HTTP methods [POST GET] are covered. All other methods are uncovered.
05-Jan-2024 09:48:58.927 INFO [Thread-2] org.apache.catalina.core.ApplicationContext.log SessionListener: contextDestroyed()
05-Jan-2024 09:48:58.927 INFO [Thread-2] org.apache.catalina.core.ApplicationContext.log ContextListener: contextDestroyed()
05-Jan-2024 09:51:13.569 SEVERE [main] org.apache.tomcat.util.descriptor.web.SecurityConstraint.findUncoveredHttpMethods For security constraints with URL pattern [/*] only the HTTP methods [POST GET] are covered. All other methods are uncovered.
05-Jan-2024 09:51:13.688 SEVERE [main] org.apache.tomcat.util.descriptor.web.SecurityConstraint.findUncoveredHttpMethods For security constraints with URL pattern [/*] only the HTTP methods [POST GET] are covered. All other methods are uncovered.
05-Jan-2024 09:51:14.069 INFO [main] org.apache.catalina.core.ApplicationContext.log ContextListener: contextInitialized()
05-Jan-2024 09:51:14.070 INFO [main] org.apache.catalina.core.ApplicationContext.log SessionListener: contextInitialized()
05-Jan-2024 09:51:14.071 INFO [main] org.apache.catalina.core.ApplicationContext.log ContextListener: attributeAdded('StockTicker', 'async.Stockticker@6a51ae7c')
05-Jan-2024 09:51:14.072 SEVERE [main] org.apache.tomcat.util.descriptor.web.SecurityConstraint.findUncoveredHttpMethods For security constraints with URL pattern [/*] only the HTTP methods [POST GET] are covered. All other methods are uncovered.
05-Jan-2024 09:51:17.350 SEVERE [main] org.apache.tomcat.util.descriptor.web.SecurityConstraint.findUncoveredHttpMethods For security constraints with URL pattern [/*] only the HTTP methods [POST GET] are covered. All other methods are uncovered.
05-Jan-2024 09:51:55.990 INFO [Thread-2] org.apache.catalina.core.ApplicationContext.log SessionListener: contextDestroyed()
05-Jan-2024 09:51:55.990 INFO [Thread-2] org.apache.catalina.core.ApplicationContext.log ContextListener: contextDestroyed()
05-Jan-2024 09:53:27.819 SEVERE [main] org.apache.tomcat.util.descriptor.web.SecurityConstraint.findUncoveredHttpMethods For security constraints with URL pattern [/*] only the HTTP methods [POST GET] are covered. All other methods are uncovered.
05-Jan-2024 09:53:27.937 SEVERE [main] org.apache.tomcat.util.descriptor.web.SecurityConstraint.findUncoveredHttpMethods For security constraints with URL pattern [/*] only the HTTP methods [POST GET] are covered. All other methods are uncovered.
05-Jan-2024 09:53:28.321 INFO [main] org.apache.catalina.core.ApplicationContext.log ContextListener: contextInitialized()
05-Jan-2024 09:53:28.322 INFO [main] org.apache.catalina.core.ApplicationContext.log SessionListener: contextInitialized()
05-Jan-2024 09:53:28.324 INFO [main] org.apache.catalina.core.ApplicationContext.log ContextListener: attributeAdded('StockTicker', 'async.Stockticker@2c0798bd')
05-Jan-2024 09:53:28.325 SEVERE [main] org.apache.tomcat.util.descriptor.web.SecurityConstraint.findUncoveredHttpMethods For security constraints with URL pattern [/*] only the HTTP methods [POST GET] are covered. All other methods are uncovered.
05-Jan-2024 09:53:29.463 SEVERE [main] org.apache.tomcat.util.descriptor.web.SecurityConstraint.findUncoveredHttpMethods For security constraints with URL pattern [/*] only the HTTP methods [POST GET] are covered. All other methods are uncovered.
05-Jan-2024 09:55:18.669 INFO [Thread-2] org.apache.catalina.core.ApplicationContext.log SessionListener: contextDestroyed()
05-Jan-2024 09:55:18.669 INFO [Thread-2] org.apache.catalina.core.ApplicationContext.log ContextListener: contextDestroyed()
05-Jan-2024 10:02:48.858 SEVERE [main] org.apache.tomcat.util.descriptor.web.SecurityConstraint.findUncoveredHttpMethods For security constraints with URL pattern [/*] only the HTTP methods [POST GET] are covered. All other methods are uncovered.
05-Jan-2024 10:02:48.984 SEVERE [main] org.apache.tomcat.util.descriptor.web.SecurityConstraint.findUncoveredHttpMethods For security constraints with URL pattern [/*] only the HTTP methods [POST GET] are covered. All other methods are uncovered.
05-Jan-2024 10:02:50.369 INFO [main] org.apache.catalina.core.ApplicationContext.log ContextListener: contextInitialized()
05-Jan-2024 10:02:50.370 INFO [main] org.apache.catalina.core.ApplicationContext.log SessionListener: contextInitialized()
05-Jan-2024 10:02:50.371 INFO [main] org.apache.catalina.core.ApplicationContext.log ContextListener: attributeAdded('StockTicker', 'async.Stockticker@6a51ae7c')
05-Jan-2024 10:02:50.372 SEVERE [main] org.apache.tomcat.util.descriptor.web.SecurityConstraint.findUncoveredHttpMethods For security constraints with URL pattern [/*] only the HTTP methods [POST GET] are covered. All other methods are uncovered.
05-Jan-2024 10:02:52.147 SEVERE [main] org.apache.tomcat.util.descriptor.web.SecurityConstraint.findUncoveredHttpMethods For security constraints with URL pattern [/*] only the HTTP methods [POST GET] are covered. All other methods are uncovered.
05-Jan-2024 10:03:35.932 INFO [Thread-2] org.apache.catalina.core.ApplicationContext.log SessionListener: contextDestroyed()
05-Jan-2024 10:03:35.933 INFO [Thread-2] org.apache.catalina.core.ApplicationContext.log ContextListener: contextDestroyed()
05-Jan-2024 10:48:25.161 SEVERE [main] org.apache.tomcat.util.descriptor.web.SecurityConstraint.findUncoveredHttpMethods For security constraints with URL pattern [/*] only the HTTP methods [POST GET] are covered. All other methods are uncovered.
05-Jan-2024 10:48:25.282 SEVERE [main] org.apache.tomcat.util.descriptor.web.SecurityConstraint.findUncoveredHttpMethods For security constraints with URL pattern [/*] only the HTTP methods [POST GET] are covered. All other methods are uncovered.
05-Jan-2024 10:48:25.680 INFO [main] org.apache.catalina.core.ApplicationContext.log ContextListener: contextInitialized()
05-Jan-2024 10:48:25.681 INFO [main] org.apache.catalina.core.ApplicationContext.log SessionListener: contextInitialized()
05-Jan-2024 10:48:25.683 INFO [main] org.apache.catalina.core.ApplicationContext.log ContextListener: attributeAdded('StockTicker', 'async.Stockticker@14b5752f')
05-Jan-2024 10:48:25.683 SEVERE [main] org.apache.tomcat.util.descriptor.web.SecurityConstraint.findUncoveredHttpMethods For security constraints with URL pattern [/*] only the HTTP methods [POST GET] are covered. All other methods are uncovered.
05-Jan-2024 10:48:29.399 SEVERE [main] org.apache.tomcat.util.descriptor.web.SecurityConstraint.findUncoveredHttpMethods For security constraints with URL pattern [/*] only the HTTP methods [POST GET] are covered. All other methods are uncovered.
05-Jan-2024 10:51:08.374 INFO [Thread-2] org.apache.catalina.core.ApplicationContext.log SessionListener: contextDestroyed()
05-Jan-2024 10:51:08.374 INFO [Thread-2] org.apache.catalina.core.ApplicationContext.log ContextListener: contextDestroyed()
05-Jan-2024 10:52:55.530 SEVERE [main] org.apache.tomcat.util.descriptor.web.SecurityConstraint.findUncoveredHttpMethods For security constraints with URL pattern [/*] only the HTTP methods [POST GET] are covered. All other methods are uncovered.
05-Jan-2024 10:52:55.652 SEVERE [main] org.apache.tomcat.util.descriptor.web.SecurityConstraint.findUncoveredHttpMethods For security constraints with URL pattern [/*] only the HTTP methods [POST GET] are covered. All other methods are uncovered.
05-Jan-2024 10:52:56.030 INFO [main] org.apache.catalina.core.ApplicationContext.log ContextListener: contextInitialized()
05-Jan-2024 10:52:56.031 INFO [main] org.apache.catalina.core.ApplicationContext.log SessionListener: contextInitialized()
05-Jan-2024 10:52:56.033 INFO [main] org.apache.catalina.core.ApplicationContext.log ContextListener: attributeAdded('StockTicker', 'async.Stockticker@14b5752f')
05-Jan-2024 10:52:56.033 SEVERE [main] org.apache.tomcat.util.descriptor.web.SecurityConstraint.findUncoveredHttpMethods For security constraints with URL pattern [/*] only the HTTP methods [POST GET] are covered. All other methods are uncovered.
05-Jan-2024 10:52:57.196 SEVERE [main] org.apache.tomcat.util.descriptor.web.SecurityConstraint.findUncoveredHttpMethods For security constraints with URL pattern [/*] only the HTTP methods [POST GET] are covered. All other methods are uncovered.
05-Jan-2024 10:57:15.030 INFO [Thread-2] org.apache.catalina.core.ApplicationContext.log SessionListener: contextDestroyed()
05-Jan-2024 10:57:15.030 INFO [Thread-2] org.apache.catalina.core.ApplicationContext.log ContextListener: contextDestroyed()
05-Jan-2024 10:58:08.803 SEVERE [main] org.apache.tomcat.util.descriptor.web.SecurityConstraint.findUncoveredHttpMethods For security constraints with URL pattern [/*] only the HTTP methods [POST GET] are covered. All other methods are uncovered.
05-Jan-2024 10:58:09.131 SEVERE [main] org.apache.tomcat.util.descriptor.web.SecurityConstraint.findUncoveredHttpMethods For security constraints with URL pattern [/*] only the HTTP methods [POST GET] are covered. All other methods are uncovered.
05-Jan-2024 10:58:09.673 INFO [main] org.apache.catalina.core.ApplicationContext.log ContextListener: contextInitialized()
05-Jan-2024 10:58:09.674 INFO [main] org.apache.catalina.core.ApplicationContext.log SessionListener: contextInitialized()
05-Jan-2024 10:58:09.676 INFO [main] org.apache.catalina.core.ApplicationContext.log ContextListener: attributeAdded('StockTicker', 'async.Stockticker@6a51ae7c')
05-Jan-2024 10:58:09.676 SEVERE [main] org.apache.tomcat.util.descriptor.web.SecurityConstraint.findUncoveredHttpMethods For security constraints with URL pattern [/*] only the HTTP methods [POST GET] are covered. All other methods are uncovered.
05-Jan-2024 10:58:11.461 SEVERE [main] org.apache.tomcat.util.descriptor.web.SecurityConstraint.findUncoveredHttpMethods For security constraints with URL pattern [/*] only the HTTP methods [POST GET] are covered. All other methods are uncovered.
05-Jan-2024 10:58:34.860 INFO [Thread-2] org.apache.catalina.core.ApplicationContext.log SessionListener: contextDestroyed()
05-Jan-2024 10:58:34.860 INFO [Thread-2] org.apache.catalina.core.ApplicationContext.log ContextListener: contextDestroyed()
05-Jan-2024 10:58:57.326 SEVERE [main] org.apache.tomcat.util.descriptor.web.SecurityConstraint.findUncoveredHttpMethods For security constraints with URL pattern [/*] only the HTTP methods [POST GET] are covered. All other methods are uncovered.
05-Jan-2024 10:58:57.498 SEVERE [main] org.apache.tomcat.util.descriptor.web.SecurityConstraint.findUncoveredHttpMethods For security constraints with URL pattern [/*] only the HTTP methods [POST GET] are covered. All other methods are uncovered.
05-Jan-2024 10:58:57.953 INFO [main] org.apache.catalina.core.ApplicationContext.log ContextListener: contextInitialized()
05-Jan-2024 10:58:57.954 INFO [main] org.apache.catalina.core.ApplicationContext.log SessionListener: contextInitialized()
05-Jan-2024 10:58:57.956 INFO [main] org.apache.catalina.core.ApplicationContext.log ContextListener: attributeAdded('StockTicker', 'async.Stockticker@5896cb9c')
05-Jan-2024 10:58:57.956 SEVERE [main] org.apache.tomcat.util.descriptor.web.SecurityConstraint.findUncoveredHttpMethods For security constraints with URL pattern [/*] only the HTTP methods [POST GET] are covered. All other methods are uncovered.
05-Jan-2024 10:59:02.744 SEVERE [main] org.apache.tomcat.util.descriptor.web.SecurityConstraint.findUncoveredHttpMethods For security constraints with URL pattern [/*] only the HTTP methods [POST GET] are covered. All other methods are uncovered.
05-Jan-2024 10:59:48.273 INFO [Thread-2] org.apache.catalina.core.ApplicationContext.log SessionListener: contextDestroyed()
05-Jan-2024 10:59:48.273 INFO [Thread-2] org.apache.catalina.core.ApplicationContext.log ContextListener: contextDestroyed()
05-Jan-2024 15:39:14.967 SEVERE [main] org.apache.tomcat.util.descriptor.web.SecurityConstraint.findUncoveredHttpMethods For security constraints with URL pattern [/*] only the HTTP methods [POST GET] are covered. All other methods are uncovered.
05-Jan-2024 15:39:15.124 SEVERE [main] org.apache.tomcat.util.descriptor.web.SecurityConstraint.findUncoveredHttpMethods For security constraints with URL pattern [/*] only the HTTP methods [POST GET] are covered. All other methods are uncovered.
05-Jan-2024 15:39:16.249 INFO [main] org.apache.catalina.core.ApplicationContext.log ContextListener: contextInitialized()
05-Jan-2024 15:39:16.249 INFO [main] org.apache.catalina.core.ApplicationContext.log SessionListener: contextInitialized()
05-Jan-2024 15:39:16.249 INFO [main] org.apache.catalina.core.ApplicationContext.log ContextListener: attributeAdded('StockTicker', 'async.Stockticker@6eed46e9')
05-Jan-2024 15:39:16.249 SEVERE [main] org.apache.tomcat.util.descriptor.web.SecurityConstraint.findUncoveredHttpMethods For security constraints with URL pattern [/*] only the HTTP methods [POST GET] are covered. All other methods are uncovered.
05-Jan-2024 15:39:20.216 SEVERE [main] org.apache.tomcat.util.descriptor.web.SecurityConstraint.findUncoveredHttpMethods For security constraints with URL pattern [/*] only the HTTP methods [POST GET] are covered. All other methods are uncovered.
05-Jan-2024 15:40:09.188 INFO [Thread-2] org.apache.catalina.core.ApplicationContext.log SessionListener: contextDestroyed()
05-Jan-2024 15:40:09.188 INFO [Thread-2] org.apache.catalina.core.ApplicationContext.log ContextListener: contextDestroyed()
05-Jan-2024 15:44:13.898 SEVERE [main] org.apache.tomcat.util.descriptor.web.SecurityConstraint.findUncoveredHttpMethods For security constraints with URL pattern [/*] only the HTTP methods [POST GET] are covered. All other methods are uncovered.
05-Jan-2024 15:44:14.020 SEVERE [main] org.apache.tomcat.util.descriptor.web.SecurityConstraint.findUncoveredHttpMethods For security constraints with URL pattern [/*] only the HTTP methods [POST GET] are covered. All other methods are uncovered.
05-Jan-2024 15:44:14.410 INFO [main] org.apache.catalina.core.ApplicationContext.log ContextListener: contextInitialized()
05-Jan-2024 15:44:14.411 INFO [main] org.apache.catalina.core.ApplicationContext.log SessionListener: contextInitialized()
05-Jan-2024 15:44:14.412 INFO [main] org.apache.catalina.core.ApplicationContext.log ContextListener: attributeAdded('StockTicker', 'async.Stockticker@14b5752f')
05-Jan-2024 15:44:14.412 SEVERE [main] org.apache.tomcat.util.descriptor.web.SecurityConstraint.findUncoveredHttpMethods For security constraints with URL pattern [/*] only the HTTP methods [POST GET] are covered. All other methods are uncovered.
05-Jan-2024 15:44:15.623 SEVERE [main] org.apache.tomcat.util.descriptor.web.SecurityConstraint.findUncoveredHttpMethods For security constraints with URL pattern [/*] only the HTTP methods [POST GET] are covered. All other methods are uncovered.
05-Jan-2024 15:45:07.739 INFO [Thread-2] org.apache.catalina.core.ApplicationContext.log SessionListener: contextDestroyed()
05-Jan-2024 15:45:07.739 INFO [Thread-2] org.apache.catalina.core.ApplicationContext.log ContextListener: contextDestroyed()
05-Jan-2024 15:48:15.822 SEVERE [main] org.apache.tomcat.util.descriptor.web.SecurityConstraint.findUncoveredHttpMethods For security constraints with URL pattern [/*] only the HTTP methods [POST GET] are covered. All other methods are uncovered.
05-Jan-2024 15:48:15.940 SEVERE [main] org.apache.tomcat.util.descriptor.web.SecurityConstraint.findUncoveredHttpMethods For security constraints with URL pattern [/*] only the HTTP methods [POST GET] are covered. All other methods are uncovered.
05-Jan-2024 15:48:16.369 INFO [main] org.apache.catalina.core.ApplicationContext.log ContextListener: contextInitialized()
05-Jan-2024 15:48:16.369 INFO [main] org.apache.catalina.core.ApplicationContext.log SessionListener: contextInitialized()
05-Jan-2024 15:48:16.369 INFO [main] org.apache.catalina.core.ApplicationContext.log ContextListener: attributeAdded('StockTicker', 'async.Stockticker@a9e8da1')
05-Jan-2024 15:48:16.369 SEVERE [main] org.apache.tomcat.util.descriptor.web.SecurityConstraint.findUncoveredHttpMethods For security constraints with URL pattern [/*] only the HTTP methods [POST GET] are covered. All other methods are uncovered.
05-Jan-2024 15:48:17.556 SEVERE [main] org.apache.tomcat.util.descriptor.web.SecurityConstraint.findUncoveredHttpMethods For security constraints with URL pattern [/*] only the HTTP methods [POST GET] are covered. All other methods are uncovered.
05-Jan-2024 15:49:04.158 INFO [Thread-2] org.apache.catalina.core.ApplicationContext.log SessionListener: contextDestroyed()
05-Jan-2024 15:49:04.173 INFO [Thread-2] org.apache.catalina.core.ApplicationContext.log ContextListener: contextDestroyed()
05-Jan-2024 15:50:06.877 SEVERE [main] org.apache.tomcat.util.descriptor.web.SecurityConstraint.findUncoveredHttpMethods For security constraints with URL pattern [/*] only the HTTP methods [POST GET] are covered. All other methods are uncovered.
05-Jan-2024 15:50:07.010 SEVERE [main] org.apache.tomcat.util.descriptor.web.SecurityConstraint.findUncoveredHttpMethods For security constraints with URL pattern [/*] only the HTTP methods [POST GET] are covered. All other methods are uncovered.
05-Jan-2024 15:50:07.402 INFO [main] org.apache.catalina.core.ApplicationContext.log ContextListener: contextInitialized()
05-Jan-2024 15:50:07.403 INFO [main] org.apache.catalina.core.ApplicationContext.log SessionListener: contextInitialized()
05-Jan-2024 15:50:07.405 INFO [main] org.apache.catalina.core.ApplicationContext.log ContextListener: attributeAdded('StockTicker', 'async.Stockticker@5896cb9c')
05-Jan-2024 15:50:07.405 SEVERE [main] org.apache.tomcat.util.descriptor.web.SecurityConstraint.findUncoveredHttpMethods For security constraints with URL pattern [/*] only the HTTP methods [POST GET] are covered. All other methods are uncovered.
05-Jan-2024 15:50:08.582 SEVERE [main] org.apache.tomcat.util.descriptor.web.SecurityConstraint.findUncoveredHttpMethods For security constraints with URL pattern [/*] only the HTTP methods [POST GET] are covered. All other methods are uncovered.
05-Jan-2024 15:53:18.196 INFO [Thread-2] org.apache.catalina.core.ApplicationContext.log SessionListener: contextDestroyed()
05-Jan-2024 15:53:18.197 INFO [Thread-2] org.apache.catalina.core.ApplicationContext.log ContextListener: contextDestroyed()
05-Jan-2024 15:53:40.001 SEVERE [main] org.apache.tomcat.util.descriptor.web.SecurityConstraint.findUncoveredHttpMethods For security constraints with URL pattern [/*] only the HTTP methods [POST GET] are covered. All other methods are uncovered.
05-Jan-2024 15:53:40.117 SEVERE [main] org.apache.tomcat.util.descriptor.web.SecurityConstraint.findUncoveredHttpMethods For security constraints with URL pattern [/*] only the HTTP methods [POST GET] are covered. All other methods are uncovered.
05-Jan-2024 15:53:40.500 INFO [main] org.apache.catalina.core.ApplicationContext.log ContextListener: contextInitialized()
05-Jan-2024 15:53:40.502 INFO [main] org.apache.catalina.core.ApplicationContext.log SessionListener: contextInitialized()
05-Jan-2024 15:53:40.503 INFO [main] org.apache.catalina.core.ApplicationContext.log ContextListener: attributeAdded('StockTicker', 'async.Stockticker@a9e8da1')
05-Jan-2024 15:53:40.505 SEVERE [main] org.apache.tomcat.util.descriptor.web.SecurityConstraint.findUncoveredHttpMethods For security constraints with URL pattern [/*] only the HTTP methods [POST GET] are covered. All other methods are uncovered.
05-Jan-2024 15:53:41.734 SEVERE [main] org.apache.tomcat.util.descriptor.web.SecurityConstraint.findUncoveredHttpMethods For security constraints with URL pattern [/*] only the HTTP methods [POST GET] are covered. All other methods are uncovered.
05-Jan-2024 15:55:08.333 INFO [Thread-2] org.apache.catalina.core.ApplicationContext.log SessionListener: contextDestroyed()
05-Jan-2024 15:55:08.333 INFO [Thread-2] org.apache.catalina.core.ApplicationContext.log ContextListener: contextDestroyed()
