21-Dec-2023 09:27:45.156 SEVERE [main] org.apache.tomcat.util.descriptor.web.SecurityConstraint.findUncoveredHttpMethods For security constraints with URL pattern [/*] only the HTTP methods [POST GET] are covered. All other methods are uncovered.
21-Dec-2023 09:27:45.349 SEVERE [main] org.apache.tomcat.util.descriptor.web.SecurityConstraint.findUncoveredHttpMethods For security constraints with URL pattern [/*] only the HTTP methods [POST GET] are covered. All other methods are uncovered.
21-Dec-2023 09:27:46.815 INFO [main] org.apache.catalina.core.ApplicationContext.log ContextListener: contextInitialized()
21-Dec-2023 09:27:46.815 INFO [main] org.apache.catalina.core.ApplicationContext.log SessionListener: contextInitialized()
21-Dec-2023 09:27:46.817 INFO [main] org.apache.catalina.core.ApplicationContext.log ContextListener: attributeAdded('StockTicker', 'async.Stockticker@5df92089')
21-Dec-2023 09:27:46.817 SEVERE [main] org.apache.tomcat.util.descriptor.web.SecurityConstraint.findUncoveredHttpMethods For security constraints with URL pattern [/*] only the HTTP methods [POST GET] are covered. All other methods are uncovered.
21-Dec-2023 09:27:48.026 SEVERE [main] org.apache.tomcat.util.descriptor.web.SecurityConstraint.findUncoveredHttpMethods For security constraints with URL pattern [/*] only the HTTP methods [POST GET] are covered. All other methods are uncovered.
21-Dec-2023 10:35:25.065 INFO [Thread-2] org.apache.catalina.core.ApplicationContext.log SessionListener: contextDestroyed()
21-Dec-2023 10:35:25.065 INFO [Thread-2] org.apache.catalina.core.ApplicationContext.log ContextListener: contextDestroyed()
21-Dec-2023 10:35:57.932 SEVERE [main] org.apache.tomcat.util.descriptor.web.SecurityConstraint.findUncoveredHttpMethods For security constraints with URL pattern [/*] only the HTTP methods [POST GET] are covered. All other methods are uncovered.
21-Dec-2023 10:35:58.064 SEVERE [main] org.apache.tomcat.util.descriptor.web.SecurityConstraint.findUncoveredHttpMethods For security constraints with URL pattern [/*] only the HTTP methods [POST GET] are covered. All other methods are uncovered.
21-Dec-2023 10:35:58.687 INFO [main] org.apache.catalina.core.ApplicationContext.log ContextListener: contextInitialized()
21-Dec-2023 10:35:58.687 INFO [main] org.apache.catalina.core.ApplicationContext.log SessionListener: contextInitialized()
21-Dec-2023 10:35:58.689 INFO [main] org.apache.catalina.core.ApplicationContext.log ContextListener: attributeAdded('StockTicker', 'async.Stockticker@1b475663')
21-Dec-2023 10:35:58.689 SEVERE [main] org.apache.tomcat.util.descriptor.web.SecurityConstraint.findUncoveredHttpMethods For security constraints with URL pattern [/*] only the HTTP methods [POST GET] are covered. All other methods are uncovered.
21-Dec-2023 10:35:59.973 SEVERE [main] org.apache.tomcat.util.descriptor.web.SecurityConstraint.findUncoveredHttpMethods For security constraints with URL pattern [/*] only the HTTP methods [POST GET] are covered. All other methods are uncovered.
21-Dec-2023 10:44:02.446 SEVERE [Catalina-utility-1] org.apache.tomcat.util.descriptor.web.SecurityConstraint.findUncoveredHttpMethods For security constraints with URL pattern [/*] only the HTTP methods [POST GET] are covered. All other methods are uncovered.
21-Dec-2023 10:44:43.338 INFO [Thread-2] org.apache.catalina.core.ApplicationContext.log SessionListener: contextDestroyed()
21-Dec-2023 10:44:43.338 INFO [Thread-2] org.apache.catalina.core.ApplicationContext.log ContextListener: contextDestroyed()
21-Dec-2023 10:44:57.874 SEVERE [main] org.apache.tomcat.util.descriptor.web.SecurityConstraint.findUncoveredHttpMethods For security constraints with URL pattern [/*] only the HTTP methods [POST GET] are covered. All other methods are uncovered.
21-Dec-2023 10:44:58.206 SEVERE [main] org.apache.tomcat.util.descriptor.web.SecurityConstraint.findUncoveredHttpMethods For security constraints with URL pattern [/*] only the HTTP methods [POST GET] are covered. All other methods are uncovered.
21-Dec-2023 10:44:58.629 INFO [main] org.apache.catalina.core.ApplicationContext.log ContextListener: contextInitialized()
21-Dec-2023 10:44:58.631 INFO [main] org.apache.catalina.core.ApplicationContext.log SessionListener: contextInitialized()
21-Dec-2023 10:44:58.633 INFO [main] org.apache.catalina.core.ApplicationContext.log ContextListener: attributeAdded('StockTicker', 'async.Stockticker@a9e8da1')
21-Dec-2023 10:44:58.633 SEVERE [main] org.apache.tomcat.util.descriptor.web.SecurityConstraint.findUncoveredHttpMethods For security constraints with URL pattern [/*] only the HTTP methods [POST GET] are covered. All other methods are uncovered.
21-Dec-2023 10:45:00.008 SEVERE [main] org.apache.tomcat.util.descriptor.web.SecurityConstraint.findUncoveredHttpMethods For security constraints with URL pattern [/*] only the HTTP methods [POST GET] are covered. All other methods are uncovered.
21-Dec-2023 10:45:28.362 INFO [Thread-2] org.apache.catalina.core.ApplicationContext.log SessionListener: contextDestroyed()
21-Dec-2023 10:45:28.362 INFO [Thread-2] org.apache.catalina.core.ApplicationContext.log ContextListener: contextDestroyed()
