
2024-01-13 17:30:27 Apache Commons Daemon procrun stderr initialized.
13-Jan-2024 17:30:29.870 INFO [main] org.apache.catalina.startup.VersionLoggerListener.log Server version name:   Apache Tomcat/10.1.16
13-Jan-2024 17:30:29.885 INFO [main] org.apache.catalina.startup.VersionLoggerListener.log Server built:          Nov 10 2023 16:17:33 UTC
13-Jan-2024 17:30:29.885 INFO [main] org.apache.catalina.startup.VersionLoggerListener.log Server version number: 10.1.16.0
13-Jan-2024 17:30:29.885 INFO [main] org.apache.catalina.startup.VersionLoggerListener.log OS Name:               Windows 10
13-Jan-2024 17:30:29.885 INFO [main] org.apache.catalina.startup.VersionLoggerListener.log OS Version:            10.0
13-Jan-2024 17:30:29.885 INFO [main] org.apache.catalina.startup.VersionLoggerListener.log Architecture:          amd64
13-Jan-2024 17:30:29.885 INFO [main] org.apache.catalina.startup.VersionLoggerListener.log Java Home:             C:\Program Files\Java\jdk-17.0.9
13-Jan-2024 17:30:29.885 INFO [main] org.apache.catalina.startup.VersionLoggerListener.log JVM Version:           17.0.9+11-LTS-201
13-Jan-2024 17:30:29.885 INFO [main] org.apache.catalina.startup.VersionLoggerListener.log JVM Vendor:            Oracle Corporation
13-Jan-2024 17:30:29.885 INFO [main] org.apache.catalina.startup.VersionLoggerListener.log CATALINA_BASE:         C:\Program Files\Apache Software Foundation\Tomcat 10.1
13-Jan-2024 17:30:29.885 INFO [main] org.apache.catalina.startup.VersionLoggerListener.log CATALINA_HOME:         C:\Program Files\Apache Software Foundation\Tomcat 10.1
13-Jan-2024 17:30:29.939 INFO [main] org.apache.catalina.startup.VersionLoggerListener.log Command line argument: -Dcatalina.home=C:\Program Files\Apache Software Foundation\Tomcat 10.1
13-Jan-2024 17:30:29.939 INFO [main] org.apache.catalina.startup.VersionLoggerListener.log Command line argument: -Dcatalina.base=C:\Program Files\Apache Software Foundation\Tomcat 10.1
13-Jan-2024 17:30:29.939 INFO [main] org.apache.catalina.startup.VersionLoggerListener.log Command line argument: -Djava.io.tmpdir=C:\Program Files\Apache Software Foundation\Tomcat 10.1\temp
13-Jan-2024 17:30:29.939 INFO [main] org.apache.catalina.startup.VersionLoggerListener.log Command line argument: -Djava.util.logging.manager=org.apache.juli.ClassLoaderLogManager
13-Jan-2024 17:30:29.939 INFO [main] org.apache.catalina.startup.VersionLoggerListener.log Command line argument: -Djava.util.logging.config.file=C:\Program Files\Apache Software Foundation\Tomcat 10.1\conf\logging.properties
13-Jan-2024 17:30:29.939 INFO [main] org.apache.catalina.startup.VersionLoggerListener.log Command line argument: --add-opens=java.base/java.lang=ALL-UNNAMED
13-Jan-2024 17:30:29.939 INFO [main] org.apache.catalina.startup.VersionLoggerListener.log Command line argument: --add-opens=java.base/java.io=ALL-UNNAMED
13-Jan-2024 17:30:29.939 INFO [main] org.apache.catalina.startup.VersionLoggerListener.log Command line argument: --add-opens=java.rmi/sun.rmi.transport=ALL-UNNAMED
13-Jan-2024 17:30:29.939 INFO [main] org.apache.catalina.startup.VersionLoggerListener.log Command line argument: exit
13-Jan-2024 17:30:29.939 INFO [main] org.apache.catalina.startup.VersionLoggerListener.log Command line argument: abort
13-Jan-2024 17:30:29.939 INFO [main] org.apache.catalina.startup.VersionLoggerListener.log Command line argument: -Xms128m
13-Jan-2024 17:30:29.939 INFO [main] org.apache.catalina.startup.VersionLoggerListener.log Command line argument: -Xmx256m
13-Jan-2024 17:30:29.939 INFO [main] org.apache.catalina.core.AprLifecycleListener.lifecycleEvent The Apache Tomcat Native library which allows using OpenSSL was not found on the java.library.path: [C:\Program Files\Apache Software Foundation\Tomcat 10.1\bin;C:\Windows\Sun\Java\bin;C:\Windows\system32;C:\Windows;C:\Program Files\Java\jdk-17.0.9\bin;C:\Windows\system32;C:\Windows;C:\Windows\System32\Wbem;C:\Windows\System32\WindowsPowerShell\v1.0\;C:\Windows\System32\OpenSSH\;C:\Program Files\Java\jdk-17.0.9\bin;C:\Windows\ServiceProfiles\LocalService\AppData\Local\Microsoft\WindowsApps;.]
13-Jan-2024 17:30:30.260 INFO [main] org.apache.coyote.AbstractProtocol.init Initializing ProtocolHandler ["http-nio-8080"]
13-Jan-2024 17:30:30.307 INFO [main] org.apache.catalina.startup.Catalina.load Server initialization in [694] milliseconds
13-Jan-2024 17:30:30.369 INFO [main] org.apache.catalina.core.StandardService.startInternal Starting service [Catalina]
13-Jan-2024 17:30:30.385 INFO [main] org.apache.catalina.core.StandardEngine.startInternal Starting Servlet engine: [Apache Tomcat/10.1.16]
13-Jan-2024 17:30:30.416 INFO [main] org.apache.catalina.startup.HostConfig.deployWAR Deploying web application archive [C:\Program Files\Apache Software Foundation\Tomcat 10.1\webapps\Wilken.war]
13-Jan-2024 17:30:32.979 WARNING [main] org.apache.catalina.startup.ContextConfig.validateSecurityRoles Security role name [tomcat] used in an <auth-constraint> without being defined in a <security-role>
13-Jan-2024 17:30:32.979 WARNING [main] org.apache.catalina.startup.ContextConfig.validateSecurityRoles Security role name [inhaber] used in an <auth-constraint> without being defined in a <security-role>
13-Jan-2024 17:30:32.979 WARNING [main] org.apache.catalina.startup.ContextConfig.validateSecurityRoles Security role name [mitarbeiter] used in an <auth-constraint> without being defined in a <security-role>
13-Jan-2024 17:30:33.385 INFO [main] org.apache.jasper.servlet.TldScanner.scanJars At least one JAR was scanned for TLDs yet contained no TLDs. Enable debug logging for this logger for a complete list of JARs that were scanned but no TLDs were found in them. Skipping unneeded JARs during scanning can improve startup time and JSP compilation time.
13-Jan-2024 17:30:33.744 WARNING [main] org.apache.catalina.util.SessionIdGeneratorBase.createSecureRandom Creation of SecureRandom instance for session ID generation using [SHA1PRNG] took [328] milliseconds.
13-Jan-2024 17:30:33.807 INFO [main] org.apache.catalina.startup.HostConfig.deployWAR Deployment of web application archive [C:\Program Files\Apache Software Foundation\Tomcat 10.1\webapps\Wilken.war] has finished in [3,391] ms
13-Jan-2024 17:30:33.807 INFO [main] org.apache.catalina.startup.HostConfig.deployDirectory Deploying web application directory [C:\Program Files\Apache Software Foundation\Tomcat 10.1\webapps\docs]
13-Jan-2024 17:30:33.963 WARNING [main] org.apache.catalina.startup.ContextConfig.validateSecurityRoles Security role name [tomcat] used in an <auth-constraint> without being defined in a <security-role>
13-Jan-2024 17:30:33.963 WARNING [main] org.apache.catalina.startup.ContextConfig.validateSecurityRoles Security role name [inhaber] used in an <auth-constraint> without being defined in a <security-role>
13-Jan-2024 17:30:33.963 WARNING [main] org.apache.catalina.startup.ContextConfig.validateSecurityRoles Security role name [mitarbeiter] used in an <auth-constraint> without being defined in a <security-role>
13-Jan-2024 17:30:34.041 INFO [main] org.apache.catalina.startup.HostConfig.deployDirectory Deployment of web application directory [C:\Program Files\Apache Software Foundation\Tomcat 10.1\webapps\docs] has finished in [172] ms
13-Jan-2024 17:30:34.057 INFO [main] org.apache.catalina.startup.HostConfig.deployDirectory Deploying web application directory [C:\Program Files\Apache Software Foundation\Tomcat 10.1\webapps\examples]
13-Jan-2024 17:30:40.496 WARNING [main] org.apache.catalina.startup.ContextConfig.validateSecurityRoles Security role name [inhaber] used in an <auth-constraint> without being defined in a <security-role>
13-Jan-2024 17:30:40.497 WARNING [main] org.apache.catalina.startup.ContextConfig.validateSecurityRoles Security role name [mitarbeiter] used in an <auth-constraint> without being defined in a <security-role>
13-Jan-2024 17:30:41.493 INFO [main] org.apache.catalina.startup.HostConfig.deployDirectory Deployment of web application directory [C:\Program Files\Apache Software Foundation\Tomcat 10.1\webapps\examples] has finished in [7,436] ms
13-Jan-2024 17:30:41.494 INFO [main] org.apache.catalina.startup.HostConfig.deployDirectory Deploying web application directory [C:\Program Files\Apache Software Foundation\Tomcat 10.1\webapps\host-manager]
13-Jan-2024 17:30:41.590 WARNING [main] org.apache.catalina.startup.ContextConfig.validateSecurityRoles Security role name [tomcat] used in an <auth-constraint> without being defined in a <security-role>
13-Jan-2024 17:30:41.590 WARNING [main] org.apache.catalina.startup.ContextConfig.validateSecurityRoles Security role name [inhaber] used in an <auth-constraint> without being defined in a <security-role>
13-Jan-2024 17:30:41.591 WARNING [main] org.apache.catalina.startup.ContextConfig.validateSecurityRoles Security role name [mitarbeiter] used in an <auth-constraint> without being defined in a <security-role>
13-Jan-2024 17:30:41.623 INFO [main] org.apache.catalina.startup.HostConfig.deployDirectory Deployment of web application directory [C:\Program Files\Apache Software Foundation\Tomcat 10.1\webapps\host-manager] has finished in [122] ms
13-Jan-2024 17:30:41.623 INFO [main] org.apache.catalina.startup.HostConfig.deployDirectory Deploying web application directory [C:\Program Files\Apache Software Foundation\Tomcat 10.1\webapps\manager]
13-Jan-2024 17:30:41.923 WARNING [main] org.apache.catalina.startup.ContextConfig.validateSecurityRoles Security role name [tomcat] used in an <auth-constraint> without being defined in a <security-role>
13-Jan-2024 17:30:41.923 WARNING [main] org.apache.catalina.startup.ContextConfig.validateSecurityRoles Security role name [inhaber] used in an <auth-constraint> without being defined in a <security-role>
13-Jan-2024 17:30:41.923 WARNING [main] org.apache.catalina.startup.ContextConfig.validateSecurityRoles Security role name [mitarbeiter] used in an <auth-constraint> without being defined in a <security-role>
13-Jan-2024 17:30:41.974 INFO [main] org.apache.catalina.startup.HostConfig.deployDirectory Deployment of web application directory [C:\Program Files\Apache Software Foundation\Tomcat 10.1\webapps\manager] has finished in [350] ms
13-Jan-2024 17:30:41.974 INFO [main] org.apache.catalina.startup.HostConfig.deployDirectory Deploying web application directory [C:\Program Files\Apache Software Foundation\Tomcat 10.1\webapps\ROOT]
13-Jan-2024 17:30:44.162 WARNING [main] org.apache.catalina.startup.ContextConfig.validateSecurityRoles Security role name [tomcat] used in an <auth-constraint> without being defined in a <security-role>
13-Jan-2024 17:30:44.163 WARNING [main] org.apache.catalina.startup.ContextConfig.validateSecurityRoles Security role name [inhaber] used in an <auth-constraint> without being defined in a <security-role>
13-Jan-2024 17:30:44.164 WARNING [main] org.apache.catalina.startup.ContextConfig.validateSecurityRoles Security role name [mitarbeiter] used in an <auth-constraint> without being defined in a <security-role>
13-Jan-2024 17:30:44.202 INFO [main] org.apache.jasper.servlet.TldScanner.scanJars At least one JAR was scanned for TLDs yet contained no TLDs. Enable debug logging for this logger for a complete list of JARs that were scanned but no TLDs were found in them. Skipping unneeded JARs during scanning can improve startup time and JSP compilation time.
13-Jan-2024 17:30:44.210 INFO [main] org.apache.catalina.startup.HostConfig.deployDirectory Deployment of web application directory [C:\Program Files\Apache Software Foundation\Tomcat 10.1\webapps\ROOT] has finished in [2,236] ms
13-Jan-2024 17:30:44.234 INFO [main] org.apache.coyote.AbstractProtocol.start Starting ProtocolHandler ["http-nio-8080"]
13-Jan-2024 17:30:44.522 INFO [main] org.apache.catalina.startup.Catalina.start Server startup in [14213] milliseconds
13-Jan-2024 17:34:20.259 INFO [Thread-2] org.apache.coyote.AbstractProtocol.pause Pausing ProtocolHandler ["http-nio-8080"]
13-Jan-2024 17:34:20.266 INFO [Thread-2] org.apache.catalina.core.StandardService.stopInternal Stopping service [Catalina]
13-Jan-2024 17:34:20.299 WARNING [Thread-2] org.apache.catalina.loader.WebappClassLoaderBase.clearReferencesThreads The web application [ROOT] appears to have started a thread named [mysql-cj-abandoned-connection-cleanup] but has failed to stop it. This is very likely to create a memory leak. Stack trace of thread:
 java.base@17.0.9/java.io.WinNTFileSystem.getBooleanAttributes(Native Method)
 java.base@17.0.9/java.io.FileSystem.hasBooleanAttributes(FileSystem.java:125)
 java.base@17.0.9/java.io.File.isFile(File.java:898)
 org.apache.catalina.webresources.AbstractFileResourceSet.file(AbstractFileResourceSet.java:69)
 org.apache.catalina.webresources.DirResourceSet.getResource(DirResourceSet.java:94)
 org.apache.catalina.webresources.StandardRoot.getResourceInternal(StandardRoot.java:272)
 org.apache.catalina.webresources.CachedResource.validateResource(CachedResource.java:105)
 org.apache.catalina.webresources.Cache.getResource(Cache.java:96)
 org.apache.catalina.webresources.StandardRoot.getResource(StandardRoot.java:211)
 org.apache.catalina.webresources.StandardRoot.getClassLoaderResource(StandardRoot.java:220)
 org.apache.catalina.loader.WebappClassLoaderBase.findResource(WebappClassLoaderBase.java:875)
 org.apache.catalina.loader.WebappClassLoaderBase.getResource(WebappClassLoaderBase.java:992)
 com.mysql.cj.jdbc.AbandonedConnectionCleanupThread.checkThreadContextClassLoader(AbandonedConnectionCleanupThread.java:123)
 com.mysql.cj.jdbc.AbandonedConnectionCleanupThread.run(AbandonedConnectionCleanupThread.java:90)
 java.base@17.0.9/java.util.concurrent.ThreadPoolExecutor.runWorker(ThreadPoolExecutor.java:1136)
 java.base@17.0.9/java.util.concurrent.ThreadPoolExecutor$Worker.run(ThreadPoolExecutor.java:635)
 java.base@17.0.9/java.lang.Thread.run(Thread.java:842)
13-Jan-2024 17:34:20.373 WARNING [Thread-2] org.apache.catalina.loader.WebappClassLoaderBase.clearReferencesJdbc The web application [Wilken] registered the JDBC driver [com.mysql.cj.jdbc.Driver] but failed to unregister it when the web application was stopped. To prevent a memory leak, the JDBC Driver has been forcibly unregistered.
13-Jan-2024 17:34:20.374 WARNING [Thread-2] org.apache.catalina.loader.WebappClassLoaderBase.clearReferencesThreads The web application [Wilken] appears to have started a thread named [mysql-cj-abandoned-connection-cleanup] but has failed to stop it. This is very likely to create a memory leak. Stack trace of thread:
 java.base@17.0.9/java.lang.Object.wait(Native Method)
 java.base@17.0.9/java.lang.ref.ReferenceQueue.remove(ReferenceQueue.java:155)
 com.mysql.cj.jdbc.AbandonedConnectionCleanupThread.run(AbandonedConnectionCleanupThread.java:91)
 java.base@17.0.9/java.util.concurrent.ThreadPoolExecutor.runWorker(ThreadPoolExecutor.java:1136)
 java.base@17.0.9/java.util.concurrent.ThreadPoolExecutor$Worker.run(ThreadPoolExecutor.java:635)
 java.base@17.0.9/java.lang.Thread.run(Thread.java:842)
13-Jan-2024 17:34:20.380 INFO [Thread-2] org.apache.coyote.AbstractProtocol.stop Stopping ProtocolHandler ["http-nio-8080"]
13-Jan-2024 17:34:20.396 INFO [Thread-2] org.apache.coyote.AbstractProtocol.destroy Destroying ProtocolHandler ["http-nio-8080"]
